3.26796810377
3.04950910515
3.32932864525
3.35662850657
1.69980793564
1.74123688641
3.61944618276
3.64606339513
3.66229264263
3.19598138472
3.76340478899
4.31503744868
4.1309659425
4.42028727115
3.83982451839
3.63450174779
4.29945030569
3.09371734183
3.18548503084
4.04271372747
3.35995417148
2.45916813439
3.06182889936
1.48321115577
2.56380699428
4.02532020806
3.28659446042
2.92429404463
3.32936384301
3.29525686556
2.98202198468
3.39783390841
3.31755798383
4.58558527256
1.87533251273
2.69597086141
2.79786235923
3.2409958669
3.74563541736
3.12801755364
4.11687176757
1.23746118057
3.17724010636
3.40299675597
3.93598604448
3.72407127806
3.69026010525
3.19717619591
3.72181426737
3.75192793786
4.19546075835
2.9215161462
3.84354841238
3.18854457448
3.40317079587
3.02656014207
3.10037292639
3.00677529231
2.70673123835
2.7198993159
3.56802272738
3.22107589902
3.78180897101
2.70043884989
2.73581233413
3.95042072701
4.17855276277
2.86748179303
3.42886433477
3.6482334197
4.28899410734
2.89987581162
3.55795405214
3.25690025305
3.39193530647
4.78961730116
3.9603759813
3.10004221101
2.09982063689
3.65698162929
4.30277315995
3.08550339402
2.76034861823
3.52036849305
3.75882487085
3.21946103118
3.04256265197
3.46656995361
2.4840906765
3.34904573184
4.1813453189
3.68741381757
3.54255571237
3.59183056461
3.21013837782
3.5222599156
3.02284131953
3.56463681598
3.47099766269
4.33356568642
2.742125788
3.14166841971
3.74491473247
3.16513438213
4.21353533599
3.38712214143
3.39011299032
3.01137855609
3.60116281964
3.95819570283
4.30249477691
4.61751017763
3.37796923768
3.20006885186
3.0183512003
3.78397917516
3.70311148022
3.35222913994
2.61669878183
3.53357948907
1.68591470233
3.78654694327
2.8908466261
3.25949572015
3.63796656806
3.01868832351
2.30010956394
3.39335896595
4.15964024913
2.70027360444
3.50958084255
4.11460718948
3.92759203726
4.47617379877
3.2995358912
3.20628871975
3.42190289805
3.03113081351
3.52467077818
2.23878051288
2.83586061285
3.25022583634
2.61507645148
3.88806370346
3.1690889891
2.74270332805
4.2388757615
3.66290208592
2.09853617028
3.48330167125
4.12145972459
3.74851609349
3.9911374289
4.30305731486
3.88370135425
2.59955304221
2.94574024312
3.21037191169
3.10399217808
2.89274757196
3.30448047573
2.98023035466
3.19756601974
3.48630674174
2.90160849616
3.74363979079
3.22867012857
3.20182075529
3.42154679105
3.21122401651
4.32898787365
2.87508268179
3.25099813215
3.8003810948
3.10053841034
3.49032673776
3.08179845975
3.90483286619
2.94916553403
3.75496653087
3.54967935492
2.26688022891
3.5501048279
3.97348375786
0.888381627574
3.70032240633
3.64465230969
3.47785635346
2.99711844791
1.94572293738
2.44216432772
3.73654662485
3.68969908217
2.1328551122
3.70521482999
1.81473342649
4.41803546777
1.77001588795
4.08257367397
3.25695098139
3.64833103523
4.23977508669
3.22959909917
2.54337271246
2.83625659002
2.10850396499
4.03614808138
3.74836661607
2.76248753281
3.8765036192
2.74527196414
3.52358330128
3.47607897302
4.03422412695
1.80793640724
3.39329932985
3.8099734471
3.69971874551
3.30334334163
3.37156916823
3.99852928898
3.69376144076
3.35293181564
3.39757651421
3.69623264298
2.7044456609
3.22631682957
3.88085793392
1.79840944469
4.29564104007
3.24814007286
4.02005273651
3.48281335991
3.80641607608
2.33629211827
2.34251435267
2.52459318904
4.49717960218
3.54456760404
4.45848707868
3.05197708564
2.9278663416
3.22859576462
4.00819037772
3.66731533275
3.22796396357
3.38863155344
3.05770803085
3.27341766528
3.9443583616
3.18110539002
4.40755169027
3.88128999877
2.78770129716
3.83612735452
3.49003905643
4.04988890492
2.96250841414
3.70377784698
3.5431000638
3.15169479906
3.69007607938
3.18217776566
3.2462334058
3.35036210282
4.33665379513
3.56682019516
3.60653899644
3.55785068261
3.77563204309
3.10050798721
4.03915526856
0.802994461932
3.81029116492
3.68200105942
2.77837052366
3.57591565468
2.4788481824
3.76939511638
3.53722667985
3.90009531852
3.47019973229
3.03988780149
2.92784231524
3.93638799029
4.0063532391
3.44769999242
3.26327988634
3.73129093892
3.41322162674
3.03553320692
3.20023702053
2.77412856218
3.09911675696
3.19479506902
3.94364791772
2.27686574184
3.40745245873
2.70037789604
3.70783501586
3.14499760275
2.7569010124
2.92375094614
3.20029918727
3.03808987863
3.13504342031
3.6665691093
3.27139087357
3.79833231446
3.43489320243
4.54722996086
3.55806761405
3.53758146175
3.19936342333
3.45799799895
3.91366768152
3.96669766856
3.91241438952
2.89287791769
2.82483704718
3.15664723502
2.8462573527
3.53810215636
3.12927639219
2.9275658568
3.40891168792
1.73109634974
3.20697617121
2.89964618792
3.25948411813
3.53584065277
3.64734347557
2.95373093992
2.42933086923
3.42245687331
1.21164832333
1.21224602703
2.78835824186
3.60546449266
3.1559405367
4.05515030551
3.95061902343
2.70011750868
2.43621332616
2.94778807769
3.32732555432
2.48674286491
3.11128224
2.95414657682
3.7004014187
4.37995625104
2.63379555919
2.9964745853
3.15595444659
2.56792286184
3.83126147265
2.36066624771
3.73786314247
3.69984861982
4.13972178561
3.32407297946
3.09674326628
4.03801306603
3.53352396524
3.03314839628
2.86075713479
3.41835565447
3.6111847635
3.34173335999
3.9084299526
3.32832377505
3.97969772971
3.17756693098
4.20872399553
2.93331665284
3.68536638378
3.02228722156
4.03689414272
4.08504590506
3.55107733424
2.83054326354
3.54532732459
3.30070348986
1.81578293945
3.4365444209
2.57289886075
1.9282531733
2.77847653965
4.55796641965
2.60683580263
3.71204569905
4.12370102081
1.88286788983
3.41479035582
3.49111559578
2.84064420092
3.2507059222
1.53061226565
3.59448863887
3.91344861629
3.471634485
1.19991604696
1.91846764161
2.96476509214
3.51730438493
3.73223571845
3.33900359902
1.83160550864
3.00163441964
3.69959815843
3.9297815766
4.02021182064
4.37851774375
3.21034020258
3.05370109258
2.66615728031
3.3641399575
4.27119635768
3.22176950253
3.71368900006
4.06394922442
0.979375338973
2.27544107218
3.18781173246
4.34721694668
4.40608236257
3.81431088321
2.86807236126
3.59664862097
2.82502627314
3.58259241464
3.24792690936
3.33222441834
3.62147761988
3.49118723421
4.36744365035
3.14448899195
3.24587094651
3.42433091514
3.41369506599
3.16453518711
3.82852301679
4.06313898932
1.85979499182
2.92470494907
2.93476955529
3.8001261442
1.04974543941
2.99340297666
4.06387093844
4.23732878512
3.91622080635
3.51724657929
3.92568702823
2.92604153591
3.25514561363
3.70827314621
2.8009188262
2.0458637066
4.36580629092
3.4473459713
2.8670088059
3.6247401455
4.09583550475
2.84933949398
4.00460441025
2.37794219708
3.80625072464
2.91761935116
3.61263868158
3.67110712065
2.14243333698
2.20944741998
4.01202459703
3.64817283596
1.0350856526
3.98561587515
3.17341125168
3.37683192133
3.02623817719
2.71567433099
1.66793073374
2.84434105674
3.02863622834
2.92063594416
3.57199518819
3.84538732772
3.999608761
3.5651740004
3.55309076595
3.38135936238
3.21469000129
2.45016146246
3.11694543234
2.04945211308
3.55689002663
3.65415182119
3.86591664095
2.87849441821
2.70167983185
3.86921765613
3.62004459818
3.64895651903
2.83492558169
3.8693904893
3.83168184639
2.72929780916
3.11457022029
3.85721783764
3.56822178892
3.03303056798
3.89793565777
2.31711292894
3.37165605931
3.41186239417
4.17286946435
1.10029029275
2.97283622086
3.11491418152
3.28610023991
3.41819924485
2.86529129244
3.64281733432
2.27795111202
3.59670564922
2.89411580162
2.93609950673
2.8222010052
2.80000780334
3.17018155692
0.808608992731
4.01394460025
3.29103097985
4.0475932963
3.22567271067
3.56179674
3.69016480546
3.80003406657
3.59017486909
3.88807030359
1.55166001976
2.88778672784
3.63230740665
3.55023926557
2.50002840659
2.85762953341
3.51467449696
2.60265788274
3.62657913051
3.45466323052
3.96725595981
4.30004978797
4.43445972962
3.65080959417
4.00315880833
3.36153582286
3.3712117412
3.51943663323
2.98895381572
3.99759295856
3.85489078761
3.76361798751
3.05051877745
3.04975206454
3.93929043605
4.21837256078
3.5722268361
4.67451348048
3.16620085561
3.44951638274
3.29677813374
3.46553224688
2.69898976877
3.31063247084
3.56492568417
3.30562877253
2.20539433141
3.18988957658
3.88036998504
4.20684067302
2.30029618882
3.10579956642
3.07379057196
2.20506785626
3.15935200802
3.6604311877
4.02927956704
3.79880087828
2.88287081132
2.69220207454
4.01506759316
3.10991726357
3.64147368854
3.85099626622
2.8431892657
3.26684374506
2.28404154202
3.08841350285
4.37737806237
3.55015320814
3.73297189181
3.25354533848
3.30003798602
3.52752557256
3.83391319283
3.75414072867
3.69442233741
3.57094298649
3.20653567688
3.98430072244
2.69967784673
3.04117165247
3.84115834883
4.36163115408
3.09321991045
3.09988283542
2.96705998257
3.61772481659
3.10577069736
3.28042475345
3.80499615908
3.69649247719
1.32763410954
3.60131347592
3.55523043615
3.34915831022
4.05137650621
3.72399656308
3.08231315746
2.67780556633
3.12750334496
2.68116137045
2.85614129637
3.57697008002
3.40364002871
1.72292686371
2.47911684432
3.59746130138
3.88145998407
3.38055562085
4.35636063333
1.34598531752
1.69454333129
1.47081728674
4.19131699179
4.08265683032
4.45548832941
3.53289772087
3.50377578095
4.64610370546
2.72798310166
3.489323698
1.70049689425
3.54938753431
3.86125846092
3.26886847861
3.81765685967
3.94933581179
2.8244947535
3.71111554478
3.01071018709
3.41069188388
2.68127544995
2.97895860566
3.94155601963
2.91641927777
3.56295823846
3.48097223765
3.73901197164
3.34247987677
4.03962880385
3.58120992233
4.07713814835
1.29995880805
3.35288499061
3.25060017489
3.5159366948
2.98144892843
4.00862182121
3.61220230709
2.20020610802
3.75133187438
3.39465191552
3.64959653229
3.71838360801
2.60102086614
4.17000502686
3.60760562737
2.3457971622
1.85128099121
4.08985116812
0.972181546948
3.34248511324
3.90024602157
3.3246958462
3.79173891775
3.30582986459
2.99229191157
2.41503095613
2.80732748098
3.02580851115
4.2546978421
3.86684641818
4.41810392289
2.58118748875
3.56809721361
3.18831796394
2.34349531761
3.70552861693
3.49392348229
3.83414604415
0.905727183227
4.29976669843
3.84700821173
4.27652347726
3.08262361135
3.24861464203
3.91227733593
3.12146406582
3.13307572714
4.25618163258
4.09976196914
3.13945905792
3.22024923375
4.09396500404
3.25562525936
3.24514323775
4.32223649174
2.96481027356
2.9552592535
3.83050622938
3.57009823479
4.14240710605
2.84272389992
3.36855408252
2.31878462272
4.27978535552
2.73004664841
1.67814648764
3.56811151148
2.66847849015
3.92353228727
3.55945886416
3.22546929868
3.25060818794
2.99033156792
4.01935282069
2.97931251631
2.93996943122
3.96104942467
