3.32254938059
5
1.7088345579
2.26452605441
3.89960164285
3.27255120624
3.99783880589
3.04975118973
4.54802828928
2.54956513762
4.70027392571
1.58286569849
4.70022581146
3.94981841834
3.10004546325
2.33041642219
4.81559153414
2.83707116089
4.81559153414
2.89778021217
3.83731314249
2.55111307069
4.23411656142
4.72954368175
3.96007518478
2.03930991055
4.66988751963
4.61144994159
4.80197370633
1.63493086858
2.97700757482
2.88479033503
2.5022787355
2.97700757482
4.78309122309
3.92911139708
2.40790888913
3.93316136832
4.77649061657
4.74343707463
4.69969095291
1.7267954016
3.62982889341
2.01343998302
2.01343998302
2.01343998302
2.32597513156
2.32597513156
2.01343998302
2.01343998302
3.29153740876
3.49640840778
4.03770995966
4.7003109259
4.77008766784
3.64098740011
2.34986374647
3.26533732173
2.55341713215
2.94707429805
2.32775401737
4.06486704621
4.83621876204
4.75920268648
2.41797165858
1.19755979385
2.69187250405
4.76833736014
3.52434972399
3.94876712866
2.2802796076
1.30149922633
4.75945185595
4.62887966659
0.726535999584
1.48167798313
4.42050261404
4.11047724752
4.70010461176
2.45580062889
3.11686719335
2.86358647866
3.30011519776
2.8909607514
1.44752356652
4.27476602147
2.57013069501
4.71229039484
3.16912918707
3.35371501731
3.42131288286
1.81575124441
3.14996912788
2.30643188083
4.082693903
3.47895807463
2.61171541555
4.71977777242
3.72037615671
1.7695530754
0.925354191791
2.64135493405
1.94066664197
4.25181055108
1.18362995747
2.33389209466
2.04179140443
3.0230550311
2.58775790517
2.47546277383
2.45216093112
2.72906086265
2.72522622181
2.84802554729
2.26131937274
4.10024517706
4.60722913624
3.78748932183
2.73390623749
2.42600241369
1.02643991307
1.17897060015
0.210120822827
1.82214786358
1.55028164655
1.51256224044
1.55028164655
4.32125530148
0.948365711684
1.73717859064
1.06361819966
0.948365711684
4.33434286068
3.95832188158
2.8968644246
4.02495510968
2.14029958716
1.98893804853
1.76289018394
1.72222900257
1.75543511939
2.42277367892
0.316135920803
3.27103898311
3.68681608204
3.05731859949
3.78925293246
2.30016286933
3.24546284073
3.78925293246
2.77255788649
4.46802279537
1.19184355165
0.257496996421
2.72174203886
2.86547460224
4.71713072802
4.61215216718
2.27060241674
2.53292112573
2.53292112573
2.5125811779
0.43732681714
3.39952941151
2.42982416855
1.29968301988
3.19858951765
3.3867292251
3.50247353179
0.547014680489
3.73982710402
3.05845730131
2.97128537827
2.22660446804
3.68447001416
4.71312431373
2.67921376087
1.03437266096
3.98970210618
2.72235240161
1.30305779016
0.699648759521
1.27048219199
2.1002006433
2.35261787827
2.57901928822
1.50018222513
1.50018222513
0.480532523461
1.58415554394
3.41261445608
3.80026248431
3.66353901939
2.61530990181
2.58906055334
4.81532052898
0.0802661261099
2.66774133588
2.95682952328
0.132189216901
1.10794410633
3.89373660407
3.62332097592
4.24524456754
4.80506445801
3.37933797707
2.21654157297
2.62716781711
3.41403325339
1.44071720558
2.77541988354
2.97245652273
1.45805733442
2.35188568125
4.93138805067
1.2644196011
4.67260574154
2.58513303531
3.07773005204
0.940340254049
3.70052690356
3.3622043494
3.40064362683
4.20953367779
3.41873645256
3.70007895234
3.62883064961
3.2775033359
3.27619161785
3.19257029122
3.76158640018
4.11606070104
4.60658843089
1.4142537338
1.67341507941
0.531887346631
2.12210940548
3.69987798679
2.98655713545
3.35438553569
3.13310370801
3.49985303014
3.09961003102
3.69975932348
3.77586840674
0.581085202993
2.26380697313
2.08730407018
3.32575803041
3.93785880659
0.279496040471
4.04972240601
2.11117005315
0.372978524546
2.42356139516
2.78030801743
2.01612886156
1.16193446976
2.20420487335
4.30026397876
1.07893662331
3.82585390185
2.95004559097
0.930814072368
0.702312805693
0.976060830898
1.24739996229
0.441202195981
4.00082503464
3.07274012817
4.22646532063
3.3746931603
0.975734952107
2.43857827958
2.98434792957
0.522344573672
4.32475738227
1.63510992023
0.707591053452
4.04999628282
3.44588527743
3.32794267974
3.01955127654
2.40040979281
1.44536770911
3.53603242275
3.81389289949
1.99653856107
2.87424156145
2.81696862352
3.03651367981
0.728619276159
0.679460827155
0.854822081896
1.54263816898
3.4251693176
2.89990031729
3.79255865225
1.78991976658
0.220856836533
1.7752393917
3.50019795605
3.46377197315
2.49162343746
2.3354834864
3.78540066984
2.48727862139
0.542895363779
0.719092032304
2.14615698032
0.282734095255
2.90031431819
1.508742457
3.67700536604
0.592106403283
0.210515799088
3.98586616024
4.38371877632
3.26215628311
1.93123387188
0.269105358164
2.79532749831
3.30030623798
0.803431063711
0.800692383152
0.172292141372
0.172292141372
0.45084673607
0.854543456308
0.919864771112
0.0954488867953
0.330057346545
1.638451768
1.83412933283
2.49997934077
2.89998035377
3.5155213189
1.80734026173
4.67664748992
2.1000630797
0.368316902536
1.59507510999
1.88763523366
1.97394103026
2.95017277403
3.95534880903
3.86150145447
0.499697778942
0.423100436615
1.01549428153
0.813912267117
2.64458394219
0.150538160702
2.94444107208
1.45166409604
0.799956560515
0.300197037285
0.684722502867
0.643450655402
3.14545606029
3.49995841731
3.06625352557
3.81099188828
1.80958817267
1.78473388349
0.042448932066
0.157502411297
2.98717548947
0.300019754925
3.31015123268
0.685482299412
0.832266903331
0.0862796161021
0.0358253593721
3.30007291854
1.4776103855
2.4997591095
0.73630795954
0.257714301015
1.23679940154
1.45379290302
3.69042224718
0.844647633926
0.824178939899
0.136607066311
1.3144484262
3.90032303858
2.79285880991
3.6392605645
3.41093401443
0.640579118643
0.283064467108
1.31262910525
3.12176348073
0.528553313563
0.699804030004
0.913217970429
3.53846867018
3.52333887088
2.47954479673
3.38363233551
2.69103723158
3.11066879716
1.28990788641
3.49097382381
3.15634937579
0.123827162882
2.11784404487
3.10014530374
3.8438525446
2.77898124115
2.85770275699
3.35349967781
3.07901500035
2.5612046501
2.55836773377
3.29967681138
1.38155429212
3.61487648856
1.41088350379
2.83221942038
0.75900197542
0.528202143703
0.956467901263
0.119098072744
0.488350772218
1.09596493527
0.117153015517
0.483285240803
3.55536032842
3.18814109717
3.55408074057
3.69047868075
2.86176104976
1.16524305698
2.69959252975
4.28689896325
4.08823559393
2.70645515197
2.37112704036
3.07126593147
0.104633665342
0.86491717659
0.467891092507
3.10233974843
1.21605101099
1.27839860922
0.0918150152526
0.201419658133
0.299782430153
0.220258989733
4.13224298342
0.798480960522
2.21946050626
0.623785146328
3.62509890564
3.2001146215
2.89387460506
2.74978244832
3.94576046178
3.42339937358
2.70017550499
1.52273275086
0.484607656258
1.02557830709
1.0049225161
1.44502802856
0.550200626258
2.70458002632
0.408045138816
1.99500283862
0.525431482518
0.11892111435
1.47750967144
0.874752614277
3.45027601598
0.181932652597
1.002154313
0.49782835441
0.175265812474
2.55590727999
2.89936745744
0.0998214887836
2.35035348
2.10017796087
1.85519715339
1.50034040257
4.20610255963
0.341758953625
0.610480201928
0.697344657855
0.130513606766
1.96138581944
0.116854966302
0.996619426473
0.566610755137
2.43927216334
3.04972754871
2.75980154494
4.36675197561
0.338559458605
1.91665009982
3.49984950335
2.41393143377
3.07475956606
0.486471473294
0.800215910809
3.27446531363
2.62964771112
0.691397999213
0.0997522739836
0.838183442187
2.5002114479
2.31995672655
3.15957416758
0.786360247189
3.71598006628
0.300171278349
0.572518275519
0.160991948098
0.202380996705
0.775774073549
0.545770008626
0.394505417104
0.661757528674
4.29975886616
0.33904543158
3.02739693249
1.79158109995
3.43058473152
1.61906517609
1.21465025137
0.377454939306
0.276775034957
1.67579833406
0.499772634157
0.442333054773
0.670265395237
0.861906673657
3.12592634982
0.452435709718
0.0772298830206
0.299762610271
0.219177691088
0.384937535505
0.0996553851206
3.03640739196
0.230052343596
3.59615133895
0.38203834529
0.550466252185
1.05564332663
1.98940766965
0.189428117261
3.3079798059
4.05398964063
0.562355017056
1.45797131094
0.832052134473
0
0.640208324156
2.96502707249
1.42987375029
4.51088537529
0.756957455381
2.82269471161
1.05028056815
1.23769286328
3.09871897348
1.55817970001
4.32048395409
0.015979955178
1.18788539254
2.00722256303
3.69964007314
1.90185305831
2.6431538882
3.09861252615
3.91685113741
0.739873383036
1.42949912826
2.74732969629
1.03845927061
0.41817084151
3.62069043563
2.89962393661
2.44771295145
1.89059015744
0.125902735519
2.69986735937
0.477075898871
3.37167789676
2.05031421748
0.144944025815
0.0272806772736
2.26124186242
2.9744367792
1.93620176077
2.07748960377
1.82803831878
0
1.34009254255
0.865136948674
0.204400010706
3.38400208198
1.79971018054
0.556892652705
2.20468963658
2.87036074881
0.0832686616106
0.352497863965
3.54968473097
0.629088828966
0.0795371979432
0.194349902727
0.296838098227
0.692479418263
0.106534437626
0.500438107889
1.90702753614
1.14947185186
4.89475347685
0.317034057743
0.34925734933
0.700327141049
0.329664695372
0.300158852217
0.828699607382
0.449951598737
3.01252197926
1.90011716325
1.54649835137
2.78033365672
0.296776713766
0.223783612232
0.121404449957
2.34737096158
0.128194384916
0.0989103133223
0.70024227758
0.284205745103
3.48072510112
1.84868323901
1.19224750922
0.361087507847
0.339143700453
0.072115011328
3.51144902852
0.103337806223
0.266514144116
0.844966404146
0.763888174159
1.8994412666
2.96037090051
2.22888734676
2.954766817
0.244488631574
1.87079401216
0.113233142453
0.314471559833
2.43616754302
0.299778764871
0.58460121926
2.89060894381
2.81930241733
0.429165710519
2.18741131038
0.23827984279
0.150280890966
1.09721986378
3.19130964388
3.43191842257
0.684480504934
2.24459772835
2.7125683455
4.58761092477
1.90054541756
1.03058812112
2.04212187508
2.1863326256
0.587281627558
0.0869540042321
2.6868037939
0.116060454607
0.895199721556
0.486130261445
0.192074518011
0.219037525385
1.71133151752
0.269619726606
1.5305016138
2.40646589807
0.747009732922
3.04939560341
1.9604660104
0.0641507862603
0.254863393661
2.44978699669
2.55345234462
0.494614007016
1.56412777642
2.58428050429
1.85548030855
2.10482467315
0.0536561094191
2.74097028658
2.9149879092
1.93628394079
0.769625755695
1.32101432665
3.06960971225
0.499842979389
0.655316395663
0.111249896541
1.48234408232
0.936684896283
0.294688647174
0.104768104563
0.900016196699
0.581439932662
0.387234665627
0.234058146077
2.27795480358
0.488072019333
0.710372158098
1.41307205128
2.49237487901
0.300220297154
0.326651735663
0.11109887668
1.29998901355
1.04277728821
0.752224462895
0.0645693263624
0.295852038529
0.299418585498
3.05019350688
2.29359157631
3.09995812799
1.89510262393
0.916757618651
0.182645671798
0.833267822792
0.299727558154
0.814606890638
0.299992354542
0.557657223409
0.282464413868
0.464774101633
1.05388264812
