3.45845959797
3.22334372985
3.35008601453
3.64966178047
2.04221211347
1.58333181457
4.34999849493
4.05000359483
3.9152128787
3.25892468122
4.35206998731
4.6696149555
4.45959729154
4.6581177651
4.4782607457
4.0517809843
4.65514113914
3.89513955097
3.45029289052
4.06936084119
3.87220711674
3.34984243357
3.65903714708
1.18297477308
2.73070541731
3.96922841385
3.87269366426
2.92479216069
3.18122953993
3.4362194499
3.0233441572
3.53060404189
3.3717019419
4.43744762752
2.63641032506
2.35943509333
3.44041096244
3.53818712482
3.25017323765
2.77684074015
3.87286331131
1.91723701012
3.63279231249
3.95008246894
3.64968282927
4.3759780164
3.73610201438
3.04984125163
3.79859789944
3.85018383844
4.0437728185
3.00002872601
3.76060616066
3.36425022541
4.4248249356
3.12744110966
3.54994163511
3.4337228771
3.74995901185
2.77977569638
4.25739097442
3.29895798327
3.95015995362
2.85988050045
2.84985515575
4.25035233997
4.43351875001
2.75040987171
4.00014628433
4.01283031526
4.49988437267
2.99997611738
3.49988815381
3.00011495828
3.59838927593
4.75038251271
4.19118343264
3.55039236974
2.25030691981
3.65014034374
4.25613115186
3.65034755292
3.25028136245
3.24987659155
3.50806255283
3.44216977587
2.85019816104
3.54156191104
2.83699340413
3.7120781095
4.64289172974
4.24999269466
3.52020335385
3.98385894684
2.99815085999
3.94909035645
3.09417506482
3.25009915217
3.00013000022
4.40376723882
2.53616256956
3.29271551402
3.8766151626
3.49782746413
4.73331407519
3.46835714498
3.46361548684
2.91741048777
4.14345785394
4.14989875776
4.41888117805
4.21520379737
3.68049052784
3.2369188755
3.55027311323
4.48894850289
3.98435565569
3.5320352495
2.83285356712
4.12120267781
1.24987490057
3.83135505093
3.11737747633
3.3821133577
3.98055976878
4.01876881243
3.0390592785
3.62580397255
4.30540559123
4.06223980768
3.58463514465
4.26803750648
4.40870684381
4.7500728661
3.9509563879
3.62732058684
3.83174886126
3.39759867199
3.57481729469
2.25004203137
3.25033448426
3.43004005593
2.94976330984
4.41592376598
3.23383726925
2.94671440615
4.31283050517
3.69929918807
2.42381694635
3.60977856151
4.35001236375
3.95893763874
4.36769585191
4.73397998144
4.05009192512
2.83573881366
3.19419273992
2.78885034401
3.32221629009
2.46199336002
3.04989771526
2.93663629535
3.83146332257
3.67984579666
3.1820415013
4.22497528649
3.24995554418
3.35396485935
3.90436414525
3.36139422005
4.24970885582
3.0339033696
3.43050906108
4.24963069736
3.33564508287
3.63177956796
3.20536712573
3.75037477586
3.21545479374
4.52226382753
4.00002668451
2.22359966733
3.86752107013
4.23990769656
1.00022888945
3.95276077962
3.24994661313
3.76522056228
3.41739712839
1.80687583993
1.99999076295
3.50004811716
3.77475789935
2.25024851881
3.6500626046
1.64991493478
4.74224776474
2.25019842894
4.32476246835
3.44103758357
3.63811073125
4.60558908996
3.58638645773
2.65049868503
3.34972133727
2.54988087981
4.25060812241
3.83765244109
2.5162724199
4.4489272913
2.99996967351
3.90193846986
3.80233359123
4.3719591668
2.5366993721
3.54884277816
3.52209195664
3.78305257281
3.3922117904
3.53275196817
4.3497910001
3.71519070435
3.33475601651
3.29879240961
3.86268238049
2.75003999281
3.50002479994
4.04915875734
1.75011210681
3.99972469617
3.90545538317
4.21921645879
3.88596866295
4.35487916657
2.73540151438
1.9039483311
2.98347615012
4.62014324155
3.7976074621
4.36359367877
3.28083605434
3.53821064519
3.68742765261
4.39481582322
4.2408123907
3.96149634574
3.35027008041
3.15986939984
3.32633102264
4.30611334437
3.38906382741
4.79650005324
4.19548482594
3.16757432034
3.96724782821
3.84147564976
4.49961667823
3.13611977983
4.0501495963
3.87068037833
3.54682893013
3.49119555886
3.6719654907
4.33484842171
3.65716206094
4.53452829914
3.74968359816
3.66960452644
3.47523743999
4.40222100549
3.54473426121
4.40590507994
1.25008154171
3.92821217422
4.27934959609
2.77982616483
3.5003948454
3.01356121156
3.6498955705
3.84977245841
3.45027052005
3.17468251469
3.70725969772
3.80299033467
3.64988445376
4.41118799143
3.72253046937
3.25870621855
4.03816544459
3.77628495399
3.2779740979
2.74991470854
3.0838034378
3.14450876515
3.74426872217
4.18933990045
2.58243946962
3.02445660097
2.25027658063
4.05768281755
3.25002381556
3.35213804076
2.91273686367
3.41653130229
3.11953527918
3.49954343715
3.94650496059
3.44559354226
3.8499454369
3.75039491691
4.72391426074
4.00001342919
3.993649341
3.191926367
3.84756509897
4.532680712
4.28213354721
3.58336129803
3.02678816085
2.64973177619
3.60676270049
2.57599142187
3.6749069437
3.65088068746
2.75001675173
3.94940727578
1.8498254035
3.86804763033
3.42539855317
3.12055258283
3.74706197837
3.22588603887
3.07543427602
2.89910346939
3.67646070142
1.52344672775
1.24984098713
3.10058865742
3.99192248656
3.08797097755
4.20935893859
4.09908091263
2.24995069507
2.49055193947
2.83022656111
3.68962380935
2.74269841373
3.29599575277
2.97507618857
3.24990084778
4.49969341041
3.00002100044
3.95971078776
3.33955683215
2.22174634399
3.91350941953
2.65019075567
3.76837264248
3.87945188606
4.16397729734
3.40805422875
3.49501359593
4.41673541549
3.66142080471
3.49845132572
3.39458866208
3.34220990474
3.6167433801
3.72737358741
3.78033486033
3.31923910468
4.06067207675
3.75021083636
4.67410196673
2.70309978555
3.64371477312
2.97788525124
4.14186502871
3.74993672677
3.8512703968
2.7821471674
3.80348938622
3.45436267639
1.56917682864
3.43146986329
2.94955092884
2.05021892806
3.10773234809
4.81818599134
2.73913934894
3.45644743106
4.44289646418
1.28078435175
3.61011099368
3.7500373313
3.32178282381
3.05683554399
1.79741372904
3.25023672627
4.39884105517
3.39739486708
1.55431240827
1.99971437727
2.8816725984
3.49980104083
4.03576161623
3.34787574554
2.15033039579
3.31581394478
3.25009339999
3.72064862994
3.96326678185
4.48186332251
3.4487858285
3.24986457229
3.14046402061
4.31305518073
4.44950888152
3.60590804502
4.15904699462
4.53110068021
0.787191905952
3.15865664745
3.9479713205
4.75039297409
4.4930657719
3.95830261902
2.90500127584
3.58300280417
3.06376219121
3.76929507644
3.47113043516
3.37729530495
3.72796400891
4.03997903835
4.75015634199
3.36875334505
3.44032152914
3.9531114341
3.74761544027
3.34953676626
3.59153476519
4.33666560552
2.15983824307
2.93669834719
3.30702250072
3.58895102382
0.782421015659
3.39982581748
4.34356793108
4.65399164037
4.16336396748
3.35031218791
4.63825515836
3.35827904556
3.66305409885
3.54984359065
2.75005416139
2.18009942669
4.75131526182
3.94486000795
3.48953081574
3.74981094219
4.50052203342
3.83714626408
4.38968638466
2.20015582382
3.68987740645
2.45003352357
4.13202223128
3.94971694224
2.14682207071
1.4499974404
3.88027541481
3.35665588034
2.49204206889
3.77920254583
3.24982536306
3.5703211945
3.76633178811
2.72084108033
1.64961526356
3.34114707048
3.58050281853
3.58013129303
3.89816718722
4.04984321148
4.3601068224
3.58438822803
4.09029886338
3.40156897274
3.16691652483
2.37724587302
3.51406502959
2.13669947093
3.91807400644
4.09159945219
3.86072855456
3.85015597646
3.08413840045
3.90920622253
4.11041340959
3.62681669153
3.36767277974
4.07890273368
3.81622880151
2.88528407513
3.01072497919
4.27707551691
3.40701336865
3.26712118854
4.22294604615
2.24974867285
3.66611391513
3.42850962658
4.60323023219
2.05047581995
2.91658248885
3.39808243966
3.72126218917
3.73812676458
2.97595360227
4.08321372557
2.06587652572
2.80479289985
3.57060811492
2.9170896047
2.46906097819
3.21117435467
3.2486177444
0.824597701506
4.44687487543
3.5154770175
4.53451695075
3.50641713442
3.70684273099
4.21799935563
4.12368725314
3.9641309184
4.48154496825
1.00017724326
3.35382833543
4.31316444247
3.50824972438
2.46843232458
3.01472537395
3.88568093501
3.18186307916
3.64979971468
3.35021130573
4.17229810636
4.74959297356
4.32830656406
4.0399629961
4.15166815994
4.11428282181
3.58506347863
3.67657105736
3.3719852608
3.91440205319
4.15928140888
3.92976903071
3.49985031848
3.42826526464
4.07722574579
3.88189747696
3.98627944768
4.60176935242
2.99998313471
3.74919351025
3.83178114916
3.54956584713
2.7025912572
3.60736171614
3.94636895593
4.06864491784
2.70366952595
3.61575389711
4.20501416104
3.85034259266
1.84977104717
3.47500693953
3.47014878936
1.84996353185
3.61366467141
3.76831919106
4.62445865241
3.9873389084
3.03524573199
2.57921798156
3.75041611889
3.21765777643
4.33626440731
3.64984996934
2.26770591491
3.24981951393
2.53287333964
3.14957939885
3.9997752266
3.60924392023
3.75024188354
3.38028858531
3.72215554582
3.87520231306
4.06494999814
3.33577916732
4.16700732454
3.78013392843
3.33514073448
3.927073911
3.0940245169
3.04999010911
4.25494234315
4.41914041054
3.35544227651
3.39822705337
3.34500606112
3.79982188259
3.54134854058
3.29422678881
4.14957196874
3.96016779758
1.24984861641
3.58353957745
3.48030806988
3.58290811085
3.7605584865
4.19091461447
3.55031007173
2.45005877435
3.71164790979
2.74966133439
2.96878392709
3.66202726732
3.58310018956
2.24993356484
2.75002377869
3.98670036562
4.00782946631
3.41679218139
4.94592737773
1.58302097469
2.05124370152
1.26233585373
4.16238554884
4.41929969194
4.60966591703
3.97664270519
3.82125119921
4.66421843126
2.88057874983
4.15332524668
1.24983815914
3.99986430537
4.1793847452
3.37418254512
4.20082328095
3.9831612151
2.86123953299
3.56773656036
3.37103240642
3.5002058674
2.49994924764
3.12421767954
4.16111805923
3.23224834636
4.25041055455
3.46905476132
4.14493025695
3.96643641534
4.34963530813
3.42534313774
4.47180792671
0.850394340877
3.1370058405
3.49549531836
3.71678113052
3.50000845017
4.26300633001
3.65115741369
1.87411007134
4.13331103738
3.97428256991
4.05798694774
3.7550735605
2.95004928447
4.48354113568
3.67113475255
2.00596094573
1.50011143226
4.119663968
1.35435933048
3.89307342117
3.45045885089
3.734072082
4.5448300942
3.20206298882
3.56708582989
2.89087638073
3.56986300961
3.01292022482
3.48232830226
3.72041287481
4.32998420515
2.05887879589
3.65274063189
3.24989710279
1.84969194468
4.11792280751
3.75675427798
3.91917602971
0.790241775309
4.74974447054
4.38597329452
3.74962967132
3.13914403081
3.36571778849
4.42220084398
2.84109793547
3.54972867643
4.43597247513
4.56200365917
3.52858687396
2.9168930961
3.92803745139
3.45311142583
3.57124528128
4.67387030766
3.52149095067
3.32817364119
3.79087653125
3.00028064988
3.81045297283
3.15953090979
3.50002515279
3.00001104983
4.25014999679
2.66207995314
2.05001669387
4.16849281991
2.12439406537
4.17889201394
3.65010040597
3.76835976481
3.917300009
3.45043294135
3.92015780357
3.3041383189
3.3784149674
3.49985617992
3.15675746166
4.75042586563
3.05619870989
2.34359844475
4.05050367299
3.3496754444
4.11438643413
3.04186880298
4.65267763509
2.56847963047
4.74961844566
1.63932928978
4.75014832918
3.93173238105
4.3390580333
3.7152909947
4.80391418961
2.82829204268
4.80391418961
3.07828657262
4.16923123087
2.68847260146
4.26465740979
4.76962072358
4.02767939452
2.08315646937
4.70809842277
4.61661505394
4.78236846834
1.55831041327
3.01082322735
2.92863016108
2.51520263081
3.01082322735
4.82921411304
3.95771619731
2.45019346573
3.95010682948
4.76305649399
4.74982011772
4.74968649862
1.74388860727
3.59593948022
2.04028884245
2.04028884245
2.04028884245
2.28729241293
2.28729241293
2.04028884245
2.04028884245
4.01354678734
3.54980656246
3.96876201798
4.75034627976
4.76673332121
3.59543613291
2.39283066448
3.22876316678
2.43872642592
2.95634330029
2.38612931287
4.06710262314
4.82282929269
4.78779698976
2.4406269623
1.30057381258
2.6660642142
4.75501634782
3.58379271112
3.96224519262
3.94378721205
1.11798151256
4.78791253626
4.72703134935
0.759704290083
1.49482181929
4.42168766527
4.13184397343
4.75016278136
2.45230582132
3.31084497412
3.85327659247
3.24247474324
2.91726435767
1.68882942199
4.24076333372
3.67738338386
4.72801144775
3.23703943787
3.43062698738
3.38900495858
1.77848665502
3.21703772523
2.28219837347
4.50879124029
3.64807091218
2.60382711415
4.77677751424
3.82129934103
1.59743074922
1.05507043553
2.99621043408
3.20556888726
4.26335782318
1.30182071582
2.38536264803
2.07602978404
3.65536680573
2.59455593604
2.60782041707
2.47694975768
2.83331084571
2.71406915226
3.86021438229
2.41415617691
4.14996072311
4.54970827016
3.81827958947
2.75002628342
2.38065259874
0.873943647335
0.991071567698
0.250454866038
1.65186443957
1.53775598671
1.3521027035
1.53775598671
4.25787332524
1.08297045659
1.72692322647
2.92780104301
1.08297045659
4.27827602655
4.3004069093
2.86158087635
4.03097599274
2.0988017663
2.00242914075
1.79032996494
1.8473608469
1.81606662669
2.4498958354
0.446898841555
3.21320604675
3.69056706438
3.04651161584
3.80133610343
4.54228909751
3.27363688549
3.80133610343
2.75026875959
4.54457054184
1.01292858942
0.326815259637
3.01630415308
2.84992519138
4.75599022088
4.70813943321
3.36094790909
2.48438533174
2.48438533174
2.52993621985
0.531190769236
3.4999546469
2.43313460264
3.269869831
3.13557381036
3.24436449343
3.50834863538
0.619321087391
3.72261861018
3.04107098821
3.02776379953
2.12830199665
4.16420519616
4.71791032337
2.62504578506
0.83040580374
4.22992053159
2.68246597656
1.38355964658
0.900990983852
1.22534679764
2.11508710604
2.33750729197
3.54228973587
1.33948132244
1.33948132244
0.742384729404
1.45015451519
4.21565753749
3.79674755011
3.65946941026
2.63916183311
2.53187548165
4.77724718573
0.0397110145104
3.45005731362
3.11532596181
0.194166983079
1.02659173044
4.18833101214
3.59167286427
4.36066825746
4.76531979522
3.40348299219
2.14303348591
2.65144494233
3.38841440706
1.24747466106
2.80299065403
3.19428541375
1.57640185168
2.37847867743
4.82672383358
1.32823575141
4.64982720074
2.94256109738
3.24981147037
0.985599659738
3.69230800124
3.1566731417
3.77306575146
4.2511646503
3.3178465523
3.69140586454
3.70125486506
3.23196753546
3.15009540605
3.13108878213
3.60205568433
4.13504749039
4.26757612051
1.38726302604
1.75967411135
0.578691583877
2.16965119043
3.75051904577
2.98180879751
3.4487319597
3.11373135421
3.44979991269
3.15015679187
4.34053830211
3.88736339707
0.707219572742
2.48181580244
2.19507554287
3.2679412454
3.85575887873
0.500285065774
4.00533665623
2.05279662298
0.85231584388
2.37018718999
2.79581886608
1.9877851613
1.12781854253
2.12819216122
4.34990162315
2.60926791253
3.37459776658
3.15832562747
0.922498931321
0.771252883369
0.997657380522
1.2534597028
0.478055715157
3.99986739991
3.20114943416
4.21713170639
3.28565998438
0.931212661537
2.42332174488
3.00480641091
0.513293648762
4.28479590856
1.70155566485
0.760223536285
3.97743564655
3.44659015608
3.37072009889
2.92720330052
2.44474585118
1.45777579515
4.12412499337
4.02705931951
1.89445877816
3.04695618209
2.80781356333
3.00212753658
0.769599800714
0.664671151096
0.827369497461
1.33139746349
3.53364905977
3.79071981615
3.80820918805
1.76435755247
0.140297264001
1.76932889906
3.96376480329
3.34974467739
2.5359422031
3.58151694199
3.49374017624
2.45011563583
0.549938614033
0.743513492668
2.55021635694
0.308515990337
3.06013762857
1.37163920238
3.68339362153
0.44878003281
0.354831944306
4.04397255257
4.17422140254
3.3529298215
1.9241491667
0.459214857388
3.00032077883
3.28043844099
0.776533714986
0.698410272327
0.223740872178
0.223740872178
0.499627248624
0.781978377077
0.809966418926
0.0140029667902
0.549889316591
1.75762953297
2.33538878969
2.54990218166
3.49826293935
3.60488873813
1.84624220146
4.55601560329
2.04961602398
0.470262548432
1.60272492902
1.9562807698
1.8562569557
3.01305044952
4.00205053113
3.86862463439
0.297488512849
0.515576398081
0.83285662199
0.663278863234
2.82025393957
0.177546216018
3.16710554719
1.315589798
0.85236611826
0.250020557205
0.597580612833
0.676025418546
3.2348605361
3.4500421706
3.46485901084
3.86357487314
1.79928426386
1.75058802395
0
0.163276035012
3.17847389595
0.250114503995
3.30098984385
0.746299195725
0.82324554372
0.0169340187454
0.0685209604711
3.42539104148
1.41976825057
2.58701723176
0.844789706287
0.230863506001
1.34647870315
1.567529109
3.67208274813
0.952681437057
0.982373075263
0.250203960813
1.18016567874
3.40427377794
2.85035684841
3.57476213735
3.54997649482
0.656893221888
0.28251856152
1.25589735246
3.25012712736
0.549872461169
0.715955123682
1.00929986029
3.48306874058
3.66943631487
2.38446836374
3.47685991776
2.80006791562
3.2132181789
1.2102254366
3.57749929294
3.28097963679
0.282160176793
2.24242678937
3.028224161
3.8502440136
3.11102599658
3.29908814158
3.35225929284
3.15033304375
2.59584991358
2.56144027509
3.24992818125
1.43604070798
3.67426716038
1.40438979536
3.78832540596
0.546052384568
0.718113015199
0.771644370322
0.108109911161
0.549662726272
1.01294807543
0.0833867801032
0.449482967389
3.45038710115
3.23511768762
3.47887971549
3.58319241767
2.97407777778
1.23755051451
3.24999545433
4.28847316514
4.03362789553
2.61813686612
2.33855465134
3.71345612342
0.0698558480904
0.961364729206
0.365784704293
3.11299377617
1.23653279949
1.35792947969
0.0527168985942
0.127807366918
0.222277160104
0.184418656478
4.28283261368
0.750332144975
2.70332730488
0.693929169968
3.56106644444
3.3440755526
2.88898641563
2.73352440281
3.42578841249
3.33906891805
3.01081708787
1.50456640809
0.726608508722
1.06330333926
0.968157317992
1.39291625699
0.499921264607
3.12954578951
0.412682878087
2.05599103617
0.776601087992
0.250427479497
1.52525647373
0.971042309092
3.53988997186
0.193620942656
0.86659722692
0.500103419124
0.16074277467
3.25043407688
3.08402396994
0.0842152853555
2.44317835936
2.11270227621
1.85027558947
1.43636852585
4.22180177704
0.449924167002
0.489981585219
0.561235618075
0.111697774103
1.9195207424
0.186344608882
1.22419874862
0.641952309981
2.5746393254
3.24773595194
3.14984771402
4.1794047393
0.411069057292
2.34454143524
3.48391467696
2.65023593622
3.02593173414
0.615577645719
0.765457589402
3.33273740104
2.90105999788
0.562796752508
0.0106823498808
0.868250842398
2.45430302833
3.16907480295
3.24998247583
0.749799379383
3.7500633632
0.339550839209
0.513220535247
0.0880511463424
0.16332780893
0.70008185761
0.542450221252
0.360254872173
0.903362086781
4.26606560314
0.378044674465
3.00293668242
1.66973272395
3.55459432845
1.48882806784
1.30098468735
0.305594825567
0.368594271378
1.96648333348
0.418296053808
0.516778658558
0.821885349583
1.04271699174
3.16212878752
0.372991364586
0.0546515683867
0.249665235602
0.0383144302744
0.397598517873
0.030934573943
3.26580076437
0.232496324133
3.64913048839
0.350316938882
0.601498577367
0.925442342237
2.04604518039
0.153661113841
2.99973878823
4.09732255743
0.819022474928
1.42925493142
0.760557402171
0
0.730943334313
3.07025818796
2.21620031701
4.46252043091
1.97765405262
3.04985871837
1.34504032973
1.30056448778
3.05554724979
1.85136776616
4.24994159509
0
1.09510504327
2.00607851614
3.56035893551
3.471595214
2.60774137987
3.40696658278
3.48543534256
0.626090887858
1.34368384548
2.45011546921
1.09776990743
0.425165072178
3.6227043616
2.92052425374
2.8985905703
2.05359909248
0.0989263860483
2.73581338809
0.600911386288
3.47075995541
2.15256568006
0.0159938911801
0
2.28754401767
3.04704598601
2.23056995828
2.04754696854
2.24483808685
0.0075839611596
1.4251978538
0.890973343771
0.190968901446
3.41156239917
2.13549316414
0.650394381151
2.29012799918
2.74911891715
0.0343752440606
0.337424563864
3.70436060772
0.607788127781
0
0.132288282016
0.249899553777
0.750490934704
0
0.497433882637
3.39357595107
1.02906582193
4.63522341259
0.28235151543
0.34606955652
0.650063126654
0.249788767633
0.236844342764
0.833369376749
0.499926025865
3.05663499406
2.63750173104
2.59061958962
2.84979276533
0.249959473489
0.147423445067
0.054787322881
2.38442966775
0.00418251245137
0.0317958943332
0.749797934231
0.303381020011
3.51642081175
1.81765631883
1.16489169432
0.34963148676
0.303234775765
0
3.3572987388
0.0333903236694
0.211693459924
0.683507848167
0.769598740857
2.34978683577
2.86799394107
2.27484729564
2.99744872713
0.169300541056
1.8528427557
0.0974640785926
0.254765953197
2.43204801446
1.68061224204
0.668920949653
2.89987253762
2.7953188803
0.249688939183
2.20246697334
0.181044411163
0.0969252783062
1.28607481973
3.28614152451
3.44912847642
0.66462579114
2.57027638538
2.83768641669
4.55373609498
1.96184607857
0.999927977355
2.22698391837
2.53570267719
0.47667776397
0.0212387204393
2.8320543783
0.128628150322
2.49164211272
0.528844227614
0.146967532688
0.292294512563
1.833374752
0.184838765112
1.53527292198
2.350093342
0.710052636341
3.08160231329
1.96006844116
0
0.165036459907
2.5529108564
2.62320832028
0.490849836362
1.71919653709
2.61083653606
2.36778817765
2.24977132927
0.250337202831
3.18810574785
3.09212566425
1.83520337034
0.631576443507
1.2769062971
3.94980236454
0.99000225387
0.71205098265
0.0439207982998
2.70308363857
0.86873545717
0.185363607146
0.0650357087188
0.850479882886
0.885415856513
0.784398602602
0.163214577339
2.21913579703
0.573838282788
0.814906680384
1.25753402831
3.16061909709
0.249964475872
0.359985769411
0.0199476655955
1.36904991631
0.889389658212
0.596758276865
0.00647007987859
0.249892808556
0.25003843532
3.00001803892
2.25024787315
3.58437936692
2.21500006048
1.05097522507
0.249857974252
0.883817860327
0.250407548507
0.759123285672
0.475001253176
0.577319383354
0.193555263515
0.532859746182
0.802307431625
4.42282509645
3.99502170113
4.72087578235
4.40665888736
3.42268786958
4.26206300439
4.25906227022
4.17159477319
4.15589355616
4.86449637141
4.25014286553
3.59469984487
4.19206801116
4.50815796654
4.19702119136
4.57478687089
3.74901735028
4.30047247622
4.36522709678
3.5725464625
4.17787566343
3.74991835223
4.44951853314
3.51257684357
4.17922074335
4.40187042184
3.35314568828
3.6659547226
4.39974823359
3.65654034351
4.30846462125
4.1250545531
4.45545496254
4.05887576275
3.92494283536
4.17779284419
4.15442767473
4.37593248149
3.93906902817
4.55002630358
4.1219745275
4.75011156069
4.78173921339
3.85966769727
4.52927071039
4.35582798551
4.75015634199
4.19949669643
4.73687545713
4.48404264759
4.25683812572
4.41683122029
4.01359795463
4.14980393194
4.47908723806
4.78453821347
4.18838607116
2.6989131374
4.26745091898
4.24875445503
3.45578432033
4.73496662703
4.46926122524
3.90617237513
4.78355227439
4.37481712164
4.32045720871
3.84134028171
4.25889377534
4.74602433659
3.96039784197
4.41960080448
4.35015824116
3.34982178039
4.01167181537
4.53887486329
3.52341019878
4.25032943869
3.95825183785
4.87787903981
4.3168609856
4.51273081415
4.56923935831
4.5605282353
3.67839912199
4.77875787253
4.39321965459
4.24978177977
4.64975804172
4.38670243969
3.98366809029
4.14003032419
1.03971405206
4.21001075364
3.45921857039
4.75015634199
4.37137180076
4.14979222514
4.75035190717
4.49885073718
4.00657529279
4.23167865744
4.23030435887
4.92750931937
4.85039293743
4.74999139094
4.13609476894
4.15019007323
4.59223233025
4.71043380605
3.98152384628
3.92064243793
4.60141694837
4.15823228568
4.55033763531
4.19364749704
4.42044520957
4.08599753941
4.34305097606
2.65003382313
1.04666598128
4.35007108574
4.45561221717
4.01064845354
4.71728990315
3.97180260335
4.09606625722
4.68271551713
4.10469214996
4.15429262703
4.14816982447
4.45003252791
4.43694199579
4.24612644532
4.01477582809
4.40067748366
3.5327174122
3.99284961325
3.39438243946
4.22396278353
4.29704445865
4.27091884728
4.23191399874
4.24908805902
4.02682465239
4.59446983698
4.05016973208
5
4.70519975107
3.69808551255
4.2498435961
0.24998825105
4.58095629654
5
4.2571380963
4.40557446113
4.22709631027
4.74999139094
4.6553871593
3.67182005966
4.33316303356
4.4139423705
4.76525034421
4.32558165948
3.78724242803
3.54981033776
1.92576420322
4.57467508692
4.69940112631
4.27248714499
3.35981548756
0.243678254887
4.50486007591
4.65306241472
4.11584267512
4.82717857479
3.32953377486
3.78865813978
4.35930256399
4.69817417996
4.39296432312
4.34960774166
4.08010317632
4.75013560771
4.20772050679
4.14989754966
4.35005755256
4.55243602665
4.03187153952
3.57215895902
3.8740681468
4.27262228435
4.75425993828
4.5346883631
4.30905071861
4.3527841936
4.70007061652
4.17594859334
4.30369816348
4.34962911798
3.38522196956
3.78291172051
4.46703026942
4.15148170963
4.74959862634
4.29277492942
4.56145751778
4.57459948985
3.6705074702
4.15955623483
3.10162756242
4.79932879663
4.76688202959
4.11336175323
4.26237352857
4.78203306536
4.63027218972
4.46747658758
4.4228313938
4.06025077057
2.26042899688
4.40391099512
4.02784962513
4.44991463707
4.19297477077
4.44907968222
4.50598093173
4.75015634199
4.44145354396
4.14090891302
3.96729658709
4.78779309946
3.76354652912
4.36479106216
4.34995267559
4.31707114307
0.240870211448
4.68918752579
4.77115402949
4.41568468762
4.74994301792
4.5743063419
4.54991965225
2.42748636067
4.3885330636
4.52895046557
4.52019799765
4.45328509243
3.85601288138
4.5548624198
4.07096306498
4.56700507438
4.45344221553
4.66778908496
4.2229085083
4.75015634199
3.99348625284
4.75019119912
4.03522033485
4.55006486765
4.289046509
4.36888314072
4.53607830669
3.53737698977
3.80462909759
4.25498390707
3.7696606966
4.59458538586
4.24969655741
2.94969881016
4.60674245167
3.16714139013
3.80607839615
4.25947042841
4.49610630716
4.58516927027
3.73920268216
3.12428036475
4.22257220568
5
4.32994084017
3.5073215629
3.83488138381
4.75015634199
4.16077355551
4.36285215219
4.44979819934
4.35021009167
4.58318415779
3.98680016593
4.77140068009
2.3508458602
3.5774919221
3.44201726109
3.87003960969
0.245200478107
4.68281122522
4.80029900695
3.43948194939
4.1922902591
4.49027754253
2.83842850997
1.85003712216
4.05680163365
4.14958162396
4.55407009405
3.74983822695
3.92310254258
4.13951332153
4.75015634199
4.32950237252
4.02210073308
4.24449496418
3.7179135174
4.63220984637
4.43912944918
4.21715673002
4.7267104311
4.23836264818
3.64994106803
4.75436939642
3.80277475175
4.65947862618
3.45001793433
3.55013446788
4.73183590976
4.24375143841
4.71306539602
3.98337468174
4.13465905
4.46039362984
4.34732285334
3.568301168
4.25013022868
0.255347219858
2.55022248077
4.5168531178
3.93824751908
4.09945049303
3.29581467057
3.71543144406
4.02258318591
3.9500946011
4.50401027914
4.09273862737
4.85028796658
4.70464945863
4.29126565823
3.903492566
4.09252901397
4.29589994064
4.43957881535
3.75018692243
4.03857588972
2.75125943005
4.42785681913
4.30157439605
4.74994301792
3.99316481695
4.32001535751
4.0522278708
3.91505783647
4.54994350701
4.34855750225
4.08548297845
4.48021144538
3.95014810086
4.63510973321
3.17280892402
4.23762979334
4.58107923056
4.61793102418
4.11835801723
3.4844792539
4.45014943792
4.19969793402
4.47679443359
4.21812678744
4.88971914667
3.80607249288
3.77047548765
4.64504385896
3.94986310964
4.12526526595
3.85314039562
4.69189538544
4.43771782126
3.92104723861
4.36838634438
4.35837647488
3.72800421609
3.63049366691
4.33578408206
4.06595842084
4.69538589727
3.3778339535
4.1500052943
4.60621912023
3.1185932569
4.55716257034
3.37178130714
4.37887128043
4.28279790209
4.38241444294
4.68051622098
3.88183976683
4.54999352375
4.13246330968
4.73000670071
4.01831836463
4.34998236985
4.71216353526
4.34972725277
3.7179135174
4.34784604968
4.50629529731
4.24987823422
4.35025272921
4.63630670917
3.91303302307
2.7871189598
3.50608526909
4.33634503618
4.74985366189
3.72849596905
4.27511636772
4.55985010098
4.63211440079
4.47946463347
3.44999372682
4.2189765777
4.66591394942
4.04181996763
3.95597054722
3.48310742109
4.2498906432
4.23232067468
4.38285499822
4.44545383563
4.1908974254
3.45120252303
4.19752342953
4.20567229163
3.98990369479
4.28620986218
4.27397777399
4.30407282802
3.5358067894
4.83756191465
4.70955095632
4.55230611086
4.18597014966
4.08548297845
4.72159676025
4.24545113468
4.24981321385
4.4986589179
4.6169354599
3.92886694106
4.16648846144
3.55013827392
3.63804945104
3.76899141524
4.16740645473
4.19016817556
4.57028104837
3.98991800757
4.47086129134
4.71154667175
4.23627194336
4.26627465438
4.55052648618
3.93510650978
3.81379554725
4.36312253798
4.91129212506
3.96910608342
4.54307652095
4.00942830707
4.03231534719
4.35965160151
4.44666125272
4.34612452689
4.14585142458
3.49324580491
3.99402399571
4.3753820761
4.70116096611
4.35019195489
4.50196595313
4.41642973993
4.14988565786
3.68633404345
4.22908109953
4.32096613628
4.12602411373
4.15445208211
3.64778511762
3.76991150259
2.25024753315
3.98151469042
4.8407885905
4.25159276995
4.61110176881
3.25127244065
4.13004786611
4.28825215321
4.54084740136
4.21372326964
3.93475306919
4.80731391247
4.18997162367
4.56080243672
4.05008658989
4.00128955481
3.93638455512
4.20676537832
4.41835405027
3.73944466226
3.1761477255
4.04351551107
4.40419866608
3.36413905326
4.57444710268
3.09519416569
4.27456370241
4.13448421428
4.09076878753
4.21660810879
4.0678028318
3.63175220283
4.55026382102
4.46027805348
4.40161163727
3.82140913356
4.66736473792
3.99054477228
3.90289563471
3.97077977242
4.62036908028
0.244736269809
2.6499410547
4.26376316416
4.37510406696
3.96535905604
4.59479346005
4.65706378458
3.14997336396
4.37215442467
4.03553915552
4.43392016757
4.40046171805
4.34969870892
4.32241974882
4.20496169054
4.64643947024
4.43223389622
4.48371988751
4.32057464243
3.96171325395
4.19873333762
4.01398664603
4.27473110172
4.49573445583
3.53080933887
4.14962032436
3.47661703271
3.93004097942
3.40342503595
4.87787903981
4.46744458329
4.51100331724
4.20767806631
4.1407998955
4.52200332034
4.293155156
2.75008514304
3.91687455358
4.18218525646
4.78456030544
3.63985973936
3.69564279938
4.26718045846
4.14991618615
3.65006213193
4.86888826992
3.43948225708
3.88815345672
4.22412396222
4.46684283918
4.78069617022
4.74522333846
4.38262830882
4.58658062621
4.95504383373
4.74990580771
4.19174640218
4.74996707567
4.56644666753
3.68575112179
4.16399869341
4.75035190717
4.52793025631
3.87231215145
4.14956069387
4.21252781949
4.44966770452
4.32436466923
4.66319028469
3.89149062378
4.41143405841
3.83561251984
4.10709038959
4.14999722998
4.34965370224
4.74990628821
3.9091468426
4.25127267556
4.32817485419
4.14980084403
4.53140479575
4.69874562135
4.7776946674
4.42429734572
4.15025309102
4.11718801298
4.18239634379
4.35936903564
4.41036353545
4.6290387255
4.77900935598
4.15527392136
4.81353168621
3.70291479612
4.40634401199
4.62576649325
4.42018190827
3.87060028626
1.73213630841
4.34980357518
4.07915692809
3.93346333386
4.22906903655
4.66005982508
4.04337350202
4.57943123167
4.00746242374
4.3497211969
4.37876206062
4.85196778506
1.44745671587
4.57508586346
4.67575610419
4.24272368003
3.94987074949
4.1092154816
3.25022961471
4.54969652755
4.34183590595
4.71425338701
4.31253323296
4.10969700897
4.45118578277
4.70265789854
4.20992148259
3.54973823983
4.27891936623
4.91183554409
4.57354703998
4.18192347
3.73581707834
4.00760046253
4.23499405465
4.40941254703
4.28402638169
4.2357403236
3.93512934137
4.53268808123
4.14910320592
4.34987231433
4.42470062422
4.74962762743
4.36032606837
3.98715860149
3.89853009055
4.61370861668
4.43048147255
4.7877930994
3.42092055299
3.87121775687
4.20191979517
4.19409266067
3.86490653621
3.46652707309
4.10258617518
3.74989871998
3.706374602
3.99214044931
4.04422743237
0.246221966017
4.19206801116
4.32281142342
4.25392021059
4.18641578089
4.75035861822
4.30857635912
4.5477989644
4.10084173985
5
4.74959862634
3.82860585614
3.06902864873
4.76971986538
4.74999139094
4.50663497536
4.47203424374
4.38439504536
4.27332684973
4.1086701197
4.37630734066
3.84665884385
3.94995439359
3.45268037356
4.75015634199
4.35197540178
4.12476150933
4.14607389272
4.21647687438
4.64929030468
4.38306786298
4.550059759
4.75015634199
4.5722583154
3.40628151047
