4.55078748411
4.50542754497
4.75279110431
4.79500613834
3.72057475375
4.61262771312
4.30570318009
4.48409528929
4.19099385026
4.76865024936
4.49229398627
4.19488515587
4.63060370732
4.64130614911
4.03927526243
4.40176792191
3.8449690078
4.63083865738
4.29841531395
4.56077852127
4.38018718468
3.93790486483
4.58694554741
3.74395230358
4.9952453753
4.26578073715
3.49669584697
3.88458199653
4.66742523691
4.22229074572
4.39472065337
4.23548482983
4.53041626124
4.20476003942
4.3105554363
4.54659306073
4.26486382971
4.74574212902
4.22842427027
4.55309349787
4.40815910188
4.71778546021
5
4.16502567443
4.5670075706
4.48320639007
5
4.35607594522
4.71549864893
4.57237749476
4.50503089531
4.67192109728
4.03988386477
4.53933830759
4.44041299316
4.83985461656
3.79488879421
3.24058059157
4.27705675001
4.40182869997
4.0196430379
4.66640516322
4.52450747523
4.4746922711
4.88669669424
4.4720905881
4.48589726442
4.12097283336
4.43087647613
4.64875019109
4.56368065359
4.4790780181
4.42292435331
3.47868510455
4.54119919087
4.49847890645
3.94823667574
4.06039614948
4.20458427703
4.795671654
4.5025526945
4.56607181121
4.49826884667
4.52982570528
3.80506113986
4.96800467954
4.48857256426
4.09980129779
4.70431124553
4.75445106084
4.31795382763
4.40490099697
1.00518967503
4.38475230759
4.02108097981
5
4.58536049452
4.47883574142
4.9952209732
4.67227584778
4.28553899633
4.42603442022
4.41806693716
4.89141375633
4.81232289518
5
4.41999915485
4.26397416214
4.57637041044
4.75415292031
4.29918994638
3.77548783891
4.59043438275
4.39474563972
4.54721137758
4.13305704395
4.59273780508
4.55741963674
4.7021898673
3.50316617582
2.56394269963
4.3246970485
4.49511904108
4.21055856974
4.62779406713
3.96449312897
4.16047468984
4.71779719171
4.32757793509
4.24581607681
4.52021861949
4.49194356386
4.31829533345
4.29810842397
4.18275492618
4.30084062266
4.57467529985
4.43676314541
4.00821263046
4.40107188227
4.60276490561
4.34914176485
4.45876906546
4.33458602377
4.46281432147
4.80111447475
4.30775282379
5
4.60495611299
3.71087092498
4.42957097966
0
4.49178381205
5
4.44845853707
4.67080431808
4.3461406545
5
4.59407348815
3.88328197033
4.75802314672
4.97293282442
4.85220017234
4.59117444886
4.27861144442
3.85639424026
3.39496525125
4.67378485881
4.75885964004
4.45315381534
3.42507918684
0
4.76129010679
4.73832143416
4.99491830423
4.60257811286
3.50473145941
4.1062876253
4.38195286605
4.69794414457
4.5299340059
4.67095333703
4.18796668086
4.94491249126
4.43160715651
3.92768237724
4.59510067624
4.79443442687
4.41619762766
4.20485885441
4.40486731679
4.36626204556
4.80417003517
4.34768861692
4.48295388237
4.58250350655
4.99504794744
4.794887911
4.55425112499
4.58354488704
4.145423867
3.88886344372
4.79504712288
4.44836015044
4.99515401279
4.41890920247
4.67692677489
4.67911940334
4.03564131325
4.36384476311
4.16701970404
4.89949130143
4.83681896456
4.43266820764
4.06166031037
4.9983928182
4.72464266285
4.34071022314
4.99222106742
4.43809286103
3.35845170107
4.54234838473
4.65781178829
4.4114877173
4.43865206511
4.58270676605
4.62835641527
5
4.605215498
4.37688104655
4.30672694186
4.86755849971
4.31940048744
4.37924295895
4.16159571401
4.25949968646
0.00470155466671
4.73639746851
4.69183492898
4.68978882374
4.99471817011
4.60377979779
4.80174407731
4.39525953331
4.31463995802
4.63992742096
4.80470372387
4.59457190136
4.45022320069
4.85056969476
4.30624683583
4.76942943364
4.57123717532
4.65842322517
4.48037284158
5
4.20500349393
4.83490014225
4.99484856483
4.75171631159
4.51966702917
4.32032780653
4.56792641174
3.93402926866
4.19165513909
4.38577938933
4.31881158022
4.72521439039
4.35570855689
3.20533308846
4.85213871537
3.43272509086
4.16511220493
4.59851997186
4.40330533532
4.44974907409
4.00513590545
3.5430745913
4.49635563121
4.97268414847
4.31622239489
3.64512551829
4.60662620023
5
4.8050633488
4.90693733869
4.52959854025
4.59002571353
4.83829804232
4.19892405026
4.95644837321
3.40964080091
3.89783540914
3.79176070269
3.9947830425
0
4.80487734655
4.56522886251
3.83684464861
4.32937994295
4.31040113503
3.41089821523
2.34777337345
4.49524147754
4.40532264685
4.84922568874
3.99473953791
4.39480863576
4.45091239886
5
4.60500335364
4.61033581152
4.34124290943
4.00492662461
4.69511080175
4.57502707743
4.43412565101
4.83272800459
4.41306716764
4.05404090389
4.66678793958
3.94311478329
4.94266823335
3.53099126792
3.80504790345
4.81391024212
4.24668811589
4.71658324205
4.09985479691
4.31935615861
4.32456116712
4.49549571193
4.00523206732
4.34730033121
0
2.80484093951
4.47001742724
4.16415251099
4.20282444006
3.73832218012
4.15035807283
4.2908093388
4.20512948256
4.61490270564
4.25998651563
4.76646833461
4.61222589919
4.56543679644
4.40518219263
4.39674505311
4.37471431029
4.48258352799
4.07877126545
4.40417726581
3.99509299676
4.44458484891
4.54563389348
4.99471817011
4.26786893845
4.77067033821
4.46745313296
4.42738999357
4.62774385615
4.47499537838
4.08968180403
4.52542420447
3.90362612984
4.60392455793
3.59487272552
4.49411856121
4.80834922382
4.61934160193
4.38473569257
3.71407758886
4.20543066418
4.55921796201
4.55561274863
4.50946642119
4.82652278768
4.16272966733
4.02382609761
4.61867046218
4.19481340224
4.37961475139
4.42485742687
4.85375229168
4.49449103381
4.31584698452
4.33596255283
4.51348892579
4.13023809445
3.87137642786
4.61378895774
4.31274275425
4.53735949893
3.90663615132
3.92672699281
4.74437080342
3.00537600293
4.61370540441
3.83761647051
4.25381130659
4.60139750449
4.64850136436
4.64207597935
4.27889414374
4.41026737776
4.60498677431
4.75718042029
4.07056347269
4.45925410259
4.76757813847
4.60541410223
4.00492662461
4.62119458235
4.64092000483
4.3540071403
4.48694390244
4.60621633148
4.33252239776
3.22361863973
3.67296842936
4.44627552357
4.66876718657
4.0523146382
4.62562797499
4.68104156441
4.87602136552
4.51853187072
3.20529859524
4.00484070687
4.66114815678
4.33867001925
4.2053803055
3.79468774471
4.3246613355
4.39686006352
4.21957867501
4.54835312567
4.46890935662
4.40492180949
4.5190440292
4.50953788683
4.16892737279
4.5206803414
4.20503222002
4.47154687345
4.16450450537
4.60499675462
4.6356342383
4.79484847404
4.44577017433
4.08968180403
4.74447675272
4.72758422702
4.52932292178
4.54522021024
4.80298035553
4.31257909631
4.39473480165
3.79462772766
3.99503217035
4.25027451094
4.5504467559
4.59463379805
4.63805725255
4.30514257538
4.56549645699
4.64670266778
4.15587235441
4.56110505289
4.43424368774
4.33812889039
4.69205771218
4.53493003673
4.87701023971
4.19971415479
4.40504402997
4.36448211901
4.70083337105
4.79502338706
4.65356874821
4.35204979768
4.16347834903
3.57128738482
4.36949026294
4.50859342581
4.63033602148
4.28243619984
4.70310071491
4.63277075148
4.39474458059
4.23859861433
4.39513559381
4.44312327911
4.11917835816
4.26831844839
3.80221156325
4.11462077993
2.00526603727
3.84418211041
4.72560005116
4.63454345583
4.57832611793
3.94046626604
4.21688073894
4.19512050312
4.55677965034
4.22576440642
4.40514358283
4.67058235411
4.49410066925
4.67376615334
4.17965571663
4.33341344258
4.02375051995
4.40516958412
4.45584625061
4.27861103244
4.20473746412
3.91530431207
4.62428983841
3.8637690946
4.68090556918
4.11310580813
4.36771707379
4.44920706564
4.313120251
4.41013112498
4.3686956742
4.20890532238
4.6837339979
4.25521723409
4.54317686866
4.12722314307
4.79331896092
4.15085056368
4.16406985664
4.21035456849
4.59464146427
0
3.44774919757
4.42969401652
4.39880001844
4.36569783453
4.55359773311
4.76730892339
3.40489195063
4.61648755777
4.36289497959
4.604992451
4.33708454444
4.53335357575
4.65252145346
4.39612996341
4.69537552866
4.65967863868
4.66466685288
4.41979640243
4.12921572351
4.50229389578
3.98291032848
4.48638350998
4.50905270226
3.9510213968
4.39506069276
3.86971092113
4.31820166471
3.80527104317
4.795671654
4.33865916386
4.75053367627
4.42541821107
4.21350462247
4.69805376153
4.41618614742
3.36550662397
4.68132738599
4.4047436458
4.99517159489
4.09116998427
4.02821805254
4.39476292523
4.40475289245
3.80222460723
5
3.837156205
4.60496813025
4.52756487487
4.40413843943
4.6676206973
4.63017403308
4.49620509389
4.37717133432
4.91829038007
4.7584406814
4.32676946277
4.94175297608
4.79254548884
3.91245608595
4.35612615023
4.9952209732
4.44970668083
4.16675435955
4.4167115425
4.03389960204
4.47511288835
4.46480877806
4.77892479949
3.96895137336
4.36440165643
3.76991646001
4.32978982014
4.39517903675
4.48139674498
4.99526882369
4.06058157366
4.60454592445
4.41410450351
4.39458737154
4.25919476374
4.74794762551
4.67384570246
4.5834305565
4.40521791114
4.50674480991
4.45021263392
4.43520069777
4.28865094707
4.95216148385
5
4.08151714454
4.91008347935
4.47511987657
4.59952114533
4.56171398487
4.60281408993
4.20919051651
4.09285781547
4.37756785371
4.32154974465
4.5656088679
4.00506988879
4.67434560313
3.90830146106
4.68978390846
4.29068866435
4.45942895911
4.61011932695
4.79497913707
4.1950325513
4.7942868465
4.5908847021
4.40491423016
4.29579852039
4.5364754885
3.6470244943
4.75829844495
4.24106148978
4.88743092714
4.41631154371
4.38835084409
4.54677862066
4.61796503076
4.3312370159
3.759715744
4.3642021675
4.91247081336
4.45413557906
4.33297997404
4.07660653432
4.09765393764
4.20454778918
4.47013539601
4.43210069355
4.08410644813
4.03232805677
4.77095528561
4.36102325095
4.59477737163
4.54022764268
4.9952467509
4.51590674746
4.37528613893
4.36333313906
4.87602417027
4.43559394558
4.86755849974
4.20482099433
4.2146502724
4.30117782153
4.58920534148
4.34369424393
3.85917922988
4.1799942788
3.50541269217
4.02309145016
3.81611857389
4.24844515814
0.00131788380187
4.63060370732
4.80490758705
4.35494596879
4.43180954774
4.85804074411
4.39241472352
4.51059752492
4.29711272249
4.84651518907
4.99515401279
3.9211714551
4.06763003228
4.68819864593
5
4.72556026052
4.37737413612
4.40519685836
4.47413286513
4.41538698946
4.67057305982
4.17930011184
4.32985823383
3.69597479511
5
4.33116758755
4.11288555855
4.41234355069
4.43604618225
4.80021429435
4.99482676202
4.57619779746
5
4.72008937466
3.82892582645
