3.24952235485
3.03818743781
3.22564068319
3.45120347132
1.99990585327
1.68635220963
3.49818771972
3.91075635334
3.37519990814
2.9063763022
3.99739169408
4.27267297438
4.14327875506
4.20565959583
4.4441468897
3.61080021826
4.57697292584
3.17940318193
3.14060227731
3.97903755575
3.34231903906
2.52144611775
3.17678830642
1.13973489324
2.99774886542
4.05416541209
3.26532026092
3.16994562283
3.35336613985
3.17047441234
3.23912507591
3.40222238527
3.4811611799
4.53336221762
2.25099132646
3.03364507279
2.57947137174
3.39315952242
3.39964055886
3.03226594552
4.15428312932
1.45706510186
3.20208141173
3.29755040961
3.94450288855
3.58049055529
3.79465960823
3.17572234093
3.83484736642
3.54610952513
4.260320412
3.14970296404
3.68277057901
3.25679826699
3.55183732384
3.10911131799
3.19789633621
3.03152926099
2.77608018917
2.8728885886
3.68302796482
3.35951723048
3.53140003065
2.89566725577
2.98318848455
4.1036451254
4.06466175948
2.89837938628
3.64325110624
3.8493339432
4.35037236635
3.0237980034
3.35064179077
3.15802544192
3.64024569266
4.60017306806
3.71991101034
2.8615004942
2.39938669153
3.58642571422
4.31947554357
3.09748315629
3.18602884639
3.39983044869
3.65594162957
3.30971681664
3.00020938153
3.40735488612
2.53284735104
3.59417548942
4.36421560718
3.62396252114
3.54274142417
3.57422159992
3.17908926226
3.27028719832
2.65998124051
3.54444499466
3.88303200172
4.24987281942
2.70373431077
3.23051019594
3.99124304287
2.94406492738
4.27325023104
3.30511141007
3.24904657444
2.87522240038
3.52934995039
3.99998213685
4.18734754267
4.57610248883
3.42865581997
2.817235873
2.87639522473
3.57634771551
3.78035731989
3.05572576436
2.51650530538
3.76648729368
1.54729567353
3.89453977882
3.08226658666
3.09699732106
3.46945035069
2.9244798529
2.57926322116
3.75336463085
4.00805832089
2.76800327551
3.63218516062
4.04111357439
3.85760093741
4.60013431772
3.2292046462
3.19226871174
3.51146603827
3.01337831816
3.35786842836
1.88371250025
2.84403685155
3.36231160116
2.49925375882
3.75805698256
3.08022255435
2.73179854892
4.05690332299
3.67493460557
2.04260221711
3.61042030556
4.11058465706
4.01939893381
4.08686031719
4.46703620577
3.89110217747
2.75720686155
3.06157555252
3.11690211143
3.19799861847
3.21812168708
3.39473627614
3.10031692717
3.00002874986
3.54045851212
2.80612666734
3.69461709321
3.40036866278
3.2258102164
3.23665503359
3.10626655407
4.39529748404
2.92963076264
3.20604814803
3.42806747904
3.48143622711
3.39962394462
2.72539325969
3.76318384394
2.6517061939
4.06732866034
3.7431252598
2.55925893493
3.89035884718
3.97848102148
0.777934116569
3.68159773665
3.68231018738
3.34858287564
2.88953144301
1.81957300233
2.34397787377
3.68134216427
3.66877294916
2.07685486676
3.80025482272
1.66581917749
4.4690310249
1.84388833028
3.99425768155
3.23443145782
3.51490524109
4.41280272062
3.34954795018
2.83532828165
3.05943233327
2.58247936481
4.14039462226
3.58157043401
3.0323604033
3.9408397348
2.92050167989
3.58653512058
3.34142024503
4.11257319062
1.51792896703
3.32641626338
3.6986879062
3.5961815042
3.26109420309
3.60707640359
4.0325109415
3.68701197077
3.09110447556
3.49954976505
3.87592037687
2.61633616125
3.28195629675
4.01325869993
1.5039569638
4.14973092066
3.15469046817
4.05337032748
3.6829971113
3.50218294592
2.73779738448
2.42109887919
2.55480907855
4.58539658881
3.11710141528
4.63720238222
2.85192302715
2.89355036061
3.33355238049
4.01931673353
3.85630246722
3.20366798483
3.37770409941
3.08824166482
3.59606306191
3.98326142125
3.39012184223
4.52604380368
3.62088238958
2.50534781698
3.86910735747
3.49528014128
3.75731427448
3.13804742955
3.6086673115
3.77636634603
3.10775429433
3.51389582783
3.10117236698
3.2459181769
3.42031498572
4.16854501033
3.61072339157
3.64768594068
3.46823029164
3.92607059963
3.182303403
4.04015309022
1.21851558366
3.76088534158
3.84848731799
2.65939683984
3.69031983815
2.83072105623
3.71059190863
3.71822679444
3.72826472464
3.21425495878
3.16908234091
2.66172591815
4.04253361725
3.99977084328
3.66500663287
3.21925949019
3.48613588828
3.52704617396
2.92475265279
3.29934570765
2.90047838093
3.1578752071
3.49595248029
4.06022623572
2.61922541842
3.59981130377
2.87062563981
3.57285619288
3.07869924512
2.76068647314
3.15393699843
3.38092387015
3.06972252439
2.84948996885
3.66276902489
3.17708112695
3.67602061127
3.41125735801
4.68569214364
3.64764361918
3.45563031265
3.42747482622
3.31319821323
4.00756380092
4.06910362531
3.79096687687
2.98074043586
2.56552955263
3.45684106546
2.81841722135
3.4111491157
3.18525347197
3.11086976698
3.42466572596
2.15274289147
3.39082784421
2.92327680368
3.41154506097
3.45961293928
3.57964061237
3.11621021024
2.59991339013
3.65757177501
0.971628665241
0.728358164944
2.59995190446
3.69051484619
3.21582122244
3.88266090332
3.85214191271
2.78663591726
2.64016639849
2.83938483299
3.46983955371
2.56358860123
3.24015944577
3.08425421547
3.39994217184
4.41868682865
2.55605176882
2.97812208055
3.28819058932
2.86631689428
3.87199916014
2.40602780957
3.61834223793
3.60435879037
4.21314504051
3.31636476348
3.41412759034
3.71300605522
3.36887263635
3.21562125953
3.10303146158
3.46020493181
3.68791432205
3.64864818788
3.97673390853
3.24722660954
4.05249194874
3.36377441354
4.43684943832
3.14935836509
3.30038811085
2.89059016901
3.92568563821
4.39326304213
3.44229743789
3.09119344817
3.41337485442
3.11669426599
1.79181845906
3.61462806484
2.48791246372
2.16411516389
2.84965869806
4.6704535964
2.7370106937
3.79153078727
4.14908709434
2.05949433801
3.15183738537
3.45618274882
2.81898172033
3.50196164027
1.9155207874
3.7591259993
3.68799739962
3.52103166763
1.46759167766
1.94220461617
2.70266227825
3.56314638302
3.84991348967
3.43930879413
2.0004159131
3.16735009021
3.65788419545
3.76775432231
3.69817863075
4.4668577083
3.41592267719
3.10808766287
2.90273335632
3.40372441797
4.30244038514
3.51344284664
3.60563212362
3.95008558797
1.01444600436
2.27587313389
3.10050663454
4.11971545858
4.50881355095
4.02791239828
3.03772425784
3.79437642091
3.20651133515
3.57914631652
3.20989601814
3.4406069563
3.76317559266
3.51149908744
4.50093067765
3.11248841746
3.20302143242
3.55866358209
3.76926217831
3.16507507551
4.0146453115
3.84823234139
2.29681978663
2.95543151916
3.05573204348
3.84713502742
0.900019875404
2.96030304982
4.30431177974
4.16680977587
3.98478500054
3.40269820172
3.97011477526
2.3961952004
3.2130298383
3.54551406386
3.25797682899
2.81193761733
4.33367196807
3.66484833892
2.96318631316
3.45112287335
4.06060977891
2.6459920168
4.16573246663
2.58740128163
3.59953119744
2.8096507856
3.56824900806
3.54835586834
1.91648062828
2.43658587482
3.90783184591
3.4585578224
1.19976495139
3.85717426928
3.51470982928
3.55168940077
2.84757189173
2.77667945052
1.80033378462
3.05703008828
2.98813593635
3.00028173578
3.53010423257
3.54710852691
3.78774505624
3.60264037575
3.67535348026
3.12050140564
3.01681667143
2.54165741944
2.9740098367
1.98031039932
3.56081800827
3.49148136391
3.9180739044
2.85085676383
2.79003074664
3.92650221344
3.81667987961
3.84675030298
2.7687570762
3.75796741687
3.7602653059
2.77125934834
3.50972832274
3.92543159497
3.40985739126
3.13069459105
3.91042916962
2.01372408879
3.34988950999
3.4090050833
4.09171046003
1.40055505537
3.15738702289
3.29919220786
3.16146312769
3.43345752347
2.63236683771
3.49713999928
2.39990720606
3.40015745683
3.09935415668
3.27477507008
2.90688767515
3.02946012857
3.18700524869
0.996392662218
4.0338344245
3.27867267102
4.23130929525
3.19803453862
3.40905161183
3.55164803377
3.84809985052
3.47688064945
3.98795247481
1.68271234108
3.13516744683
3.50687031729
3.6068853348
2.63141328318
3.00106113832
3.40129812687
2.77478775649
3.78933281731
3.19996917919
3.76287660626
4.39787784643
4.3631026668
3.73147159822
3.72621480255
3.2540472448
3.39263507169
3.67705419519
3.26471249893
3.95174968456
3.96595747902
3.81968816129
3.35058759716
3.16499768639
3.85005930829
4.13301869594
3.59590798697
4.39789700066
3.01311997768
3.56977755664
3.20948495831
3.44159646491
2.85650674532
3.56497000224
3.71736429534
3.25560285264
1.97259240838
3.28428365669
3.8450108818
4.02708043944
2.56515989118
2.84821864127
3.29936779796
1.99998709427
3.06629904381
3.72260905324
4.2373175379
3.7858111493
3.40000173559
2.80618629799
3.68473933294
2.89955743331
3.65470122682
3.55142946627
2.95400874805
3.2753471828
2.2697268028
2.95910683496
4.37131432486
3.71428333225
3.75431493067
3.27912767652
3.44851614663
3.58781713466
3.88565416596
3.70825316966
3.92457004442
3.6313715303
2.99998092588
3.83241787653
2.68058771803
2.91479249152
3.83342245356
4.46554842722
2.84317740795
3.17782429044
2.74650675295
3.88355380238
3.14513083745
3.38850991803
3.7791259106
3.85578651671
1.2100753175
3.61797909258
3.4457182719
3.3691491587
3.68697226085
3.75390560679
2.9267539852
2.73978479756
3.23333325446
2.78708838773
2.7772382079
3.5830431078
3.01378819171
2.05770381157
2.38906174832
3.54350028235
3.89613263786
3.33790618068
4.22579515565
1.55158268015
1.92214311401
1.26461990173
4.0109254881
3.90956540165
4.47353634693
3.51240534817
3.26298256548
4.64168849478
2.53147902196
3.90584752896
1.47872963424
3.44161185566
3.8680466697
3.28565329274
3.99908284314
3.87244246839
2.93158221193
3.75824621334
3.08658805135
3.87057389852
3.03037684804
2.83359404097
3.72278436834
2.81234333808
3.50814972154
3.42499808371
3.83212037517
3.30394406916
4.32338287492
3.30433101451
4.15394047178
1.29667457088
3.35538741151
3.3263723674
3.38601287217
2.95946305781
3.82550987636
3.65751918203
2.16747345437
3.72749690081
3.27711671856
3.83737011132
3.71642486661
2.43673517297
3.90812535525
3.74731655811
2.15036313153
1.48462952304
4.17652581354
1.1822291639
3.39967852764
4.18496744429
3.32249049448
3.72304501281
3.32470653258
2.83867432651
2.45762947285
2.81932806966
3.25849682412
4.40026901576
3.92854836574
4.28270590101
2.11749624482
3.5541730347
3.11359048228
2.44531827576
3.64663658321
3.37448038027
3.98204338689
0.921146002806
4.47653081936
3.96412602083
4.23703234656
2.99641605028
3.03495700545
3.8705166625
2.96808384184
3.39770387078
4.0630067385
4.05079849573
2.8466477773
3.36147484494
4.00751660763
3.20684580638
3.29065285967
4.44801971638
2.96898669419
3.12273111135
3.94670270715
4.29465072104
3.88768753663
2.97891112205
3.38382446949
2.32095835284
4.12480987581
2.84581870258
1.64310006771
3.77421347411
2.80889079769
3.92320741863
3.42021754044
3.39965550517
3.20458634409
3.2151626387
3.90869904698
2.69986120269
3.18496474147
3.79106892303
