3.51341369956
5
1.29722015934
1.74843763117
4.0995263037
3.48160371489
4.23759114265
3.0957311812
5
2.36245839239
4.91941550207
1.55291160066
4.90017599078
4.35000977522
2.76150551125
1.92764391742
5
2.76305708105
5
3.03230780794
3.93716997457
2.6908918325
4.2669776862
5
4.74765524762
1.86540372658
5
4.71776029346
4.97091746928
2.22218569301
2.90007063169
2.74229207865
2.35450320263
2.90007063169
5
3.98508377879
2.68185061127
4.27839134352
4.89943467372
4.73745047891
4.96640932739
2.34839154741
3.68987622243
1.88444487862
1.88444487862
1.88444487862
2.24066383799
2.24066383799
1.88444487862
1.88444487862
3.30027240719
3.66085820002
4.11211022834
4.82271582878
4.98838153994
3.74747458529
2.25021443524
3.08621534503
2.35978152398
2.80449364306
2.49179813338
3.57119927188
4.98226622085
4.8996797765
2.54049441187
1.42136539131
2.84452088983
4.75351958967
3.72405327337
3.96101649017
2.64930250378
1.16912247714
4.93911342809
4.72370407858
1.11338868511
1.30721953401
4.6096989792
3.99160788031
4.89979454482
2.45422769707
2.50012074602
2.5000538027
3.44892555526
2.76223947778
1.07325041179
4.15557118513
2.09995563773
4.81378768632
3.35950624238
3.03066172282
3.62838564735
2.29499468927
2.93941959495
2.2113426652
4.08698600919
3.60212778279
2.55799100798
4.93934412174
3.95911813122
2.04489903073
0.470972467381
1.31745775787
2.17932417272
4.50006027007
0.888967375125
2.41024149788
2.01293006691
2.57678251307
2.48313254928
2.89212242754
2.57139211789
2.65133321864
2.5477049405
2.99642866481
2.32259732207
4.14937757405
4.69980765006
3.68826119555
2.60028048515
2.36462031003
0.701796990701
1.02506714861
0.102535321972
1.42633767865
0.810380689609
1.15289524397
0.81038068961
3.66291396227
0.593355234788
1.42921852996
0.419920020443
0.593355234788
4.64256890717
3.90040173587
2.95770310228
4.30032756302
2.09964732678
1.83190218586
1.6095565287
2.15474509471
2.15427196841
2.61833101484
0.588030630327
2.79528856205
3.51276789025
3.12950854043
3.66520457798
2.09999697046
3.1131981106
3.66520457798
2.46379150599
4.65009636939
1.23480051097
0.0621337247825
2.06474575956
2.79807363496
4.46681731032
4.64632138691
2.07100364278
2.03116159021
2.03116159021
2.33646846658
0.654856476371
3.14732826679
2.51074790223
1.49986271568
3.23629220969
3.51473801022
3.64975604598
0.845834520669
3.90020961934
3.10467524918
3.10606812454
2.31524613488
3.86196837475
4.80577601611
2.66414763808
0.753787337562
3.94065227264
2.90731435951
0.867144307666
0.637429042997
1.29357473269
2.00082694521
2.28167197693
1.99156092374
1.1264503213
1.1264503213
0.0999700068497
1.10322647852
3.10011929568
3.6976046541
3.58751502269
2.75976795649
2.62442499206
5
0.0896640349889
2.52350655441
3.19815442348
0.0836893781688
1.34145780862
3.76719217606
3.64303523011
4.30010858527
4.89962400016
2.91634942329
2.22160598166
2.58659942013
2.88979048732
1.43738820466
2.64139091902
2.84374569433
1.93244575125
2.40659612775
5
1.20274025373
4.77071200862
2.27114505415
3.10028637017
0.745791133599
3.66765988058
3.57659407795
3.61575024426
3.49967926527
3.48717488209
3.90002003846
3.74600918116
3.66727548866
3.27720570707
3.37777029123
4.07719897515
4.09945727317
4.70005341458
1.29135228557
1.29543165345
0.579540424559
1.58642044273
3.8998862905
2.96161621217
3.36536914635
2.8922005597
3.29949073722
2.86380326979
3.90019436726
3.59810702421
0.920197016331
2.31989914748
1.98156378776
3.42730328482
4.14165636155
0.509964788372
4.32952035501
2.36308988111
2.9321219644
2.45067180171
2.32648089253
2.04099970837
1.22037740649
2.22143907725
3.2714288159
0.35298214241
3.70026116325
2.93335389281
0.749528138982
1.36494269729
1.1632963113
1.38149381318
0.752090941724
4.05487054993
3.35021457359
4.17309267234
3.36372449282
0.974816787832
2.57574896079
2.75415351595
0.769378074689
4.54292044694
1.54310239513
0.664314928282
4.06158822385
3.78504982171
3.25406686759
3.29862489974
2.46970553149
1.34389900731
3.65046383889
3.56930902095
1.63377984282
2.18392878168
2.83344890034
2.39979439436
0.583901058672
1.2535505938
1.15909334419
1.5825398462
3.32652766524
2.72803724281
3.44840973433
1.69085814388
0.131232041707
1.43173312525
3.70005982745
3.50000476399
2.77270237913
2.2170802542
4.00916623621
2.5778594626
0.927290655705
0.391495695777
1.86179902957
0.41372569016
3.0672886966
1.0253293668
3.69973849137
0.444547028151
0.332276203801
3.85291852464
4.23279070102
2.8097076013
1.95638383193
0.402576488301
2.54989679183
2.86278309782
0.589946754896
0.747841272145
0.0756841512126
0.0756841512125
0.733725086869
0.993703965412
0.975064611803
0.137160322428
0.589386828515
1.79059627944
1.59005829424
2.4612560514
3.10009212557
3.53327704586
2.04801832722
4.35474206832
2.00315184697
0.432637552618
1.35641071416
2.28561147071
1.72388154338
3.13498914441
3.5414341373
4.17019604729
0.632607126264
0.520112007826
0.912011042013
0.862358713299
3.01028757908
0.112841346038
2.74114669127
1.29428260058
0.528863921014
0.0708636888833
0.538839764326
1.19882702959
2.89736179465
3.29995630906
3.41711873361
3.66202403969
1.53262993959
1.59921323726
0.0987462348395
0.100038996633
2.52293818439
0.0731109768383
3.45705343988
0.12368648227
0.72575604844
0.103499444679
0.0879387206513
3.16633668964
1.36610564524
2.30032352165
0.889780409429
0.092321954644
1.03084534813
1.4328460473
3.57559836727
0.143433756441
0.71739492822
0.0270483432002
0.667246491089
3.89095451661
2.69969821884
3.74429122492
3.59961309166
0.809299697498
0.0950018456566
1.08600644426
3.52892736871
0.876568793947
0.50041753829
0.614538533337
3.64318625913
3.42407211746
2.692605796
3.48765712518
2.72468075157
3.50000806561
1.32323423471
3.58167812351
3.34864046273
0.125059103788
1.92197723485
2.92326290664
3.38595818706
2.2965516152
3.16768157826
3.29959850235
2.529661815
2.53548905813
2.66793683956
3.53750697499
1.11977357224
3.10012550882
1.16867429725
2.44710741358
0.920418559002
0.404544919975
0.725864515699
0.100991876592
0.6999404972
0.276569718439
0.00138653815254
0.136265884675
3.3501714618
3.38090245401
3.44859656057
3.53863331724
2.89758701796
1.51482253168
2.90021255535
4.39689985498
4.11430431518
3.15931179893
1.65391095769
2.81078594872
0.0600833249913
0.392935826434
0.49987073854
3.0599910219
1.32306013004
1.66654345028
0.102922880468
0.0831568975103
0.106379591001
0.118353087877
4.41444676697
0.130929339964
1.62859571204
0.831090333174
3.75287113138
2.59526677482
2.71606456223
3.0933238414
3.94272740112
3.38431499418
2.78008018147
1.13374974841
0.500358428577
0.993146280037
0.993712587907
1.05593203067
0.541991345693
1.94311509924
0.56611493591
2.31927811474
0.70943065565
0
1.9202479275
0.811415689087
3.64963294247
0.118520541936
0.800283266751
0.10139590445
0.00417181166883
3.38918472833
2.54894675091
0.0671877196848
2.31876334636
1.83869910713
2.09345567805
1.65005358029
4.29993682937
0.299970120833
0.694624761766
0.319603181799
0.0864369039544
2.63229640435
0.0776234669535
0.896208598831
0.850104764631
2.44097097745
2.89875735082
2.86449539097
4.07695777757
0.492348514577
1.15462767616
3.58150501589
2.50034815107
2.96676860149
0.837110699595
0.380563490185
3.77587254353
2.75388796617
0.526377578418
0.130463910124
0.903555301758
2.29933575842
2.4664351795
3.45421562787
0.774830889186
3.7976726592
0
0.45092105456
0.0915496811734
0.0955639598647
1.13686312447
0.567473389605
0.734272890123
0.893752653992
4.38319553107
0.68553338466
3.31608323443
1.93730709192
3.14970870689
2.10010093296
1.33429953349
0.37730702658
0.548741642682
1.837415238
0.831543828701
0.699750557239
0.661116723011
0.890334543275
2.93566282448
0.766178047214
0.0192528767016
0.0998712383526
0.231843046077
0.434341812747
0.0903531327052
3.20960277622
0.0993884384776
3.37529761173
0.100407180014
0.116378013867
1.20551146686
1.32235593253
0.0913403813313
3.32558729427
3.48810677712
0.262786945958
1.18925299646
0.850639475556
0.100631815375
0.288939438791
3.31733998901
0.730438568569
4.85966031062
0.177080994725
2.25282959169
0.485918602383
0.85774817962
2.73533062818
1.38880819733
4.09986505903
0.0562162407865
1.1219226542
1.83956260738
4.08859050373
1.30033244422
2.70260258314
2.81096998521
4.0051493487
0.848813041242
1.87467134954
3.23685160427
1.04100416756
0.735591706587
3.12348116565
3.15063956235
2.2567708434
1.59341513136
0.0576182550696
2.90013211257
0.798125885863
2.84999857128
1.80007691234
0.120192918131
0.109272938666
2.23035949202
3.05420321901
2.097452941
2.13292939716
1.75612886779
0.0356372441357
0.9628023604
1.05994876504
0.0561008010192
3.67608595136
2.1463750421
0.499740619679
2.10966259745
3.15267924459
0.072308033558
0.129085093356
3.20113420958
1.07323143532
0.0722828712536
0.0820956787724
0.0979070518311
0.55589160708
0.0999866499598
0.111315096501
1.94608695235
0.71192404869
4.93735679459
0.120434099487
0.0482681116792
0.499826341895
0.154673907923
0.100107771966
0.306652731863
0.656396239638
2.67668796125
1.90264204219
1.27801613249
2.7001454124
0.0805351676225
0.11276840612
0.0945127271071
2.85903363063
0.136990133837
0.0268372170668
0.120557069045
0.100328965422
3.45229117543
1.65544601009
1.52327961912
0.499355938399
0.0656022938777
0.0810607703257
3.40080217201
0.120673556543
0.0888832264452
1.99365276981
0.876818773968
2.172396741
3.23884149333
2.35110159745
2.58657184456
0.132379155276
2.34686714867
0.0124020351335
0.132487005706
2.70300813065
0.10040030201
0.643988654502
2.9394661769
3.20025347755
0.0997880036136
2.30641363075
0.155895204093
0.100079543789
0.919009268119
3.23299750575
3.41406983472
0.864667599504
2.80751381197
2.93347364339
4.73121728608
1.65982247453
0.746036529127
2.27048718777
1.9174587986
0.894250722615
0.0689790834096
3.02015452791
0.0943729301946
0.27075294678
0.355889295211
0.181777166636
0.270582698889
1.42898763966
0.119829706604
1.7757243695
2.69992848517
0.964719368516
3.10933213206
2.12638475138
0.0764356183814
0.11504889595
2.66939793947
2.53118607235
0.166023835547
1.46478614666
2.99952573919
2.16970583957
2.48081565847
0.039856309261
3.29459379827
3.04755789806
2.11027097583
0.466158469153
2.05827985376
3.2627114819
0.0551645835383
0.105097784994
0.0583595111739
1.00246325372
0.820398652448
0.179311521737
0.0869476786735
1.53800278722
0
0
0.0859141965086
2.26462274157
0.105304652172
0.0883293253123
1.77142326002
2.80068058774
0.541555589398
0.535679805276
0.100284834485
0.771796903993
1.47857272858
1.05603090523
0.110312034959
0.078320579859
0.115038168575
3.00229376907
2.56050227968
3.39305661323
1.88208609629
0.686434844077
0.0307263542862
1.10122149592
0.104917529797
0.633823559859
0
0.111065792435
0.157461087332
0.637300400179
0.874985149851
