4.47952525697
4.44282641951
4.48066515652
4.68128708118
3.69296795875
4.53845159158
4.3013507435
4.39968679671
4.40794126413
4.68101577201
4.52405538006
4.28268020971
4.52702907944
4.76287950892
4.24982351648
4.45692803351
3.83616629744
4.71822208645
4.36787018165
4.36922889736
4.39338995495
3.98029746129
4.56592262863
4.00478480925
4.74993972894
4.08022463762
3.76113435443
4.14606963634
4.56710177167
4.44947197253
4.25779599045
4.22758041988
4.4944871603
4.36322123808
4.38457690607
4.54130730125
4.2446140992
4.74342955864
4.18228134757
4.42397035481
4.44233818463
4.65629671916
4.81301508292
4.13439234349
4.59337652643
4.38024315883
4.86464796163
4.23898143129
4.68984001764
4.5603916039
4.57072021739
4.73857681123
4.14731192079
4.56441010777
4.37958517193
4.71526651632
4.11377932987
3.83454980377
4.07432425578
4.26017948953
3.9773389396
4.59405051766
4.41364310256
4.36557487442
4.77555257112
4.57219635415
4.31571749135
4.31035111184
4.39015318456
4.70402852433
4.71275045104
4.48733959877
4.40564272756
3.57324068474
4.54979636863
4.47507721598
4.23227778265
4.28615577684
4.18514287236
4.75140880105
4.48915776707
4.52135031388
4.5137127354
4.55425316677
3.83184480433
4.83475769959
4.52939738384
4.32767141301
4.599752254
4.74107494665
4.05332058298
4.30504235244
1.75036940391
4.07942379524
3.86929622595
4.85364000741
4.43099631007
4.31021311276
4.74995657487
4.68211357457
3.97654696462
4.29003817081
4.29435381951
4.6063339372
4.77281239306
5
4.38972919562
4.05462127245
4.40529170704
4.75003963755
4.39307419726
3.85038708298
4.54911558689
4.41646388339
4.61643057261
4.16758589654
4.58618821478
4.63246713948
4.52050011332
3.69445724833
3.25862187327
4.13124269617
4.33698248915
4.09219174036
4.66379981493
4.0011134921
4.36810970016
4.53846663536
4.34543743988
4.27291341254
4.49374395857
4.49113682379
4.24075838617
4.27988775043
4.07864015133
4.12579270366
4.44668244565
4.38570733059
4.16855806256
4.33217818099
4.60769511878
4.37467930366
4.40439564576
4.38099028695
4.51574136264
4.79818635799
4.25854537291
4.90849475759
4.67450418717
3.84354268805
4.64379575903
0.241050061676
4.35945471288
4.95892687648
4.47505681925
4.61455037892
4.34981776362
4.90590733257
4.47698266293
4.04937179842
4.61590503427
4.38342663187
4.80231540039
4.7230884471
4.15878186271
4.1780472608
3.64978561381
4.63427544616
4.71035857706
4.28372976704
3.50314708376
0.250004529143
4.74700308852
4.76445016742
4.75018657968
4.65777519486
3.6101590747
3.80031424568
4.60494478445
4.74080175525
4.55684223946
4.54478800388
4.22558394316
4.76462889019
4.20575930398
3.94135484216
4.35054214223
4.78071352514
4.4730793587
4.3325317384
3.70002413816
4.38506568049
4.6022592002
4.29823869387
4.55029819152
4.58918337334
4.92875397541
4.55026227096
4.61535494743
4.54742845132
4.24555173887
3.9462495738
4.54985582981
4.35942725603
4.74995641073
4.40017362506
4.56408454123
4.62836852943
4.26172350512
4.37042588823
3.96128404758
4.78176113484
4.70702283978
4.41230397755
4.22034333141
4.78205016076
4.57486294703
4.25004596115
4.35082959036
4.33389874865
4.12514924712
4.43749423614
4.41872546278
4.27637189172
4.39249096461
4.65883308564
4.69512759167
4.85590442681
4.58835576673
4.33749926744
4.38860493156
4.83095265013
4.43122567033
4.50010000001
3.99166627073
4.29200443107
0.261029642078
4.63737811772
4.67199676731
4.66751873005
4.87139980205
4.58228826697
4.7773939541
4.1482244247
4.27929170923
4.67128244249
4.74177204806
4.69461712624
4.58753487401
4.72289911539
4.35885754214
4.71542955461
4.54934144079
4.6129638974
4.47496397488
4.86464796163
4.27776510967
4.70805492634
4.53857505796
4.72461818366
4.54995121634
4.3703635672
4.53416168209
3.74633213053
4.23757888352
4.30667300359
4.38237928755
4.67914067703
4.30038020288
3.44963459859
4.60680922707
3.74998876474
4.24872735068
4.56340633427
4.35404260443
4.47384650378
4.22939039446
3.96885450446
4.40798399625
4.84710273075
4.36945163869
3.70625953321
4.59727428686
4.8003572899
4.4110041676
4.84800835105
4.59150219665
4.63637726354
4.85244912347
4.10912241798
4.83086120126
4.04989211463
4.0775054553
3.93510891392
3.93287390508
0.247450879127
4.74861516891
4.5298674581
3.9928429194
4.24218962882
4.26178922555
3.94855756317
3.26443080437
4.55619512426
4.29550601842
4.74979014039
4.03596629307
4.43774880214
4.59596870629
4.83971737881
4.5102126688
4.53985640438
4.36318638504
4.28449765632
4.75013052472
4.62588174205
4.37881636581
4.74314375016
4.32085285072
4.20576318057
4.64529856153
4.25880607315
4.761403013
3.63669579638
4.2614480415
4.70855031952
4.43223671992
4.66044766513
4.0808822017
4.09612216749
4.38169854218
4.53745198882
4.03311939882
4.2776948979
0.243734431866
3.12830627632
4.45711061177
4.2443917948
4.25794844263
3.95308600756
3.98119763154
4.1980499859
4.08154890251
4.60394119
4.39359972344
4.72485423984
4.52785573153
4.61913802713
3.84747684085
4.40846809512
4.55926431532
4.41534609331
4.28494559703
4.37005501467
3.74979042282
4.38297812184
4.44262539675
4.8813242844
4.19141858866
4.57591914385
4.49980401063
4.42000224081
4.44086464449
4.39501942867
4.30058774874
4.4261482746
4.17334605434
4.64756960343
3.8500051265
4.4950904543
4.75006611622
4.64148729276
4.28484147313
3.71432009816
4.4263395238
4.51823967421
4.54285884634
4.49418664991
4.66453256198
4.24967105254
4.2339555501
4.58848430903
4.1743560571
4.37618955491
3.82575575799
4.76184071779
4.48086599265
4.32958036906
4.38000726198
4.60167293583
4.20631811787
3.93753129883
4.65820269982
4.13129252176
4.6627516918
4.00085717434
3.85196723429
4.69235895833
3.36473341857
4.47535061468
4.0132281301
4.22951003393
4.63455753626
4.67715153324
4.64169334955
4.44959327805
4.40325628183
4.42731406086
4.58644492213
4.3047043347
4.32447116231
4.68715066553
4.72981360063
4.22910175597
4.5023003819
4.57078859973
4.34596677655
4.605517208
4.59327001498
4.46508611072
3.46054797137
3.69892547737
4.31456281746
4.57464828274
4.07253513182
4.70890279871
4.6312678368
4.87589868506
4.41799975472
3.63712331387
4.25001546919
4.6658836897
4.23452894696
4.44964578563
3.86417518263
4.43859399324
4.40548043086
4.07562865205
4.46743336833
4.24128998858
4.17580740802
4.53347779549
4.5015590708
4.29294604368
4.49334134928
4.34590436352
4.44307607281
4.30495550715
4.63766562294
4.60207035063
4.76561460083
4.36507515199
4.3286606733
4.46906243439
4.62865806645
4.34045684167
4.51950268911
4.7652190124
3.92664479229
4.23874183478
3.86467020117
4.24982271861
4.15530269762
4.53588973968
4.5620022766
4.53224434397
4.16381523171
4.55987622329
4.55560971052
4.36131970418
4.65010975992
4.36096146971
4.44374174501
4.53813319244
4.49790074359
4.7265660931
4.04642901157
4.45071446121
4.43461489746
4.61839484227
4.60981902939
4.64289822578
4.16257985916
4.32469105429
3.84998477006
4.07056402707
4.54020652629
4.52826091141
4.321966383
4.60053041562
4.54788315597
4.57547503036
4.24406703829
4.41544381882
4.35321522072
4.18008541444
4.15013798614
4.14850872547
4.03869148932
3.0292887566
3.97052118902
4.57504176889
4.70064573209
4.58799301398
3.84130139513
4.41921654375
4.2647064167
4.35027013716
4.35901898816
4.31942363974
4.65531816493
4.45346873979
4.5648669719
4.17515484044
4.18654538076
3.99491290834
4.24752635449
4.46890887685
4.32945312169
4.1939497183
4.10491773557
4.63762905611
3.76461052794
4.75650145896
4.07041737829
4.36614107257
4.50287074953
4.05843624471
4.57811566455
4.47121159783
4.22599699184
4.72229567629
4.23108285995
4.41605468314
4.10087584249
4.74618713886
4.21068022607
4.17659552611
4.40757695266
4.50410022458
0.246336479056
3.87776144961
4.47691676455
4.39628733766
4.44603510746
4.54968958871
4.662176378
3.66472729086
4.62342496861
4.34399665634
4.46355512681
4.13896802603
4.34986826783
4.68838717448
4.37293531802
4.6409718031
4.70177729208
4.65814692041
4.43132871966
4.02333649819
4.44520427812
3.86498962246
4.55380469896
4.3310211265
4.06104601832
4.38744010519
4.03953529596
4.12166140286
3.77496861775
4.75140880105
4.45042643616
4.71781404114
4.23347749817
4.09002656747
4.66190220603
4.47151332106
4.07268427794
4.61633995388
4.39172820518
4.86271786464
4.1068328232
4.25388211262
4.2552640198
4.29180017123
3.71449372552
4.75209174528
3.99262747872
4.49458259413
4.44124172397
4.24638927822
4.63768269619
4.6383691538
4.57567697594
4.43523140734
4.61357419361
4.70709905237
4.2717198065
4.75034517942
4.57025686993
3.97038111999
4.12328022097
4.74995657487
4.46028009097
3.77486778885
4.20085407272
3.93934904579
4.48376757352
4.53338513722
4.70650441441
3.84908791813
4.3333408856
4.11889249482
4.36536864838
4.14978008465
4.34994151934
4.80569523096
4.15670428865
4.53893420588
4.35006550604
4.32486981801
4.29939412307
4.71900813756
4.701225663
4.62297200345
4.65029380975
4.30867629644
4.4499069618
4.40584770448
4.23783340313
4.84851542776
4.81925263
4.23841630143
4.75008264774
4.50248431906
4.58939341671
4.52156442117
4.53022760097
4.07638235098
4.05017954772
4.34994735287
4.2346242394
4.52985846289
3.98439257697
4.59101094194
4.05025286496
4.66652971646
4.40224092931
4.49385126336
4.47391417881
4.67100158386
3.94972368289
4.78505104036
4.58078561562
4.4064564656
4.5316847347
4.56064813824
3.85468061502
4.56169300333
4.09970540264
4.75257286528
4.45003676023
4.54988794612
4.5800248644
4.50040913852
4.20639571386
3.67880550778
4.371891923
4.75304891372
4.33357046446
4.32574006607
4.28830775783
4.2347417514
4.01983573273
4.44030152807
4.39864707862
4.12888345075
4.14996290672
4.74449352687
4.36931792021
4.68460946521
4.40999975645
4.75013114406
4.47345194456
4.36902700598
4.3809280642
4.84972859163
4.33669390465
4.83095265013
3.95024936919
4.16569929969
4.25031557054
4.2469051993
4.42734592984
3.99985112786
4.38565565693
3.75033501634
4.07346946181
3.98108260256
4.26699879945
0.24974513198
4.52702907944
4.17237853924
4.00937271645
4.21281706533
4.74980868473
4.29033165689
4.46907347294
4.45981223958
4.79159839075
4.74995641073
4.15282845595
3.93441925109
4.66878889614
5
4.66786206923
4.29684954071
4.34538606269
4.59567486196
4.38384849931
4.63068818348
3.98452224669
4.45641318582
3.82540069676
4.75025677067
4.32787656763
4.38177635213
4.37148871279
4.37245499131
4.73332851763
4.37549415269
4.5954321767
4.85364000741
4.75053729469
4.17997524619
