3.25851259953
3.05031992605
3.266034105
3.45391754975
1.88680535819
1.73322406368
3.54960663276
3.87775943445
3.38984140757
2.8947740546
3.97696967237
4.27158715329
4.12392003882
4.241047701
4.33250927447
3.59612058439
4.59981435352
3.11860242432
3.22872424855
4.01287438243
3.35363417735
2.48791924449
3.19999776388
1.17237275936
2.93671571907
4.04134043437
3.28640266561
3.17124082607
3.37506433428
3.14244245198
3.16812981565
3.39974223117
3.51486327347
4.50694022797
2.12123725954
3.07547062033
2.63150041761
3.37436332348
3.36207752539
3.09637376494
4.14616424231
1.52528981777
3.21473401943
3.24957371992
3.90419943206
3.59963390318
3.7925240533
3.08310571493
3.84739885471
3.52096360177
4.2915737978
3.15043414996
3.69662663003
3.25515178003
3.54733956324
3.05023692207
3.24978347013
3.02328841314
2.76405168471
2.86719481415
3.70027132296
3.29419606701
3.54472924748
2.92248391229
2.90200765624
4.09258458761
4.10042033246
2.81848634386
3.6691990735
3.85059329751
4.35011013367
3.0730746197
3.38343595014
3.20850401953
3.63130378709
4.60009804171
3.75683840009
3.00640587274
2.40773792552
3.57805613123
4.32857922795
3.05131718394
3.19183784031
3.36755106723
3.65006189826
3.33437110901
3.0000201765
3.42377321251
2.55167108889
3.55498311018
4.39990100595
3.68188392337
3.55545878472
3.55228285879
3.16728515144
3.2980612473
2.61137423225
3.40036039954
3.70754165419
4.25173423525
2.68201840248
3.22492809804
4.05294688303
2.89722956102
4.35092726609
3.29226471172
3.26903495873
2.91127235905
3.56880196359
4.01783416242
4.21812922337
4.72325636674
3.45465892983
2.89979188703
2.8975891051
3.5982219404
3.79092302334
3.12210849358
2.560510209
3.74701044002
1.44910510266
3.90144289235
3.1056827957
3.19000701603
3.47309561266
2.97486149321
2.60028028641
3.72546162198
4.00041581438
2.60242840281
3.60287320292
4.04960033826
3.83906923807
4.66034853882
3.24202422539
3.23955061516
3.49702345287
2.99611768075
3.34614216106
1.97172328134
2.81977335815
3.4406320174
2.50423499401
3.76065510716
3.06927413263
2.75339579285
4.08957275114
3.67926649132
2.00007736832
3.59463860663
4.14661740688
4.02763896914
4.12068327196
4.58947166532
3.91272677206
2.6928499011
3.10336446706
3.12608623929
3.19330870169
3.15760386779
3.37668496556
3.08802269329
3.04784185534
3.54683213005
2.79202225526
3.71052324915
3.40022055196
3.19968462821
3.240617412
3.11862019859
4.3891983766
2.97272615148
3.21757211397
3.59684307211
3.42398314175
3.42034858795
2.7888188933
3.74968905536
2.6671707044
4.0666042603
3.77825999614
2.60703552263
3.9002690548
3.99190714805
1.04574441764
3.69299409522
3.6005777911
3.33487313472
2.92058977854
1.87150094129
2.17130687749
3.80565547499
3.6859203628
2.09684187038
3.79981730877
1.75845876857
4.55516874888
1.88148455081
4.00775100682
3.22021066365
3.48243551373
4.4504779649
3.3359363263
2.8001274781
3.03225797332
2.58561398952
4.14568286884
3.54243283009
3.03416810295
3.9490015018
2.87031884834
3.58496574757
3.3595508785
4.15904240077
1.79786157415
3.28690998271
3.6771522707
3.58818210125
3.29019278602
3.59547113813
4.05690912265
3.67861205767
3.11644668849
3.48555446991
3.88917693194
2.75400636289
3.35030446029
4.0454449811
1.86370882878
4.14989815784
3.13390686896
4.09293296787
3.70809434464
3.52326194652
2.82143170805
2.44657453674
2.58946388616
4.59974032436
3.20370124986
4.70155859245
2.84960714739
2.94974227525
3.30491075002
4.03674773383
3.84911891192
3.16325472979
3.39801513903
3.16488710059
3.52338908814
3.97770412124
3.35299700652
4.59923952095
3.65584249129
2.55752558884
3.88747078614
3.48200164791
4.0095524732
3.15430682631
3.62687613321
3.75612191775
3.14894425576
3.46512009756
3.13368706777
3.25004368101
3.48457254542
4.19805001448
3.59965685044
3.63821164064
3.45785622393
3.97115961193
3.19946218438
4.07618359361
1.03681882438
3.79952724165
3.88375726088
2.70110154429
3.64985540019
2.78067180344
3.67099073558
3.71214621214
3.71599017114
3.20737160964
3.15494963005
2.74331590561
4.02619067334
4.02220308229
3.5743588954
3.21124721215
3.50187074247
3.52474569665
2.95029885212
3.24727244073
2.83496719721
3.23324389304
3.52476692769
4.09985362055
2.64487204887
3.5870557816
2.86705148357
3.61027281241
3.01543311376
2.73862849668
3.14114258347
3.3906149303
3.05932681375
2.89118647369
3.64962943436
3.15625179703
3.64178898713
3.41025517389
4.76302053909
3.68359425089
3.50195904987
3.37495400574
3.28902124365
4.03327059687
4.11283781034
3.73265113916
2.9534068798
2.51267009361
3.43467231401
2.80866677849
3.39111131489
3.23423612024
3.10284876253
3.45554796823
2.16196713652
3.42137365872
3.0109067998
3.42622327882
3.47862779989
3.51114934808
3.07598132772
2.60028644432
3.61115188762
0.920681060754
0.965142495584
2.59959785934
3.70944815897
3.2222778811
3.92144659674
3.80797814543
2.76898205778
2.5912549647
2.79110098392
3.47233165835
2.59535200759
3.35342775648
3.07677214387
3.40031837277
4.37327480759
2.61559698525
3.07534844034
3.24949151965
2.87046405046
3.85368947374
2.41022425773
3.60865268052
3.59793903316
4.23689968982
3.33639580703
3.42221164966
3.85417837296
3.40229329418
3.19103822249
3.09453744099
3.43251557947
3.68377834401
3.64175911221
3.94959673283
3.23549091263
4.03044786453
3.41105961653
4.4982797352
3.03916286859
3.29633576219
2.93025386676
3.96114030418
4.20448095198
3.47213133757
3.10834309184
3.42436993524
3.14578246914
1.79995057717
3.60014560865
2.46654849017
2.10178864795
2.84115486141
4.81275456116
2.71539108994
3.75810951385
4.13399397404
1.80049554837
3.16551324068
3.34982364028
2.85049069412
3.45264741491
1.94614429643
3.68072040106
3.70076397948
3.49998060422
1.43678004666
1.84970429227
2.66494763783
3.57791864015
3.8496260902
3.50000440455
2.00017464306
3.15722535709
3.64527985419
3.72688922025
3.74770018327
4.51307452158
3.36676074914
3.08827612501
2.92937112502
3.40569633804
4.34091596196
3.51898848201
3.58998370403
3.95424678782
0.939253086048
2.28536493941
3.12716386747
4.1839977428
4.54919488509
3.94625132011
2.9771693201
3.79981339531
3.05488229837
3.53822279315
3.27825957183
3.48183643057
3.7733164726
3.56696180634
4.59998572259
3.112976458
3.17349282121
3.59929370961
3.77049608007
3.15957089063
4.05660776064
3.85774183541
2.16752130057
2.93706322841
3.01403687107
3.71351598708
0.861569414836
2.95487383142
4.35048687107
4.15946216134
4.01533916137
3.27344789354
4.01834416747
2.48705108451
3.22399550666
3.59237106998
3.18917650603
2.77766246419
4.32527392895
3.67076793632
3.07414531365
3.42827582711
4.17301398398
2.69800094874
4.20917699768
2.48516814172
3.62362431488
2.83623973384
3.58364189111
3.53409667548
1.97335580629
2.43803240286
3.94475515563
3.4253829457
1.20022217422
3.80191379587
3.47793824494
3.51439322791
2.89696506064
2.73118525567
1.7415965911
3.01299754056
2.99336472635
3.06500786849
3.5259959037
3.56879088115
3.84561035365
3.64419415762
3.73054857986
3.11619916105
3.01716288208
2.5181838585
2.92694932633
1.8342399078
3.57324806497
3.54525280806
3.91458395536
2.92277881762
2.82329576663
3.91610042551
3.80145899662
3.85906311203
2.73585425156
3.76433848936
3.70797715617
2.73713225959
3.45402080857
3.91975444671
3.39991049568
3.15005053002
3.89322358238
2.01724465109
3.34954490951
3.36805409868
4.12664650282
1.40028462876
3.0768423498
3.33874513459
3.17219223311
3.50317354636
2.59969003504
3.45929809203
2.39974614669
3.38018950734
3.1087837863
3.18622463345
2.85892291827
3.02220165517
3.22320444871
0.92572989138
4.00533244883
3.27783958913
4.32828153847
3.20273969869
3.42645166299
3.60561253451
3.83660227648
3.47024459238
4.03884815697
1.56623619884
3.0775298709
3.54220349944
3.57706204371
2.66751097701
3.03158725492
3.39896725224
2.81682989604
3.79743963471
3.19983848164
3.76598938082
4.54864490101
4.39474931994
3.75234740474
3.73004607662
3.29642941553
3.34489608178
3.64785012336
3.24740392254
3.93334578617
3.95896525124
3.85164473837
3.35006115817
3.09953145727
3.87392556687
4.11004991185
3.58860684218
4.46205327657
3.0604433606
3.60289233493
3.22297166159
3.3997052836
2.86022831969
3.45798511733
3.76237445295
3.30732384932
1.93610516905
3.25994736375
3.8815152809
4.00048444899
2.63443102407
2.88644374415
3.18467500099
1.97618584314
3.02029742393
3.68610205314
4.24765124675
3.7669211849
3.32305829642
2.77889946488
3.83731207637
2.93089105035
3.69859336985
3.55314140005
2.95291198938
3.32261119968
2.31166551863
2.93449262979
4.31721966253
3.71771002423
3.69267963289
3.28595360313
3.42454705229
3.61994014205
3.91056570998
3.67721580473
3.9241114732
3.64514222095
3.01293790587
3.94655865866
2.67672591082
2.96545582316
3.82402102974
4.45822513368
2.88250838565
3.18090620656
2.74316466397
3.85915586699
3.1414409107
3.36585218678
3.80242193974
3.829501477
1.18695032156
3.63368547399
3.46943312565
3.38714006851
3.72581042522
3.80107119984
2.92311946401
2.66320827596
3.27070951904
2.78969631744
2.79944201272
3.56676248276
3.02202954385
2.02757723256
2.60032027724
3.54263471421
3.92474327585
3.32470993218
4.27129784665
1.37793904021
1.83048807416
1.55745750677
4.02554078906
3.94464534733
4.55114274316
3.49074677432
3.28565599785
4.66885033979
2.56710364415
3.75988074465
1.39997243132
3.45894351267
3.81661319728
3.251658316
4.07086924486
3.8716455726
2.82040928222
3.78318335876
3.11944608718
3.87711460772
2.98532187389
2.89996710188
3.73224109543
2.72489590431
3.58832821538
3.42179764564
3.81398253929
3.29034354851
4.24808194422
3.24311841831
4.22379996973
1.25214901412
3.29792201591
3.30530760792
3.44887489529
2.98348355499
3.84480159254
3.68028738608
2.14324301488
3.75055522921
3.26155013216
3.84736812225
3.73723468251
2.45339907303
3.91789402941
3.77095470416
2.14988798295
1.42392797283
4.18342287157
1.09450733388
3.43425961949
4.12097651531
3.37553661024
3.75625549032
3.29568751303
2.86385095106
2.46885047847
2.81312767474
3.26349816216
4.46366733238
3.84358521329
4.33541309036
2.12729927169
3.5326658246
3.00967911786
2.49114334751
3.67975738091
3.45779321815
4.00080001381
0.872736872752
4.60031131605
3.98057029574
4.40005564056
3.03362762406
3.10641393754
3.9006941432
2.93077047552
3.38541546461
4.07186161118
4.10732875304
2.82398703238
3.32745267159
4.00260710551
3.26021866096
3.24198294066
4.48720289722
2.95027496854
3.09709646275
3.86034470462
4.07899790315
3.90664491591
3.0243233267
3.37379293845
2.35046062538
4.14375611385
2.90335650342
1.54871895082
3.81331411954
2.80833491195
3.92587157964
3.4788246676
3.40002260401
3.22546730367
3.07052089478
3.89996129599
2.75385963667
3.21106804261
3.73433331344
