3.83098162399
5
1.13975925007
1.92663718536
3.49189663423
2.93021915086
3.64242189679
3.29409277318
4.84940246077
2.58031296455
4.91472583884
1.57779929285
4.84979431334
4.14844229903
2.82865824081
2.61013390194
5
2.91751018914
5
2.69768364807
3.14313872004
2.69547027138
4.32988409107
4.88283574556
4.85002949316
1.81450558541
5
4.30965847141
4.84974248664
2.0298183693
3.05615551873
2.8715793883
2.35640286579
3.05615551873
4.85085899176
3.94949218596
2.6876860779
4.2068214049
4.90436908796
4.83772036128
4.97194294953
2.34945154736
3.64983150566
1.8500707082
1.8500707082
1.8500707082
2.28232181442
2.28232181442
1.8500707082
1.8500707082
3.34991822154
3.44355061439
3.69190227949
4.76615667507
5
3.69009999283
2.21803515386
3.33261158603
2.32629803346
2.77417959441
2.24564602159
4.11151536671
4.85514552188
5
2.27351149205
1.47619465576
2.64689586001
4.90550535765
3.97476434974
3.95910255459
2.03882863686
1.19447365172
5
4.82162883317
0.979153044211
1.41936367866
4.26780389913
4.18625055008
4.85054927726
2.22414068425
2.73179983918
2.49722666938
3.5193111343
2.90850970447
1.12249711681
4.54835281303
2.14994056698
4.91255076561
3.24346195899
3.01490406671
3.60221298938
2.17051260006
3.20787867527
2.21441056419
3.74785734806
3.16583937106
2.50924191482
4.84389878058
3.48208486294
1.98077765038
0.918264699088
1.95871172535
1.75028628807
4.43084434884
1.09330722488
2.1847098715
1.93976588024
2.79891895095
2.37617217388
2.71053991073
2.24815547901
2.57328602906
2.41276491124
1.9618691466
2.39795921957
4.25009255479
4.21604056633
3.89102635217
2.58262462052
2.40052414233
0.899165211998
1.10027401298
0
1.5833392383
1.23111830127
1.33287312475
1.23111830127
3.39965298548
0.617846525164
1.40794352356
0.406150554375
0.617846525164
4.55581927373
4.10755368277
2.50475631431
3.92505578004
2.12399109102
1.81540331415
1.90492235032
2.22146202681
2.17605413952
2.36089157473
0.542744435143
2.99817004039
3.57754877874
3.2440032487
3.818036957
2.15010220619
3.20250269923
3.818036957
2.52174938589
4.60043352959
1.1686843006
0
2.0299088729
2.91184695127
4.85086292573
4.83442417225
1.8502640667
2.22698649325
2.22698649325
2.30903555781
0.556101969262
3.01956791518
2.30971094354
1.45631248184
3.41246434385
3.58147660976
3.50827222147
0.735612161896
3.64986685061
3.16209025641
2.88346239013
2.35254801933
3.63315962997
4.97571416607
2.84079862812
0.940049553325
3.59071976507
2.69694234393
1.16173870887
0.60615916446
1.33347021787
1.97104935606
2.1777832461
2.3510724331
1.30623905175
1.30623905175
0.103208222431
1.34958224449
3.12887876573
3.84828922749
3.64998628029
2.59283169847
2.43532611107
5
0.0150122019571
2.68919673375
3.18731536174
0
1.13496088581
3.87998955463
3.18093791738
4.34934992794
5
3.07503118942
2.29848591203
2.35988313233
3.083151312
1.40588788087
2.78268235411
2.73152802395
2.00127004428
2.20771225683
5
1.40395520079
4.8151870847
2.32663110849
2.89991250623
0.99234060351
3.79537823324
3.67895063742
3.82571367324
4.11156689576
3.56426756426
3.84916486721
3.38551027703
3.43563961732
3.51330124729
3.45937615919
3.74193382648
4.04955561444
4.6501765143
1.23740615571
1.54755688341
0.622693514284
1.69596611845
3.85037243921
3.20734391143
3.29498741771
2.83445879415
3.34989704205
2.8723041514
3.8498364156
3.49362543704
0.816119463568
1.94979058846
2.16834127899
3.30856571581
3.50736271029
0.399294131707
4.18414246023
2.33251108923
3.19076693786
2.46936426623
2.49127849708
2.10616302869
1.14986513607
2.31041977828
2.67427149032
0.489382485138
3.70857595684
2.62020284489
0.77907596858
1.39373141771
1.13942579858
1.34883891374
0.685510641085
3.70091839002
3.34429348009
3.85038821988
3.29341789211
1.1010755099
2.40983779853
3.20365714227
0.771788658608
4.17449998949
1.66118385026
0.655283486667
3.91121234434
3.63670138334
3.13420850982
3.10233645698
2.23049736542
1.52391866342
3.59383410552
3.53033580112
1.84970767825
2.25602478497
2.59063803199
2.62796196389
0.688345584076
1.21349326262
1.14504758359
1.58116528356
3.16097261102
2.93601729049
3.51092793878
1.70507557832
0.185943380895
1.4196351243
3.16254506478
3.41215185419
2.63427064804
1.84690323661
3.99151804283
2.34546972113
0.862924565281
0.408900420398
1.70291375565
0.326085484562
3.3051131002
1.37274775806
3.94998122895
0.437580946731
0.31651283682
3.8141867648
4.48362526581
3.02861559234
2.0234669976
0.311781879887
3.03945568728
3.1072873567
0.534099226576
0.649978449578
0
0
0.681072449774
1.00575127866
1.14501376467
0.234249301342
0.494287489435
1.82588578556
1.43682681594
2.41408441324
3.05004699691
3.21363658437
2.14894615
4.55037630813
2.15693292406
0.391526027622
1.33586917362
2.31038483123
1.80911309897
3.36510936695
3.90393778652
4.05030230772
0.582866363746
0.497995974819
1.00586156593
0.842309741628
2.47095150604
0.252676526144
2.53132755286
1.46817685885
0.654584282091
0.136259035711
0.659115139574
1.24460198848
2.65413322731
3.68480149342
3.24228235356
4.04995918239
1.68944984281
1.62467548337
0.149366451494
0.0473833684588
2.65696302122
0.044418128561
3.22399299966
0.164682677111
0.829462406872
0.14786349359
0
2.97391001346
1.49161996059
2.76619119047
0.856804736668
0.0723957000767
1.19264750458
1.75996745622
3.59747539341
0.237647752573
0.628074228989
0
1.01165724049
3.70885599437
2.69077914999
3.73275647192
3.35506616455
0.802889222584
0.0167460042341
1.25677233246
3.14914309263
0.805671213058
0.353009864458
0.742528514341
3.5433001113
3.65999793092
2.64129095072
3.23004982075
2.58375872615
3.54944268398
1.34148383022
3.45012514602
3.22854611754
0.0202373764167
1.92256200777
3.00243079263
3.53218092086
2.44714740959
2.61905390145
3.1877085757
2.61291183309
2.46236814809
2.51667968868
3.3505577862
1.1179330652
3.34288303921
1.14024083833
2.84911660684
1.01102255805
0.425431992325
0.733342834593
0
0.687910849606
0.837179944972
0
0.260439115348
3.20779646954
3.10998667381
3.38488933674
3.57908680419
2.49951071509
1.21405403428
2.65001861388
4.49858234823
3.81921776877
3.11297071421
1.85037183112
2.8961208947
0.150542178304
0.367653359392
0.503968291075
3.00837637772
1.39319331474
1.68443052174
0.0576236008569
0.0896415155823
0.149083457746
0.105225602044
4.65070015182
0
1.90655681216
0.812657154545
3.3490820274
2.65313204141
2.76426868779
2.77390281862
4.14862229334
3.18133752554
2.68104258278
1.50721353179
0.390125890563
1.06664316878
0.995455873713
1.21927710942
0.548996213178
2.12936443817
0.494778949329
2.44580726872
0.618365966207
0
1.99949844048
0.794089991223
3.09619526138
0.0621718990929
0.922782441467
0.158282753881
0
3.3497935391
2.7612505717
0.0358230116343
1.94631844185
1.96936746022
2.26905415911
1.86437729385
4.37497132215
0.422171187898
0.682181144487
0.265563513123
0.0251808252451
2.40531629362
0.0946061024845
0.916307453463
0.802054861419
2.21882689941
2.90048968797
2.81698308759
4.75928512429
0.476979230778
1.77469708543
3.61438285883
2.25049482319
3.20062751801
0.748287968446
0.362483006434
3.54117542899
2.41721566263
0.616638357534
0.252262991757
0.897131453354
2.39852623902
2.50124780403
3.35043689884
0.590283062114
3.63724120906
0
0.536949031291
0.127239780551
0.125968802051
0.970438453504
0.631573695747
0.615880271239
0.94939423475
4.3068212906
0.64978008753
3.07458615454
1.86359600959
3.43473446791
1.74341643773
1.4505020162
0.803249636427
0.486369850155
1.54292884128
0.811815954636
0.589408085214
0.650139004082
1.03221360497
2.94824700332
0.728221418946
0
0.15090817439
0.0996726618175
0.364788400865
0.147653718217
2.81742342522
0
3.35176167857
0.1625804046
0.0888034741165
1.13711095597
1.66889444997
0.132135871964
2.89944113497
3.46190223358
0.199872642352
1.34918004331
0.735355008111
0.152363890322
0.33860148928
3.24089667745
1.08556500949
4.74473597881
0.45729739054
2.30798583089
0.599772237531
0.888395087843
2.65015880856
1.36454982429
4.41263705828
0.00967623518179
1.10764592677
1.82536382664
3.84959692677
1.62542971191
2.73743222867
3.22091805635
4.24301916303
0.880135136893
1.99518121665
3.3691498614
1.02557508132
0.699060308721
3.21229633068
2.68873603208
2.09476105967
1.62284778459
0.0303449610483
2.84987225397
0.772599421819
3.20247942304
1.78832946103
0.207440499901
0.150201410662
2.24332998439
2.9945097862
2.22233652841
2.17954562024
1.67228408592
0.000467317572518
1.0053104966
1.01376197069
0
3.53426141096
2.15409553044
0.598129144899
1.90972321567
2.82425977952
0.0772761150734
0.262058499814
3.01435204593
0.983268601888
0.0964371750011
0.0397069366631
0.155185586636
0.65877467869
0.210002842056
0.170366063733
1.90414881549
0.987572290109
4.96239322727
0.202964776088
0.0702890606641
0.550157233075
0.317360955195
0
0.563568388005
0.596692127374
3.1230408793
2.11263166907
1.20673339069
2.4974167395
0.150143224427
0.167688139416
0.0429280155856
2.75454699545
0.273248253191
0
0.208726115362
0
3.64976081845
1.74988305785
1.4000167199
0.46280921209
0.090029599217
0.127091411463
3.47421794141
0.276035231875
0.130731078174
1.35685504381
0.852519286751
2.05998363139
2.92720215213
1.98311728048
2.89825019665
0.271314287513
1.97892161426
0
0.226128790567
2.69845991987
0.150153169961
0.629474748545
3.01160021494
3.26653853143
0.304172354892
2.38408399977
0.154839866137
0.122061912585
0.955905301128
3.17453978025
3.3985032765
0.866682876772
2.4555412639
2.49266952186
5
1.75363226933
0.899172435933
2.14411208389
2.02252858325
0.850215478087
0.0497228390089
3.21166014929
0.105624140664
0.515247054633
0.580654137418
0.416554296282
0.384584339142
1.42130514558
0.212578924077
1.70265918406
2.52041005752
0.891011605924
3.15038430944
2.19341515797
0.131810765224
0.184628234895
2.61923160556
2.10391692909
0.280116846008
1.52009959772
2.96106174071
2.50843448586
2.11386501198
0
2.99619999598
2.86866707777
2.19967979972
0.726052593447
2.17171569916
2.9894880055
0.13094652348
0.144611953211
0.0249498091107
1.12277928441
0.786620447641
0.419812963962
0.0483797880522
1.31313445939
0
0.004693763561
0
2.11690260404
0.147355938697
0.142929769305
1.8794774202
2.69399239463
0.815330374065
0.483667729056
0.150135305128
1.09016231851
1.14030575431
1.03595538934
0.166289610272
0.0749274691123
0.196870604895
2.90005340285
2.34998347879
3.50947093704
1.89808617083
0.830461434421
0.115258618301
1.1517904823
0.232809398651
1.00527302272
0.10052761143
0.110390362902
0.34178055884
0.579700483224
0.924183271953
