4.54788001492
4.5541928933
4.56316214131
4.79102575581
3.71605394555
4.61411956734
4.39404195277
4.49481198339
4.23820399348
4.70640765403
4.55338834432
4.20527947493
4.50800331284
4.75534337903
4.07586984537
4.45178292978
3.9490525864
4.65161919889
4.36536459197
4.51996621269
4.40492073315
4.19284774899
4.55643290072
4.00964144402
4.99494381521
4.15659220942
3.81274667849
4.01999394807
4.63108587677
4.46258477515
4.39485241963
4.26605085049
4.53544245633
4.20531850612
4.38427297369
4.64819281527
4.37150940467
4.74667782865
4.21410646549
4.45445293985
4.37583489524
4.66345403788
5
4.16863067457
4.5880583787
4.40306912069
4.99515406403
4.22365803466
4.71331214324
4.59007653535
4.56935828038
4.67197286439
3.99516672617
4.72486119403
4.39492504933
4.78643849037
3.79625224621
3.97857090953
4.25839250393
4.33093608749
4.19201945816
4.67134102768
4.46041987343
4.432513367
4.80496200848
4.55993221979
4.3391820823
4.15795698352
4.45076643507
4.70475108887
4.60418653547
4.39904668256
4.54004086139
3.69887050072
4.58392340119
4.47990298172
4.27864267698
4.32983097682
4.26261087645
4.80409543183
4.51442083458
4.5678879226
4.50552568524
4.55850074718
3.87980040416
4.99463612533
4.5932146575
4.4036488264
4.64600496703
4.74969754811
4.14269633469
4.39523525745
1.00512960226
4.20514161217
4.07169345687
4.99515406403
4.58129592669
4.35743200072
4.99492175918
4.66130925371
4.01186770115
4.41023621168
4.36614596819
4.78621383999
4.84721599106
5
4.43786831318
4.0998320058
4.42830480565
4.83395151057
4.36250269248
3.86702574274
4.60883130402
4.41529664698
4.61255574073
4.12680137851
4.66615129804
4.68828205024
4.59493815315
3.74818494146
2.99293005933
4.08292068722
4.38084332104
4.21832396364
4.63657916534
3.97292864529
4.38800352213
4.64512796106
4.27878503053
4.24266736048
4.54021349575
4.50995360295
4.20534218363
4.25614531409
4.19498668447
4.1825979013
4.58324710102
4.39933808208
4.22635107173
4.35241498949
4.59444954569
4.43103782566
4.46042808977
4.41888548715
4.60860851332
4.88064882843
4.35964002277
4.99475209494
4.60465954319
4.00008915913
4.62489599774
0
4.39337785944
5
4.3915989551
4.72173666891
4.40003019278
5
4.46537769261
4.12087251756
4.72701424234
4.58486654662
4.86198681563
4.7392388827
4.31322050333
4.2660231111
3.5571403769
4.67153740516
4.75193242643
4.42588321349
3.51557326196
0
4.79132169415
4.78785479038
4.92572886797
4.66160785887
3.73881737751
3.91202809004
4.55408660452
4.70978175224
4.51388644436
4.65750347192
4.23488361242
4.96463203758
4.2922658133
3.95861706571
4.55148157094
4.81018373228
4.51593773796
4.35978148949
3.82405866995
4.45773160613
4.69809155405
4.34932286256
4.66977130024
4.59283966812
4.98878077082
4.67836495332
4.59345102694
4.59369838478
4.26293995187
4.05786187678
4.79502551302
4.43229816876
4.9949170232
4.42502874286
4.60188618197
4.65196922171
4.18635862385
4.40515279784
4.29193213272
4.8125534394
4.7874728151
4.42926101795
4.16681443077
4.99518207059
4.58882849995
4.20246889437
4.55715560743
4.48013928674
4.37019203347
4.44029491063
4.49785343072
4.25360194059
4.45851829539
4.64736833519
4.66695187382
4.99515406403
4.63203089049
4.35349353227
4.3648028363
4.85721856175
4.56826830942
4.41569414538
4.0332895431
4.30354430929
0.00514806074936
4.65572802084
4.71419023864
4.70717144551
5
4.61744122343
4.79486162862
4.39488730156
4.34793677122
4.64379589477
4.80474466192
4.65924696785
4.60589182992
4.82368627093
4.5043518922
4.75904922577
4.57216548655
4.61065984784
4.53977179627
4.99515406403
4.21340551224
4.78692179434
4.99512008202
4.79498689771
4.5026317344
4.43934626662
4.55179915285
3.80005271166
4.32671276177
4.36426240405
4.39515130321
4.68332951329
4.358152214
3.38905023469
4.64719586831
3.94486047442
4.32874952515
4.66652072435
4.37722981484
4.50177344895
4.03762644476
4.15178138012
4.46961645198
4.97398945752
4.39530247565
3.7951094629
4.7097218422
4.99857573188
4.66779987235
4.91572357347
4.62295548093
4.60219525278
4.83811377014
4.21183203588
4.9900172066
4.41823579504
4.16100400814
3.75270139017
3.99481683527
0
4.84599565656
4.60807646331
3.8048168769
4.2778413672
4.27318452676
4.11432892927
3.49047707035
4.54612874685
4.44681979371
4.81519347351
4.005079511
4.45310369378
4.62222989609
4.99515406403
4.67016954608
4.68025366245
4.36666058571
4.18399231018
4.74826631284
4.56369535243
4.41396927608
4.81947196483
4.35790086693
4.20899901347
4.64487953928
4.37623738918
4.954258899
3.45458190785
4.39735618761
4.75239159844
4.37408581197
4.73438752777
4.07381212557
4.19477708793
4.40698205022
4.53156566712
4.13498519913
4.40780836985
0
3.19979116115
4.43641236872
4.19483027111
4.30209939768
4.10647786143
4.11723283299
4.33412145375
4.19464780058
4.59884768636
4.31871951687
4.79906243999
4.56509827967
4.58914562908
3.99896949182
4.41198997072
4.4732751413
4.46267633737
4.20305910114
4.41579457703
3.99512457651
4.39450030659
4.4585869553
5
4.37603704035
4.75745183227
4.57197848169
4.58790262147
4.49599642795
4.43453747555
4.15450903432
4.47841870089
4.16480562663
4.64124246913
3.60512887551
4.53619836528
4.81960848011
4.59459646474
4.41725337043
3.84992003316
4.46450013314
4.49877795296
4.59270742169
4.49395541745
4.77801019551
4.32890044016
4.14314566558
4.61144029087
4.20516715974
4.51930608235
3.9948629683
4.89074332269
4.52586373686
4.49523809427
4.39779401729
4.56375111882
4.10690808621
3.80919675681
4.68691871011
4.18214847542
4.60189594502
4.15674211949
3.90235996066
4.73689845825
3.23173413637
4.51538768124
4.16547164538
4.28738402926
4.63471887407
4.67341235591
4.6580252237
4.56858904669
4.47468341661
4.52789614392
4.65859436717
4.16279568348
4.39472908238
4.77623040081
4.72476339527
4.13779132771
4.50806438716
4.62353132224
4.43715995362
4.55876568824
4.61017133307
4.57662544644
3.27167126609
3.81027273016
4.36771179167
4.57696338098
4.15387404814
4.65285616363
4.67018275952
4.9076501194
4.46105469163
3.20530886583
4.30632802094
4.68423634629
4.36370536238
4.43989156254
3.8051438284
4.44863170164
4.40260557029
4.13301788865
4.52904126943
4.39481280768
4.39519419771
4.55519842042
4.44818886922
4.23825424087
4.49538882826
4.29014680368
4.49959604608
4.23663605605
4.66343758641
4.60483842188
4.78586661325
4.40304905183
4.1752371771
4.55522242061
4.69313590556
4.38351190261
4.54058917537
4.82843341078
4.00620322334
4.31955456494
3.76198951714
4.12080945078
4.30872401555
4.62991386125
4.59475142968
4.61185648179
4.31951100427
4.5621416106
4.59903849083
4.42062512825
4.62195252624
4.38047911474
4.32670863209
4.70100714884
4.6127008355
4.83607720055
3.93492680245
4.4468321298
4.36551437751
4.61774529497
4.79501171976
4.62753520547
4.19512158883
4.20990810316
3.61150602822
4.13950046322
4.5365480455
4.54913189077
4.37065942207
4.60898919912
4.5640893745
4.5039565092
4.37184743908
4.37940555874
4.44532451404
4.1669680515
4.21240168418
4.33944721406
4.20151472779
2.80635588119
4.09332846934
4.64204134085
4.69153299322
4.59417468838
4.00528470646
4.3719589022
4.27010385514
4.38713722189
4.31879906665
4.40535078969
4.68579826996
4.47177885122
4.60163505664
4.15908047004
4.30663304697
4.09355119242
4.40535017977
4.49375445285
4.38390950895
4.32467308781
3.89192341962
4.71174182443
3.83414878262
4.76023092663
4.23283435465
4.44051532187
4.44794644362
4.19356437124
4.50559258911
4.40433752301
4.3612617345
4.7163070274
4.24497671327
4.44715656827
4.27453154805
4.76321957473
4.31230212467
4.15735991506
4.5536720384
4.50476481622
0
4.06016074689
4.50727927647
4.37626606196
4.57300278133
4.55629750982
4.67857982231
3.40523893963
4.62606505095
4.44619754991
4.4481065905
4.20599092612
4.43309564621
4.68228409412
4.37578712686
4.62327509633
4.75768284993
4.72753179046
4.44016576993
4.11528449202
4.45238728925
3.93393535998
4.52528327366
4.38406610152
4.30853660261
4.49389188264
4.18318753062
4.25888050335
3.79491657337
4.80409543183
4.35653254042
4.79462126519
4.31649868601
4.25998769311
4.67927110945
4.59539982386
4.32023530208
4.69382550528
4.53228093387
4.98585372037
4.27531784359
4.1791689729
4.32698219597
4.37371306179
3.89370298181
4.98401973188
3.8047421213
4.59528477463
4.52614958788
4.3586333386
4.63764792888
4.62868515146
4.51028002371
4.44748542129
4.79754008014
4.77082328432
4.29255595888
4.91549744393
4.77630595492
4.08971609213
4.19682284799
4.99492175918
4.40498244953
3.85671388383
4.32289739751
3.99634556704
4.45176341934
4.46050831208
4.7759690682
3.89315732177
4.40399315002
3.80380848087
4.39165525984
4.39472643753
4.40797233024
5
4.05478072195
4.64175757525
4.50716725947
4.35802286907
4.34050755834
4.7710859606
4.71661318921
4.65756108429
4.86326048102
4.41781177541
4.4143555257
4.54438062996
4.29919734236
4.97071241252
5
4.32997894802
4.90428589351
4.51743768183
4.61891130462
4.53404565828
4.57244714864
4.19530136806
4.25289347946
4.45924081638
4.2665309199
4.54220060526
3.99511522815
4.63425231284
4.12289690953
4.68515079145
4.39492388307
4.59482374607
4.48764320588
4.75498621442
4.19520262673
4.79726660732
4.56199317431
4.40493084638
4.41499669119
4.5947523739
3.81845347747
4.76760356441
4.15246517898
4.94177145906
4.42342182544
4.46289714266
4.58675539982
4.50141998159
4.13761467348
3.79523595222
4.37281684325
4.85186920652
4.37644781236
4.37571895065
4.22996538998
4.25976264863
4.05693384673
4.46499909979
4.52180441692
4.26808372073
4.18848547647
4.77640744197
4.40467500991
4.59472298503
4.44732634449
4.99541951688
4.48362830892
4.47912163182
4.39202630626
4.89395743332
4.37119975731
4.85721856175
4.15128677935
4.34509968573
4.33931464963
4.44886536972
4.4178891198
3.81389433992
4.26172626949
3.50468366772
4.07266337353
3.96379524017
4.30291873619
0.00586062370036
4.50800331284
4.42139830664
4.1125362584
4.28971856065
4.82812308114
4.38131500973
4.48891391783
4.43598600822
4.80452383148
4.9949170232
4.03183115897
4.23318137089
4.70753997082
5
4.76062684049
4.29723844717
4.46760202849
4.5836540541
4.53879169116
4.70397171751
3.96343910832
4.57183763289
3.83146937422
4.97338432836
4.38025650602
4.47675339815
4.42878802937
4.42267151395
4.76373602998
4.5806216393
4.65447544129
4.99515406403
4.76208146267
4.24584923573
