3.27277650726
3.100104648
3.21194006226
3.5177641326
1.96623064741
1.63364591525
3.51521344357
3.92545464325
3.41350608958
2.88373173801
3.9748613437
4.3603009892
4.2509695132
4.29019866013
4.49921930676
3.60429814257
4.56202261421
3.142857342
3.18710427935
4.00855484898
3.31646083217
2.55311842953
3.13722061697
1.06339458196
3.06494208801
4.15260652645
3.28395090161
3.13685666097
3.30883833758
3.27370040687
3.26983329076
3.45097977446
3.50146835112
4.57258064031
2.19916908523
3.05091925187
2.62706851268
3.40261029173
3.3004944733
3.02753168063
4.16744839975
1.38159422895
3.25231372961
3.24519562666
3.97167118532
3.59326428084
3.83543596805
3.0610634674
3.90276232452
3.50802270848
4.24025121639
3.04651529059
3.72183839498
3.22363834246
3.55458469202
3.04454486634
3.19723365765
2.96694115699
2.85678007274
2.91437989486
3.67054051736
3.37367708639
3.58828089108
2.94109752863
2.81808949497
4.16031928276
4.1116042206
2.85336955405
3.65859788168
3.8462392103
4.4502435542
2.94531175706
3.52698233776
3.26359434615
3.58211945163
4.6990670178
3.76952735253
2.89884972295
2.29936521757
3.54636533441
4.34691703823
3.11949531434
3.196551964
3.36831531655
3.68067397422
3.29315127041
3.02068765058
3.34092939916
2.51186772787
3.58117156795
4.47964519928
3.6293102614
3.53407838187
3.57411492783
3.22497148125
3.31155974631
2.68405800488
3.49422668976
3.87696360623
4.2991923196
2.7698232453
3.17534495442
4.03494423501
2.9549435532
4.32367343051
3.3888546628
3.26591431318
2.9088778615
3.53345236117
4.15538777318
4.23091631118
4.6218551616
3.43493363853
2.77162770759
2.93851814013
3.5893048136
3.83686167776
3.04654663481
2.62124462119
3.69503878124
1.48589363665
3.90053347622
3.07022970997
3.04151949051
3.46578712709
3.0149749869
2.45643075567
3.8007923658
4.07707027887
2.47050606147
3.68993626202
4.1485223973
3.8592979981
4.67205665195
3.26082859443
3.20755647535
3.5252727479
3.01278576137
3.34214932792
1.78540705331
2.91208614087
3.38765861216
2.60481038361
3.79520726609
3.03573246206
2.78191713555
4.1012659883
3.75361497701
1.98253650231
3.64462069154
4.0973648814
4.09789647047
4.16746877659
4.57792442314
3.93275449568
2.670800216
3.0185602002
3.20997997607
3.16816655978
3.09910152547
3.38327736001
3.08735307392
2.89764822568
3.5758968094
2.89967170586
3.66946612479
3.3005456769
3.31437529847
3.19836633372
3.12241412667
4.37292572788
2.96601797864
3.26462188332
3.54558563936
3.50015410249
3.37766780887
2.72991584556
3.82414215283
2.69640925149
4.09283369499
3.80784313055
2.54713229743
3.9574374992
4.00384048852
0.874369023563
3.72745067643
3.65603601756
3.32571642439
2.96719634943
1.75886254413
2.33740152902
3.80586910257
3.69676777414
2.01067921377
3.74182377437
1.60904354427
4.55134067657
1.79976523667
4.03591917093
3.27676630801
3.51243920346
4.49981799051
3.34348347683
2.7568026988
3.05075398693
2.59288011074
4.21416384663
3.53584783084
2.89437303791
4.00390054144
2.94949128268
3.59519074415
3.3553774246
4.15878597718
1.57046229758
3.29914154859
3.54634297708
3.61134373647
3.29864194087
3.69405338398
4.06526169845
3.72175451886
3.08476348018
3.45549530315
3.99963894672
2.65075238401
3.27870675501
4.07527445439
1.63745659133
4.12743086282
3.11334376626
4.08661115719
3.72580198746
3.51361869486
2.68700145497
2.39258919221
2.49396930779
4.62685250657
3.18367437996
4.68522685637
2.86719328889
2.94754514299
3.33161733354
4.04812088838
3.83164350154
3.09057668077
3.44573359448
3.12992968764
3.70219680941
3.9694254638
3.39145752148
4.62910348469
3.59812177015
2.49418775994
3.94826932914
3.45246566663
3.79022763422
3.18137552984
3.62451130692
3.86567603368
3.20594563213
3.52081305368
3.14473790353
3.27757781353
3.462023955
4.22377028819
3.6994633329
3.69733198288
3.4238764724
3.95998919601
3.16729671416
4.10921259767
0.999402245208
3.73342519162
3.93377563558
2.72289647606
3.68988564843
2.65447462683
3.70007451758
3.76321261087
3.81553854605
3.22537861598
3.05391146428
2.63608318988
4.11371432778
3.96283564416
3.65136112032
3.24993689168
3.47700386192
3.51369330411
2.88807558696
3.36334167891
2.93677058679
3.14106045058
3.51630272301
4.11576657896
2.55028789194
3.54979123535
2.9654421
3.61624561012
3.10500105714
2.84498371759
3.23228259912
3.35267666506
3.0494534234
2.94980121123
3.66957618747
3.14430257153
3.66946251797
3.47780388995
4.78089446976
3.66994577676
3.51269053851
3.49706186913
3.34547074186
4.05720953504
4.11180341327
3.77427327641
2.92532439866
2.45790256074
3.3358012037
2.85625344773
3.4265659171
3.19766313649
3.20527978661
3.34867944981
2.10958046998
3.43234743786
2.98634094147
3.49337887448
3.47777733516
3.53447203552
3.10373775338
2.69968259648
3.71075952588
0.97536723581
0.69983179913
2.63963532328
3.69992735667
3.26205161953
3.92602118987
3.86398112723
2.64249485709
2.54629179907
2.88333400446
3.55508948243
2.63888065686
3.32151644889
3.06062327122
3.31748789926
4.4499967317
2.44975149017
2.93922861913
3.30437840989
2.83077419246
3.92180745301
2.28333416366
3.66803410287
3.58033049077
4.29802640259
3.27702211024
3.40266970537
3.7158659173
3.43692142679
3.2637870114
3.10956245403
3.48387621287
3.67627671394
3.67377688134
4.03307428269
3.26214215777
4.18342982797
3.37498729475
4.52099130213
2.96653663229
3.31201574399
2.87433888971
4.02574885653
4.30122923531
3.38312067734
3.19294671582
3.35628867353
3.02627965957
1.69993857386
3.66266443946
2.45554187327
2.10011570264
2.76015381842
4.78416247362
2.72382862989
3.89465661299
4.20312254258
1.96495587798
3.14802837085
3.52479548492
2.81256751956
3.50963362042
1.8342745261
3.80753281358
3.62448448437
3.513580398
1.53663260321
1.92371002691
2.66200456031
3.54910983114
3.86361811116
3.46302388489
2.09998011118
3.08340663891
3.72315506149
3.75417978457
3.70487778082
4.5577270055
3.42520490107
3.18234009947
2.85957914351
3.39524175065
4.33814975065
3.50749430049
3.56611785826
3.94172819142
0.865908601924
2.34908284745
3.02265474634
4.12462681557
4.5518093887
3.96624927874
2.96731679506
3.77597463653
3.09790691572
3.54983902768
3.25471789198
3.51018170587
3.76756563492
3.5507468762
4.59449430043
3.15874228821
3.26059011711
3.63927343044
3.93053093484
3.29442273309
4.02998754915
3.89988149142
2.24953739347
2.94475051137
3.11300501863
3.80275010883
0.749719930551
2.99448636488
4.4062324046
4.22896186284
4.04091965543
3.21327079182
3.99273303447
2.3530375551
3.30017484301
3.52160127571
3.29250901611
2.76776962117
4.38037483966
3.68840205043
3.08430909575
3.42661418708
4.10936566995
2.54581153841
4.26284644792
2.58918001603
3.60907104391
2.68597147865
3.55912784032
3.54729763402
1.8078526576
2.53071547385
4.0217478518
3.43933995553
1.09938420504
3.84179361005
3.54445784195
3.53976573101
2.69401903683
2.73312005754
1.70011878165
2.97399094744
2.95612229001
2.98415277407
3.52574864241
3.57810471789
3.87031565543
3.60752485503
3.71750565773
3.16978647353
2.8972835832
2.60950974998
2.84889149331
1.8604708466
3.57863614826
3.46601115082
3.93051574467
2.80769341624
2.65671251668
3.99694191265
3.85713518799
3.9016509207
2.69426055669
3.80499909315
3.77319358429
2.68683448112
3.58433286783
4.00039008953
3.30040933175
3.0994127664
3.905716697
2.04081686485
3.34518648041
3.40661250974
4.11289603978
1.50122727904
3.11832863441
3.36734362798
3.16938352131
3.45505304584
2.62046856103
3.49020417294
2.37157708013
3.30071561967
3.05364499277
3.17623590936
2.91506994397
3.13640626287
3.16593887526
0.851865147186
4.15756893449
3.24256086637
4.3228692428
3.09011295509
3.47407837332
3.46250353314
3.94737275842
3.49785198945
4.03600550733
1.63139519944
3.04987916696
3.51846030551
3.63539613268
2.8196932907
3.01300545945
3.41627420113
2.68812170061
3.69995264677
3.36534771487
3.70135631982
4.58303314081
4.39603623409
3.73040164392
3.76610038127
3.16346998656
3.47825575844
3.70064335144
3.28152795075
4.03366247583
4.01640775924
3.87686993225
3.45103147421
3.1001794917
3.96685832693
4.19409515388
3.59718546689
4.48605416032
3.05123706104
3.56504010403
3.20190566465
3.39927848552
2.83791036227
3.55714954044
3.76388186924
3.28924763803
1.91778195248
3.35034754099
3.84476385835
3.97217516258
2.62997988031
2.82777747258
3.26212011674
1.89975301088
3.03921870056
3.76191926693
4.30088594443
3.76310121374
3.36939486779
2.72650459459
3.77934146484
2.85747683582
3.6874625711
3.54919853998
3.02156291864
3.30046544426
2.21551527409
2.97246900027
4.31959890105
3.76685824669
3.75723924666
3.2337460592
3.44375990841
3.63538408564
3.92525123986
3.75593595841
3.98275827675
3.66371627212
3.04630910924
3.82275308052
2.55829785208
2.93152121422
3.84937295738
4.49413667455
2.83911931572
3.18334315259
2.76367391824
3.91569774881
3.18236549695
3.32549059967
3.82235190633
3.84918293393
1.10186305471
3.6774112141
3.44733417588
3.34950624683
3.69745089647
3.84272934645
2.89731608871
2.71069770762
3.1474039348
2.71817666708
2.72244356402
3.56905363188
3.03269841688
2.06068508449
2.48630913687
3.55357007975
3.92021839716
3.36667537516
4.22080413309
1.57174581393
1.92183659056
1.37813857787
4.02804606833
3.93409308724
4.55744645998
3.4386190048
3.27616092333
4.64708619953
2.48223954539
3.89106941939
1.35907375059
3.46415529993
3.77611423245
3.25355703433
4.13812075487
3.85843823775
2.90268657146
3.70052666895
3.14152297421
3.9987567258
3.11096361804
2.821379555
3.7167758209
2.66780463967
3.56766394059
3.41721347297
3.87995260471
3.25533131412
4.40945604053
3.16546375884
4.24979849607
1.29452256555
3.3251661183
3.33093282706
3.42091437802
2.95022505211
3.89608314852
3.70142263752
2.09548648011
3.74450794412
3.18272664569
3.83168506804
3.72245226572
2.47921653196
3.93665145796
3.82405457186
2.07435154919
1.32731939395
4.27143571035
1.17644684524
3.48047364788
4.18836256767
3.57593825435
3.74242529354
3.33625129282
2.73370813064
2.47744030259
2.71621417768
3.23486799958
4.49993494888
3.97327923722
4.30019818531
2.02482486758
3.5384474046
3.06058174376
2.55036617334
3.67928430457
3.33735887285
4.081778486
0.788677491479
4.50324153135
4.07406727157
4.25679469099
3.1073975873
3.10598682244
3.87794378075
2.95404905072
3.43933692397
4.03100820014
4.10461661975
2.82526121926
3.4483911692
4.06389344912
3.24686810663
3.20130100166
4.53870415433
3.06425975794
3.10614775174
3.88082303393
4.2148054967
3.94976412843
2.98891496725
3.43743071197
2.3483595629
4.10123069771
2.82602877811
1.54882317527
3.82823049566
2.95213260275
3.99061629
3.41107546826
3.41079523817
3.20482639993
3.12536551324
4.00673993554
2.78370929542
3.18433871619
3.71303262161
