4.51112516718
4.46337800784
4.51579954874
4.73510978934
3.74237510129
4.57597407211
4.42283530096
4.48118271577
4.27724256754
4.67184100967
4.59451044413
4.19571437543
4.51322582713
4.87357175065
4.2214057759
4.48563697312
3.89995357163
4.68381188193
4.333526883
4.38512058371
4.49971432078
4.10376449129
4.60144905422
4.0305504734
4.89973516629
4.03461525146
3.78785786886
3.98966995504
4.6867522006
4.42678977848
4.38857881577
4.30023687349
4.50553747021
4.29989869206
4.44212959948
4.55298079893
4.28855554533
4.73310038404
4.11965269773
4.48847309985
4.45015646693
4.72209510854
5
4.08298873176
4.6142124115
4.50809075833
5
4.33284156701
4.72181926798
4.5831955912
4.60698029181
4.71150104188
4.08215790708
4.57675175725
4.37361981564
4.7734226409
4.05881751513
3.76212102717
4.15009905391
4.26057333135
3.9762287686
4.61567711417
4.39968418212
4.42880634816
4.85369748344
4.56167437646
4.34436563888
4.17926906726
4.37667030375
4.7613365279
4.63884237601
4.48167979346
4.50018077242
3.65853325171
4.5355947093
4.44308708153
4.26921932261
4.31419572331
4.19129535467
4.82093554647
4.46592421553
4.54138960429
4.50336753066
4.6028718404
3.93573084358
4.99927382487
4.61492446785
4.39292467022
4.59573556205
4.73237716923
4.0863079026
4.39609949758
1.10027227546
4.09983307576
3.97011200429
5
4.52139648012
4.39825560195
4.90017856778
4.68519820869
3.97967221994
4.33423615292
4.30910925525
4.69630767637
5
5
4.43533817037
4.14353033529
4.48137710992
4.79121727391
4.4462075443
3.7916589295
4.55640921577
4.4392246046
4.66456058358
4.14486466392
4.56882112113
4.59747570555
4.53369229951
3.66272084051
3.31140022403
4.18343814307
4.40373216208
4.23007125964
4.65360677751
3.9536168634
4.35128283467
4.60793302149
4.35133461221
4.29665794646
4.5040043569
4.55327345606
4.26208161961
4.3070683025
4.14414547335
4.09803456428
4.47058372502
4.43286519803
4.16759736938
4.40214626015
4.60769864458
4.36982554716
4.48298711606
4.40490658002
4.57584421249
4.89990171795
4.3118268397
5
4.68924049496
3.9198867852
4.65903841272
0.0651964921903
4.39391524696
5
4.43985367853
4.64019113975
4.41988883109
5
4.50000682906
3.9934186246
4.68368404644
4.36620951723
4.95663108391
4.78846540187
4.16751050552
4.27828303598
3.51176212472
4.68579540726
4.73480590317
4.3570570195
3.47489648947
0.0812944273645
4.77805642649
4.77420598294
4.89983610309
4.70026584877
3.65176694128
3.85175251121
4.62482367982
4.73089605549
4.45708317032
4.61847245919
4.27306698376
4.97281315697
4.25635390837
3.85935841352
4.22956816855
4.8429486073
4.44220282435
4.29989671579
3.78745225908
4.41479342815
4.6217677501
4.3507841149
4.63902897074
4.63534844342
5
4.61560579839
4.55934964745
4.56927525664
4.24316289134
4.00991873418
4.69979831157
4.37418065432
4.90020690519
4.43319195512
4.6063101881
4.65706605371
4.15283997797
4.50016394194
4.10174395235
4.86157580137
4.76304779293
4.47771978585
4.09976972825
4.96122871722
4.62181936847
4.27273976377
4.33483766166
4.4584521292
4.2752028996
4.45638504073
4.39449838322
4.29820256987
4.46587007708
4.64259435346
4.66797175708
5
4.70010850515
4.39830811237
4.44169220334
4.90577593532
4.50509087405
4.51261890565
3.9243715428
4.33587442694
0.100480205771
4.61575599378
4.69966573169
4.70013469358
5
4.57696499003
4.77689622981
4.29979200751
4.34798274619
4.7029096291
4.8443933774
4.66258476477
4.52666824716
4.73480981711
4.48260422061
4.70007308448
4.57161278013
4.60050539818
4.52524690082
5
4.2264433888
4.76408718118
4.52661474981
4.86620150676
4.50550081669
4.44424975889
4.56498655621
3.80496820308
4.22817544005
4.30013731932
4.43323233805
4.6616681386
4.41207704627
3.41618323429
4.45774865064
3.74543406084
4.23670527884
4.57605648771
4.43687807864
4.55284353674
4.10021221366
4.06791239188
4.4825235313
4.95413975869
4.33193272501
3.8009980913
4.65468514179
4.9789149598
4.45870061713
4.92418541622
4.58017468821
4.62544629514
4.89239692944
4.14306568547
4.99087003087
4.22064491691
4.01947989359
3.80694170028
4.03992776465
0.0771740262938
4.89986927991
4.57093641583
3.85606229865
4.22710976372
4.30024940549
3.97893358475
3.29448180881
4.58915114879
4.39858948266
4.85831869907
4.10010781443
4.35578496622
4.57398573323
5
4.62239946662
4.57979388208
4.41888585853
4.15558493043
4.77406608089
4.59051954061
4.45627202273
4.78853551888
4.37649012128
4.25146072042
4.67510638931
4.2761022849
4.866897294
3.43535226727
4.37970946317
4.74307042386
4.42678546054
4.67718207014
4.11408499573
4.08063610035
4.42955922226
4.51800057213
4.07922610956
4.45461464468
0.0709999521967
3.30201998263
4.45527866766
4.23642740463
4.21934176372
4.04474358171
4.03338911657
4.26338671396
4.13873330727
4.58053330083
4.26990272519
4.75238879784
4.54192881986
4.60615091238
3.95347163962
4.42983670351
4.54266754564
4.41295169363
4.18011903405
4.26128617739
3.9003138912
4.421608322
4.55422106651
5
4.3175249264
4.69248924979
4.57874909199
4.50628133284
4.53694192797
4.4999920502
4.19316369671
4.47391449364
4.2078897338
4.70015230159
3.85229817894
4.54818635317
4.74247465894
4.63741293594
4.36614592858
3.76162515966
4.50390134682
4.55540589402
4.62818019772
4.54468378096
4.69578226971
4.2374263793
4.09961104903
4.59196274217
4.13000401381
4.49967201377
3.92790684841
4.86925392522
4.51634670317
4.42577927439
4.34999687304
4.57312479024
4.15012417112
3.87174492163
4.63970756282
4.1824637904
4.63724721092
4.07288463873
3.77612880738
4.71154596802
3.51830310129
4.55080492529
4.1024277056
4.27757850501
4.61221051534
4.68018177031
4.67888131005
4.56932637549
4.51877485428
4.4154291909
4.6250966695
4.19330233604
4.33515705944
4.79004835536
4.74341959811
4.09432588382
4.53270867076
4.62528758439
4.39732829569
4.57414725166
4.59549383782
4.58524133709
3.45357959703
3.7436813733
4.3366485676
4.59448637685
4.0684941856
4.66957569427
4.67996245658
4.90999116226
4.40341405885
3.30018855339
4.25826415686
4.68345830028
4.28294850142
4.4630529252
3.71104865861
4.40431726104
4.43572693183
4.03312081324
4.50044453096
4.30011255129
4.29960999525
4.59952456733
4.51671042411
4.34092012097
4.53726690767
4.28954434898
4.51177736687
4.26772959265
4.69410979009
4.65929343476
4.76324559244
4.33224867972
4.22110673486
4.50474494201
4.73755997303
4.47290444703
4.56927748243
4.75759968638
3.98330965693
4.29904967403
3.77027251278
4.15666875141
4.1681965354
4.60102875894
4.49954189943
4.57304163631
4.1752088233
4.54398475958
4.57164553599
4.48503689041
4.6906119703
4.34681504675
4.33596103951
4.53883054247
4.56470862073
4.77598522472
4.07677611673
4.4818060352
4.34064355633
4.61717641301
4.70005616985
4.65580476918
4.20216207328
4.25195629036
3.70676136291
4.1300832861
4.52146575949
4.60992947316
4.31730184552
4.62436655441
4.5511096327
4.6110140747
4.15299818181
4.41958826509
4.47673943012
4.17973603673
4.12991064513
4.18236542015
4.11989282326
3.01291964658
4.05847041196
4.67324037726
4.69991424789
4.61025564719
3.89992130568
4.44537137744
4.30437138235
4.43146632401
4.36374626393
4.41140126178
4.6588372958
4.50106882837
4.60750138108
4.21115622398
4.23613993931
4.08205103705
4.35951289921
4.47468318556
4.36079759548
4.300048361
4.04479559911
4.62862610845
3.72517550535
4.80053081428
4.19744170399
4.38586918266
4.42772794745
4.13767041406
4.59297332572
4.44267842062
4.13426351152
4.70196095099
4.14989013772
4.50466916317
4.20353543619
4.75232027014
4.29288245583
4.13335456369
4.44644869352
4.52114996189
0.0753728284605
3.92677757539
4.49535024794
4.34931385437
4.49256847529
4.54034203372
4.69954348747
3.4996870832
4.69015064199
4.41534151301
4.53506719088
4.11200883945
4.40057264808
4.68512678264
4.46171765981
4.68437427864
4.75555339002
4.65006659954
4.45548027246
4.09960278857
4.4535756055
3.81655307721
4.55261205023
4.33891705671
4.10710526141
4.47284606682
4.14563202679
4.212255842
3.72702330783
4.82093554647
4.42675961614
4.79228291312
4.31232665449
4.1904694406
4.70416419394
4.53592234428
4.19974448099
4.69943166725
4.51481153287
5
4.20768020083
4.14521478571
4.29753249035
4.3588989453
3.71444154153
4.90018054892
3.8559029628
4.50002564134
4.52652264999
4.2524608072
4.67596039637
4.67296398122
4.54020967003
4.46630291842
4.69968997643
4.72975958772
4.30951625316
4.89238510881
4.64317159924
3.91185193556
4.16361821236
4.90017856778
4.43057625632
3.83855619096
4.27228503155
3.87553922644
4.52497046979
4.51663499488
4.75852323777
3.78136416199
4.41357241675
4.03235485168
4.39428363494
4.30013541842
4.39265017753
5
4.11530962198
4.60764219736
4.47356082153
4.29972781937
4.31357873433
4.74719276091
4.72823701154
4.61585204942
4.7831662389
4.32571244336
4.46228502854
4.50021575622
4.28664760318
4.93599377612
5
4.26413693802
4.84695744676
4.40840978893
4.59416776804
4.50941306639
4.58300943266
4.10189109235
4.14607943418
4.49950362856
4.26161675042
4.57192797421
3.89750438902
4.58822901537
4.17025382904
4.65385627076
4.3450797042
4.55508952815
4.52382159452
4.69622021966
4.10003101816
4.78355467116
4.59976949861
4.43739805133
4.45005364596
4.52540123213
3.76361097756
4.63835649157
4.07271800409
4.86928612405
4.48527847023
4.5141651102
4.55957229227
4.55064531513
4.26392497625
3.73407575944
4.42757551168
4.80961567311
4.36105911116
4.40456860966
4.27371507302
4.26684011667
4.09981612056
4.49234239225
4.45176195916
4.17622048551
4.18888876284
4.78004032764
4.49932137545
4.61096547617
4.49976435524
4.89994439445
4.4741425176
4.41680073849
4.26472289779
4.87921127623
4.31904854348
4.90577593532
4.00311122652
4.28545454395
4.33118226047
4.3217089506
4.30211819961
3.86739516982
4.30463007231
3.60012994806
4.08568557837
3.97220812241
4.36452850295
0.0800361671142
4.51322582713
4.250790199
4.10171738783
4.26965595478
4.79855031075
4.41827621277
4.46933748272
4.49817555129
4.84127896487
4.90020690519
4.11943754204
4.03875724694
4.69589275601
5
4.73260975553
4.33539971599
4.49486302355
4.61862997698
4.48102322652
4.68600390659
4.00662304099
4.57291918384
3.90002109159
4.90021581479
4.35634984863
4.41995821778
4.44934401104
4.42466676116
4.782922583
4.35535315313
4.68207351799
5
4.766870557
4.21346465291
