3.26168276883
3.06239437108
3.26055269538
3.47140476355
1.96008024756
1.73300793217
3.57439082634
3.8635857738
3.34690409305
2.89420316903
3.99387213095
4.24106659868
4.13669206949
4.22421024569
4.3974092936
3.58167610237
4.54398402985
3.1385040996
3.16264109514
4.01595660899
3.27771497977
2.51594688495
3.19169246789
1.07235749832
2.9944700591
4.11216844063
3.2664635744
3.10807699106
3.38891676029
3.21565382258
3.19602762156
3.43120519597
3.40502593593
4.54969716643
2.16361618413
3.00531337067
2.63455668358
3.45280647772
3.36826898056
3.09176785397
4.21585551757
1.48702646056
3.23839179366
3.24078391484
3.92248772405
3.57718150253
3.80020725349
3.16848338075
3.84273460981
3.54752076165
4.31076113568
3.15010056095
3.71027677719
3.29940658305
3.5064176009
3.02974234119
3.20792158947
3.04432784116
2.80320584816
2.91295252678
3.66257319839
3.37189741864
3.48896169318
2.86832786569
2.90924014676
4.12682036232
4.09101139703
2.95087049877
3.63384370363
3.84432494613
4.3522912468
2.99090685255
3.34775455203
3.24923942117
3.65006797
4.5718597211
3.75517063125
2.84757180783
2.40022599355
3.58953063851
4.33760838691
3.11202210569
3.11127577585
3.3854699945
3.62533651275
3.33901644541
2.98159474707
3.40464523105
2.5474202357
3.57350128168
4.37534793949
3.62785346068
3.51777489306
3.57460226138
3.17271188915
3.24510834636
2.66550235934
3.5620987926
3.84607148007
4.28104698895
2.63500852623
3.24516937505
4.0170170095
2.93035737044
4.27487025306
3.33267463609
3.28341567592
2.86265405553
3.46601362223
4.00045528345
4.20995016187
4.57487561111
3.31861518922
2.84496312327
2.88969319406
3.56025352576
3.75493778107
3.01409250879
2.50807462268
3.727814552
1.55816543887
3.89163556302
3.09055967087
3.16074810169
3.4821383783
2.88045527403
2.60008628173
3.67134334062
4.05909319281
2.72839533175
3.65736502135
4.08977282004
3.87795859961
4.59580269774
3.23626560808
3.13734741266
3.47379092479
2.99143499508
3.3267239957
1.84054062461
2.82941635916
3.35696589903
2.53942479452
3.79346537954
3.08611019663
2.68932362298
4.06538906416
3.7256713504
2.04714217195
3.58886513394
4.12836807202
4.02921810602
4.10951651095
4.48801879197
3.9085725264
2.73323518098
3.03411320825
3.15667611832
3.16531201181
3.10273251358
3.36618061911
3.04314692408
3.02756758083
3.53687672839
2.78164792778
3.72218042075
3.40048117751
3.16933435427
3.23663147709
3.14125107977
4.40071554738
2.90396101638
3.17729234911
3.3744236181
3.45257131783
3.37932111228
2.71822965202
3.70766298772
2.6372967451
4.05668332515
3.72403126269
2.52346103636
3.93402030874
3.96419828327
0.749306660406
3.67644845485
3.6916560972
3.3764070876
2.85087918712
1.84935560892
2.36265528402
3.78854963878
3.70559741629
2.17398730129
3.80077232372
1.71717506898
4.47705642169
1.93897119289
4.03117340706
3.2766301537
3.48299311671
4.42347502634
3.32798353423
2.8301434377
2.99877330159
2.65034216218
4.15815281613
3.59505189386
2.99109785638
3.94098537861
3.02769206293
3.587579114
3.36692696094
4.09116187495
1.51761523518
3.3137493664
3.71144044405
3.54731745351
3.23432471477
3.60333132613
4.01294104855
3.65448867547
3.03222514129
3.49234004551
3.9282801611
2.5765905741
3.26589777192
4.03165525495
1.51864587206
4.14345661941
3.10583923687
4.05962935096
3.71072293999
3.52531978797
2.62230011754
2.46968799099
2.57251178614
4.59560061284
3.14108524719
4.66550976315
2.84948337356
2.88812109133
3.34960521373
4.01207451084
3.8685933686
3.20280771391
3.39648695253
3.0947740589
3.58342845574
4.02492276046
3.42605912912
4.53485969356
3.63547163475
2.53771487405
3.88359089403
3.5232104141
3.76197742379
3.18204654581
3.62023854022
3.75060065726
3.11938670556
3.5393802789
3.07373906594
3.25766312427
3.42984089947
4.19463793471
3.59897541678
3.64243111608
3.40010876767
3.94572929473
3.17504064699
4.08773509471
1.12804462804
3.81030343887
3.80535935598
2.60295807863
3.66866019289
2.8242471059
3.73395058519
3.77783636538
3.80014133367
3.22546576462
3.1499142729
2.65282061075
4.08660665095
4.04439436546
3.6659197448
3.23144031834
3.58372768546
3.52108879425
2.93299638651
3.3388870324
2.91183809145
3.09891588925
3.50413388957
4.04657205962
2.53531874759
3.60084829918
2.87496208181
3.61675426468
3.09318297753
2.81330514439
3.17159207986
3.34758071016
3.07311204432
2.85159510707
3.67970522896
3.12553524164
3.70911073053
3.39811941687
4.69966537943
3.63161763401
3.49139613556
3.32984212826
3.30571594001
4.00234646679
4.12927516734
3.818995303
2.92583289469
2.56595221896
3.40281338763
2.81938900723
3.43220498948
3.2000592809
3.11982817158
3.46626288699
2.1487148942
3.41298775055
2.90288593124
3.40611281533
3.47878801973
3.55401821696
3.0960308805
2.60027856369
3.65947262455
0.87245800262
0.701312679057
2.59961807066
3.68213612307
3.18432762278
3.86740587509
3.8538733121
2.75092015391
2.68200977659
2.85168434917
3.47100909138
2.55075564427
3.28916250226
3.07189099252
3.40384266822
4.48635643712
2.58818236022
3.02225057275
3.34729285111
2.83088711441
3.90154449097
2.43035336479
3.649203456
3.56598386646
4.24698108558
3.3699429267
3.28779091413
3.7319976189
3.40835112043
3.1930076829
3.12100410652
3.47502871476
3.64168673357
3.60652240579
3.98696531463
3.25821428525
4.07030462508
3.39033041812
4.4386630515
3.04089797858
3.33354247856
2.83935917486
3.9192434746
4.39866261246
3.44912294915
3.05863288991
3.40389971622
3.1180545611
1.79991724456
3.59990686248
2.43513657435
2.13963507488
2.83548534984
4.68067223457
2.70379370036
3.82631391851
4.14094231876
2.03624951684
3.07985950457
3.43856769829
2.69893316068
3.50379154974
1.97723516004
3.73579618824
3.65972173508
3.526106014
1.39533758987
1.98659882555
2.63576647653
3.65044271176
3.84109354359
3.44763241393
1.99367231677
3.1650896666
3.71393903214
3.80131160306
3.72889360895
4.47324703873
3.42923379862
3.0956468438
2.90225671832
3.40296524416
4.31132786138
3.49714500423
3.6358837169
3.96374563683
0.922237015889
2.16920744758
3.08131335604
4.12373500883
4.51181206025
3.90757413985
2.94643108784
3.84086093912
3.19174648966
3.58298694287
3.21404940652
3.41730225951
3.77635081398
3.50490972383
4.53023913255
3.06005828828
3.19755902045
3.57457774361
3.77563384279
3.16380968515
4.02364347304
3.82162324302
2.32727345289
2.94259150073
3.01681995534
3.86512276576
0.808292694579
2.97453412229
4.33719845685
4.17586758688
3.99663691632
3.39355551267
3.97942606731
2.44862272747
3.22260130879
3.54528410644
3.26443284644
2.83963554907
4.27299655797
3.66468133683
3.05726734048
3.49650166496
4.09011346557
2.65566836
4.21996719441
2.53807829368
3.600024617
2.85081939479
3.55649134021
3.59293970254
1.86996221413
2.43541410225
3.97050839123
3.39976899601
1.20085078987
3.90836606298
3.42972116951
3.54461540263
2.76148166423
2.7834812628
1.79935195254
3.05691590656
2.93432317284
2.99709365217
3.548014654
3.58142106779
3.79185521114
3.60755156185
3.71168041814
3.19403047476
3.01806140618
2.51801305303
2.87943351788
1.97877552913
3.55658587806
3.52195627054
3.94053266928
2.81874151596
2.78493138968
3.94895677207
3.84101052288
3.84659490438
2.68552870891
3.79094211456
3.77925850563
2.7558710438
3.46610104529
3.95111386906
3.44102839792
3.16531409479
3.90216454821
2.03351797952
3.38545430295
3.38576798387
4.13026150667
1.40054909356
3.18034231725
3.30672617092
3.14930414916
3.42629672447
2.60124965919
3.4560223047
2.40009921707
3.39253732273
3.06151143519
3.21823612105
2.83944931802
3.00173303965
3.14851698506
0.907392293249
3.99852880297
3.28179791661
4.23290855545
3.17751602973
3.41425518462
3.54089526942
3.86381834901
3.49200385035
4.00331452136
1.75251741252
3.09836677585
3.49869265233
3.62626765414
2.60953639967
3.00036365323
3.42792940481
2.73644771216
3.76353378625
3.19906915098
3.74533865857
4.41797334964
4.39908203363
3.74111246148
3.7692523677
3.23489124011
3.38294077704
3.64064922697
3.26789100969
4.01705967749
3.97682415238
3.83807259634
3.34921297129
3.14554276402
3.86447600861
4.17523961879
3.57065460948
4.43988708117
3.00887364446
3.5431621993
3.21903138909
3.44243202496
2.75439963127
3.5218489385
3.71152415263
3.264485152
1.98099267573
3.25898981515
3.84360580029
4.00177214896
2.53821439223
2.86343509317
3.31556630264
2.00083267588
3.04027554696
3.72867343732
4.22874713889
3.74346330401
3.33439992849
2.73774934292
3.67121034668
2.918093035
3.5907909945
3.59289376217
2.90630630883
3.29117992277
2.36165198327
2.98188541491
4.48100776169
3.72956609292
3.74370038603
3.26373580115
3.46987513022
3.54200965971
3.8802864202
3.76507042424
3.94197701413
3.63733954717
3.00443123335
3.83382793786
2.6405616298
2.91251625285
3.84220243554
4.50418075272
2.82388502348
3.13551499698
2.71189072175
3.91011073576
3.16453941606
3.42733130747
3.81042393167
3.84233451997
1.13637352919
3.63914614483
3.39567630543
3.34997139154
3.73764529361
3.80333883619
2.92225181333
2.72054284946
3.24229793478
2.72592730927
2.76266903702
3.60420579792
3.05148777062
2.1283932765
2.34175107961
3.53165549647
3.87862593995
3.35967788926
4.24002969743
1.50873763774
1.90523535213
1.26631634704
4.04088425335
3.96900436721
4.45455246004
3.46001323321
3.27603893746
4.68772523046
2.46549151209
3.88060970266
1.47141295533
3.41182587351
3.86331230804
3.23118918946
4.01147105828
3.86218066833
2.88512149319
3.70648978945
3.14083009597
3.8508274076
3.03941499787
2.88770577015
3.76169751885
2.80507360597
3.47145548305
3.41784144208
3.78448499693
3.34144821259
4.299553931
3.32975623906
4.16601501361
1.24385690995
3.31309443908
3.30033716577
3.43810785378
2.89135999626
3.82665358224
3.65969874987
2.18183993306
3.72697510442
3.31861655988
3.90806395176
3.74272748869
2.49535421393
3.939892615
3.76227994179
2.15015775089
1.41966997357
4.18883643477
1.17653384186
3.43000491535
4.24900018074
3.34347322034
3.74351041132
3.31871295423
2.89258248461
2.41660680625
2.79323655176
3.20029025293
4.40037844664
3.90574848254
4.29493271561
2.12475817687
3.56102325726
3.13347692247
2.4184976311
3.69222236882
3.34783263242
4.01502249102
0.81982618691
4.5561656622
3.98948562243
4.23468259632
3.07489873437
3.10817413499
3.81748057861
2.96596638044
3.4002962952
4.07043714636
4.05242947234
2.83168193517
3.41666086976
4.03101859004
3.25076293319
3.25248269811
4.45379748917
2.95934633655
3.10626867285
3.97589475445
4.26029733253
3.9076219137
2.92109540193
3.41040196646
2.33858392501
4.15500350858
2.79777051539
1.6424891551
3.78068871065
2.81480191651
3.96009485438
3.4587234136
3.41143985092
3.2154986001
3.18426522951
3.97553253309
2.6383504247
3.15991681335
3.82384136945
