3.24531021677
4.74971086642
1.46396152156
2.14389403489
3.92293283098
3.2104742057
4.02894815174
3.21610015945
3.69769253575
2.59679154152
4.55500961226
1.86636036197
4.74968188459
3.75824582546
3.18284701433
2.90208767057
4.7760908079
2.92788281042
4.7760908079
3.13534024898
3.35830143684
2.84186388514
4.11789533429
4.7500839631
4.19762571841
2.08289841337
4.72791231583
4.32315163151
4.81676665316
1.76279505209
3.05003413904
2.91770514752
2.4893609771
3.05003413904
4.64842126413
3.93963021438
2.81554503808
3.98694718889
4.8019631817
4.78451466398
4.6714329849
2.00250626896
3.49674065366
2.10154338907
2.10154338907
2.10154338907
2.403153267
2.403153267
2.10154338907
2.10154338907
3.38580630203
3.51390525096
3.83137334229
4.64061622918
4.7725214059
3.52520283476
2.43689534219
3.23338815971
2.66009715226
2.78709104809
2.40806895542
3.96554814613
4.8100593946
4.76830212813
2.25364248439
1.54752447666
2.63143244628
4.8067897642
3.63398960194
3.94504246689
2.2692308281
1.01661084701
4.76833689339
4.56482278065
0.914542120851
1.83201594357
4.28786069615
4.05654691968
4.75010845936
2.30414085948
3.01527504355
2.85024186572
3.52231690321
2.92863468628
1.43915754773
4.2687678657
2.6828717161
4.79783822795
3.32311933302
3.14414986684
3.43895725377
2.18954958845
3.23296128602
2.31855242715
3.61708693022
3.22020594544
2.51389806637
4.62633581001
3.50527813785
2.37387409905
1.03852443997
2.23410095531
2.17919972568
4.15034208138
1.50173739653
2.23839897724
2.22093925474
3.11827500664
2.70653613093
2.74944926693
2.29536893091
2.95913194973
2.59601433655
3.00913828192
2.36031597716
4.06058481812
4.52192669791
3.86442004359
2.68375151482
2.53528185461
1.00736527516
1.08038662263
0.0832477578885
1.50014939235
1.71468985992
1.22528343822
1.71468985992
4.09903682814
1.32203969569
1.97615897791
1.14969031303
1.32203969569
3.63601199246
3.63587140533
2.32799987782
4.1014617125
2.35292651721
2.10790069459
1.97480331895
2.17988354985
1.95429283836
2.43719024351
0.509576490061
3.28526666817
3.75013969344
3.15121340379
3.87258357174
3.12103274484
3.44746855649
3.87258357174
2.77180776992
4.50026102316
0.97453119747
0.323354068117
2.29928932078
2.89596839262
4.62702379636
4.2478850722
2.3458043446
2.05510635074
2.05510635074
2.43468893155
0.538470369804
3.34141149476
2.42900718356
1.35010747742
3.2878967863
3.370644694
3.53003054793
0.520137374704
3.78422860639
3.07689497554
3.18053527871
2.56509479366
3.62614526677
4.81302061023
2.78020272162
1.05987838226
3.79900813565
2.69056275473
1.12558811776
0.654412828013
1.14295480494
2.15556005977
2.2838985024
2.31588192735
1.14833084332
1.14833084332
0.354684903683
1.29483989175
3.25037612413
3.89356498909
3.7919318807
2.64838918523
2.66998199724
4.89159891178
0.102086100186
2.950301767
3.16830475496
0.128531041807
0.983127504822
3.41663372475
3.43731531792
4.39608061605
4.86068008227
3.17506590809
2.38446687745
2.24989947492
3.30487207529
1.34260408455
2.98794888518
2.82583850343
1.91688537212
2.37909990765
4.75000432903
1.32238391811
4.61829638945
2.80609140298
2.91961950192
0.899816279269
3.86629344627
3.61455434659
3.67401469
4.10469526185
3.43780737697
3.76906633646
3.46641847949
3.06054967813
3.47326022503
3.31671508274
3.53359803363
4.07901845855
4.38600301865
1.78445732747
2.06304232724
0.685063892756
1.9785046897
3.98095224545
3.09106795972
3.2785052519
2.90638842654
3.62416331117
3.13312661539
3.6151584957
3.70211281533
0.573005151922
2.00595286367
1.69007296558
3.20365945734
3.47967297865
0.431449380784
4.07780335929
2.13716315907
2.35654068687
2.45568580576
2.82585875634
2.26826201941
1.49574553685
2.39758488428
2.76567793855
0.832753794165
3.39723355097
3.00026416744
0.911073543844
1.02109270406
0.787641294063
1.75018914609
0.489350938673
3.81281546747
3.33331105085
3.89332150667
3.50761264333
0.847111281351
2.54122206574
3.22885972773
0.650678687094
4.04323774738
1.65051634396
0.619995199626
4.14187957599
3.79236078432
3.17912491132
3.14849255497
2.31298125773
1.6477715451
3.49990645937
3.73543092457
1.85019096702
2.40176249007
2.52334138545
2.65164780169
0.743787528675
0.979750619845
0.828843836074
1.51015894959
3.29490666679
2.96947458948
3.71097441793
2.04469670745
0.165474013621
1.9446920317
3.26032146859
3.26757438857
2.74819197095
2.42329507205
3.70429128087
2.32550131798
0.56492377445
0.758690465849
1.81832688444
0.346081858404
3.2464229432
1.17110976933
3.911496664
0.769527327964
0.262972778155
3.96196959056
4.10980128319
3.15933586263
2.24032509787
0.3454712495
2.97792747147
3.15265120702
0.881877613589
0.688423915202
0.230741436361
0.230741436361
0.582500541032
0.713125231276
1.02702714395
0.165662611681
0.339857950164
1.74818144767
1.57709711691
2.54941640713
2.65260891894
3.23534913954
2.14201918933
4.62719860728
2.12267191578
0.599588387192
1.52089576451
2.20747132121
1.80720679582
2.99974455255
4.0575038348
3.8440632417
0.411910732689
0.449050130928
0.916114618021
0.740273869503
3.084652106
0.453833759266
2.69533130751
1.23438810324
0.680982139605
0.265567081906
0.616576664344
0.834662589148
2.94255701536
3.81123428421
3.26291246349
4.07986989669
1.90658012477
1.763229535
0.169835363472
0.105134927961
2.83915834036
0.075028028234
3.08725380266
0.444649780713
0.646596802159
0.182170250918
0.107338279946
2.96499420897
1.63214879271
2.78394261571
0.581023978722
0.263510048438
1.43087163264
1.76416502915
3.54300866868
0.479184498876
0.566031048522
0.135399537263
1.31398464285
3.2083845196
2.75146288607
3.56910796661
3.54195803685
0.559350007963
0.277854560237
0.888676915277
3.21073052251
0.580817660942
0.355225653575
0.893057787109
3.53169346467
3.66112986694
2.54178271355
3.25974501719
2.87429532351
3.41339903743
1.04965991712
3.03367555402
3.20617204825
0.753137534399
2.26002325223
3.0417884615
3.8296009233
2.6842661309
2.70696943079
3.1804216761
2.86309491446
2.58292341507
2.91692100957
3.24481367822
1.52704864879
3.51641695604
1.57725638179
2.75710706474
0.630393670027
0.550197703186
1.00595563588
0.132774005839
0.585460839389
0.994363211678
0.0309067049903
0.35474035143
3.60608527998
3.0990341672
3.38367498208
3.63828684495
2.49440964898
1.00865450904
2.44373501954
4.38795785985
3.77436058832
2.90062262434
1.85806737054
2.74337531149
0.138142268239
0.353417259636
0.551467801372
3.08625499823
1.06062107686
1.69647757444
0.124262493397
0.105548828542
0.120421467351
0.253901399528
3.95698398558
0.0671018271687
1.83660270544
0.631372853376
3.42951557299
3.02217584632
2.77537913065
2.79760951914
3.82242843253
3.4035341105
2.59975830385
1.71114573922
0.478359464116
0.923510565823
0.649561606322
1.26493361554
0.499847781646
2.63956526186
0.450992524679
2.31198287126
0.430546190981
0.202564973376
1.67576109701
0.781053137672
3.37525440663
0.217371025713
0.858570401658
0.386822479988
0.198761360618
3.05942217704
2.97241572538
0.149771685711
2.03619493723
2.20991989292
2.30115274872
1.71123383948
3.94962487145
0.300935167166
0.779932319063
0.682421098686
0.0815124540443
2.57413937641
0.120584602111
0.994902515309
0.792751052127
2.22365433589
3.37356117417
2.99511200012
4.28003722066
0.408161688701
1.73182027013
3.63818968652
2.36431947017
3.20907420324
0.632870699605
0.73868323837
3.4344910338
2.78053762052
0.673416851178
0.16756649044
0.784579705781
2.79455871831
2.50081249179
3.25004082265
0.582598315182
3.74986869612
0.164606084083
0.636054038512
0.250019843983
0.247128669057
1.36813501756
0.892035186874
0.437623011037
1.22355684034
4.24978003299
0.377644086708
2.90773161687
1.84682783168
3.50033682188
1.50715831189
1.28126934052
0.468183525695
0.508960134139
1.33123081241
0.532788655756
0.499046254274
0.54563504032
1.10505798406
2.79619641926
0.579275593382
0.0203251323626
0.431390233068
0
0.506025846337
0.107042162518
2.93406189969
0.0639898849253
3.51053085405
0.32921948172
0.806993755752
1.17486278392
2.2989884652
0.0837516030496
3.10545869551
3.85528415892
0.8454435549
1.36717861055
0.642267398514
0.165125287315
0.579575791666
3.23440841242
1.20863960523
4.16495086726
0.928155524893
2.70642278756
1.00171201359
1.19012162488
3.09258133944
1.52433478918
4.46014373316
0
1.04595991124
2.07489865662
3.70265566762
1.6560440612
2.70810887833
3.17161343162
3.89693142998
0.786252240455
1.64146693543
2.9853701137
1.10931120372
0.525705164687
3.44509195713
2.9454753246
2.34786114154
1.95946520751
0.0501691904057
2.6683843638
0.634727111103
3.56283913229
2.29508333624
0.0793746730514
0
2.27651027873
3.06803054834
2.24235187783
2.11456401285
1.86096662778
0.177602465602
1.10594384933
0.793076059518
0.0289510847211
3.36715189777
1.89748120104
0.624540940434
2.05645954835
2.78413148462
0.0822764517722
0.249860463295
3.22461616652
0.727857670008
0.226516786405
0.109021206248
0.134012950228
0.55838578506
0.135465548487
0.294317112272
1.75727463332
0.942094250078
4.90427630794
0.277293814921
0.405942954058
0.650028463333
0.250401570851
0.0877339801359
0.968934143583
0.469132155912
3.24992001549
1.96268286779
1.76463880956
2.67887483349
0.0906472148652
0.156083474804
0.179925109908
2.76113116248
0.203916926504
0
0.680218074051
0.074523248389
3.61720530893
1.27486417228
1.47836790763
0.602046569914
0.201802772828
0.10472262295
3.50010414915
0.249870030806
0.0993600507541
1.22460447506
0.590160259867
1.9430800812
2.89872774253
2.34595452977
2.73554257334
0.316291887405
1.75750847383
0
0.1814041696
2.71009695366
0.479925492292
0.53040056156
3.01994664951
3.04254151932
0.250340715511
2.39750326841
0.609423907296
0.109227293213
1.37024645647
3.04601405988
3.20141982511
0.775521962857
2.34804132409
2.65875032807
4.63889879741
1.62771422174
1.00784506924
2.21416194575
1.82526394063
0.853126810142
0.0117469795511
3.103287336
0.0596867134927
1.15349009501
0.474416184469
0.249787517236
0.499972405067
1.57120293034
0.355074917764
1.5415502913
2.34282418487
0.671839424306
3.15174515114
2.38131394715
0.0707938538691
0.313770262254
2.67758216289
1.91191730922
0.483115715531
1.75979609333
2.86050498278
2.58109040569
2.21280352932
0
3.13644587854
2.89983251318
1.80753707365
0.639904573351
1.61598067064
2.76419088657
0.960064901784
0.552379523749
0.0358988031458
1.70455840856
1.25003402729
0.361792410148
0.0564305705692
1.45089352283
0.371738438112
0.225898703206
0.0788741805177
2.34048386743
0.334040460045
0.515940359003
1.74541303309
2.4392844399
0.393339145418
0.425921762982
0.0946893385729
1.61170054328
1.28934571515
1.17433848214
0.147122377631
0.305562769357
0.335724077458
3.00022535067
2.68090727038
3.15006601312
2.07634408216
1.28389376622
0.241569584642
0.756521336482
0.220667122693
0.698202541456
0.0266808982717
0.525589600992
0.202364607289
0.539998139775
0.879211432038
