4.54223207665
4.42646724568
4.4537818353
4.68586424648
3.74983294972
4.5496274421
4.30990905341
4.37969207696
4.39164782125
4.69461970318
4.50644100079
4.26791679743
4.49754586666
4.75191471464
4.25016710928
4.475030637
3.8160186392
4.70244713555
4.39858423491
4.34090224646
4.39172978058
3.96742856397
4.55167526415
4.02277755003
4.74967501904
4.13452423512
3.77037128132
4.10044582388
4.55274430662
4.43722692416
4.26035241243
4.24013201149
4.47349350898
4.30546347918
4.35266152817
4.54010380495
4.28296420835
4.7303486727
4.2501642909
4.4104514999
4.42031152301
4.64364877908
4.80049402949
4.19158070467
4.58508899541
4.31073996844
4.8015227044
4.18327912121
4.65741633399
4.57281545641
4.5564529925
4.72155542825
4.09994585904
4.59123818906
4.3905314551
4.673866645
4.09131412836
3.80109824456
4.18687256178
4.25601998402
4.02810189163
4.62082059792
4.40599818781
4.39342598168
4.76220290232
4.55999908529
4.33986040444
4.30053318083
4.3927496422
4.69075663191
4.69032542801
4.47968155458
4.40074802383
3.66282264916
4.55073256466
4.48510554135
4.19060010149
4.29647135822
4.2076862973
4.72815958845
4.50268613952
4.5505194808
4.53141330163
4.53282528772
3.88295541402
4.8631466035
4.51830516174
4.33978924811
4.64041766668
4.72818021537
4.04885611316
4.31434828212
1.61671641149
4.03998358735
3.97886644693
4.8015227044
4.48115698832
4.33426513529
4.74999708036
4.69874875197
3.98019434893
4.29057811056
4.30284632247
4.58912189303
4.7651519676
4.97026489696
4.37972271425
4.12424350833
4.39023799635
4.7498433484
4.36885789932
3.91879196076
4.57024943314
4.38201563704
4.66108643092
4.14993226478
4.5955144779
4.64747456516
4.48465906158
3.6199591166
3.15136109077
4.13220347063
4.26295555819
4.08221727543
4.65617446465
3.88580171301
4.37407444554
4.54935635808
4.35028505637
4.26653352444
4.48743791934
4.47017124309
4.24478616496
4.29617388069
4.05168266753
4.1546386972
4.39475268324
4.39017435364
4.12818799148
4.3499847653
4.564089638
4.40610343294
4.39332785622
4.41439937978
4.51837418449
4.82424176815
4.26464914604
4.90017125323
4.71149756879
3.81766732771
4.63381362032
0.236338978385
4.3796526763
4.9453789129
4.46610370465
4.61848160511
4.34575970128
4.90690323763
4.4686816959
4.02510986617
4.55608345374
4.42104381234
4.81696139995
4.71205385736
4.15310709639
4.16956674905
3.6501357544
4.59418346238
4.70025635346
4.29610760038
3.46035450348
0.250269999991
4.73721042524
4.75132607182
4.74842041359
4.64633066192
3.54341888809
3.8679386605
4.59467170214
4.72048069954
4.57234143065
4.55545122205
4.27505646084
4.77586738667
4.14974163734
3.98313828282
4.34973947877
4.78171206713
4.47366553617
4.29121617453
3.78833244383
4.40280707066
4.64022834988
4.33295751602
4.54843704031
4.57325840905
4.88301110377
4.54964259751
4.61772116924
4.54466021775
4.15449455804
3.85024580995
4.54966463067
4.33861440774
4.75015434831
4.38940863137
4.6008765621
4.62262597295
4.22285675282
4.32350177775
3.99399650326
4.76812734437
4.67286854181
4.38578785689
4.25002950012
4.79888368968
4.56274000016
4.23502068304
4.3913160458
4.38266805993
3.95535470858
4.4703333731
4.43478637515
4.27960252567
4.38236528959
4.6432998925
4.68433446944
4.8015227044
4.58153821476
4.2928468587
4.37097208914
4.810251319
4.41468484906
4.49992493402
4.01509261276
4.23081107688
0.266334359962
4.64875392107
4.66718731157
4.65314986011
4.89970506518
4.56526711414
4.77404510356
4.12786471516
4.30194482177
4.67810503045
4.74311381855
4.68440812552
4.59861463468
4.79080623682
4.36001257884
4.74281597302
4.55012742469
4.61277974309
4.47019965835
4.8015227044
4.2874723051
4.66345601029
4.36544703943
4.73238301982
4.58188420682
4.38601541378
4.49793153823
3.82157597719
4.2411175395
4.28621864642
4.29043113087
4.68288246673
4.30433617493
3.44970981681
4.55941639171
3.75038121
4.25114084696
4.56386988391
4.34174045254
4.49269521337
4.23294993709
3.95032171518
4.40674103625
4.84115589895
4.3975181005
3.77211797695
4.58819303833
4.75237068721
4.47301101137
4.8498007677
4.66416837274
4.61878563345
4.86603819857
4.10961964331
4.86056486215
4.07101504291
4.0547424678
3.93688328652
3.92207931428
0.247907885969
4.77061608687
4.53683813529
3.99343056499
4.26017787322
4.27137219398
3.90421013674
3.19293356944
4.56637829002
4.36767286002
4.75028949218
3.92253105237
4.47497061567
4.58397698102
4.8015227044
4.51265665013
4.55399502844
4.31433270802
4.25018098906
4.74872080334
4.61905442989
4.39147632761
4.74564988449
4.3126612782
4.10848817546
4.65954782255
4.27323635958
4.83562641067
3.63654582205
4.28541503172
4.71778836468
4.38366847203
4.64965901376
4.14558103326
4.17201760583
4.34587591514
4.50288960217
4.08207791332
4.27656137564
0.2379655419
3.05006822652
4.45854315755
4.21021299304
4.32352034893
3.95690637456
4.05479749279
4.25345943332
4.03569830068
4.60179119494
4.392807531
4.76095182116
4.55005330975
4.60308753409
3.89756185797
4.37928561813
4.52925075462
4.42918204398
4.24661815105
4.39376643901
3.7494349646
4.39113183892
4.46767043546
4.90692648584
4.20888838962
4.58021321559
4.5219438513
4.45383813747
4.47941021839
4.38511605787
4.26358744992
4.4374972483
4.16182771407
4.68564325284
3.85005556232
4.48811378908
4.77826115097
4.6026770874
4.28109647559
3.6261691657
4.43059399211
4.50934674463
4.53957013795
4.46823471581
4.69875531492
4.25198562136
4.20673039178
4.58599204588
4.2759262186
4.38081020641
3.87701253838
4.82454582255
4.50306782245
4.33636383045
4.39324563435
4.58772361533
4.2095541389
3.89445263125
4.65098978505
4.14141236215
4.69665255542
3.99648134803
3.87853721245
4.68947903937
3.43995844827
4.46849368123
4.01494087599
4.26872334983
4.63689346374
4.69049211937
4.62281894556
4.39082802748
4.36804116695
4.40815921844
4.57035053657
4.244201761
4.32321459711
4.67956336045
4.75664894293
4.19878833031
4.49643581743
4.60926083001
4.38212887712
4.59121930534
4.5903367395
4.40921169207
3.4608165816
3.66254249439
4.30020886896
4.56621171123
4.07636072018
4.69851601101
4.59034813196
4.87732061524
4.40972893066
3.60480664916
4.24992701689
4.65822505822
4.22617197636
4.45028591122
3.91854155177
4.46027149711
4.39802558366
4.11313327389
4.47657065918
4.28541506307
4.18275694069
4.49760863615
4.4935362828
4.25374349027
4.47096537419
4.34088940619
4.43373330844
4.29664269292
4.63158966935
4.61187122061
4.76370754944
4.34624487825
4.27996446626
4.44183824955
4.61569775936
4.27403017891
4.50938135879
4.79170549913
3.97776631599
4.18210603539
3.8494664211
4.23377439401
4.1381817302
4.54192997101
4.56913729619
4.55353161226
4.17310578575
4.56548901006
4.56661138667
4.30845051787
4.65007463797
4.36998652204
4.42374317506
4.54593064609
4.46531673815
4.74552398432
4.12520910396
4.46250783883
4.44017777358
4.58068529198
4.71384142712
4.6094323507
4.19960775891
4.29024044552
3.84999706221
3.99250415086
4.50663086786
4.56641857934
4.34997316199
4.58830495324
4.5497597282
4.5010172824
4.34998676862
4.44205381025
4.35794237423
4.13960220666
4.15168140031
4.20328684364
4.11767695268
3.08163944659
3.97028960032
4.55791069289
4.68432699491
4.57197560578
3.89705769933
4.42581805885
4.20915260547
4.34437418087
4.37679923599
4.35716800835
4.65868711404
4.4731387985
4.60012432809
4.21776939081
4.12709763071
4.05392146901
4.28962696075
4.44753014229
4.34366924784
4.19435694428
4.10262033655
4.64235003512
3.74711904685
4.73257342816
4.09782691358
4.38829734583
4.50606684485
4.06481346624
4.51143259078
4.42597577349
4.33081565525
4.72338860897
4.26333424906
4.33828995925
4.16506050857
4.749923419
4.24692780873
4.1993017607
4.45020219887
4.49849847534
0.24687717849
3.87224190191
4.49340669802
4.36093082305
4.43464640343
4.54961033542
4.65354811913
3.66887849425
4.61278342931
4.32457729137
4.47997675613
4.17541110089
4.3499746624
4.67165795631
4.36448255715
4.63698169711
4.703471306
4.66189851519
4.45036590841
4.09305416847
4.44724478055
3.89375800662
4.53520625221
4.35000516518
4.17995647896
4.4028306195
4.03996223991
4.14776760381
3.71417043381
4.72815958845
4.42777449309
4.71571109331
4.22601192736
4.12397919754
4.64500946314
4.43646495308
3.81834599186
4.60410397376
4.39540525873
4.84523922788
4.09596374149
4.21105107534
4.26637966508
4.34758836476
3.89810989329
4.74984607364
3.99319982146
4.47009796469
4.42224784981
4.16976888034
4.6315461971
4.62946859764
4.54072793201
4.46433420637
4.60056509675
4.70882669397
4.23571497898
4.74989050141
4.59920847409
3.9922205795
4.06284746766
4.74999708036
4.44917042646
3.82878347002
4.1933789278
3.94032845996
4.45242488149
4.51657656682
4.67136439098
3.88763641288
4.35503784377
4.08910374038
4.33048429199
4.16171893942
4.39842829146
4.79632263333
4.12267755649
4.54696004184
4.34975452546
4.31561878495
4.24918863294
4.71550596364
4.6813539829
4.6222411638
4.65040014239
4.33195143499
4.41398619484
4.40111724322
4.28250770611
4.81242687814
4.80298796504
4.26372151206
4.75737893985
4.53557436399
4.59792470369
4.52747322174
4.55630233786
4.00644212189
4.05017149249
4.35042865201
4.18351872943
4.51439558329
4.02689138833
4.57638669676
4.04988830329
4.65650173204
4.3449849686
4.45919763101
4.4673303905
4.68615967148
3.99683228442
4.78088470975
4.57059845601
4.38955111856
4.52241231705
4.56545666178
3.82162822812
4.58911936463
4.12152397111
4.83413790094
4.45524658903
4.51566298909
4.55991113771
4.49612787743
4.17442809044
3.64674996546
4.32908218633
4.77581834169
4.35860110768
4.33203909733
4.27768062334
4.16661806281
4.13844301056
4.42302904812
4.3499063486
4.13945369295
4.08355689851
4.75710306012
4.32080211349
4.59808876918
4.30721083649
4.75013940232
4.46418958045
4.40354327969
4.40954894358
4.8565234935
4.35391125068
4.810251319
3.99197102421
4.19844536449
4.24587489914
4.32425114942
4.44894432095
3.99983749163
4.34609916229
3.75004410181
4.03363219222
3.96372769372
4.24808203062
0.242603413552
4.49754586666
4.19842806907
4.03000346705
4.15472254126
4.75154892697
4.31134543508
4.48433890196
4.44317628671
4.78003785726
4.75015434831
4.16639834245
3.99917626045
4.66370140203
4.97026489696
4.67128206201
4.29624203295
4.34592815184
4.54864972767
4.38964422328
4.64112729723
3.96301435153
4.41417406053
3.86884540042
4.72452833851
4.3504140709
4.21138272086
4.36373649847
4.38129222127
4.70921334712
4.41325904612
4.55048546125
4.8015227044
4.72411719907
4.1748791005
