3.29208651063
3.02977590929
3.29421227602
3.43944232033
1.79389513401
1.52718453237
3.45067910543
3.73495207074
3.61443955768
3.09736860951
3.88875849984
4.32444750399
4.17547300961
4.34832350637
4.10309007438
3.61318032777
4.39780832851
3.08263244104
3.09158821636
4.0068785333
3.34858618396
2.44548196245
3.0377967088
1.1416213856
2.71488935845
4.11900262173
3.21044602078
3.05691428556
3.28678387606
3.41971879157
3.0009929987
3.19672748327
3.41268554619
4.58258689314
1.90602929202
2.9078410575
2.52612226284
3.23143797681
3.55072130021
3.15821236673
4.20559395576
1.19429889188
3.14427116381
3.43218676338
4.1313902098
3.59547389665
3.7927049266
3.11606329193
3.75528172656
3.66635771426
4.16027523509
2.8220507916
3.75255368507
3.19374090526
3.43017118342
3.15126108553
3.08591902621
2.95521305997
2.65044179856
2.79209662699
3.56966183481
3.4015206562
3.67405440452
2.74617980906
2.95242394607
4.13288104004
4.0793871362
2.90230219055
3.46699140458
3.72988316807
4.3634344504
2.88794566548
3.25892866593
3.21046777436
3.44812877809
4.66466157388
3.88936690694
2.90741974815
2.06310371756
3.72189975806
4.24986053557
3.13027282147
2.92566513116
3.32734605073
3.82468136682
3.26519297331
2.952447695
3.4310822366
2.36858831329
3.37769323065
4.19870873163
3.57567652558
3.54230711758
3.65131722377
3.20281650256
3.40739724877
3.08054146883
3.60757532221
3.79392866962
4.31095948261
2.73007867629
3.16776356389
3.85354080608
3.07345111162
4.16891580965
3.40635841877
3.42021513871
2.88682960183
3.61352581505
3.80373966003
4.18761994528
4.37364600985
3.41044139818
3.06752085251
2.89827206491
3.69652921628
3.7490702079
3.41004339642
2.58623193837
3.60857586321
1.72239264243
3.75661926557
3.00096475514
3.14560789563
3.58434863257
2.94158819319
2.33533354652
3.35692631842
4.08205394972
2.602844195
3.57764290431
4.06087591131
3.93900922107
4.4990050554
3.27641183775
3.14645374537
3.44537616389
3.05652394895
3.41412290297
1.98098041084
2.75798141356
3.2215691761
2.59965641072
3.82661565207
3.13100045844
2.78959800665
4.11250771795
3.62426091185
2.10252260686
3.54656869143
4.06922734326
3.79927484966
4.01517305198
4.33960709629
3.85906752698
2.7667503644
3.15924545475
3.14858954709
3.15226308475
3.04077476419
3.32944639373
3.08118840063
2.95893419274
3.55214727803
2.97671237615
3.67823710809
3.33127631385
3.39664538087
3.29075217447
3.14731850583
4.25234697106
2.9139776916
3.17665517256
3.55447887522
3.14104104124
3.36811837941
3.12595945071
3.8365971511
2.72980934697
3.83132409566
3.64113178295
2.21346931446
3.48903686144
3.91408140019
0.278241945484
3.67864520402
3.64363359387
3.43163997596
2.94633544988
1.80772934421
2.46527851547
3.41368762684
3.6759925443
2.03601869628
3.66454982655
1.78200706742
4.4146739517
1.95531718195
4.02237534213
3.19693554562
3.68909740991
4.25976099686
3.20080854691
2.64813813675
2.91573040689
2.19209799714
4.05879442546
3.80576057668
2.84148280082
3.88029568107
3.08384606414
3.58639853833
3.49154437808
4.00074594296
1.10589683766
3.48695608372
3.79989876272
3.78285423717
3.32898030722
3.54103499052
3.99277633305
3.72753704785
3.33689402717
3.55059632198
3.63198300103
2.33398048224
3.28749138416
3.98458638727
0.94304617054
4.3419350044
3.25905194526
3.98955737045
3.51518976987
3.68841336191
2.12574139899
2.22835571092
2.55371224144
4.4989503803
3.31853183965
4.63293330591
2.96322679345
2.85081742452
3.18881529185
3.99235256624
3.63272901097
3.21832319879
3.54567181949
3.00878355099
3.53630691558
3.90992774453
3.36937227474
4.4206696929
3.76463151634
2.60382125153
3.87224720124
3.47078762714
3.7104679932
2.98379851743
3.61121932343
3.65477130579
2.99151201636
3.73313645451
3.17650912042
3.19405034562
3.33651064944
4.27090096387
3.67002048919
3.73325700595
3.49001471353
3.70063820158
3.03055527805
4.03646550038
1.01628937676
3.7159678778
3.79151497134
2.63724066421
3.83228076979
2.68381404897
3.71573238948
3.5600420278
3.65340860201
3.39699759188
3.05538876604
2.75922467682
3.91717630664
3.94918622117
3.51545947345
3.3209906783
3.59429354327
3.31502701578
2.85178198159
3.24938286034
2.90109796376
3.13974768009
3.20800565335
3.93805748903
2.16364799139
3.49645941366
2.72106772287
3.62279052697
3.03131795832
2.70782060673
3.05189769509
3.26756442086
3.07861991249
2.91437456697
3.66257167533
3.38366673343
3.75610617981
3.36911087086
4.51026046469
3.5031489657
3.42840965284
3.34763390314
3.39364957787
3.86247100789
3.96983068329
3.87506130364
2.90476314965
2.68456283331
3.27215022314
2.80551024158
3.68912179868
3.10764661807
2.84079381386
3.2497091345
1.7982435879
3.17607980674
2.7071669511
3.54927390775
3.42313223785
3.54885885656
3.07041682643
1.82313688592
3.56991358914
1.18605913716
0.52102475894
2.68166458043
3.59692747076
3.18958874582
3.95338533254
3.92801459006
2.7085111844
2.47799804036
2.91800840526
3.34882058175
2.47892496206
3.04613449895
2.98852819899
3.59168428444
4.4488583781
2.56454500224
2.86026039686
3.28273044586
2.73610231089
3.86059147455
2.28249691461
3.74628512866
3.60025726782
4.17424364832
3.25030684217
3.30869342815
3.80232803292
3.51673896515
3.04610605255
2.72040146494
3.43398030286
3.61117262754
3.48243046587
3.94331303845
3.35748577741
4.06955408047
3.19512378627
4.32011571462
3.27083609937
3.69806400267
2.96192268404
3.97306561913
4.17847246861
3.49682960388
3.17170250725
3.40698819057
3.17110921076
1.74932544998
3.59822773087
2.65340175986
2.18043352767
2.79994776444
4.55945046408
2.53379470063
3.78656111745
4.19891236335
2.02156967646
3.54906656503
3.61328816175
2.85697686784
3.4142263263
1.37827804851
3.62340851685
3.88921625972
3.56252088066
1.12621524447
2.04636000996
3.00558917796
3.58418357947
3.75626981005
3.26312910731
1.8088355222
2.9863797344
3.8998889204
4.00620466601
3.89849988775
4.39099816021
3.47258924775
3.07672867556
2.69597922103
3.27701417929
4.21381294021
3.26622582809
3.64680279259
4.05494649362
0.977253381492
2.1617117374
3.11310131119
4.20404105543
4.36134082912
3.94130395563
3.01817073467
3.68796865927
3.01545338978
3.62054800276
3.1881927979
3.42148359175
3.57809460811
3.37184202136
4.46721578319
3.02198073343
3.20158544649
3.39590401475
3.44146050824
3.12480040634
3.83573743539
4.10269371082
2.32913580301
2.7860696901
2.966369192
3.90532199247
0.93929642661
3.09399663936
4.14406916694
4.2226128364
3.92194526338
3.64722873681
3.86255960031
2.85287038308
3.33415700637
3.48604496967
2.92162823089
2.36322285942
4.37393340889
3.46958201603
2.73110759192
3.56728862561
4.04333587277
2.70161803071
4.06492241539
2.53841373914
3.70489182621
2.92971642673
3.57047916352
3.63144491349
2.01111772628
2.25195044184
3.8015001264
3.76756556202
1.21194691077
3.9610539945
3.24660407254
3.41234893671
2.85470880238
2.74239523448
1.55857377014
2.91103664087
2.99116226862
2.93821991068
3.53637476842
3.76474330536
3.91677074582
3.58554622051
3.45834389017
3.38954961943
3.19343482734
2.32486103264
3.0340917221
2.1555378786
3.4973676076
3.52119841338
3.86375292133
2.68229847833
2.78268370111
3.90607635553
3.66869711907
3.64840986346
2.9104437576
3.80641768602
3.902464624
2.70526487191
3.31587805127
3.85994224853
3.40155499015
2.99619366216
3.95228950001
2.11575531155
3.36934313241
3.4021545911
4.09603573662
1.21143980345
3.10970314741
3.00248253125
3.20473117558
3.22611029359
2.74732343194
3.63529579904
2.24760210457
3.4812876504
2.90064581693
3.14200058831
2.84774269288
2.80117763013
3.08212959108
0.845763649364
4.18522793681
3.26975702949
4.04014254578
3.15634535794
3.5606615023
3.68295838314
3.83663557781
3.51177709375
3.84125172322
1.68159196665
3.09721218279
3.4995263481
3.63357048376
2.44320877249
2.88382381172
3.50393933703
2.53698946939
3.66294976803
3.45744412434
4.01109494345
4.25134422161
4.40427428636
3.6225814781
3.94152310954
3.17688453105
3.39770026046
3.66959172286
3.07893491482
3.92521479118
3.90446782429
3.75978603148
3.24470983503
2.96658939632
3.94934713579
4.13751788909
3.61438723146
4.64404488837
3.12052032902
3.42225856142
3.18948657107
3.42507045414
2.87399539977
3.36518287175
3.51957270661
3.27208070774
2.06704012383
3.18483410833
3.81221395394
4.16124887178
2.25836822388
2.97827721124
3.19022533509
2.23506855245
3.23135309252
3.78781798369
4.03748750101
3.82052391455
3.18572388308
2.88616077302
3.78765475806
3.03759370597
3.53888963653
3.73762224045
2.84425428684
3.31145701904
2.22390230058
3.08743784215
4.65349044501
3.59066182416
3.73347845346
3.39147751944
3.3246582189
3.51243241393
3.89868313381
3.81978710404
3.65902559362
3.69540077684
3.16031064041
3.72625799226
2.62584905416
3.11190028077
3.82033644353
4.40806698344
2.91015852613
3.00018066464
2.79293125044
3.6556287642
3.18626720458
3.40380141476
3.81874013191
3.7544357472
1.06373779239
3.6535013244
3.5624150307
3.31209999979
3.89197063783
3.74290348109
3.09504753105
2.79295082946
3.04103858327
2.59785083826
2.83611593831
3.51574703572
2.97981751378
2.07041168492
2.22603998824
3.60580230527
3.98234883847
3.37544278371
4.2665548114
1.54241493301
1.81979700603
0.880144583143
4.12288891701
4.00419762268
4.34778011143
3.57610736216
3.39413331792
4.70347343122
2.66256286551
3.70036952307
1.80302360145
3.43045109882
3.9921823484
3.31876967792
3.92982917387
3.88939571889
3.00620051801
3.65102717577
3.05222736381
3.6916610887
2.76897261063
2.9040670216
3.79441250885
2.83576502647
3.43466779502
3.44609523514
3.77263118271
3.3361320419
4.26106347445
3.45944031007
4.07333134847
1.29574228301
3.4111055142
3.3370447477
3.38575133285
2.93628696582
3.91705304433
3.6561878571
2.19012992494
3.69651000323
3.26564035079
3.67666494848
3.76871268125
2.36827387263
4.08680101504
3.62122944276
2.45377471981
1.95853717136
4.07660689517
0.991781231746
3.26491232953
3.9517577985
3.45619456444
3.76241644916
3.29857437558
2.905602481
2.28422154103
2.81193761327
3.0660124933
4.10248319514
3.90258912845
4.31414279621
2.52970408798
3.61704234376
3.10609628952
2.23757382914
3.64435441474
3.33196866136
3.86272577304
0.852830155187
4.49591471919
3.86309964114
4.062916383
2.97547665227
3.25442541821
3.9119953821
3.06792535603
3.05671884131
4.16582619855
4.02721445248
3.00597480999
3.27921424382
4.08887963571
3.21022170659
3.29954543915
4.30863476715
2.85688287374
2.99407045231
3.85931304906
3.94571639237
4.08045251768
2.79993748184
3.39282178269
2.50038129093
4.1717602822
2.80469795333
1.5646979643
3.55105009347
2.64478338724
3.88377484364
3.53639893817
3.20157586035
3.22454696417
3.17942732504
4.0352839598
2.91396967001
2.98889094475
4.02153992793
