3.86808086126
5
1.42795540244
2.04666997681
3.69917668553
3.17467085289
3.80563056051
3.0648405224
4.60007524571
2.68591448155
4.59967832499
1.74515012394
4.84570057387
3.71868253393
2.97512936896
2.16753206607
5
2.94082607769
5
2.92611362382
3.26707965235
2.6578500061
4.3609549607
4.93080821819
4.43476071233
2.06514041464
4.73181876661
4.68666896712
4.82362511805
1.53184424881
3.0369981412
2.91642308575
2.4671131232
3.0369981412
4.69468574127
3.98757785029
2.48021045464
4.01661623464
4.8629920137
4.77184005033
4.75047951654
1.90063694969
3.91175880295
2.08846903578
2.08846903578
2.08846903578
2.52402743762
2.52402743762
2.08846903578
2.08846903578
3.26991092233
3.40817187858
4.00001778417
4.60027239258
4.94858132563
3.87566271106
2.29337413177
3.44226101026
2.75584077809
2.92930220869
2.29942081073
4.20688232622
4.82351516325
4.80007680609
2.24366307207
1.33087720106
2.80079677489
4.84905229917
3.42390714142
4.04972814288
2.35211595353
0.996502428563
4.8010555761
4.59998726539
0.755775325137
1.61377527375
4.3685889255
4.20000869744
4.60341255168
2.36285763923
2.70994556179
2.58159303769
3.36044118589
3.06059614378
1.30015791102
4.41238376583
2.39990859947
4.83392837469
3.06371807197
3.37573282604
3.43233041083
1.98443561905
3.23335175599
2.44640378001
4.10020916058
3.39341187523
2.75559024171
4.65742267827
3.66272476629
2.28187818231
1.01457110202
2.41279515707
1.99990607819
4.48431940834
1.37898532756
2.19297423902
2.18616470547
2.8934721628
3.09506178913
2.63335516557
2.2821193286
2.67068481938
2.34203815968
2.57504737913
2.24870779114
4.22500978683
4.57650979973
3.97924691817
2.52659438387
2.56352766903
1.05872824557
1.18978643968
0.193527878604
1.65007182718
1.82662556239
1.37719091214
1.82662556239
3.90425528443
1.29005591314
2.03849126995
1.25013366131
1.29005591314
4.59992106539
3.97598884232
2.57805614482
4.01661355255
2.37817087839
2.03238151193
1.80033310147
1.82134159784
1.71036761833
2.42576568975
0.431660015059
3.42269103385
3.50247172733
3.33087458049
3.68416950501
2.40002289345
3.0998564339
3.68416950501
2.55201789656
4.34990627104
0.883992597159
0.172816794763
2.88730513779
2.83241862766
4.71400814743
4.60024894394
2.08860002283
2.19893711808
2.19893711808
2.49506521428
0.340551317992
3.14861847559
2.40005706921
1.20025368801
3.36089492742
3.4801902289
3.41001290922
0.489521338913
3.68983943045
3.43056848609
2.93295691045
2.46978658968
3.70413579597
4.89775075478
3.00569903886
1.12892056019
3.80579667538
2.97930866837
1.38034809418
0.800901996453
1.16545542814
2.16471014525
2.4271312823
2.32975490335
1.26306574291
1.26306574291
0.599844860686
1.42920158764
3.40012135235
3.74543358988
3.49197990719
2.65060719685
2.56947939219
5
0
2.45152546155
3.06642121819
0
0.721187687684
4.066928292
3.41190229862
3.87497271474
4.94565525181
3.39553667127
2.44080284318
2.43583605768
3.31702593575
1.48153745873
2.97256059691
2.6413928763
1.58191441484
2.30252208575
5
1.50591149255
4.80019569288
2.18664461168
2.91751735859
1.15880771818
3.59993958305
3.63134214736
3.34383445479
4.13388918214
3.35254748006
3.59998001482
3.59046466241
3.33348264717
3.3198966248
3.32804520556
3.67063458353
4.03860371435
4.74351834481
1.87719895499
1.86110134155
0.747530018897
2.21922193159
3.76989443315
3.19184633622
3.61037287877
3.15652312421
3.4879824831
3.00034490648
3.59980336428
3.56606481498
0.599608017784
2.20533879822
2.38913874142
3.58191774287
3.50291959074
0.43942668884
4.05272260869
2.26800825054
1.0658245537
2.53948544758
2.79716238202
2.17676196969
1.53584589315
2.43970167562
4.19964485654
0.800022427038
3.94930194946
3.03098403936
0.947485851406
1.26554933945
1.14698195293
1.58406536732
0.242157276708
3.79488669486
3.38240455026
4.04752394776
3.40001427932
1.12194000787
2.46517048532
2.68966472255
0.684150990595
4.13859959469
1.73263081977
0.596118804373
4.14956167682
3.60025746637
3.12345259457
3.23586572977
2.27077572935
1.6158207813
3.3495995047
3.83383839431
1.97203128335
2.55631091296
2.64490064419
2.79121566821
0.752115890302
1.18727818362
0.893574733722
1.59616427628
3.26548880108
3.27785290364
3.74539727681
2.03336846731
0.208502038279
2.04246630163
3.40015527461
3.42699779664
2.6462439232
2.24937310325
4.2208350271
2.52355624024
0.616422208548
0.803763635331
1.93697508405
0.182814352519
3.20107456885
1.44336866461
3.87371645909
0.557911723624
0.112574896058
3.90012346892
4.33399228898
3.22195230067
2.15629005544
0.13653757808
2.39791142877
3.38517318439
0.39972111895
0.533652830586
0.0002707131561
0.0002707131561
0.402957565263
0.64779409189
1.08605815219
0.0389770149804
0.279862551646
1.93030356131
1.77857671416
2.41811011496
2.80025084914
3.22873433877
1.92542674479
4.68812584659
2.17604082779
0.502395110127
1.56996770404
1.89296378658
1.95712453524
3.35944093378
3.90435043682
3.96257527537
0.395656250281
0.405294855054
0.938896804995
0.649618670322
2.56776529853
0.461206868886
2.99798025961
1.27279279248
0.678852517404
0.399762869009
0.68699544869
1.09141185763
2.91840310482
3.40613566608
3.20097930823
3.89555844735
2.10819531316
1.80335799519
0.165257616411
0.230550147498
2.98841526635
0
3.25613465836
0.476290101338
0.622660033686
0.0345771826948
0.0728438783603
3.33154418354
1.59992686505
2.29227103285
0.749998160425
0.323707777964
1.2372998274
1.49017843916
3.28512019722
0.879566777757
0.443773892986
0.134709765962
1.41852336847
3.80003390758
2.96103874447
3.47511518355
3.42447846026
0.643091562741
0.253128287397
0.988602465308
3.1004390067
0.41572011014
0.00167148386179
0.80120769436
3.38771956316
3.57007436508
2.64058260205
3.23509827368
2.92606093148
3.1863392328
1.14996540929
3.19967760803
3.26590608124
0.622556393656
2.14905372746
3.00234679537
3.7587172246
2.51796635261
2.51027233502
3.23019238826
3.08221107676
2.73583812002
2.70674971197
3.10132772126
1.61106001741
3.91886666939
1.68154676309
2.72568075584
0.842209950156
0.381682615809
1.05726845946
0
0.572786143952
1.1499478169
0
0.333859386579
3.52957666971
3.15049824741
3.39975896001
3.8562460872
2.42718746253
1.2533368553
2.60007817039
4.3499296201
4.10071159094
3.09348660072
2.19480942832
3.25077452699
0.27274599821
0.776283170019
0.45896645126
3.20980311506
1.06972281644
1.63089081547
0
0.168687602452
0.159012168513
0.191872000543
4.09984378034
0.161967656139
1.93632137022
0.663998699143
3.60014372657
3.25577740794
2.68955040791
2.91349116689
3.94824360864
3.2707113541
2.66879585675
1.77478556989
0.360626538609
0.775881287049
0.800093580874
1.443760241
0.433107048775
2.60454381068
0.431553901701
2.15689947636
0.398905858545
0.307405720988
1.63946379903
0.708305543846
3.23527099252
0.397237429474
0.842762127121
0.356924155379
0.263380444709
2.95554608757
2.85012144454
0
1.90671460805
2.20002693413
1.79417852448
1.72811915848
4.04337322619
0.45471554336
0.709611414343
0.4412572687
0
2.30309547024
0
0.999744521006
0.758041873446
2.24776138003
3.14989509007
2.68047410515
4.40207458459
0.313827784775
1.63227780441
3.58007718973
2.24885956382
3.22622685599
0.360906437174
0.381967582962
3.54488031925
2.59425018241
0.623460664581
0
0.799824425976
2.8908112093
2.20023620971
3.38793344761
0.211696597024
3.60944143946
0.400030746548
0.439915918033
0.234890183397
0.271892927542
1.44789472841
0.967572116978
0.204809995662
1.13746459472
4.24765217373
0.2069627517
2.88589910413
1.8394192911
3.42500103462
1.52878963599
1.29280181647
0.257770453077
0.3590804821
1.23352567707
0.619539583519
0.400090465737
0.388437099077
0.916211791963
2.94779117333
0.376746523706
0.152431474063
0.494754819616
0
0.354778021209
0.0503174946118
2.78246924192
0.192129568814
3.59964808091
0.57648790327
0.900184415859
1.06050710785
2.26093221141
0.119120602906
3.23388508342
4.15415415886
0.737813982506
1.64959397937
0.755922113664
0.142084597076
0.530975139703
3.26969617424
1.56063517568
4.3347657065
0.402836316505
2.79981633831
1.23069845817
1.31566164311
3.16055467526
1.4808412722
4.39973000531
0.0419219597575
1.04076679035
2.18681146239
3.81573486957
1.66686882468
2.81869189335
3.39988312519
3.96384234358
0.843027611536
1.73898413921
2.70473996389
0.905058279796
0.3061737936
3.59233769332
3.22087014819
2.07046580622
2.35703620028
0.21925988315
2.6004639432
0.415871708764
3.20631664526
2.57289134602
0
0.126992336884
2.19565053644
2.47952722917
1.99974637579
1.91517616026
1.52879278359
0.164375742405
1.25103673087
0.710890320526
0.250821219316
3.39978858544
1.90007237571
0.250520976436
1.69321897254
2.90617668981
0.0101244221101
0.185302127348
3.64964981579
0.63687429238
0.329465487571
0.186757156192
0.400170962219
0.566501632536
0.340665352734
0.423169225509
1.86155786895
0.732677728547
4.89075792518
0.337045410366
0.600235130464
0.426448911506
0.436281379527
0.172740482618
1.48366956567
0.276764551308
3.08599540466
2.00018862609
1.90829161194
2.61075135081
0.289759608873
0.17924185296
0.298335562994
2.74687929429
0.400278349652
0.15106372874
1.02137516786
0.163988731403
3.4569240015
1.61661423453
1.51540590452
0.608564789407
0.476104986803
0.00264993362891
3.35388589581
0.407348811303
0.0697575451052
0.822314245901
0.500299593425
1.86056043377
2.91923946697
2.26325511942
2.89809539649
0.384182194291
1.66928701905
0.118817449126
0.233098700539
2.63681699976
0.400083699679
0.554308697841
3.01693773901
2.98488812787
0.17503300144
2.3498380375
0.768498969121
0
1.23874777339
3.02953173179
3.13931931585
0.52150836827
2.24307751409
2.63704956241
4.72161513056
1.71684759123
0.952053048141
1.99244882606
2.1442785247
0.746517660105
0.117576297759
2.79584026101
0.111568930472
0.753011637216
0.482857074894
0.201010798047
0.287670287528
1.71288153599
0.592336874557
1.30022435137
2.41876901178
0.411917555378
3.24742492366
2.24632189122
0
0.455018418831
2.39332551843
2.01949170367
0.686413377131
1.64574572528
2.8117242507
1.90019291587
1.71770412428
0
2.78077943473
2.7397342909
2.15244537198
0.733348463072
1.95323878678
2.9535438038
0.896311917992
1.01179651319
0.240556659373
1.29771206973
1.5991072481
0.469673095846
0.143210138645
1.01789445143
0.277050791167
0.40035388216
0.178034381499
2.47648212784
0.400075916625
0.808054474094
1.87513445324
2.32661487776
0.379326678688
0.336633329903
0
1.66745265929
1.31596551868
1.27044397254
0.134918642071
0.151310653483
0.508418690643
3.14990665918
2.50164574163
3.40192197012
1.99575722916
1.40008278183
0.178632677482
0.796534968982
0.278266758178
0.400120780609
0
0.790281939698
0.0221606399918
0.428427266044
0.817049269603
