3.48792073354
3.10421676985
3.49153263515
3.56042631926
2.13243286998
1.58275846257
4.23530997653
4.05019190579
3.94962808988
3.22421796595
4.33569181489
4.76144639313
4.54498295228
4.70717122449
4.68622376534
4.07806833092
4.66106408138
3.93093502302
3.76188133432
4.07412995797
3.83309392398
3.35022590338
3.68174658722
1.11438462042
2.87877195857
3.91837012637
3.79558271813
3.17329416001
3.22204037264
3.34970024416
2.91209362831
3.47687681641
3.13306046572
4.55014538601
2.25026206244
3.19021775975
3.30421396054
3.47051014071
3.37675432688
2.85284093098
3.8407140835
1.91715159763
3.72798903852
3.94654211726
3.63532205585
4.3385737787
3.7302257154
3.04978781073
3.81607438614
3.73989032286
3.96458650895
3.00001377318
3.62384931645
3.47580685975
4.34771041628
3.04256325883
3.54984250977
3.40431677136
3.46159978149
2.76270662488
4.29862041851
3.19494010513
3.94985094842
3.08431840559
2.66930916293
4.34151795241
4.44201181962
2.74985535571
4.00006036894
4.06316914212
4.50045291227
2.99985100925
3.50002676747
3.00002338279
3.86258873442
4.78909255844
4.23727395429
3.54979284839
2.24983907186
3.91061687574
4.34044323674
3.65000441244
3.12849766719
3.32703495434
3.59124663322
3.63219326331
2.85009834864
3.60471775989
2.89935699979
3.67364295265
4.64510737774
4.24946180283
3.52516521616
3.95025238207
3.03400747333
3.97182526533
3.25004086131
3.25008539399
3.03155466773
4.5164602285
2.63236580766
3.55411288374
3.74126961897
3.45687313928
4.74993408113
3.44696699489
3.84406333929
2.917186173
4.1942078366
4.15003794695
4.39885306101
4.32418880907
3.43516832563
3.32264556273
3.48892502681
4.43421756057
4.01164034883
3.98366420925
2.90355583252
4.14266958529
1.24983903854
3.92525214845
3.33844892191
3.40725064197
3.97258589237
4.04348363427
2.75010738746
3.62122803242
4.27862469521
3.9864997891
3.58621246866
4.34916068065
4.48970529921
4.75007469421
3.9370524586
3.61879064801
3.91403913607
3.33716369966
3.4294100702
2.17375162885
3.19038357475
3.52119843142
2.62623775184
4.39687985899
3.38717847991
2.70987687264
4.14995955889
3.54094434035
2.23403266494
3.58821870306
4.34998805444
3.94508606944
4.33666179342
4.67859095126
4.1399060127
2.77617659366
3.27275792536
2.7234761551
3.36988001261
2.59063488874
3.04994714664
2.83009924076
3.85832008956
3.57750222768
3.28100727067
4.37606706076
3.2497030647
3.41878680197
4.00631488651
3.62626307541
4.28700470107
3.19841631199
3.58247397107
4.24982963701
3.35775894641
3.75941784714
3.36826963009
3.90547804615
3.18270917785
4.58189634658
4.00017922873
2.01499841729
3.64233478783
4.2851781985
1.00040304584
4.06418965157
3.24985428351
3.83667421561
3.3740512655
2.00020745942
2.18785220574
3.49970837726
3.84966683583
2.24964062652
3.65017228052
1.64998299339
4.74479760928
2.25016410156
4.26384687185
3.72632000403
3.66440509356
4.5501655813
3.82512722788
2.65027738309
3.20832115581
2.54979872893
4.22927874795
3.90011427488
3.14402085093
4.35453140641
3.00035560436
3.80106632604
3.79429923922
4.44710972901
2.28534760121
3.40951913404
3.45690533831
3.68815218822
3.4251771875
3.71148596437
4.42381296409
3.81075181776
3.41691380059
3.93440299824
3.96143405514
2.66561877563
3.49977535604
3.95360934798
1.75009342177
3.99992744026
3.7665693153
4.01154430248
3.87493193931
4.34053806509
2.39303285722
2.59246980464
2.65843184734
4.65745417989
3.80343564508
4.60849276741
3.29989641557
3.46527398771
3.69007075943
4.36941855137
4.11186015597
3.88393062799
3.35003007367
3.27078908697
3.16946979067
4.30628359026
3.25019840612
4.78830250999
4.15890380639
2.97526018246
4.01569418754
3.92424779795
4.50017178183
3.27453649922
3.94615170786
3.94031263679
3.4188088876
3.53755917469
3.69004160415
4.22533297938
3.64976613042
4.5634438422
3.75192380463
3.64596207828
3.43813879005
4.31240194474
3.35014391954
4.41481342319
1.2502501211
3.82535273376
4.4128056957
2.74962190122
3.49991215284
3.00019134185
3.6555285696
3.85000833259
3.44993512252
3.30563751631
3.62665571394
3.72994548239
3.67964978972
4.37610412506
3.82873715369
3.32432814861
4.15517924934
3.48595128051
3.35066386454
2.86302518339
3.01366696103
3.23710003044
3.78722184424
4.19135346887
2.22852906041
2.95013054123
2.25003613006
4.05025844363
3.249834483
3.35804742458
2.93154236554
3.45881671679
3.08627025223
3.49966849432
3.96329813268
3.3996232144
3.84963192648
3.74990034438
4.65873415603
3.96773441942
4.03611213262
3.3057983254
3.84195711875
4.51047530801
4.30215975979
3.33071342656
3.51401880836
2.65001510465
3.43940202439
2.72492415414
3.50726374549
3.73356492036
2.7494576246
3.81552756391
1.85000721192
3.78867448873
3.34998856976
3.65333704421
3.70246682794
3.24989800534
3.15560137154
2.74994467566
3.66306492464
1.52270867181
1.24990548009
2.8421824842
3.94144548386
3.1126526044
4.24768366345
3.90909057546
2.25000444882
2.64739129956
2.85946917702
3.68419978415
2.4603808862
3.44951462715
3.05754017903
3.31660638959
4.53816235469
3.09921952444
3.89258518335
3.59270897656
2.21347265634
3.92235411245
2.6499693741
3.75820373948
3.78063957914
4.08769240364
3.43100854855
3.45211400738
4.41684081194
3.72632052985
3.55949654125
3.10476992108
3.26566352456
3.56699656639
3.74759252335
3.78680838727
3.41819953879
4.15381570559
3.75006662374
4.63198786745
3.11485107414
3.57248626373
3.27416237238
4.3374856073
3.75024901562
3.88221184039
2.9327326112
4.12301949041
3.38957496087
1.59072677227
3.34655421687
2.75574795065
2.05028567218
2.99329928053
4.79371046296
2.71214789151
3.57231702469
4.40212014318
1.2855184241
3.88351495368
4.02996143783
2.92588634461
3.08068003966
1.95299103628
3.2499620964
4.49905976632
3.54424083267
0.865887943924
1.99982209938
3.48536301641
3.50028787028
4.23624044826
3.54155634278
2.15000415964
3.44429883123
3.48287132517
3.68308017434
3.78929997618
4.49631498241
3.13619361978
3.2498266078
3.15445798904
4.2776619042
4.38073994831
3.47532193602
4.12697900462
4.50079084776
0.780515774248
2.83758850931
3.93831217546
4.75019385559
4.53200528553
4.21097276368
2.86756023923
3.61060831037
2.98735810531
3.73916388588
3.52497791606
3.78754079358
3.84963268697
4.10984688775
4.78159199553
3.25014779074
3.45292311342
3.92914668428
3.63997469514
3.40978422509
3.65009230499
4.29070826311
2.14970757852
2.8967272708
3.33022654886
3.71150143905
0.669449574482
3.04731854789
4.26029373973
4.6098841282
4.17241814135
3.63976920994
4.64554115263
3.35005588788
3.51016025934
3.54994014171
2.749749707
2.36549031409
4.75344520324
3.94670193225
3.35016913358
3.76464481401
4.48045627402
3.38124773873
4.39955690358
2.24986317821
3.84914668166
2.44997566241
4.13685064759
3.90721490268
2.01102447952
1.44987599114
3.74966555917
3.25004906853
2.4335746179
3.93104118626
2.87149038583
3.55006535281
3.36357126409
2.72902315576
1.65022336218
3.30003234781
3.57083007578
3.66835926405
3.85594164861
4.08553222846
4.46889969143
3.50008864153
4.06187023919
3.25016974785
3.16743711595
2.64734633404
3.51998304165
2.15563493365
3.9244428024
4.04403760986
3.93152922682
3.73470075135
2.92556424221
3.93660786202
4.03133691483
3.67297290584
3.35691881575
4.01141687724
3.71395688926
3.04606758524
2.93497594192
4.1964353409
3.76042299517
3.52633223029
4.2941537192
2.10958994459
3.90648458703
3.41690965713
4.5859551267
1.60879681991
2.80866415145
3.41732670778
3.63280195482
3.63917504598
3.27813048265
4.23695362249
2.18116938459
2.88546316115
3.6135780522
2.79461774834
2.49973941185
2.87406035376
3.48864793942
0.787135066608
4.47909039055
3.56017434426
4.49583872565
3.67243064895
3.97542534267
4.35577402436
4.12740550884
3.87256530694
4.45570857711
1.10611211963
3.10739871262
4.25009295007
3.45907347963
2.44999359669
3.02707488517
4.08552923802
3.35986337461
3.74665137733
3.34954108157
4.27541530278
4.75032684699
4.45796843504
4.07038187401
4.17049106759
4.0032331438
3.60711341108
3.91007039955
3.18744986901
3.62518264675
4.24130984714
3.93741766454
3.50013338061
3.50017897945
4.10530795542
3.99563259922
4.01921325981
4.8301960765
3.07839542242
3.77472503232
3.93132998266
3.51933333282
2.58172545205
3.60697675596
3.88249420732
4.08511376983
2.45805823588
3.57455214734
4.16426035809
3.87800260991
1.85009435109
3.56639416657
3.57939433711
1.85006968529
3.878571168
3.64263480397
4.61044436947
4.03727133342
2.74985477581
2.62127138247
3.74969006157
3.2341939971
4.3233541773
3.6500810114
2.0497430976
3.25019666631
2.25763229
3.14970339804
4.00029616053
3.49995261638
3.69962529891
3.72971152342
3.78461226728
3.89782679605
3.99988499583
3.29664179848
4.10525425209
4.08544137941
3.24881098525
3.88883764493
3.04169239433
3.7039794469
4.23994970751
4.37352333441
3.21408105833
3.41702850341
3.37649665333
3.87250718882
3.39138841541
3.23033486978
4.2687620697
3.85079205016
1.23270297513
3.70117033891
3.45497436688
3.58330814826
3.67795559709
4.23758484625
3.51958656536
2.89368522278
3.57026651515
2.73432836292
3.02597466238
3.5479875967
3.58302619185
2.11049014637
2.75016380615
3.98688471224
4.02845716409
3.41690639203
4.95197680249
1.58269294038
2.12506632495
1.28579198287
4.15028472919
4.53649588253
4.81044768499
3.61648796785
3.73492329371
4.68675980214
2.91495022241
4.30692885283
1.06504288222
3.88567573307
4.21933553734
3.51557562205
4.05081572335
4.02522974209
2.74847025079
3.71782098074
3.25246297502
3.76130937087
2.50027831579
3.18686484394
4.38176350731
3.24011792669
4.22906771103
3.50689284601
4.24095949584
4.12580298521
4.34983230114
3.51063306755
4.47302119938
0.783602778709
3.2776155867
3.55682194136
3.66473425167
3.49995130575
4.32418308096
3.83310782702
2.2026887012
4.12273358848
4.05010448788
4.11672408327
3.83202077309
2.95033968727
4.46112821302
3.73229629186
2.28622297301
1.49965856562
4.11506406284
1.24517880315
3.80164808678
3.44997347455
3.75022954635
4.48068901089
3.24982144896
3.65008312888
2.86094670536
3.63001255075
2.71470973541
3.52316764121
3.70579534903
4.4162558076
2.29502436132
3.61167602557
3.25001653499
1.86498024154
4.06908535211
3.73900872612
3.94896187247
0.670341507009
4.50368896836
4.41826670198
3.74995565379
3.23741664895
3.43294451904
4.48757358773
2.94690410394
3.537952595
4.40194913102
4.6031515615
3.55407301661
3.01694359095
4.00653728245
3.35476007429
3.49465067399
4.69428896195
3.42921701183
3.3199103498
3.83853814284
3.00003097408
3.93190440645
3.19984983518
3.50032135014
3.00004719159
4.2503706372
3.19956523888
2.04996267406
4.11184856488
2.17030389186
4.08518037094
3.826893911
3.75279990353
3.96095543865
3.51041368411
3.95988835752
3.21258191045
3.42266426744
3.67495945188
3.26756744527
4.98951090068
2.4553572546
2.17864877988
3.95023501428
3.13926786971
4.02916265628
3.07582430855
4.75022706508
2.79384421101
4.74985675425
1.76331745448
4.75015670245
3.74166657572
4.43235404035
3.94139329263
4.91840277808
2.8859556872
4.91840277808
3.09347827027
3.56496995744
2.80577382597
4.2267883038
4.79696989052
3.8560871054
2.12318593216
4.75012075313
4.55394248474
4.8921274939
1.60094681782
3.03173962469
2.9410980283
2.45619215586
3.03173962469
4.75330477297
3.96291377698
2.6267050087
4.08332531165
4.88856917102
4.85435365631
4.75026466441
1.87531546302
3.59643277904
2.10858515607
2.10858515607
2.10858515607
2.42154561307
2.42154561307
2.10858515607
2.10858515607
4.13188770063
3.69281790954
3.98821037673
4.7499930818
4.88054049944
3.57674202252
2.37633399421
3.2500925453
2.77930835844
2.79009435117
2.34986230796
4.2458976726
4.88701752993
4.83591178941
2.13094788379
1.39047367773
2.60016193955
4.88310357325
3.57405710749
3.97706650877
4.14985159569
0.754837896086
4.83629855363
4.66127492246
0.809181709158
1.69501852582
4.36362006299
4.10134273628
4.74972670301
2.30956315623
3.29326951786
3.71850209886
3.37950542148
2.95272687122
1.50480637249
4.23240356797
3.6766431917
4.83376418804
3.34361248895
3.45320796554
3.3646131134
2.02532456233
3.41041597353
2.37353911833
4.45154110203
3.38664410119
2.72662809074
4.73748524443
3.64882525314
2.24176748724
0.991634428964
2.78131208181
3.52673814646
4.25002003509
1.41332017541
2.10113046512
2.22501775613
3.72911074439
2.89388082287
2.72375690094
2.19137762388
2.90197779266
2.6479004666
3.97311485914
2.40332718321
4.15011003013
4.44128597853
3.93552259154
2.7642268698
2.49121470317
0.916681251759
0.996832387944
0.250124659394
1.42951572919
1.80322276419
1.1091668561
1.80322276419
4.20994170963
1.28245994562
2.01399012319
3.61081545759
1.28245994562
4.35337315331
4.25009026854
2.3724552698
4.05634276376
2.29662318787
2.06479175157
1.85863121451
1.87378359443
1.77357565247
2.32178083218
0.398216592862
3.42368826521
3.64107380404
3.12444100956
3.74142527938
4.73457946203
3.27223479008
3.74142527938
2.64707978035
4.50343568696
0.686357979135
0.316943599977
3.10957280995
2.98741225944
4.76127045915
4.6082511009
3.61096022133
2.0563930531
2.0563930531
2.43359131426
0.441247501819
3.3320741716
2.31475464743
3.49587782789
3.18626559709
3.35149909226
3.68402500171
0.458000258505
3.72612084011
3.09501319128
3.0885554891
2.45513610495
4.15024692217
4.85166841146
2.70885115249
1.04114310678
4.00322176604
2.89674914465
1.2564516512
1.53462030057
1.07098330251
2.16324085954
2.30592347647
3.4726783833
0.9833823555
0.9833823555
1.28148219442
1.22423446611
4.48178540272
3.75628698454
3.5987964125
2.56970804956
2.60490309329
4.91258225061
0.0597205007678
3.58122840367
3.00021718172
0.0495064534444
0.775930944618
4.16119983142
3.42228833851
4.21292953757
4.91910219807
3.42358022909
2.30439521913
2.29801401776
3.4493306247
1.25010285791
2.90749890132
3.30019240862
1.64986791744
2.27161419272
4.7923058869
1.36572196925
4.64277234385
3.11210837074
3.28768934029
0.949848288655
3.64402017101
3.52001777488
3.56748724881
4.29621186067
3.43210270537
3.71168183645
3.6042893332
3.1406948237
3.30130033202
3.18543416662
3.58387815934
4.12854221685
4.42256398702
1.84152183132
1.87545468267
0.646418650565
2.20352524295
3.74986237912
2.94211123933
3.60087998335
2.85377583389
3.40577607823
3.2067400586
4.59394910831
3.73498000141
0.502425721484
2.8003654482
3.29123392943
3.3789283391
3.91281727547
0.40655573272
4.16741851823
2.02030545805
1.23560665501
2.33342521602
2.87966196641
2.10452602759
1.57110100958
2.29434316546
4.34979908964
2.47088068389
3.430857427
3.50036480559
0.946647801393
1.0197901193
1.47709294464
1.62644988788
0.370942554157
3.87510093222
3.13303681075
4.14567001688
3.47436117527
0.935382228229
2.40424969917
3.11334155257
0.658333664339
4.13144668374
1.6756346304
0.549267729202
4.00011118451
3.71798277344
3.02175581484
3.04327824161
2.19862924115
1.59725039452
4.0614036365
4.14982777207
1.86758207574
2.79558381013
2.44927910973
2.83130397505
0.731322995405
1.00856720384
0.787090364881
1.42958849103
3.43248932473
3.87015540931
3.74546453522
2.05529708435
0.144552343239
2.03017885049
4.04994607887
3.34689345852
2.73998346309
3.72091785168
3.80258451943
2.44986132923
0.549617320414
0.81049186937
2.44700581084
0.0902295990864
3.00337451215
1.13582512752
3.839670571
0.530878233393
0.224134499354
3.97096831709
4.37326367856
3.57787601987
2.05029724684
0.26696125923
2.87607445729
3.63981682992
0.629471077039
0.549714005102
0.20341819983
0.20341819983
0.507578720545
0.649661032441
0.936326391385
0.0637445045072
0.329751763594
1.77680323157
2.14119388463
2.56616596628
4.14107000967
3.32102280351
1.93592000424
4.44114336882
2.13690126366
0.570769301243
1.53776800936
2.00008282574
1.83926255667
3.32585825885
4.03395386307
3.95019381578
0.0959490825309
0.407237482304
0.808954029539
0.582748494581
2.83375461682
0.409633433002
3.32309988484
1.11580454592
0.632377997434
0.466497637086
0.650620784882
0.858340365293
3.1634233776
3.4500612997
3.41917838764
3.89561615827
2.00130669307
1.81090400331
0.140355363939
0.130971593573
3.3805051532
0.0743087530561
3.30034030701
0.420668621596
0.589310076156
0.0893247332849
0.119548378821
3.52096226105
1.62149061585
2.60837530041
0.618162436351
0.289692541343
1.33171202184
1.57681854205
3.63633086738
0.598885460251
0.527199470008
0
1.38173772969
3.55042913385
2.85009542422
3.60708970438
3.59571735877
0.539660955064
0.304110722025
0.865603322836
3.03926071615
0.468624590303
0.254412231917
0.865084469408
3.36205400031
3.68398471273
2.44456600608
3.37406942144
2.86429440291
3.23910013158
1.00348978882
3.30723366932
3.36555879996
0.749822682081
2.34448397997
3.0439741748
3.7436085784
3.05494033485
3.18139147258
3.23798487946
3.25654629524
2.58300591483
2.66696022427
3.22863405886
1.63130817186
3.94039633113
1.65476292006
3.82947132351
0.699105020772
0.505188887977
1.00457687535
0.0567413415742
0.550243775364
1.00030992392
0.0536015930725
0.309126036306
3.50015669448
3.1624575536
3.65981888174
3.73848636961
2.4335803516
2.03389696031
3.60076225738
4.31049577398
3.99508487542
2.82266191103
2.19308240256
3.73084253645
0
0.590803224232
0.518844395267
3.27992839533
0.969182483734
1.57892934771
0.0372646511705
0.12183134836
0.108742620085
0.185174485376
4.3428709904
0.361775075588
2.19628278194
0.639767284674
3.51371736011
3.27497668297
2.70193304314
2.94173092156
3.62647887109
3.50038473614
2.88242879715
1.70591108824
0.692666360719
0.7779882994
0.649758413467
1.31230697042
0.522364708346
3.07683434837
0.448454871438
2.15676113794
0.477934688473
0.171233099579
1.58963099876
0.777418942257
3.41418841653
0.574292701167
0.773293210443
0.313987267195
0.246300714549
3.24987583516
2.99967263848
0.0511600499238
2.37956579502
2.04974419952
1.58773238547
1.51023904388
4.02920503605
0.412183795722
0.774004132136
0.550044750405
0.0358635984296
2.28517690966
0.0414182754224
1.04808955195
0.76880073033
2.37693892406
3.24258416364
3.13843832609
4.2353919656
0.367397936212
1.86859478368
3.44996987408
3.07790781239
3.11427409177
0.462032914199
0.607060380853
3.45203115401
3.0713559708
0.672969684303
0.0312005353017
0.725016949778
2.84293691893
3.14967899722
3.50301651243
0.354199007375
3.75036539997
0.250221773578
0.599133058662
0.249825144305
0.272827324721
1.42833349706
0.952843929892
0.349788929756
1.15019803081
4.27428013025
0.387345552967
2.9110145019
1.69797255989
3.4998614081
1.47147666173
1.32200097285
0.160502491343
0.486433557746
1.22567335789
0.537032953046
0.455113287871
0.550212200988
1.06041960525
3.02071658595
0.483524624931
0.118710551402
0.386515681577
0
0.488377930313
0.0940898626552
2.94327489995
0.184772877892
3.64133115562
0.391564230479
0.819948374226
1.0877921707
2.25464107419
0.0794033513086
3.17051674591
4.0862594583
0.871509506302
1.48424384401
1.03073944394
0
0.607730157398
3.14703406249
2.14250849806
4.37816931405
1.89311504719
3.20425738068
1.36503702279
1.29883353597
3.3743473967
2.06747749172
4.39027565717
0.143629473045
1.05586905807
2.22499963406
3.75024513474
2.78566595517
2.59531306693
3.29122867795
3.62303182748
0.788203201475
1.51218582466
2.68173963924
1.07978731187
0.479506095744
3.76636519784
3.08362365812
2.65819947432
2.2039150771
0.13484883968
2.75027354693
0.532768782796
3.36662836537
2.47797915699
0.0211533765484
0
2.36994962495
3.01676821846
2.0136241104
1.8976564205
2.14322091238
0.232098008883
1.24988085398
0.749415344575
0.181602872683
3.43691048849
2.34775634449
0.249713432652
1.92096736843
2.88905690227
0.0781772359422
0.205076657842
3.66625823143
0.709114937947
0.250047097234
0.189145087561
0.207813594012
0.525807973897
0
0.311847463852
3.54499552547
0.728460887053
4.88197848015
0.196201457717
0.401097473268
0.441672291644
0.249804419941
0.250303572848
1.09928426402
0.35190704679
3.07454122371
2.59619651996
2.84979281494
2.76826152042
0.162630630106
0.140175809282
0.192629196552
2.6531424111
0.143424960006
0.173920360697
0.784068518224
0.1440918363
3.46140672818
1.3728565969
1.98566152821
0.630689367059
0.263096144619
0.081056113455
3.45978687751
0.165757731588
0.0892510289081
0.747226375378
0.571874212169
2.16887671969
3.05219604465
2.32078107409
2.7454710954
0.332013828848
1.81179497032
0.0910752027898
0.156908954387
2.59081109956
1.18419318864
0.553942772132
2.91333670459
2.8112150942
0
2.34002527334
1.25928351365
0
1.32664222202
3.28464616205
3.25012034802
0.725437784294
2.36479311249
2.99312632846
4.72093622267
1.71571643268
1.16696084629
1.97483791219
2.5152624943
0.749822044955
0.0744583727803
2.82002263586
0.10574144077
2.41120599389
0.465973032404
0
0.503407010532
1.73529527065
0.305796967486
1.4108277121
2.34991523884
0.547326936519
3.23370251897
2.14017586913
0.0445143559217
0.26935678826
2.73300679195
2.20415643799
0.572353988513
1.68885159634
2.56957987171
2.26115836025
2.24993210305
0
3.22329482258
3.21522688376
1.96283510508
0.384570068988
1.61745033797
3.95006420026
1.04978860484
0.681259997483
0.137869109321
2.60489284546
1.44566904199
0.270116876158
0.0981005311535
1.40248047566
0.246371042273
0.471717578495
0.19054907337
2.25695950838
0.278328232917
0.634460042054
1.60769500222
3.43163495091
0.24995753277
0.429842829382
0.0192207335508
1.57754980701
1.82895463558
0.989477214415
0.111654137167
0.10376786855
0.278332193353
2.99986602968
2.45298541545
3.65000996032
2.38498568363
1.34655514429
0.249690733696
0.772134033831
0.250240900131
0.249767643663
0.0930008029442
0.564949209532
0.0625837333845
0.583095416816
0.768592199285
4.45019988678
4.01835249674
4.75717088956
4.46096761082
3.2731090235
4.27902899377
4.27051003034
4.1273379969
4.07752274991
4.83022078138
4.08611749306
3.5754106565
4.25016132497
4.49382475645
4.24969849426
4.54256005979
3.84712785104
4.27851863601
4.49069038014
3.42153868757
4.21856959797
3.61320722968
4.41189850713
3.49327314813
4.03672274127
4.40617174267
3.25031379347
3.61803537854
4.56075106005
3.55364417158
4.28260662456
4.0814490228
4.45010726991
4.07339976992
3.92686878109
4.16694186805
3.96856963754
4.49233082259
4.25017728056
4.52165280373
4.10718599772
4.78174515754
4.78434030241
4.11838898565
4.52495192987
4.35779680945
4.78159199553
4.18261035844
4.73361123052
4.46915170889
4.24281199901
4.41447948493
3.95845025032
4.14971482889
4.65008401329
4.75403073106
4.20152268029
2.9371518133
4.16432461711
4.19074606725
3.5002448889
4.64630249521
4.4416283343
4.38260857962
4.76273675736
4.34519189761
4.38289430696
3.82420533472
4.30083942315
4.54306299321
4.04309696828
4.5001668881
4.34994793812
3.45020789637
4.16963809124
4.39711239286
3.67952907537
4.23788751206
4.05004261973
4.8454329723
4.2967737048
4.4865419419
4.4636985835
4.58005625872
3.54978248085
4.7796084675
4.44043518179
4.25012244283
4.62326506976
4.49107448267
3.94991013799
4.15835952408
1.06943304088
4.19965114058
3.40440849508
4.78159199553
4.58987322068
4.24984365576
4.84697777242
4.42707418874
3.94406784792
4.06249970467
4.10695352107
4.85861451415
4.85040616931
4.75028446763
4.09695926774
4.12483565744
4.55580030522
4.70919543499
3.9462335301
4.03398971422
4.63778144702
4.30152499996
4.64309932724
4.23789099391
4.2729967694
4.00559187488
4.34968545885
2.47777080453
0.561376621202
4.35264360284
4.24971716102
3.99742565364
4.69667678236
3.74981118654
3.97809604384
4.64509481902
4.11902453507
4.29419627995
4.25162924108
4.42375991092
4.44986284797
4.29959511526
4.06194638983
4.4321715623
3.4233886333
4.07810627774
3.50192651746
4.23570281914
4.34034987885
4.26689660359
4.14937703469
4.37938135747
4.03144147006
4.60865174951
4.0562960155
5
4.73400264566
3.8180332857
4.19540485093
0.245891392187
4.5837218676
5
4.25910910299
4.35081886567
4.27379905927
4.75028446763
4.66478085877
3.63009740609
4.15958074397
4.28852913573
4.82563547877
4.27848888978
3.46650134728
3.54976855039
1.95177896491
4.37763820911
4.67272980508
4.11298657252
3.36729426272
0.239973260591
4.55868727862
4.57893115628
4.35237451962
4.67268093227
3.33873241806
3.60174281174
4.15157023741
4.6998172847
4.55119419026
4.32132866042
4.02027661967
4.83611590743
3.99259631369
4.14977436478
4.34975541943
4.62634362748
4.02984659797
3.43802241932
3.96036857079
4.17490127623
4.70454534335
4.54992084901
4.31429872026
4.34448035188
4.75011950473
4.14185799792
4.28378161559
4.41810110032
3.57199407804
3.29062495431
4.47815183004
4.18977934859
4.74991019277
4.23011309753
4.49127870928
4.50061346222
3.69356943487
4.15010181499
2.92219355575
4.78436401771
4.76013656925
4.11971108239
4.23790624124
4.78555618887
4.59060689524
4.43401431196
4.29360084541
4.10549341256
2.70925958148
4.36524041831
3.9092826674
4.50505734687
4.12146148937
4.37945856351
4.54070672672
4.78159199553
4.55756846618
4.10564150451
3.89570767652
4.7621855258
3.94794058631
4.48817204106
4.34995558558
4.11312684471
0.221720388262
4.65421422777
4.75467578961
4.44338264348
4.81482780528
4.59729046077
4.54955865215
2.65499674755
4.40196344679
4.53362961811
4.5196136256
4.51271273397
3.87470960319
4.63029182942
4.01432342415
4.55561896738
4.45539324939
4.56336025722
4.18831070073
4.78159199553
4.1267377334
4.71079663385
3.77980626201
4.55001011082
4.2520826471
4.38714996152
4.48197967346
3.40580865295
3.74988456851
4.1714258043
4.04557018436
4.54659347545
4.24001110919
2.95027562053
4.60689812384
2.41278779725
3.75356582454
4.26379566776
4.44456212647
4.70594694226
3.71122629892
3.27693764711
4.1865237543
5
4.4946983403
3.29898687231
3.73008703014
4.78159199553
4.1924916509
4.52576401465
4.75795721704
4.32736693065
4.69076004659
3.96420746478
4.76865243451
2.68593804797
3.5543923026
3.32116911724
3.91047697993
0.240290633577
4.73975187943
4.60525780836
3.34982602044
4.14941954913
4.4500844022
2.66644850448
1.87623123862
4.17570618153
4.39888316354
4.56899085316
3.63049732793
3.97824460903
4.16630057834
4.78159199553
4.37161545748
4.12261336499
4.19826399744
3.74999283981
4.47805167675
4.34960838023
4.54090776766
4.71127184758
4.24305915052
3.57396123898
4.78667287082
3.78088109179
4.72101345685
3.44976045904
3.61298870917
4.68789398588
4.28614726707
4.69072433331
3.92244484862
4.3186800343
4.4922156557
4.50359279455
3.49083620234
4.24830862512
0.246911308126
1.91614358714
4.53440604701
3.85518425075
4.24804763519
2.92185631188
3.54814995631
3.95349786484
4.00506486033
4.45400923589
4.05344227474
4.81558408563
4.67123612378
4.26576557724
3.83104107671
4.18741858189
4.36812117404
4.40445889388
3.78427129942
4.13204794356
2.65706067307
4.46846982053
4.29741238604
4.81482780528
3.86512967219
4.32696526928
4.09208780135
4.00096482719
4.61769863891
4.23227607733
3.83601649824
4.42891531702
3.81021983678
4.69050319276
2.84517671731
4.19553748347
4.56809381931
4.5797543149
4.08906012737
3.34306476415
4.45012400046
4.22061083822
4.3962173232
4.22192776871
4.90936699719
3.75373031048
3.80927127198
4.66336006315
4.22080654393
4.08938391298
3.74987896646
4.73489822627
4.35117750908
3.81962801718
4.49983920183
4.35733937779
3.65364666907
3.48706202142
4.22518107313
4.08078583739
4.71481210294
3.60699926232
4.14985341309
4.56188938918
3.07474526735
4.51616610168
3.01831545157
4.37017588167
4.27758386347
4.37204516433
4.76814854061
3.8206595626
4.56682245332
4.14146249186
4.76748964869
3.76714901399
4.31222401387
4.81755711788
4.50491828106
3.74999283981
4.40615558869
4.60822289386
4.35850602988
4.34971211546
4.66503995029
3.85465729622
2.36937208968
3.59629816456
4.34013173413
4.74931749631
3.75947803114
4.24880586305
4.37660313259
4.70587494092
4.44078001004
3.4498793359
4.19285548886
4.6195107636
3.84255999647
4.01176534945
3.28679743269
4.44195634825
4.17893254928
4.35834089429
4.43052852043
4.27251758604
2.95420829917
4.22324394905
4.18568985939
4.00027282357
4.29348910182
4.2766317251
4.13936744448
3.56038884463
4.71080993206
4.75396923671
4.53192986458
4.16388309402
3.83601649824
4.74735626105
4.26504209877
4.22450868012
4.44702087866
4.62799871789
3.88215816105
3.99678462585
3.5495202958
3.54867403943
3.41272385468
4.16471934752
4.24956639154
4.52225131842
3.59506753759
4.38465494954
4.5895243238
4.26361305854
4.21462975528
4.70005577206
4.0792396195
3.73263216606
4.40107930263
4.9766758213
4.09977772925
4.56736520727
3.97906655636
3.98150919045
4.21063828212
4.38597963404
4.23685034299
4.13137476528
3.54331640407
3.85397526138
4.52769760558
4.84096809613
4.39696597089
4.44474071437
4.44274548298
4.14978149248
3.74360211615
4.4797038249
4.21760257044
4.03569368409
4.14878130671
3.49789149031
3.66599761717
2.25013089377
3.97768963038
4.91934076208
4.23063763037
4.57528430711
3.09280998328
4.00027296661
4.13117819185
4.52559812323
4.18608540966
4.06924065803
4.74596020215
4.3068966997
4.48665342654
4.05080279707
3.75031316166
3.83702973371
4.15026333919
4.41256729811
3.70776276496
2.91361388589
4.10026768912
4.30016968854
3.32693473612
4.46404912724
2.92202815673
4.26990484322
4.13860971921
4.07342415994
4.0345861634
3.99682169387
3.69949992003
4.5287466688
4.50029512546
4.22690396985
3.72418923637
4.64080765888
4.05024856028
3.72760079702
3.90417728745
4.52275977005
0.24019335766
2.65031811963
4.2945147443
4.28157077255
3.78999061933
4.57633291864
4.62214596155
3.14972306451
4.35028791454
3.70440159006
4.40550116606
4.47321689806
4.3499360998
4.27153063211
4.24763222717
4.62882954872
4.44626222517
4.38887782042
4.34083563863
3.9148443559
4.28685354704
3.99682071607
4.25498291164
4.34983156823
3.73835713136
4.25814953365
3.20605660855
3.92184661243
3.39588220062
4.8454329723
4.49019088533
4.50995861521
4.12282299334
4.07032130271
4.51444644859
4.27365692421
3.13154617951
3.80686250283
4.15012097366
4.85008080525
3.62395353825
3.7022324839
4.19912855448
4.40328501599
3.79920953773
5
3.34953565306
3.94998017037
4.16956419746
4.18903014088
4.78404990447
4.75802595652
4.56742204426
4.55347566996
4.88463946406
4.75003018248
4.2384417032
4.75003156957
4.58154668325
3.69851907611
3.92532086043
4.84697777242
4.49998471454
3.79353762996
4.13705531694
4.14193360975
4.51430397701
4.32811498293
4.67466059468
3.91809302673
4.43745333093
3.71193440461
4.17891057442
4.14996294471
4.40461986285
4.74990345492
3.75953056091
4.23620528818
4.24251818584
4.1502934429
4.49124181415
4.66864580249
4.89072543404
4.38828513497
4.15005519001
3.95551485186
4.16304191663
4.36322546122
4.41947235145
4.68528757468
4.7986133792
4.12100411851
4.77815135107
3.71884279641
4.4294536248
4.55766434588
4.45214177514
3.58497570797
1.75637168252
4.34963627405
4.08576869923
3.86936709061
4.1996493759
4.68546518866
4.03868311795
4.5669756942
3.95097952437
4.34995008563
4.41666412943
4.91736733155
1.23060545095
4.58891784423
4.67068934593
4.1460316743
3.94425571982
4.05587158133
3.24992046821
4.54999574923
4.32605117981
4.79241568093
4.34049550344
3.96173069088
4.49327087361
4.64995590628
4.20275807093
3.54995588701
4.26795339521
4.95613280557
4.52419758864
4.19637130314
3.70322699344
3.8695805566
4.1352701869
4.39546633609
4.34268491888
3.85088670399
3.45148568672
4.48481556216
4.13818921239
4.35130851638
4.14998077005
4.75014321941
4.48543207426
3.99240548383
3.99944652727
4.62502868443
4.32629351145
4.76218552556
3.57029066984
3.87689716876
4.24982654829
4.3246307345
3.87474747414
3.37976042435
3.86968570707
3.75041236475
3.53696652236
3.6127158881
4.01946255248
0.25037855075
4.25016132497
4.13087535493
4.2100549241
4.02859892889
4.73675990635
4.22119973957
4.50213847268
4.05829508717
4.98958517448
4.74991019277
3.78834022325
3.08804485668
4.75219608324
4.75028446763
4.51420800782
4.49824755044
4.38581395945
4.21545168885
4.02113182633
4.48033591844
3.41723928754
3.90308783199
3.40705695111
4.78159199553
4.43430813377
3.77905350109
3.96413576222
4.26445954613
4.63365543374
4.27254162184
4.48998718525
4.78159199553
4.53315919377
3.31163688592
