4.54023811083
4.50031011253
4.73952835424
4.76890716454
3.69893318234
4.65419671315
4.29767317448
4.30959181228
4.22365597619
4.76280307543
4.50326708227
4.14966714354
4.63634147343
4.67097832519
4.2222825496
4.3587775877
3.89626206787
4.65436857237
4.30469779717
4.50804409522
4.35635104958
4.01479655967
4.57113464857
3.91145045641
4.95019473164
4.25807949926
3.68669431424
3.90520665516
4.62331321182
4.29014419723
4.35034202342
4.21452467274
4.54972319525
4.22198348053
4.24279819713
4.5013481766
4.27322503387
4.76079101274
4.30301501251
4.4864543104
4.40851165127
4.71641002526
5
4.22314156189
4.59421530463
4.41717206679
5
4.26321654913
4.72835327238
4.61420984609
4.54390796955
4.71099047593
4.04852496177
4.50779593039
4.45012287097
4.80441199374
3.85016389621
3.30176787939
4.25556251986
4.37175454777
4.07181309462
4.64399532044
4.54877707735
4.56692587234
4.90717262541
4.49318530836
4.45111386162
4.09881244489
4.49729276778
4.60072975673
4.60760529033
4.58631879591
4.43764756706
3.56643333297
4.52525881731
4.49079930627
4.089987546
4.09920233734
4.20104997335
4.76042692181
4.44828877927
4.58629982109
4.48495343835
4.49260430445
3.81036665181
4.94403372644
4.49674937844
4.1273888391
4.65175154101
4.77015044703
4.28647467983
4.39207237569
1.04996261246
4.34970037728
3.91434958173
5
4.60992801133
4.5212948765
4.95011456203
4.70676440794
4.24167513331
4.38402810426
4.35256116684
4.84994955309
4.83163706139
5
4.47517548534
4.29660999559
4.5020109254
4.71073159934
4.35983546598
3.79620055225
4.54258352928
4.39446947641
4.67336861424
4.15639883433
4.58454744802
4.46134917478
4.71525758262
3.74694084901
2.71287439265
4.2410727498
4.39785115735
4.32689532879
4.63903349486
3.79808305891
4.12121847679
4.67512563591
4.42263656489
4.32877822325
4.50946352904
4.43182231507
4.35775542392
4.35903178456
4.19989996063
4.29203477786
4.55813690087
4.4865106382
4.02873342225
4.36496207638
4.63016126016
4.4215654317
4.47645949551
4.35012311728
4.48717830531
4.79373928648
4.3449427125
5
4.68170017649
3.69715037502
4.45977080039
0
4.4657287011
5
4.4578216416
4.63937914283
4.36628402689
5
4.53718545556
3.95020964685
4.67869038698
4.92921682642
4.82165482117
4.60005488877
4.33237650968
3.85008759877
3.35041741682
4.5710913661
4.72046432471
4.39102818447
3.51784435653
0
4.72241695721
4.70086766153
4.95005345655
4.55011543178
3.54449519679
4.21994914936
4.32499906546
4.73685373129
4.57689784444
4.68283967367
4.26703707833
4.94995313565
4.47096392249
3.91829376656
4.55025235464
4.82068134055
4.40553881446
4.25419432508
4.3854089776
4.38781767948
4.74975623136
4.28988242901
4.4258874434
4.6383319343
4.94998672401
4.84987476677
4.55815199502
4.55534020853
4.16292894061
3.8993738872
4.74999963687
4.44318125625
4.94999469992
4.4810134148
4.69177483935
4.6437019227
4.08860986372
4.33095333047
4.10065956218
4.92112510303
4.80138128801
4.41907371173
4.05190390453
4.98256232267
4.68145682919
4.35202370291
4.94996559722
4.41630833045
3.92006771393
4.57119244934
4.62307075604
4.4439695849
4.47348984013
4.57005721193
4.64823707523
5
4.6030117701
4.32899291951
4.36309389807
4.89812091891
4.38593150956
4.45061579047
4.17464866954
4.20133619117
0
4.73327246828
4.64996609456
4.7154105163
4.99270818059
4.59557201282
4.79808027588
4.34984044653
4.27764899467
4.66218849864
4.84987062966
4.61458636372
4.4245350227
4.8382846128
4.42599528901
4.75853540543
4.56495575327
4.66654894031
4.49891198689
5
4.24996859241
4.7926525289
4.95015793904
4.77610091426
4.57727096224
4.32525296759
4.59289682279
3.91098185175
4.24926236206
4.35633944131
4.34973166776
4.71722748686
4.33312341539
3.24992727229
4.80716196147
3.40266343547
4.23901708374
4.55910337507
4.32427331656
4.49951476248
4.05006681987
3.61280674311
4.53721823619
4.94967632455
4.34996172586
3.75016592661
4.57981721135
5
4.7471074585
4.94365632134
4.5764887101
4.60874244382
4.82669272633
4.26620210179
4.92529151927
4.00910742507
3.7915375566
3.80007161892
4.03015913567
0
4.85033105731
4.49358965823
3.84978482429
4.31102084048
4.35864251616
3.67958438174
2.76200661323
4.50502568523
4.45041264695
4.90107786922
3.88982845056
4.37888288402
4.51859588973
5
4.51809718116
4.58657693605
4.30247354951
4.07475785378
4.63194253947
4.60683288922
4.486045348
4.83060447908
4.43728367857
3.88276486309
4.68517161105
3.99176743382
4.9266629574
3.48013911925
3.93799946905
4.79166521558
4.32864595079
4.67782806661
4.15688385946
4.29449803233
4.25914154137
4.48188310233
4.05218266752
4.403471878
0
2.85007345877
4.44040165418
4.22224756468
4.2427490805
3.94165151303
4.14986563193
4.20227247055
4.20794051652
4.60818978563
4.27700914929
4.74927007864
4.56160632323
4.57603632864
4.45010303058
4.39818406509
4.44061276958
4.47948525045
4.13943990493
4.4063584037
3.94959328938
4.46431568278
4.54964903294
4.99270818059
4.21984991862
4.67672843023
4.50953819346
4.47392481161
4.64789647669
4.4517728951
3.96336152849
4.49591125344
3.96183475291
4.68707999696
3.62616666944
4.50665591528
4.84658525874
4.62230325435
4.51826502515
3.73684229353
4.28140065888
4.55959369624
4.53740105111
4.50842252843
4.76505396579
4.23805054005
4.10182149561
4.57796968259
4.25038546217
4.50011845275
4.48423312134
4.86380554138
4.50470612545
4.44995177346
4.33993650955
4.49826540967
4.18233000622
3.80936812237
4.61402443379
4.27775217447
4.60191879153
3.93295193401
3.93417180153
4.71064745296
3.36954987722
4.56117679239
4.03537265365
4.22434802732
4.63254836786
4.67860734637
4.63979679308
4.24269973819
4.43310008005
4.57896030278
4.74198378755
3.94221817575
4.44985594915
4.74641116323
4.67397817457
4.07475785378
4.59192197502
4.73047291562
4.34663620704
4.47783501753
4.57008339293
4.29990712557
3.266881629
3.7813848984
4.4290195611
4.62311896673
4.12672661201
4.64652358314
4.58175996342
4.94499854067
4.54150019485
3.2499550081
4.05020902951
4.64988983215
4.35102208613
4.35462719336
3.72270044848
4.3863550813
4.46390394622
4.2187486473
4.53293584712
4.57003551907
4.35035062266
4.50065731569
4.5225547506
4.06642938535
4.53008845701
4.20101117109
4.46955548659
4.12243199825
4.55591413264
4.66088018739
4.74999374092
4.45726506944
3.96336152849
4.73483698471
4.70086264552
4.44740217585
4.57139317162
4.84484987458
4.37614710097
4.44355270257
3.80543727846
4.01501225264
4.2899007948
4.5745107165
4.5501437134
4.58888318554
4.32355714132
4.55197103368
4.64699064894
4.23321629674
4.56777817233
4.42575310682
4.34963982346
4.7371643707
4.39603492544
4.82683818562
4.17394822662
4.36925982567
4.34404216984
4.61553944252
4.75015137717
4.66471885927
4.39689474609
4.2226102856
3.54961489306
4.38558022488
4.49754260041
4.6498523457
4.31228580745
4.67916402205
4.6208543121
4.42417774858
4.24060977444
4.40703406435
4.4171289172
4.02644795207
4.23563063204
3.93486471956
4.02509462228
2.0505109116
3.97103382604
4.64712747836
4.63541931041
4.55775063319
3.95006663479
4.12770067639
4.15590886027
4.48865192808
4.26168167328
4.44958571059
4.66164766187
4.5381041001
4.67895705247
4.23119351605
4.3773001872
4.01081842836
4.35995825141
4.46636508954
4.2955658385
4.23343943395
4.07602338533
4.62769205025
3.90248771472
4.61925344062
4.03138746895
4.38511487327
4.44969678881
4.27371575228
4.44549294489
4.3111838667
4.20399808988
4.68428449381
4.20013862076
4.49173847047
4.0821835918
4.77068142183
4.124092559
4.14120768924
4.19130815845
4.56449500825
0
3.42869070672
4.48895301103
4.40710598448
4.35561916626
4.52925271668
4.73636134287
3.45006050988
4.64978995035
4.39065971696
4.55670407274
4.31975964505
4.55011059367
4.63861269712
4.35710575128
4.70168338475
4.62792237562
4.67147265672
4.43021336054
4.08224009936
4.51887179785
4.14124778579
4.44956694485
4.51765275314
4.11233987903
4.37863043983
4.09071220409
4.30452777316
3.7498072846
4.76042692181
4.42726038405
4.7436457647
4.34918911409
4.13587955199
4.6663811575
4.25285453113
4.1739750958
4.66535606836
4.52077640524
4.97838520278
4.02095211963
4.0913014636
4.36333544826
4.36099930771
3.89603555851
4.95495880815
3.84990439775
4.6501549637
4.38419940593
4.23448174351
4.70024331658
4.65526843964
4.49595420184
4.36302069012
4.88116759285
4.72518565216
4.33302344101
4.87570067044
4.75020692027
4.03043503061
4.40340824029
4.95011456203
4.43749575299
4.21761428295
4.40692684509
4.10148714519
4.40549900688
4.4582121456
4.73623842302
3.96388376882
4.30969204123
3.84384798311
4.31943748219
4.34988279796
4.45305705896
5
4.07979028085
4.62250699539
4.49820150073
4.3503312699
4.1314119665
4.72568599097
4.67885715022
4.57107030048
4.44984267308
4.53262998948
4.45281241192
4.45019823734
4.24963005972
4.9287570512
5
4.16007732517
4.87446593978
4.58361470802
4.57265454055
4.55680285265
4.58115124787
4.25006527431
4.03901350689
4.40828692733
4.30685645913
4.60302467892
4.05014638185
4.67638554703
4.08852814265
4.70961127149
4.2695114285
4.31301556192
4.58251489895
4.77747767364
4.1498243267
4.75761536914
4.52681479776
4.44982006862
4.31189077928
4.48966876729
3.64038601018
4.69584738021
4.23143984581
4.88923139065
4.52881540053
4.37107184537
4.51758858016
4.57436705147
4.2188417363
3.74992098699
4.34977496629
4.88076099114
4.43198181724
4.31950698203
3.93722980801
4.08414602249
4.14275300904
4.42042889663
4.35015550421
4.04150409137
4.06794803142
4.78679041987
4.32622152254
4.55015197497
4.44994249696
4.95029272683
4.48457502887
4.341778022
4.3480392488
4.90381807407
4.43369932566
4.89812091883
4.16577035512
4.3130316992
4.32642729229
4.52545225828
4.32005519219
3.8799519481
4.0784943716
3.54988859089
3.95183542556
3.819791814
4.20718537237
0
4.63634147343
4.8503337928
4.29777614781
4.47685043911
4.86270049457
4.36845263725
4.49541955155
4.26872259918
4.88910406362
4.94999469992
3.91219818583
4.14789664661
4.6448408604
5
4.71326160844
4.47781449392
4.43555677488
4.43937114331
4.49385472893
4.67341917418
4.39690841041
4.29668980015
3.64208152405
5
4.34040647443
3.88807486268
4.41204856766
4.41969579873
4.77592185963
4.92257442619
4.46555844699
5
4.67325446954
4.04282823762
