3.24205556999
3.04350968909
3.20624260907
3.41057295709
1.83046731575
1.67260626428
3.54732175387
3.44851822843
3.409894968
2.90715097874
3.88294717628
4.20896523589
4.00758307113
4.29501097004
4.0708563782
3.62413591062
4.39769340036
3.05669292805
3.12292773551
3.88384559978
3.27982503901
2.36009545728
3.19973000504
0.992474297438
2.95201015878
4.07998147021
3.18783107974
3.17637314811
3.30714003123
3.17003159109
3.05163614786
3.38509183483
3.40190752054
4.51355022226
2.00870838673
2.93568583123
2.44131518991
3.42862690155
3.15890897832
2.99130717052
4.21822823991
1.47973414787
3.11490694127
3.23212186533
3.9591894211
3.60412776296
3.47701576481
3.25481582481
3.80547437504
3.54672125929
4.16237313055
3.13743339648
3.57608512814
3.27199775734
3.27730531346
3.14401174244
3.19093757546
3.08973541392
2.79399770746
2.85837849111
3.54766741484
3.34674581657
3.58379618731
2.91723567399
2.97178744902
3.58039772815
4.07533292764
2.88830788595
3.24705459072
3.85694343952
4.53663238438
3.09897799752
3.23485917481
3.1384316767
3.46466883167
4.57725496018
3.84552303829
2.98316228553
2.21250571679
3.69492963987
4.30670835791
3.1375643254
2.68763475641
3.54008440836
3.74793175483
3.39003751829
2.90834387101
3.35716879472
2.50458801771
3.54187692244
4.1989522987
3.65329357381
3.50283779801
3.53084091936
3.05650920454
3.25753370847
2.85267384942
3.5932533677
3.8043785734
4.19609586506
2.70982208497
3.20623615264
3.89459141575
3.02072973725
4.21876100029
3.32284733719
3.34514474824
2.83544939361
3.39734866611
3.79420055616
4.21205232157
4.67226729928
3.37225450498
2.9339057087
2.84509273897
3.48753680495
3.68245437212
2.86488747453
2.37572833048
3.61227453104
1.66626835249
3.91287346189
2.83108734976
3.18170510371
3.55404474019
2.7919975442
2.39339752731
3.70032803447
4.0111562854
2.61709992616
3.5621012337
4.10483702374
3.74938579675
4.52465947341
3.13518906479
3.23801949306
3.46103122023
2.94913861093
3.35870386111
1.95336007969
2.77165654257
3.27241260208
2.48141035124
3.80810589637
3.14010984939
2.72888308761
4.06883454433
3.69317556063
2.05780463931
3.54289610312
4.08277759456
3.94556323168
4.01778415095
4.10588310773
3.88807310988
2.74695935495
2.95668150592
3.22892763188
3.22158052178
3.0815704676
3.54915053916
3.14563846667
3.10318641436
3.54400637145
2.89525849989
3.73469793175
3.44012440315
3.26985422193
3.21037458471
3.08953944283
4.44067166232
2.9925154778
3.35144325457
3.49489798747
3.27218576553
3.39662446496
2.60211714753
4.08988604413
2.6423689393
3.87584370873
3.04203365257
2.40346773248
3.94760256408
3.9506893432
0.549681199205
3.58916626093
3.80464704013
3.37797844304
2.73819684173
1.82993238937
2.50986252734
3.85561542447
3.21705746503
2.16360666755
3.80665874911
1.827799463
4.41574485957
1.93318527268
4.02868982565
3.13150282812
3.44383976358
4.34928859616
3.3160055085
2.79879356131
3.00392469789
2.64943368639
4.09525146752
3.25009291534
2.99849929132
3.88070660696
3.24074638286
3.4849230346
3.37790061902
4.06007549026
1.31271230367
3.00713052514
3.72690253692
3.53282697591
3.28949846823
3.5247815013
3.95797218505
3.64543943724
2.97067719996
3.50791972443
3.86707169433
2.52432915063
3.23363838916
3.83286884364
1.27902709598
4.56458497763
2.99268537521
3.58998704713
3.52872101888
3.57905046347
2.39951778927
2.44960910984
2.60921510369
4.55026344059
3.18319395577
4.63692489477
2.89865442947
2.83336157687
3.30881684247
4.01757280157
3.85359167539
3.16211104852
3.38879042197
3.11464917748
3.66893413774
3.96377554216
3.45689454304
4.45211085735
3.71340569893
2.52175046573
3.85437936125
3.53056707068
3.71322617112
3.09709480957
3.6750136815
3.68960250749
3.00128539901
3.57901572597
3.02658693782
3.2705416028
3.45924408729
4.17653368368
3.82184180337
3.71601117113
3.57416243727
3.89986701945
3.1021443095
3.95327251511
0.968183876546
3.72673543166
3.73810271646
2.71988121284
3.85626364886
2.80109781506
3.73134575123
3.63520482258
3.80268782914
3.39751651582
3.22545011358
2.5783533299
4.08299936268
4.08907155847
3.58823570356
3.25876992692
3.77996319212
3.47926114093
2.80216557603
3.15294042246
2.90626223936
3.10955313225
3.40377945618
4.05741549654
2.37850316741
3.74326360208
2.86995376603
3.72405970305
3.08185388902
2.82041580118
2.99837339344
3.45717674593
3.09911258306
2.75390093994
3.67443266179
3.37484731142
3.67673815473
3.36085715616
4.32192699592
3.60903503686
3.53562066177
3.42187931434
3.42371528426
3.9530618036
4.09872459611
3.96750213188
2.61363908784
2.66993223038
3.27251912009
2.83527198269
3.38022303084
3.1798871167
3.0899409767
3.38451130485
2.21033369686
3.33795981319
2.88748203238
3.2429262512
3.5024796394
3.60318599549
3.0681712213
2.16390548577
3.63095224792
0.928200130748
0.538376741046
2.6589087996
3.73402645569
3.21256149857
3.94113488538
3.78077889618
2.79873345006
2.6651204962
2.87211252694
3.4026533549
2.55795941149
2.85198259513
2.68914993109
3.3966164227
4.50932893491
2.43557026484
2.86344358687
3.12930534848
2.73479519748
3.86836619757
2.38875554088
3.67463988688
3.68864778635
4.28173467832
3.22729487448
3.52267646052
3.84068181236
3.25797211915
2.88396621364
3.08356065752
3.38972299737
3.77399287226
3.60813951305
3.94375826978
3.32488490234
3.94404943753
3.4473028361
4.3483310761
3.23031720894
3.4677141354
2.52377605645
3.90161173738
4.48911793662
3.31092425372
3.08871975694
3.50212500752
3.17470895474
1.7534809616
3.48768395712
2.60037889724
2.23153144723
2.81824680963
4.33585739182
2.76756653599
3.82167280031
4.20764987378
2.08390223155
3.08834854056
3.29223597008
2.87948499353
3.53562864788
2.03449319777
3.65692879106
3.62438934751
3.11808829195
1.28164535974
2.12391307237
2.58870928922
3.46185450796
3.66068460814
3.29966042587
2.06619498441
3.16089322696
3.79319802081
3.87481719879
3.70807860134
4.44454930299
3.04398155045
3.04625754628
3.00828651961
3.31437429007
4.317447818
3.45757684097
3.59661829901
3.89159728016
0.820171822992
2.07314141385
2.90993271277
4.24361799032
4.50544044787
3.79919814161
2.98342291142
3.86964474687
3.09770104378
3.58633753809
3.32593770697
3.37126356346
3.71240552536
3.39748271872
4.37523123465
3.11320170348
3.20047213229
3.53240459952
3.57973838925
3.10043069011
4.08374210353
3.68452174604
2.26236786086
2.9226816443
3.01543034594
3.844536973
0.758424965183
3.01869286775
4.21370332656
4.14505319956
3.90804985669
3.62695728538
3.94006064804
2.59704495468
3.41932406192
3.725397694
3.04151042099
2.86130193601
3.96268086291
3.63956813008
2.80398163149
3.46526836962
4.08046326208
2.60516016678
4.20604115024
2.65825232826
3.73626189047
3.00146296016
3.60144727677
3.45367632118
1.86549109399
2.29163250517
4.02174290836
3.58410378182
1.28717062395
4.05820847462
3.64639217307
3.475285584
2.91482770219
2.73992017631
1.95567724834
3.02265514077
3.02138786387
2.87180018885
3.50286407088
3.6570852988
3.8335657262
3.50843944942
3.51524576754
3.30297326222
3.20273015018
2.39577889644
2.97815977541
2.14204227764
3.4800885631
3.5058341028
3.83281994179
2.848993353
2.88735149958
3.92409942079
3.72554332679
3.74909491527
2.7870822693
3.76326819899
3.40891297879
2.87380238269
3.33430850667
3.95036933583
3.3713605476
3.16546737873
3.87285960056
1.9949720144
3.42792854979
3.30781162645
4.1207338345
1.20345086378
3.2029408296
3.35095590929
3.19465194579
3.36025721388
2.72615602095
3.39650057092
2.60123349239
3.38808963054
3.10799002805
3.3856456695
2.84588075277
2.90086141325
3.22344030928
0.819639995787
3.88943572776
3.19488325554
4.21135726936
3.23660351964
3.25509257948
3.44921081244
3.79963254489
3.44986576129
3.94644461589
1.92428192986
2.97557643034
3.54225316201
3.63138323541
2.50911661698
3.06718216272
3.36112762177
2.66388980591
3.82745870841
3.30235743817
3.6333871364
4.24143490402
4.6616269172
3.76900865545
3.82914691307
3.23188443948
3.34348739564
3.58584263258
3.17419485853
3.98615219351
3.89474002959
3.51029047177
3.36156950467
3.28385707204
3.88817172062
4.13543857042
3.48352065765
4.48889021431
3.0936733063
3.52257768216
3.27636853495
3.34327019853
2.91533140293
3.55237056588
3.65714098168
3.11224733616
2.0982555176
3.19846585652
3.72199259118
4.14346819043
2.6155126009
2.82690478743
3.26931089627
2.20363442052
2.93526170323
3.70164763473
4.12444222301
3.74133535636
3.35847653016
2.78078613018
3.77096075379
3.05144216256
3.63128232916
3.72218538136
2.95877658642
2.76572914966
2.40173945369
2.97136380756
4.56284588214
3.73806464289
3.71038467624
3.34316592537
3.31585449135
3.53139549317
3.85456039458
3.7416208848
3.91907646591
3.51947985374
3.00221258082
3.7943252995
2.74480101792
2.91737697509
3.84579075043
4.49161024018
2.82247563329
3.2119050762
2.47528929933
3.81108481106
3.02673225095
3.3873281402
3.79086588851
3.78010594662
1.04317140519
3.63315388803
3.45756134953
3.30595686042
3.79731786085
3.67972106017
3.04261984975
2.76329275399
3.22270368729
2.91434444582
2.92070367156
3.41244001389
3.2206285975
2.17753454084
2.25001063991
3.48847532913
3.93695843917
3.37466894823
4.30756320871
1.51007861274
1.75331900621
1.16784124903
4.07558357482
3.98688243129
4.03862649796
3.5091321314
3.22152896344
4.70800136932
2.58687867055
3.65635391459
1.60953647968
3.51954272839
3.81109764021
2.89519876377
3.89881926408
3.89188364281
2.71588653948
3.7503660734
2.99703313432
3.74297603876
2.90360371431
2.93593134866
3.99663033283
2.9150225761
3.49976907832
3.40393318832
3.72129647307
3.28775766856
4.1605176937
3.39560653608
4.14957374039
1.2012278691
2.85436906782
3.42680069845
3.46082998511
3.01469594813
3.75886551898
3.70287231155
2.17025972278
3.66475180555
3.36246934258
3.70707163956
3.83713379855
2.50516823354
4.00484426485
3.69661578544
2.09493047846
1.51446559127
4.10875941822
1.25050828627
3.35469488169
4.31283179426
3.33571529898
3.56690984729
3.21834058172
2.72878467838
2.20561016801
2.75078703167
3.3954631521
4.20350632027
3.86519905024
4.32884434385
2.43628712823
3.64860573413
3.00444997858
2.2023278553
3.65759078752
3.33829186031
3.88590320091
0.758731963
4.40709019105
3.91740777258
4.26672598325
3.03496791491
3.09390633384
4.00159524957
2.96818498285
3.33968711613
3.69737272677
4.08272367582
2.88850551939
3.49089927292
3.69278086936
3.17477096257
3.44724290216
4.3977420527
2.83406897068
3.04611764948
3.96711868158
3.98915755972
3.99386621964
2.74184231613
3.38018677582
2.16472042095
4.10877660063
2.8095521987
1.88108983558
3.73765825242
2.64860388426
3.91072577189
3.43948966884
3.34401237582
3.19285172123
3.08229811577
3.99220853919
2.77134661018
3.12188692694
3.94550013589
