3.37114866065
3.29240312521
3.20392587671
3.55320332615
1.5541675122
1.72912252488
3.8751299848
3.48958282007
3.56502777592
2.82730399583
3.799805913
4.27587166672
4.03133606657
4.39852573423
3.93635811791
3.61847186265
4.14054438717
3.4217037649
3.30014673275
4.02033306104
3.24834051194
2.72991098991
3.59786111037
1.10579009632
3.02754722185
3.784588939
3.34881815162
3.09346964389
2.94035176043
3.31678358222
3.09987061402
3.38515930089
3.40624262698
4.42691753139
2.40015774232
2.99362305575
2.90413574363
3.55197720048
3.05797934613
2.89991299558
3.76744394053
1.68794876955
3.18754784358
3.28525696758
3.49990059696
3.81662475999
3.52129844766
3.232796046
3.90681825909
3.2531144317
3.98136407205
2.8503568707
3.65153131655
3.22692412982
3.66967194921
3.10021838621
3.38476222886
3.02860705096
3.09675729508
2.94458490705
3.62467570844
3.3777275862
3.64932019096
3.12857719942
2.68945818938
3.49424050362
3.99231074735
2.90003670121
3.20304532616
4.02120819483
4.16323517318
3.10937133762
3.64995254314
3.33924602764
3.50103408791
4.5431291232
3.93281044589
3.44015953479
2.63057175372
3.60437989207
4.29991349254
3.3503898082
2.89996456429
3.2171523184
3.67552019592
3.43171798808
2.9482582639
3.38936067232
2.59733692612
3.61373158378
4.13796172278
3.86096092764
3.59570659506
3.66712365208
3.13920869067
3.63355231908
3.0344037351
3.10011759853
3.12552997785
4.16832209118
2.73509154476
3.05569793317
3.86657150602
3.00630163696
4.54911421345
3.32329821483
3.21645998529
2.93519414262
3.70519880953
4.29971794459
4.19746346778
4.27630243675
3.40614119226
3.01141217881
3.11056543819
3.73622314842
3.87812052346
3.1380997804
2.85777021012
3.57489060484
1.10031632586
3.50985521594
3.00165862315
3.22184398859
3.3945274777
3.40012504228
2.89988008698
3.66245574707
4.04308114668
2.95742912188
3.5136449761
4.08493331767
3.8487561882
4.87651631543
3.44243661218
3.51986119203
3.65459712909
3.33042022628
3.2917219885
2.10013330661
3.10006362874
3.29088039442
2.54807653855
3.79667402801
3.11215769671
2.77924193437
4.30008000444
3.62646849925
2.44486104811
3.68274752297
3.99041990474
3.97120428264
4.29970315626
4.58713877258
3.84397608131
2.65666261039
3.2127027577
3.08289500544
3.30068318029
3.11565782347
3.52376709913
3.06030445234
3.29970400199
3.65477604619
3.2225510962
3.70132287345
3.10009113795
3.44225283046
3.26709888207
3.29986654146
3.89986791361
3.10702417021
3.55401661578
3.94495238563
3.27363946658
3.52571084106
3.14445319795
4.13900579588
3.07484727323
3.96729794221
3.88738579298
2.63107417561
4.10777380544
4.15012780852
1.11858182096
3.69317486353
3.32864367707
3.35721729098
3.05686035611
1.78244865548
1.94388003173
3.65440435677
3.2746891107
2.13878205799
3.50002957041
1.50018169991
4.89972258086
1.89990354246
4.00891177759
3.31126391627
3.65762431955
4.66853327087
3.43760598522
2.88757833624
3.04878528039
2.70002636816
4.23588326867
3.17420354832
2.97681029742
3.97568208089
2.44178224663
3.79605865739
3.5812831586
4.26710752752
1.88363939282
3.34526744388
3.55297343042
3.56707056539
3.5428880463
3.62059573169
4.03306634674
3.64404211139
3.18153921512
3.61674226947
3.80790267266
2.55940182252
3.65025724149
4.09989237667
1.9725718771
3.84965437929
2.98370321203
3.67282606549
3.59948770808
3.59045901051
2.60013567654
2.22331480614
2.47666654623
4.62259032451
3.4590036962
4.12013640189
3.01400204998
3.08429557017
3.2363073319
4.17895297379
3.61364416674
3.48171220947
3.49540353437
3.33290284634
3.29950682749
4.09207874706
3.39997230468
4.8679721661
3.82476961249
2.552310853
3.96159537105
3.46630550036
3.80329247973
3.21297594126
3.88509920298
3.85539005409
3.3145353127
3.56442171054
3.15982396674
3.61900778282
3.64868359793
4.26386137626
3.8836849016
3.62066571431
3.35509686122
4.06948877439
3.33019128929
4.03506140627
1.10022539451
3.76314337672
4.16531335704
3.04445202594
3.57679897224
2.64982548299
3.50871007835
3.6997359831
3.43923775413
3.08984441144
3.13002452469
3.0119958157
3.96335241548
3.91569752187
3.4604336232
3.28282895626
3.62748478842
3.63333342249
3.23287188536
3.04991886633
3.20648072314
3.33330818082
3.54415112974
4.33019028145
2.46768062789
3.3000054105
2.8377401198
3.89960986613
3.10029170736
2.84954050318
3.08704071645
3.52945246211
3.00333435475
3.35005334964
3.61502500534
3.60411711079
3.59013870856
3.52548548902
4.53190465353
3.89160994855
3.5004836706
3.41238844783
3.43320554004
4.03977761583
3.78831949225
3.63797609512
2.54727660115
2.50030315689
3.42882106885
3.00922094224
3.4483180291
3.17658854527
3.12029369049
3.72804934544
2.23626334403
3.33290229168
3.49997613185
3.47839186044
3.73259472895
3.11706175572
3.11253139435
2.89993599981
3.40115839347
1.37334399401
1.10027894506
3.10022618887
3.84692525152
3.16161935621
3.89973877618
3.41788000276
2.23251943991
2.28754648867
2.89975275099
3.41982207551
2.70034056068
3.56441806683
2.80848174802
3.10027436669
4.25251828792
2.73561712381
3.12245083128
2.94948677594
2.73501040467
3.81327129463
2.50031561835
3.65510029557
3.42585699833
4.17501048359
3.28388924668
3.69992227332
4.12868090179
3.43272468437
3.10015631839
3.23280678505
3.43600451646
3.80626796058
3.60803911228
3.91354381034
3.4506041937
3.87507614425
3.7880795224
4.64998151733
2.77047403563
3.44932573674
2.6988462316
4.02718860882
3.90009511935
3.43054094153
3.2161399803
3.66964237221
3.10954519599
1.31471588278
3.46847853915
2.79043124969
1.93197182919
2.74100878477
4.8327989792
2.87918151754
3.74609971094
4.25719856899
1.35273771593
3.30399282412
3.26930785072
3.07497564185
3.40282704799
1.85024352856
3.53241421596
3.80834560484
3.24790045025
1.75819135391
1.92069166632
2.85821977719
3.28420950544
3.73480783384
3.28435992997
1.91924562699
3.06131692946
3.27788258232
3.66139143233
3.77288701823
4.73831406417
3.30000459316
3.15491279225
2.94883162118
3.7978518782
4.42985132633
3.58164589566
3.64244808588
3.99120934162
0.843881017648
2.75999950546
3.06258269367
4.36545646579
4.72682884859
3.76716785404
2.90007879355
3.44082340573
3.02145675218
3.69941937984
3.46095418373
3.50719164239
3.78637167794
3.60466114052
4.57022633655
3.13011460101
3.18088989717
3.61851256625
3.70935612426
3.30486576075
3.58512036441
3.99716446012
1.9149058733
2.87439768576
3.07196406315
3.31032231497
0.806865043045
3.35535909369
4.40184714425
4.28349430506
4.16292059503
3.2125222207
4.05773206492
2.84668467042
3.3282958722
3.70034225213
2.89996414692
3.02845477799
3.95338597976
3.77383939919
3.39548949625
3.45140226629
4.34645098315
3.17351493178
4.302960326
2.28189931566
3.65495339742
2.81218185556
3.6558902136
3.61129623645
1.90040876995
2.4233258486
3.73213035058
3.09995202982
1.4627227507
3.27181824108
3.58835610632
3.69706423199
3.14089496078
2.49977221
1.50008431421
3.0618086057
3.19672516953
3.0664827272
3.73135817881
3.6236066785
4.15081314691
3.70719665284
3.75672562472
3.38166912174
3.1033615929
2.71301523619
2.97324784051
1.75804997841
3.6046903429
3.74725112334
3.9516255741
3.18878292199
2.75650481763
3.93290502333
3.87614854467
3.98763565078
2.92017703776
3.89328492862
3.44053099961
2.70709382423
3.28745156166
4.0349112116
3.12106328519
3.40002532628
4.02742939897
2.05028515203
3.27425492094
3.14379242426
4.04801356808
1.90014073313
2.92990067058
3.54018759131
3.36985655911
3.53688190716
2.77857536407
3.56480290874
2.55444016906
3.03521730078
3.54432972755
3.31028842325
2.83632138966
3.13818740128
3.3418430539
0.850298213232
3.93623619848
3.23962975373
4.69756457928
3.24905858219
3.44256470687
3.71398104009
3.90227597348
3.71150681818
4.1446542182
1.23412488312
2.88599571534
3.85143731929
3.61590981199
2.88823057394
2.98665824415
3.25110219935
2.79203368846
3.67065664038
3.49989669599
3.69610753104
4.70675729055
4.34984298901
3.81686194189
3.98161233807
3.4043454869
3.34934396589
3.64962636729
3.29343840096
3.77360668999
3.86341880114
3.71928704826
3.64991271721
3.32228762881
4.09066344197
3.91964437596
3.66285883145
4.33593121412
3.24139761898
3.56321155742
3.20444477985
3.41391135225
3.01827675385
3.43799985553
3.73401577149
3.47692233806
1.92444758962
3.46202073083
3.78368114178
3.65670356728
1.95546665137
2.96261987525
3.09655774495
1.74616685845
3.05482142517
3.50656066094
4.15183491978
3.89565871284
3.35079587758
2.65185085879
3.71037898694
3.08921392476
3.70514029223
3.50003765458
2.88869987057
2.94272630897
2.38444953964
2.7621615868
3.77489231994
3.75272695993
3.58288445286
3.34244212777
3.36115792886
3.74939682257
3.94236572199
3.5996788185
3.930051737
3.58833036104
3.29963391467
4.10042578053
2.65686838574
3.08587801466
3.87722428597
4.30379290472
3.0965435428
3.22055273923
2.93215986475
3.75395941941
3.14835636415
3.3136537265
3.94590928711
3.79068766028
1.09972982216
3.76930934323
3.69261263311
3.33063598195
3.81103109777
3.74489301656
3.27529558654
2.60493913789
3.26737503059
2.92599764101
2.92948264987
3.4772292274
3.32020120737
2.09974723078
2.44295705207
3.53389597651
4.12875482119
3.37058127071
4.30445790943
1.4332001154
1.55684092755
1.29991960634
4.14839244954
4.00813467172
4.17696610475
3.66356502625
3.44134710822
4.3362963725
2.74432318882
3.71662336734
1.10004220968
3.44204468422
3.60474059226
3.39970399443
4.349716878
3.90018689262
3.07214432109
3.73226186049
3.21970292049
3.74101239669
2.68843406274
3.0925608142
3.65006552797
3.14990396719
3.97744006091
3.49037202989
3.87737962025
3.12618609845
4.28840248114
2.89998269677
4.60906611997
0.71982135426
2.85951839683
3.56124505725
3.46810590364
3.34988652377
3.80220607786
3.69206473156
1.76992562105
3.75680903092
3.41354739477
3.68100233996
3.79155546122
2.37775183579
4.04399433062
3.85012231779
2.39999758371
1.41557434141
4.27001084469
1.25275993841
3.51931952418
3.58607218331
3.39949327762
3.68187017806
3.1401873433
2.61581865653
2.86238275082
2.8490043732
3.31072322636
4.63996697634
3.69990109776
4.12233955333
1.85457353412
3.55953589357
2.90567221382
2.43657724356
3.76195208488
3.60903806899
3.95719391865
0.812736119427
3.84947143628
3.97758833094
3.90024380029
2.99304060023
3.16367785486
4.02022555747
2.99078217356
3.51680866849
3.62223457975
4.31080677749
2.95374639558
3.26749074703
3.61499116061
3.35924336271
3.57751583157
4.67276355654
3.15570801796
3.24189526115
3.57003804564
3.47285337021
3.99392516949
3.26266105607
3.33477491356
2.80968914878
4.10002929452
2.89165582902
1.70011422081
3.94125334486
2.67540361931
3.92218070168
3.63527456425
3.65195059732
3.30436113163
3.13105150278
3.95979323711
3.10926415951
3.09825145596
3.40520913762
