3.40013353063
3.40008801201
3.39994619486
3.40021165109
3.39975135539
3.3995722476
3.39982752524
3.40001482233
3.39997470213
3.3998452688
3.39993277232
3.40018036052
3.40017781744
3.40020091251
3.40005835636
3.40009827679
3.39987525013
3.39983526959
3.39998669582
3.40015914254
3.40002704885
3.39982268544
3.39988004712
3.39974700607
3.39984533716
3.40025684415
3.40001159637
3.39995818368
3.3999603806
3.4000941921
3.40001177248
3.39993332858
3.40000078466
3.40018103719
3.39992701511
3.3999653779
3.39985722619
3.39997690606
3.39994394768
3.39989881095
3.4000626692
3.39966559437
3.40004438106
3.3999738144
3.39999465439
3.39991232698
3.40015632298
3.39991949115
3.40021792862
3.40000057341
3.40006373126
3.40003256497
3.40009994376
3.39994104745
3.39994373708
3.40000667337
3.3998346085
3.39995849881
3.39990272581
3.39993971658
3.40001367503
3.40012586243
3.40006752447
3.39987476834
3.39993187762
3.40015211515
3.40008444671
3.39984922275
3.40007828484
3.40010291415
3.40005280601
3.39995526641
3.39972652841
3.39999278857
3.39996627251
3.40010201521
3.40019270618
3.39989096513
3.39987000015
3.4000671203
3.40020387597
3.40006743806
3.39990630046
3.39984378451
3.40017613211
3.40004620525
3.39997104324
3.39997202921
3.39984643838
3.40002781394
3.40006392377
3.40002165851
3.40005591369
3.40007513294
3.39987595102
3.4000549569
3.39997499844
3.39982321474
3.39989117649
3.40018075749
3.39989717998
3.39993291847
3.40001223911
3.39988726479
3.40022473554
3.40010968529
3.40000965202
3.39994215654
3.39998261675
3.40004786586
3.40014832501
3.39996123824
3.40002087776
3.39988258946
3.39989638835
3.40004816071
3.40019236312
3.40001593383
3.39988339674
3.39998094683
3.39959222879
3.40013887097
3.39983379484
3.3999758001
3.40004323019
3.39991258207
3.39990549368
3.40005430251
3.40014700018
3.39979193011
3.40014432327
3.40016044169
3.40003686531
3.40031308828
3.39989554411
3.39992469256
3.40001562822
3.40003278196
3.40004187366
3.39989361519
3.39991796642
3.40000892972
3.39982182107
3.40010881039
3.40004439365
3.39999919967
3.40008831964
3.39994481038
3.39976831674
3.40014108714
3.40014276915
3.40007285476
3.40027851811
3.40027858332
3.40012481184
3.39998217978
3.39988315347
3.39985196665
3.40003923845
3.39990902463
3.40014820024
3.40008699574
3.39992009751
3.4001837498
3.40002089008
3.40005371276
3.3998478062
3.40011184217
3.40001417306
3.3999370836
3.40018270996
3.40001594833
3.39998786455
3.39988949253
3.39991885546
3.39997601586
3.39979608731
3.40021360956
3.39974273995
3.40003805717
3.39989876468
3.39994398701
3.40015801572
3.3999586261
3.3995201548
3.40015327366
3.40017467338
3.40002948615
3.39997376665
3.39975063797
3.39977968882
3.39979003199
3.3999965373
3.39973658048
3.40006582167
3.39970555631
3.40030863226
3.39968149082
3.40015985559
3.39990642896
3.40011701745
3.40029031527
3.39986236781
3.3997754254
3.39999085047
3.39978745678
3.40024872712
3.40005530576
3.39993568305
3.40013548103
3.39969556465
3.40006494505
3.40019491588
3.40019596462
3.39974010767
3.40008016815
3.39999087729
3.40018979341
3.40018364567
3.40014540073
3.40005240972
3.40013447942
3.400033001
3.40002422907
3.40013915436
3.3998716791
3.40007832564
3.40015658868
3.39981170625
3.40013229659
3.39997868647
3.40018566664
3.4000049703
3.40007962673
3.40012912464
3.39982360038
3.39985298961
3.40026981214
3.39996741013
3.40010051762
3.40004901319
3.40001500599
3.40004255941
3.40016533184
3.40001315283
3.39988154985
3.40018639778
3.39997357181
3.39980787555
3.40008781354
3.40014795055
3.40031350117
3.40009337325
3.39981165831
3.4002155536
3.40002000785
3.39998912994
3.40006483365
3.40010342484
3.4000589224
3.40011010731
3.40011153724
3.40008685142
3.40002153341
3.39995511023
3.40021445234
3.40011918943
3.40019193553
3.39989730013
3.40016699394
3.39993546853
3.40023680146
3.39970893024
3.40002252672
3.40023778074
3.39990199583
3.40023313978
3.3998773333
3.40013002515
3.39981506347
3.39989173882
3.39993097267
3.39991782725
3.39988129799
3.40020668149
3.40005018811
3.39986950305
3.40011949598
3.40004584315
3.40005758601
3.39993120314
3.39991803751
3.40010656416
3.39999307606
3.40004748777
3.40024351724
3.40010181954
3.40017203291
3.39998763778
3.40007631374
3.39993485921
3.39984149399
3.39985682788
3.40007068317
3.40002512986
3.39980718663
3.40005455645
3.40009687687
3.40007017191
3.39994069058
3.40025687729
3.40016986693
3.40009349601
3.39994988405
3.40005349032
3.40010733784
3.40003445173
3.40007258134
3.39982806211
3.39988938951
3.39991033398
3.39995985429
3.40020770749
3.40002693008
3.39994955501
3.39989768524
3.39976658369
3.4000586214
3.39982145515
3.39997678133
3.40010466628
3.40002739756
3.4000547439
3.39978979165
3.39989287573
3.3995351353
3.39958144609
3.39991061509
3.40011341193
3.40003783765
3.40009960968
3.40000799863
3.39995680367
3.39978554513
3.39994407469
3.40009748771
3.39984015891
3.3998907326
3.39992863983
3.40001972002
3.40005543265
3.39993154466
3.39992181965
3.39994141831
3.39999555035
3.40011692202
3.3998402867
3.40017999255
3.40000951191
3.40025311817
3.3999651312
3.40008798813
3.39982883933
3.40021892457
3.39987786658
3.40000314243
3.40015544796
3.40014511623
3.40013815008
3.40017668546
3.40013378799
3.40017035558
3.39998254046
3.40017571068
3.399910138
3.40014247131
3.39978689575
3.40018397538
3.39978494751
3.39998839759
3.40010022587
3.39991937282
3.399938489
3.39980488411
3.40015192711
3.39997472638
3.39964265758
3.40000558989
3.40029940337
3.39990043963
3.40013617324
3.4001350232
3.39972939738
3.40007807817
3.39992214128
3.4000490112
3.40009946314
3.39974177908
3.40013301339
3.40003671706
3.40001617434
3.3997398094
3.3997445431
3.39984982
3.399954301
3.39995082627
3.40004359396
3.39972029128
3.39999140224
3.39988928484
3.40016055317
3.39995259351
3.40028083074
3.40008918982
3.3998925609
3.39994884024
3.3999686839
3.40026106287
3.40010114781
3.40004385918
3.40004860715
3.39972378855
3.39986681684
3.39997750548
3.4001874292
3.400266367
3.39992857739
3.39999274176
3.39994188729
3.39985828399
3.40009128308
3.40003278532
3.4000166789
3.40006622766
3.40003397034
3.40038228904
3.39986836375
3.39995542936
3.40009362565
3.40014597115
3.39985512061
3.40017550859
3.40014181299
3.39970588699
3.39995949768
3.39989158875
3.39984564043
3.39973309979
3.40009825219
3.40017415937
3.40012211619
3.40023805982
3.399969714
3.40014928605
3.39996154535
3.40012587106
3.4000541714
3.39994857071
3.4000111722
3.40013039668
3.40007626893
3.39985802195
3.40004524111
3.40013193172
3.39985041779
3.40027636705
3.39978581883
3.40005546492
3.39995026266
3.40008518793
3.40000951604
3.39992173544
3.39978220872
3.39999741075
3.39992206188
3.39955055445
3.40023827333
3.40005885768
3.40008490258
3.39994523859
3.39980682283
3.39975370023
3.39999153228
3.39999724991
3.39991073828
3.40002768981
3.40014263289
3.40016488507
3.39999304218
3.39997384057
3.40011969068
3.39992887211
3.39975284102
3.39993518968
3.39963396469
3.40002334943
3.39998475188
3.40016337516
3.39992392165
3.39991073209
3.40018412884
3.40008894937
3.40024101458
3.39988729798
3.40013401426
3.40007936931
3.39996835721
3.40002177819
3.40010912795
3.39986922842
3.39987915715
3.4000943081
3.39964453577
3.39997427156
3.40000926719
3.40014759385
3.39948898036
3.39998272228
3.40007771175
3.39999830225
3.40007021209
3.39989010797
3.40002964698
3.39992863131
3.40000461967
3.39987852795
3.40002618305
3.39993104629
3.39994732461
3.39998210882
3.39972311663
3.3999503467
3.40008269726
3.40029318464
3.39999053975
3.39989011825
3.3999741304
3.40016864946
3.40007089349
3.40019029442
3.39959741114
3.39991695857
3.39992455528
3.40014867673
3.39985572263
3.40002450677
3.40007808338
3.39990845378
3.40002919357
3.39989334448
3.40005841911
3.40019099477
3.40008775742
3.40006132992
3.40008609412
3.39995776767
3.39993851908
3.40011848993
3.40011752461
3.39997800585
3.40005547689
3.40016737079
3.39969758476
3.39990197666
3.40021214131
3.40020041821
3.40002407716
3.40004786269
3.39998955661
3.4000231959
3.4000547973
3.39992952972
3.40002984101
3.39994420793
3.40002383601
3.39991478518
3.39968185444
3.39993733448
3.40005010121
3.40009871861
3.39977470934
3.39991315275
3.39988649339
3.39990276635
3.39996826026
3.40023614406
3.40018437754
3.40011477342
3.40006668897
3.3999949872
3.3999949769
3.39994034376
3.40005939372
3.40001425102
3.40003693972
3.39988003373
3.3998214547
3.39991128658
3.39999577726
3.4001891938
3.40009064201
3.39995102617
3.39987455053
3.40014168048
3.40021924629
3.400171343
3.40008731462
3.39999065083
3.40012664424
3.39988160137
3.39988694706
3.39998732656
3.40015415641
3.40006097251
3.39987357421
3.39997791565
3.39987450408
3.39998076241
3.39995841945
3.39995555391
3.40012533002
3.40002761196
3.3997517976
3.40019355109
3.40018834485
3.39997904037
3.40003469497
3.40005390467
3.40003277756
3.39988617305
3.39993814495
3.3999231782
3.3999699881
3.40002061982
3.39984585837
3.3996755197
3.39965655295
3.40010023329
3.40026542303
3.40002661607
3.40016920827
3.39955590395
3.39974388286
3.39955151254
3.40022766192
3.40011668217
3.4001465257
3.40002819498
3.40007879464
3.40002740575
3.39994106571
3.39995298675
3.39964617929
3.39995867231
3.39993771049
3.40002430157
3.40015608635
3.4001399015
3.40007270908
3.40003642971
3.39991160102
3.40015462428
3.39991058882
3.39994759389
3.40013061755
3.39985781528
3.39983990037
3.40010921649
3.40007868131
3.39996910635
3.40011727977
3.39981585912
3.40027152935
3.3996870995
3.39993533199
3.40005187338
3.40004103353
3.39995106478
3.40011893549
3.40013520173
3.39973227627
3.39992405796
3.3998767015
3.39995295004
3.40018749374
3.39974862554
3.40015498371
3.40019865999
3.39978495172
3.39972524533
3.40027021053
3.3995697787
3.40004328319
3.40000558722
3.39965009028
3.39993703218
3.39999295183
3.39986754859
3.39986503209
3.39994619057
3.40002010128
3.39996456612
3.40011694934
3.40002073098
3.39978252228
3.40014063215
3.39988361139
3.39978443879
3.4001297377
3.40000948611
3.40021615408
3.39973217935
3.40002568582
3.40015644709
3.40014668648
3.39990978153
3.3999390593
3.40015225753
3.39991021843
3.39996729124
3.40000436539
3.40017915613
3.39995696317
3.40006851028
3.40009999787
3.39998470851
3.40003311928
3.40024430204
3.3998913618
3.39983113312
3.39998323431
3.39978147862
3.40017686687
3.40007020067
3.39989689865
3.39991382361
3.40008531861
3.39994183576
3.39965622253
3.40020106351
3.39981099579
3.40012200829
3.39996587021
3.39995156237
3.40002176837
3.39985046949
3.4001471768
3.39992227707
3.39994633868
3.39998614941
