3.41172164172
5
1.41701326942
2.03113966162
3.72995777833
3.20369019897
3.85102830221
3.30401457867
4.60148221142
2.59311263316
4.69988783202
1.5150439054
4.69983388058
3.9952913539
3.10019773138
2.48123315201
5
2.95448551574
5
2.91312559859
3.36327485088
2.75112428725
4.18471502242
4.71638556948
4.50497276394
1.89987761605
4.84124277905
4.49983113665
4.79075682318
1.98540719574
3.09950286385
2.93425663863
2.42564381552
3.09950286385
4.70024057252
3.91572701638
2.73263986097
4.02809699606
4.79457675218
4.76052294527
4.70012662257
2.11218252389
3.63896599707
1.92889484057
1.92889484057
1.92889484057
2.29972904065
2.29972904065
1.92889484057
1.92889484057
3.42029175323
3.40567388446
3.87278322127
4.6999238668
5
3.67212630066
2.32009246022
3.32936051254
2.41026029289
2.81480991869
2.32270219225
3.90496961545
4.78933132338
5
2.24662989352
1.33097910654
2.66796096154
4.79580841346
3.56072839556
3.92484443571
2.13050902888
1.29729200762
5
4.57068738533
0.986174915037
1.40573153987
4.39865068404
4.09099308066
4.99263498886
2.24772612882
2.79003651844
2.58286831636
3.56033041356
2.96631979436
1.22257010032
4.3933004612
2.30040174877
4.79668977789
3.14126158983
2.83094941411
3.5692540931
2.08728942515
3.08348892018
2.22814009903
3.93175453537
3.32467645983
2.54255474807
4.65080078222
3.58078685432
1.99708767737
0.838065469741
2.05347817823
1.96156477189
4.23211538081
1.0301138288
2.26109205255
2.03626221358
2.98978970076
2.41311886008
2.70013174275
2.29040103007
2.80452169929
2.310917746
2.9092635345
2.443834348
4.10008699593
4.49997138905
3.86206493465
2.66093726333
2.44499161591
0.992714498817
1.20740702325
0.0348796003834
1.71133464449
1.33888799692
1.45153709473
1.33888799692
3.9981407401
0.632923193127
1.42441032078
0.584824859917
0.632923193127
4.22836063455
3.9866701035
2.65090508476
4.10001164853
2.17186472709
1.91039922157
1.82084911354
2.00166554731
2.00456937809
2.42741069925
0.520496936203
2.90191681844
3.64429363571
3.25346178034
3.80493154586
3.0111823916
3.35215339462
3.80493154586
2.72857938189
4.48413377712
1.26696729591
0.102849964571
2.12849151431
2.89998313738
4.67059913834
4.30403460995
2.20462623047
2.24469206375
2.24469206375
2.37983995252
0.572349423475
3.26613669387
2.39468507416
1.02827368836
3.39296193387
3.48487927144
3.45033315938
0.733085350763
3.69968854627
3.18072956107
2.99502069357
2.35928678695
3.75165837869
4.83836352503
2.86023708
1.03643638087
3.78699879414
2.71718849774
1.08081098979
0.705788743186
1.3390541905
2.03868455505
2.17249311803
2.14752622745
1.42307248229
1.42307248229
0
1.47046222486
3.300258577
3.84001497833
3.68994674556
2.65107353519
2.58506057403
4.94683570195
0.109288396649
2.64909122752
3.20140844052
0.0830416207771
1.19805684985
3.85287903529
3.43400975066
4.30956421583
4.8813559611
2.98577295598
2.30141840546
2.38556610277
3.08433773359
1.50626942462
2.89880281368
2.65377723022
1.76462643999
2.30142949028
4.94460965321
1.27585425957
4.76343256216
2.63557189885
2.95292446752
0.918679623742
3.78532685064
3.66450205662
3.56614821195
4.05549795252
3.51547602863
3.71056217433
3.52711846105
3.39903320564
3.379558426
3.42847450083
3.71602868511
4.06521997379
4.61892572246
1.2500660663
1.49967029434
0.61115869798
1.68946792854
3.8763130482
3.24121172755
3.18035129781
2.90564636778
3.50000644027
3.05460244568
3.69983403897
3.64607128082
0.812046831917
1.85852473734
1.86556767789
3.35170540262
3.54748544177
0.506409865235
4.19697482447
2.31171088495
2.5559917933
2.47452111365
2.63718796805
2.17036756667
1.15346155995
2.31384810727
2.79610066952
0.65064559067
3.61315133527
2.73150152412
0.726185947752
1.17762726771
1.05025529088
1.28916476283
0.676142017423
3.80395928295
3.38329345167
3.94238943128
3.28429626764
1.02536086702
2.4784530123
3.05379097156
0.73564896735
4.12618816341
1.59564601809
0.682530880829
4.0499449821
3.53599951571
3.31655636972
3.17710713893
2.3045234593
1.45234193237
3.44992012606
3.64971693948
1.90632377505
2.35845552717
2.51041997437
2.58942051437
0.683103453164
1.11624641192
1.05805532634
1.64029428373
3.30511957813
2.90049564059
3.69269343696
1.62123622633
0.3000941378
1.42878839519
3.5003475652
3.29970455999
2.7187975272
2.0611360316
3.85618211385
2.38388649535
0.769791755987
0.354522493364
1.65408129025
0.474854715585
3.28860703599
1.36007579857
4.01965705388
0.468979746083
0.286709455881
3.91343385518
4.45807449031
3.14398069598
2.10009458665
0.336680040683
2.87085334494
3.16301127881
0.553915264325
0.662127031949
0.106611558851
0.106611558851
0.658943560509
0.997960754627
1.0840185212
0.300336735742
0.469932330404
1.67774833856
1.39809575209
2.49965142734
2.8999523216
3.31557136229
2.05336803859
4.66189396606
2.12703482186
0.403948075113
1.34175890654
2.10963934897
1.86112796989
3.06326793253
3.9873872706
4.05987829554
0.599314401012
0.511524091289
0.993348622209
0.815997485907
2.8736212447
0.291810096436
2.64074140664
1.43528485307
0.674793793837
0
0.584156124657
1.06547179552
2.82479821403
3.70109470947
3.13180008108
4.04726247315
1.65968412299
1.62858922042
0.207214770254
0.182997587696
2.74644288292
0.0986405348217
3.21179844183
0.266730596359
0.825004009318
0.230447119666
0.0697431567633
3.08170431169
1.35774172843
2.51182779428
0.783925604407
0.233475506833
1.12550112086
1.58955760382
3.49916691698
0.309831697416
0.614732898254
0
1.02994406494
3.71737418173
2.81116499632
3.67630317737
3.44357110364
0.775106568737
0.102985569866
1.2309546953
3.22191143049
0.794188876029
0.384794453318
0.734308352038
3.61399086113
3.61217064519
2.67031958564
3.30793406283
2.67577298689
3.58191204698
1.28237214569
3.31854138153
3.33826282133
0.0661507666932
2.02989299944
3.08130206892
3.74126300177
2.51376054798
2.64976056754
3.18412157343
2.51872142017
2.60225033121
2.77086037156
3.36512304412
1.1092801428
3.30319553129
1.14889832077
2.72682459389
0.821698951772
0.433669084776
0.74315500305
0.119685344769
0.659438037556
0.832465358063
0.10443679353
0.335150984779
3.61939818215
3.1878505372
3.42704360873
3.72554080752
2.71867413921
1.10732559835
2.27963704744
4.36764025883
3.89981333058
3.07935919326
1.84852639175
2.80172512311
0.0635814245862
0.350249354641
0.472868952384
2.96747474747
1.32624748019
1.50202344337
0.156339992482
0.199069883334
0.257672748312
0.226469927817
4.20006374866
0
1.92045832258
0.78370694854
3.48377203388
2.54893019409
2.72472658479
2.7576065768
4.16343818586
3.28450891727
2.69961071544
1.35383915504
0.579462309901
1.06970746026
0.928240058921
1.29031332052
0.549981713476
2.21325639628
0.456736152969
2.22620048088
0.556651359166
0
1.76829852215
0.805957217062
3.34911501909
0.181081375741
0.893698684887
0.247170495165
0.108475721051
3.199515154
2.94284107221
0
2.05378025211
2.09389169016
2.33752664509
1.57963059353
4.24554575285
0.452232535457
0.65737090335
0.303916327694
0.115587443033
2.52338127274
0.140032275992
0.837726061085
0.788390364351
2.25043337642
3.19610168141
2.89128419367
4.56908966493
0.43998749106
1.79709298226
3.66631725602
2.34405695454
3.29988743906
0.761316409623
0.394310274836
3.51365659132
2.52100941864
0.572515306946
0.308574314106
0.885109508802
2.49969952372
2.50354545145
3.20088975605
0.602332137464
3.79958115772
0.165943850274
0.499779562315
0.255112333454
0.172079166713
0.970094213469
0.548733186845
0.576199675253
0.769012928905
4.28038614318
0.618264189055
3.04997296842
1.87057586053
3.55010360741
1.79401906915
1.29285154683
0.789704687443
0.503086686363
1.59371432284
0.699009792385
0.54790316475
0.677433539212
0.876872554832
2.91671994371
0.669401302928
0.0346801134627
0.318369362735
0.245283793027
0.381011040007
0.234280569668
2.89858421703
0.056231529634
3.5116815032
0.208165034423
0.20648822667
1.097607906
1.61720874091
0.256909587211
3.21219406089
3.74559633831
0.277524363999
1.24816549319
0.843328043525
0.24920168301
0.348561090859
3.29246483328
0.94297452497
4.55534647344
0.780767650919
2.39912219885
0.731566841971
0.849792825294
3.07731897272
1.40806998121
4.40260872531
0.102031672703
1.0743278336
1.78803201724
3.74394390425
1.72200244455
2.81000207556
3.24415747153
4.20536262502
0.800805034475
1.69655929728
2.88243340855
0.986071655742
0.674534504943
3.27912024319
2.85811688937
2.2689635295
1.5717642503
0.151058613072
2.70014050475
0.805595015475
3.49813143293
1.7330244969
0.287701695793
0.30037211981
2.21407787697
3.06039896898
2.2363117057
2.15955261891
1.72825053596
0.0787088484641
0.991903286583
1.01582190491
0.104165434407
3.50025730273
1.7998018905
0.699906312774
2.13616427547
2.8948157996
0.167954156453
0.278891032375
3.16147318772
0.92181370022
0.20490414191
0.146527733015
0.326673369948
0.646838887053
0.273470674703
0.220163499877
1.70683195956
0.995067519768
4.87163796482
0.33889633327
0.219043074147
0.70007342691
0.321107635009
0.0443890308857
0.618327700005
0.554562416752
3.17885292375
1.90027969359
1.47783481112
2.60075333748
0.28376565327
0.266079933425
0.127063478211
2.60606927535
0.32492940795
0.0510598876231
0.255957692899
0.0648688420167
3.69326764554
1.70723729914
1.31873571773
0.420202918199
0.181728536555
0.205711415853
3.51163736704
0.338210183309
0.214589859677
1.45550490379
0.852214450426
2.17069081085
2.93210571352
2.1741024022
2.9551215916
0.304125613345
2.06324065982
0.0686875575127
0.267483138616
2.68598488968
0.299994924017
0.613333806708
2.98456379429
3.31931003173
0.563405431889
2.26227400721
0.331151045712
0.218963964685
0.904617930357
3.03318161298
3.30009291069
0.86506585144
2.51671999652
2.59808349513
4.8024035793
1.72469361745
0.890261014115
2.2401961943
1.86680009738
0.808081114416
0.159954553619
3.26882678945
0.207101656069
0.811994788172
0.554327734129
0.300142532059
0.536986955418
1.36435041566
0.339589647804
1.81343320082
2.47114063127
0.872538947101
3.12539310025
2.11381235997
0.240182846108
0.250868430447
2.57974582305
2.0302277314
0.326177377441
1.45244981888
2.95613140579
2.5854606336
2.21039294884
0
3.03411881908
2.89321799917
2.10744093678
0.811637428802
1.87594612865
2.98424847753
0.372288350732
0.257183154934
0.143702798819
1.43432977786
0.961296604547
0.41868877026
0.140421744058
1.37700789168
0.190050823773
0.0636536979663
0.0784098267812
2.30214290176
0.300242237435
0.220003030891
1.62940164287
2.45290373574
0.764855965236
0.473945392904
0.277107742149
0.952834805158
1.16747617826
0.999503486103
0.246553376034
0.300383640416
0.339528123307
3.04998701916
2.59005783525
3.36967092544
1.84343309634
0.971204574523
0.217691228559
1.05013045876
0.36830796369
1.05831196733
0.258705319666
0.200672598193
0.380800933269
0.535938902366
1.10001157954
