4.56874384443
4.46226045747
4.47462534859
4.74080302422
3.8001789168
4.59007352065
4.32866757552
4.35147813091
4.3675285085
4.73698720177
4.55172340568
4.32577544596
4.56082604458
4.78901862169
4.26740660185
4.48311747216
3.88990224968
4.71848520863
4.3217126374
4.38645769181
4.41785239362
4.0271434473
4.59657200772
4.07017019086
4.79968106204
4.08734010656
3.73838575008
4.08016167188
4.62578506058
4.44959985935
4.28587632026
4.24562626003
4.54489973714
4.34998185695
4.38966421162
4.55188591052
4.29244702023
4.75063207562
4.19981398757
4.46266046598
4.43165885205
4.68809269791
4.86250671536
4.1621179127
4.6068131012
4.3655642688
4.86525788788
4.19925877808
4.70963003292
4.58209065354
4.57612585746
4.73805438858
4.11982599411
4.60012266031
4.33626014218
4.73821644131
4.08972408407
3.93202555434
4.17369307515
4.28876181749
4.04106855677
4.66258255614
4.43858191726
4.43053430714
4.79120586434
4.59081484264
4.35061963685
4.28127186068
4.4349421583
4.72650879268
4.68927027071
4.47707918785
4.3997437496
3.58094747399
4.56894842338
4.49250654072
4.28707000546
4.23551953244
4.20373493715
4.77368659725
4.54380969469
4.58071373794
4.54585839869
4.57696004299
3.94727438265
4.90103549115
4.55661252146
4.40868808269
4.66682743898
4.74804724044
4.03435550107
4.3750101157
1.70079684955
4.07689462825
3.91015053884
4.86525788788
4.53324722645
4.3041327244
4.80007391062
4.7248120292
3.96761604158
4.32449966741
4.3213303362
4.61758318186
4.80010742901
5
4.43616658583
4.06022843847
4.45113384291
4.7967805811
4.37540669814
3.86629245877
4.6153707193
4.44076254552
4.66075971824
4.18261298069
4.60267465028
4.67136435079
4.48905507429
3.66130375596
3.15286124712
4.07943227398
4.30612805445
4.10214181499
4.69194868882
3.93829050967
4.36204624582
4.59898722857
4.33594341574
4.29363173611
4.51615294789
4.51887162194
4.17826563858
4.30675946456
4.07745608477
4.12493751845
4.46727452905
4.37848036817
4.2001237112
4.35632764587
4.58271643838
4.44761086301
4.44161694834
4.41223895389
4.58193545474
4.8633052332
4.27216666537
4.97483274286
4.6852039343
3.80807254661
4.67439772735
0.192313405444
4.40008110501
5
4.45629515074
4.62704113395
4.39156977535
4.96418263751
4.52457945869
4.0578703425
4.65454770278
4.40092559407
4.90670056463
4.74323919057
4.15460184299
4.23085049178
3.66517982685
4.62513201711
4.73889595033
4.32274326947
3.52951175609
0.193555778409
4.78169082465
4.79811392258
4.7711241243
4.67561050583
3.66322942186
3.7854217281
4.58597566232
4.75844996736
4.61354948221
4.61584809098
4.20014272406
4.83086547377
4.15502616232
3.92416940596
4.39991965153
4.80656250149
4.47133422782
4.30839904255
3.6962960759
4.44877929577
4.64544084081
4.28746346648
4.59983715601
4.59620924792
4.94465347843
4.60005826948
4.60977716802
4.58655782423
4.24365040174
3.98565313238
4.59990061489
4.3694599481
4.8000726631
4.45067962099
4.63188180279
4.65989981798
4.21538671453
4.36234645974
4.2070859434
4.79989442165
4.73569637132
4.41597028679
4.20267310705
4.85806739161
4.59941705821
4.20197511792
4.37080278465
4.42964806991
4.24415230409
4.48855661349
4.43037287084
4.25033669612
4.43509028591
4.67677851676
4.70502221699
4.86525788788
4.65508085175
4.36304865822
4.36864782987
4.85251261366
4.47789887185
4.44999301215
3.95653571316
4.27418015144
0.200285951187
4.68433686308
4.71236509779
4.68003269677
4.94285887121
4.63801352498
4.78889983729
4.16220991815
4.26042373433
4.72476239544
4.77989491618
4.70692680914
4.64805018493
4.81317747886
4.40009546358
4.77842275634
4.58820222745
4.64493004855
4.51188452059
4.86525788788
4.28558683145
4.73562152766
4.52175538015
4.7868372102
4.58017239158
4.36523294721
4.5493828698
3.8745823643
4.28700239703
4.29184531789
4.38120300634
4.69603991464
4.34305773379
3.4248433934
4.57397515448
3.77844028946
4.29899966647
4.57718369528
4.37876742907
4.51984122416
4.19739819876
4.03730089433
4.45452483341
4.88241321546
4.32161122945
3.8372657459
4.65683154117
4.79994213688
4.48527050136
4.87627686156
4.71220672438
4.62206244905
4.9231557936
4.11216279825
4.89702925334
4.16840759446
4.11806313071
3.88748326403
3.9148359454
0.190642412172
4.78993565555
4.56166547225
3.94201865695
4.2739830681
4.27381689667
3.95903953527
3.4029550599
4.56218353708
4.39746187951
4.78840162056
3.94699698337
4.48142647357
4.65054547016
4.86525788788
4.56470890839
4.58064642015
4.37221583363
4.24488732994
4.78951774203
4.64009859902
4.43624272529
4.78791823501
4.37115097024
4.21351300554
4.69899477349
4.33632834872
4.87411078298
3.58551107188
4.35719445496
4.7545294204
4.41251640771
4.72881192716
4.05890477883
4.09311352856
4.34165404135
4.534750114
4.11951425656
4.31112104413
0.192475094673
3.09864296557
4.47618559028
4.2196791652
4.26575424306
3.94729360691
3.99994220893
4.20617132882
4.09401411472
4.63187962401
4.40758151271
4.80012357661
4.60223846014
4.60343070324
3.83642920836
4.42503239139
4.56105435295
4.46619820449
4.23824974146
4.41856926235
3.79962697289
4.44122447466
4.46872141896
4.9524511526
4.25808923531
4.6278859706
4.53155487203
4.49848284283
4.5227683931
4.42613035045
4.23911016882
4.49074720648
4.1881061284
4.68852167906
3.69153588708
4.53348444519
4.78395768354
4.65525838496
4.3222132146
3.77772538248
4.39993660489
4.52288580845
4.58957237267
4.50211037361
4.76813759126
4.30001611415
4.19328105695
4.62477006952
4.20022870283
4.42070540088
3.83309142458
4.86520845518
4.53240706291
4.34755493484
4.3406414898
4.61205359182
4.1769369799
3.89067429107
4.66389947241
4.12369604038
4.66218908002
4.10189266485
3.82125063911
4.72661613755
3.46838322942
4.51817060119
4.00581258499
4.21810191059
4.68349959494
4.72282102085
4.66611567347
4.46926143821
4.41564782402
4.43248955339
4.59877947912
4.24810852356
4.35381433911
4.74926481395
4.7796907214
4.1861468447
4.51243397689
4.60360852004
4.39244808917
4.61651908882
4.63014895705
4.48787467244
3.34851710621
3.73766555756
4.32343906232
4.62872927556
4.05632540875
4.71597063861
4.61998339897
4.90197854965
4.44305779106
3.63196838104
4.19971068298
4.69833029388
4.25152672629
4.44174521644
3.87032404498
4.39519295547
4.45582871516
4.07141612594
4.51031957527
4.31470728008
4.38859470424
4.54856034878
4.50298162623
4.2750828282
4.49520428027
4.26674722826
4.47378108256
4.2894564739
4.66489484831
4.63579736133
4.78049163819
4.36596097744
4.26362649658
4.46191365202
4.6598840683
4.3097998796
4.53646841194
4.79738256502
3.8922398008
4.19146360625
3.80782112277
4.19997052235
4.13996846501
4.60522183846
4.55318742079
4.59980605216
4.15783010751
4.58048148888
4.59644977554
4.37075730722
4.65865358992
4.31174354958
4.42365044522
4.53210766679
4.53111662692
4.80029439131
3.98355808353
4.47703278337
4.42431594211
4.60024539159
4.70360135276
4.63861755499
4.21928251769
4.28465456419
3.79996526931
3.98911687467
4.53817959711
4.59677282754
4.24624819061
4.61492816213
4.57115759344
4.56819811257
4.35512610339
4.35459325822
4.36663561495
4.13715126938
4.20029738147
4.24744744708
4.05752183432
3.09143275977
3.92546769324
4.62088686053
4.6960881135
4.59992935593
3.95617315522
4.41853037676
4.24819076602
4.39169878793
4.44001702415
4.42085443764
4.69132742792
4.46498808394
4.63084013473
4.13891185048
4.14457131281
3.99628615941
4.31292568782
4.51612311536
4.35827422443
4.23922841407
4.10199242036
4.65422468483
3.76901262914
4.78749765676
4.09921122092
4.40020559824
4.50068483862
4.05875755179
4.56793294272
4.45291753991
4.33699773213
4.73678269516
4.16953046614
4.39625079258
4.14931771512
4.77901115494
4.29614478975
4.18524847742
4.41194634882
4.54205156849
0.1893707328
3.86129566114
4.56309686207
4.39979754529
4.52790051654
4.58504514449
4.69289666739
3.60439521547
4.63685204527
4.37313307203
4.51128979544
4.13311811626
4.39661093436
4.67928835194
4.41363083933
4.68234079402
4.72022229544
4.67473422228
4.47959617742
4.01229276212
4.45271182532
3.85409315672
4.56619747435
4.38070785955
4.15257163815
4.48564667558
4.06086445657
4.16818024306
3.76545858247
4.77368659725
4.43485521247
4.73734231074
4.27445032232
4.13786145739
4.68468169356
4.50032471168
4.21901807765
4.64885302481
4.43522595677
4.88027932883
4.18203714602
4.20663976204
4.29551093431
4.29971421072
3.85118037625
4.79998390833
3.94178587509
4.49692032668
4.399875882
4.22775042517
4.67063068348
4.67027360297
4.57280939897
4.47335121033
4.63114440584
4.74446266993
4.29797379436
4.80019520789
4.62428468914
4.12325764276
4.06256726703
4.80007391062
4.46763091686
3.7315654043
4.21197536704
3.89016671258
4.48185528187
4.53562238164
4.73437369924
3.79996422321
4.3243709721
4.05220863326
4.38784447619
4.19958571059
4.34715941148
4.85619141143
4.12144839078
4.60886586697
4.38035133108
4.3253483698
4.25331765782
4.75737297643
4.72257471532
4.65385697132
4.66984465804
4.3371960487
4.43859751514
4.40044988987
4.2272414471
4.86365353628
4.867324118
4.24760806728
4.80018548325
4.53282013257
4.64465265257
4.55116904984
4.57019866999
4.03859015347
4.10881662917
4.36955063221
4.22221147918
4.53583770011
3.9607636222
4.64851861334
4.0001321404
4.67246589097
4.39963455421
4.52701428388
4.49187873372
4.73261315553
4.00024234314
4.79873835872
4.61840119306
4.45944967925
4.5263101655
4.59996827213
3.85659170639
4.61089387752
4.07248304108
4.87609969428
4.49307987557
4.5302153224
4.58298753808
4.54794719936
4.15191495418
3.72369548798
4.385307903
4.82569824822
4.39385492714
4.34489902525
4.27292271115
4.2013095875
4.01074477806
4.45835239652
4.39964248563
4.24900675086
4.15441419589
4.79983439575
4.36037143924
4.70138226391
4.37999374912
4.8003976148
4.51134270726
4.41153533709
4.42252950749
4.88182645291
4.36507279419
4.85251261366
4.00016079717
4.24010210893
4.2458871107
4.36309144522
4.4641781016
3.95004625969
4.33763040916
3.69966788264
4.05906073963
3.98993482459
4.28643314956
0.200887438256
4.56082604458
4.18377320781
4.02426066848
4.16228490579
4.79527925571
4.3222989985
4.50306157867
4.4366481097
4.82820229618
4.8000726631
4.24877518904
4.02843516378
4.70882214353
5
4.68394464186
4.31644003832
4.36610602353
4.6106708071
4.40127751937
4.65021193696
3.89131022436
4.47812449575
3.91998750577
4.76505995361
4.36499916363
4.40760851193
4.40751454627
4.39520281257
4.74728930927
4.38669016498
4.55978036791
4.86525788788
4.77518065088
4.18407838227
