3.24928616431
2.98394159679
3.23187981325
3.34241377739
1.85071526466
1.63228771481
3.47940494961
3.86513735741
3.59313065318
3.18087749776
4.00335406006
4.42298028234
4.25920903121
4.44443410858
4.30925316195
3.69829464904
4.708025838
3.18983610325
3.21027964321
4.08167428815
3.49741048204
2.44465490109
3.13301162394
1.0990560078
2.78161291257
4.02669329204
3.29598509674
3.11857681329
3.33117724663
3.231637934
3.03877395005
3.13629573061
3.29536830435
4.58920818357
2.18204986865
2.85067108646
2.60939380476
3.26161374395
3.6073967009
3.04241137749
4.22645681418
1.36937090917
3.18399547813
3.47429465852
4.09775478504
3.7567891113
3.65030241703
3.01041131707
3.74275661445
3.63209892705
4.16692276679
2.9336353791
3.91627402794
3.15490516825
3.48490073505
3.09000451859
2.92936106487
2.9545002799
2.77237109741
2.70016099949
3.70734330297
3.24949214202
3.74834859448
2.81012887142
2.65039322665
4.14869884494
4.14527224085
2.9908168462
3.56886199669
3.73793974889
4.47036293032
2.89626010673
3.50367509649
3.28041999695
3.42250947065
4.75715715983
4.02291809533
2.86456711045
2.25628425286
3.61716781342
4.21914694722
3.05531084119
2.95083971136
3.33286201169
3.70045205087
3.35278052668
3.12168702337
3.40990989304
2.4661521766
3.3406712588
4.48495387922
3.69502652223
3.61780651681
3.72083760359
3.25062906442
3.49739442692
2.96708591466
3.2803443821
3.85820674044
4.29354676929
2.85523595787
3.1243642975
3.78203190566
3.10450689667
4.32268657572
3.38412540732
3.38539859676
2.89145220144
3.67540118467
4.12678121886
4.18131029162
4.47735700635
3.3656861751
2.91498698404
3.01992233333
3.78654026457
3.86939403812
3.36526606713
2.49467911808
3.68283364007
1.82712510286
3.89418716833
3.02587024942
3.06798485572
3.62501854213
3.12744349122
2.20109024327
3.59398695472
4.15414970899
2.39425107443
3.56326878825
3.99708135585
3.93272062186
4.70314182958
3.36964617971
3.22673752179
3.55920657885
2.98235707468
3.55340048646
2.24879951967
2.88511509197
3.28588496647
2.73846799152
3.97396388282
3.08123142694
2.68620990924
4.19182001516
3.73003593796
2.09757506475
3.56590245941
4.25929060421
3.93562283752
4.06598513921
4.47064563768
3.821666304
2.55027656455
3.03315427135
3.32262189288
3.12701385553
2.95569717746
3.29219591597
3.18506638448
3.06089882175
3.61304382893
2.86627041792
3.73380162666
3.16086821059
3.31380980016
3.35619738975
3.14589277247
4.35737437206
2.9328997517
3.24934505289
3.78671252641
3.40326659631
3.48350881902
3.33380002018
3.86910276642
2.93119026486
3.99784300351
3.60141719741
2.21911478399
3.93142490322
3.97591295188
0.890145501781
3.82173684187
3.40341998166
3.36593853307
2.87162485441
1.97695034758
2.20679907781
3.81301736177
3.60353847393
2.23442250544
3.79445981834
1.66633083437
4.87043462592
2.23096210262
4.11179510913
3.2558891888
3.6918423961
4.39712322572
3.32843049404
2.56328264491
2.97609791195
2.50418852514
4.06687400911
3.80993211811
2.69967135575
4.0439223245
3.00561347045
3.59092552438
3.52546489165
4.17276580104
1.65818159083
3.33158881622
3.68034125229
3.76019928428
3.39760533968
3.5477398478
4.2102286397
3.72528281246
3.34409966982
3.46968065252
3.86502120152
2.69945182884
3.05485750263
4.00492366125
1.75303915331
4.14376720882
3.23427683074
4.12758860473
3.49732541972
3.80715070324
2.47788196855
2.2978337591
2.47025251392
4.60786186034
3.43976899467
4.76860640579
2.95282383983
2.89662645218
3.22182837817
4.06473830144
3.86336225454
3.22509177549
3.32734558896
3.0007065096
3.69436449775
3.93576035232
3.22862697775
4.6023780078
3.91398165074
2.6238020612
3.90378949335
3.47042876464
4.15152389813
3.02156056391
3.68994517985
3.67861476672
3.2003307082
3.68871712212
3.3044177716
3.22626820552
3.29969203081
4.29430805406
3.76598855523
3.66308779553
3.42526653846
3.85103301249
3.12415031893
4.14921762715
0.734598296793
3.69024211171
3.99334598738
2.70198636714
3.7375661304
2.43777104546
3.59654861722
3.9019262205
3.60876425019
3.44801676753
3.1198834744
2.75298355777
3.89935051183
4.02575395047
3.57052620561
3.30955164712
3.48989147249
3.41647303935
2.99830408629
3.3373384929
2.83301931008
3.15401462939
3.24893091508
4.0399039218
2.28459091128
3.40481557432
2.84230578285
3.72842902326
2.99496544802
2.75288507672
3.02589897843
3.33926032484
2.93709395536
3.09124826172
3.61192369702
3.24322785042
3.89349583104
3.49331625216
4.69359526901
3.60879628693
3.59447023215
3.3567169587
3.41603792275
4.08585878347
4.11173722089
3.68282309522
2.90936676144
2.22810702028
3.15855161605
2.77745622245
3.65115297346
3.15627347415
2.92228539032
3.41587721693
1.90472885373
3.25090460149
3.040946319
3.35743427102
3.52900313738
3.41849891642
3.05778174768
2.73575375432
3.6720493425
1.12121590444
0.838176255689
2.71436204017
3.67711392372
3.26014985353
3.86330951494
4.15868860271
2.55173802061
2.43005909442
2.89751193374
3.40113761504
2.7009310007
3.2081567401
2.90165173513
3.36809532471
4.42512822642
2.48946092184
2.89966725282
3.0831765676
2.62177760146
3.77591780345
2.36601809754
3.72529954872
3.58305890424
4.15359823079
3.18316938935
3.26326685628
4.14594779555
3.49296861032
3.24296535352
3.04181991746
3.40434829584
3.62245709762
3.49404353444
3.99707369804
3.33224819215
4.12129271932
3.26766521242
4.45610539347
2.90961863322
3.51076666557
3.1466192979
4.13035111644
4.28647538969
3.54332549601
3.05806883223
3.34921544557
3.19262048879
1.70552591074
3.58674074507
2.65275616285
2.10218170044
2.68924899633
4.7484387534
2.66295055124
3.63442275076
4.22120502781
1.67916805977
3.49297956178
3.66553956343
3.02214878941
3.23759270577
1.67603140858
3.52120856122
3.90830727642
3.50316748917
1.35083769907
1.91035448799
2.82024029367
3.53226453589
3.90763390404
3.51837241416
1.90101037582
2.98617960836
3.92581929635
3.8258526014
3.98398487667
4.47862421
3.20810483347
3.25072011315
2.81204914501
3.3866711759
4.30303574335
3.23554172709
3.66071877598
4.19596422528
0.705584854102
2.33885429881
3.14696441267
4.41048184441
4.45098294083
3.98387993099
3.03843545426
3.69605193715
3.29114954278
3.62886160121
3.36367880674
3.49880245542
3.66693078323
3.46618611592
4.70178231733
3.18648554029
3.32443103507
3.40720206948
3.80511596843
3.29266321137
3.82012303767
4.28100278996
2.41255311235
2.93482291848
3.04055862954
3.69114104237
0.70114765154
2.96845417224
4.30298465813
4.3341782334
4.17690539338
3.39934478993
3.96574118521
2.61894156281
3.37486829118
3.49368106148
2.85150216386
2.19613668201
4.53189775679
3.51531800282
2.83214739827
3.51710030401
4.26387531676
2.54025778487
4.00687741084
2.49597788497
3.73072083589
2.90971761687
3.65460061182
3.66285092178
1.93863365818
2.5568809079
4.13994863244
3.65546991613
1.42759801058
3.89993386448
3.31919246943
3.47321429686
2.91274889195
2.71978114231
1.52731296295
2.77362126186
3.04217762389
2.91798490907
3.52033697083
3.85482002383
4.00159132434
3.66429950741
3.86729332813
3.20609947218
3.14590905541
2.6683375634
3.10203291296
1.98000496043
3.69937914502
3.55022515415
3.850200399
2.8173292021
2.54777083582
3.83168821962
3.71183271592
3.66767949471
2.78791264624
3.78506703535
3.79497239451
2.64853713999
3.2950361225
3.92969456485
3.47422897901
3.0856112817
3.9857710486
2.08251934561
3.34730037583
3.50359435041
4.27225727239
1.49365866964
2.96204781964
3.21961994781
3.2694115857
3.39007294839
2.93549091959
3.66894360161
2.26425945928
3.32187580261
2.88871577903
2.94472254086
2.86986145479
2.92199843514
3.15037462681
0.577018405606
4.22847308689
3.29998696725
4.19396623397
3.12424224873
3.52533883598
3.866299489
3.95327198655
3.47622534402
3.95466016916
1.80744106559
2.64517859207
3.68898592237
3.48574923533
2.68100521892
2.91616061112
3.56087824372
2.51336052189
3.7708437316
3.56602941088
4.02288260961
4.54736730565
4.52104450209
3.62029972917
3.99087988981
3.3262728132
3.46274150397
3.70353890032
3.01509334333
4.02820384922
4.07957896269
3.7565953027
3.38366383698
3.06945577127
3.96786525253
4.08596809128
3.65613591411
4.8453452355
3.06003798322
3.52277476709
3.260594896
3.49668429689
2.7732941847
3.48034082872
3.58976985261
3.31266334483
1.99195646528
3.21678309777
3.90428356249
4.00260394382
2.4866000131
2.9346311794
3.22360634029
1.89572602673
3.1163273697
3.63938380494
4.16121690005
3.80709794301
2.95733333155
2.78820510635
3.79420259058
2.95525822113
3.80615886656
3.7057576019
2.93228286285
3.27968756906
2.35532763156
3.10796413274
4.32766715909
3.6133948354
3.76121685125
3.18407539803
3.46999243125
3.70715695342
4.00827273859
3.65565757884
3.74292371728
3.74422893624
3.139076048
3.95564647952
2.53439689846
3.05420810492
3.87652879348
4.3642906373
2.92961364274
3.27684942184
2.96086959316
3.70188958077
3.19426563555
3.12769306843
3.7101464285
3.78769313558
1.04984661572
3.64089020268
3.67052737585
3.37185943528
3.91615116537
3.80505789675
2.97911861864
2.78413941072
3.11284052782
2.84500665967
2.73205899014
3.58889524651
3.17445348897
2.25404248901
2.69401802676
3.62812503041
3.97017296269
3.2958215834
4.43051570589
1.62575078518
1.85384146465
1.39872185126
4.11793388869
4.07332512507
4.47323898584
3.48128709602
3.5002414149
4.82301593513
2.66756993946
3.65483456965
1.29425874991
3.5337368536
3.9724968836
3.21795474097
3.98852972015
3.86331352909
2.91059691439
3.76732365658
2.98323364125
3.6677551293
2.752584304
2.82256119935
3.78787060554
2.63699221916
3.73047889572
3.50348259768
3.90008570925
3.29365593453
4.34410961436
3.31873885428
4.25878913752
1.24960723056
3.3961295478
3.25143087839
3.48640992733
3.00912526131
3.97112460896
3.62189831753
2.25288867683
3.70674344696
3.30712972031
3.60765444645
3.83078810015
2.63918623538
4.17848938159
3.62210380418
2.39929382363
1.55212939715
4.07427632942
1.10741372614
3.27836140585
3.70213484635
3.62639139152
3.88638243062
3.33789694695
2.87141011336
2.52952728172
2.58051374745
3.05590196462
4.49174345537
3.84616468254
4.44705244185
2.65946703996
3.60263272281
3.23031336644
2.50106832082
3.62744453319
3.49564897629
3.81017391144
0.606910776249
4.60007359229
3.97195430758
4.17017740085
3.03073754146
3.28757231672
3.94278777512
3.10449722458
3.27352890749
4.13356358338
4.20789451923
2.95523590967
3.18386563903
4.08025440898
3.22703747614
3.22516926856
4.42855123914
2.97989243485
3.05321093986
3.95984682219
3.88548140918
4.29433730433
3.19085250174
3.58858714235
2.48012806386
4.28403991574
2.79547994828
1.54860766623
3.6180079333
2.82985049249
3.89213835866
3.59790826128
3.30351462459
3.19004549078
2.90162477135
3.90180644735
2.96661943135
3.07279847312
3.98567238165
