3.53501549671
5
1.36315332074
2.18054129902
3.73560357975
3.19988066291
3.83826440084
3.15041001426
4.60000322727
2.65434159428
4.60013695285
1.73572862181
4.66133199281
3.76196622165
2.9997769773
2.19502407518
4.89868747076
2.95330778521
4.89868747076
2.95493551999
3.54094598004
2.67438301831
4.31338019943
4.74126449326
4.15608748448
2.04299509518
4.66535809315
4.66089513016
4.78213900719
1.66747364332
3.11218128337
2.99498763391
2.46562161502
3.11218128337
4.65678372339
3.99509521903
2.54952094377
3.91957194462
4.80242872629
4.7310291885
4.63784342158
1.91387085492
3.89601770016
2.03617010176
2.03617010176
2.03617010176
2.41031152911
2.41031152911
2.03617010176
2.03617010176
3.14130741776
3.40027710285
4.00035943485
4.60051054436
4.80370270091
3.86286393605
2.2797610061
3.44954162106
2.69549480859
2.91184279161
2.27923110721
4.06489147712
4.77605112628
4.73167928466
2.26883361876
1.36493759499
2.78704935424
4.79167259808
3.42403017826
4.0199907964
2.29405097604
1.02521875797
4.73231376944
4.49286677362
0.814150232104
1.6507151622
4.37615295505
4.2000874554
4.60034743577
2.41197365733
2.91824825018
2.68002569681
3.37045284314
3.06855167706
1.36697102185
4.30703596629
2.40011741585
4.74161102321
3.0206395153
3.33934578868
3.53044344206
2.00114079429
3.15655179015
2.40470720044
4.09974445462
3.5219217927
2.68679430332
4.6003351091
3.67149672729
2.17656932712
0.973318538689
2.53979289208
2.0001182765
4.30442050786
1.36236788132
2.28857724048
2.09125376878
2.93518090646
2.92178135522
2.65518270347
2.35459011447
2.64839837851
2.59615650772
2.86370851109
2.32254884
4.10878557164
4.62749914576
3.91872571964
2.61877452683
2.48469893547
1.06111731018
1.20250067993
0.358665927206
1.65024854985
1.7503622725
1.36470123174
1.7503622725
4.18779673509
1.20901241735
1.97227300278
1.10495900507
1.20901241735
4.53766648156
3.95008971828
2.59981395942
3.99993558845
2.21524104732
1.98526512345
1.84721619064
1.85913026766
1.79374930294
2.40624894916
0.41525144363
3.35530855424
3.58705640367
3.29974332324
3.71811960264
2.40009202671
3.24510057509
3.71811960264
2.66717315876
4.35011104719
0.947592365825
0.308249066864
2.89691923838
2.88579725419
4.67479218466
4.60001758533
2.08051499711
2.16923018799
2.16923018799
2.49463397456
0.399779955455
3.29982983758
2.42111757405
1.19953300513
3.35696135648
3.36471385099
3.40585643603
0.494167186255
3.71817250133
3.344845912
2.98238737086
2.42373939037
3.68884637897
4.79229966218
2.91933781219
1.16513232672
3.93773074819
2.83641641075
1.30967626313
0.69323248424
1.18589610337
2.15783961452
2.31791331578
2.35686339932
1.26288533801
1.26288533801
0.434053222312
1.44045622809
3.39983253872
3.77025441334
3.53163090348
2.64402628274
2.62012208364
4.88973062762
0.0467613800685
2.48800764189
3.01926166892
0
0.917456813668
4.06693348917
3.4952488481
3.96680814123
4.86734391201
3.41448602863
2.33793188324
2.45242466087
3.41621636751
1.46655988642
2.97098316729
2.71407565333
1.61872449413
2.27452783336
5
1.41871626931
4.7031779787
2.30967493153
3.04319321407
1.03342323978
3.61023888081
3.57753385606
3.19581176936
4.19525780986
3.45521113516
3.60010525538
3.63307670564
3.2608006136
3.20225397624
3.33483169418
3.6699140829
4.06149280015
4.66948876021
1.80139734582
1.84008229018
0.679270039346
2.19945702858
3.62422683445
3.13331271343
3.54930887117
3.00023945952
3.60019846371
3.00045981811
3.59995712526
3.64859050692
0.575244203536
2.28338046901
2.19957901926
3.42297031103
3.6098001251
0.325549283062
4.11276261281
2.18118433855
0.883263591506
2.49241769943
2.82884600443
2.09975315672
1.52148675332
2.32742154971
4.12728444029
0.799775584162
3.85747779906
2.93828567087
0.8907125785
1.12802407508
1.01020876624
1.58161617867
0.332601792493
3.85979284296
3.18807285103
4.08282953571
3.39979927489
1.04334432697
2.4114772023
2.71781395611
0.680510795749
4.15010192735
1.6960967927
0.58307535988
4.14984912452
3.6002727946
3.19939709768
3.18131796602
2.32067035978
1.58519915798
3.41122713843
3.86910965243
1.96736132261
2.7155476757
2.61120865158
2.80700334239
0.734655515868
1.09209599816
0.796038294173
1.61069093509
3.37518352442
3.06378978021
3.82228305312
2.04771057229
0.267562581608
1.98226977782
3.39966197457
3.3098121747
2.55944337522
2.1165628934
4.08587223866
2.51149315314
0.538690892039
0.732640277463
2.02539100796
0.182647123334
3.03005959828
1.34717023942
3.7773904477
0.533211859005
0.106978613794
3.92966476172
4.33691232406
3.18699749575
1.98818742582
0.1947397794
2.39983146716
3.32308045865
0.635605858
0.547477230762
0.181908221187
0.181908221187
0.501788626614
0.682702708791
1.03195955435
0.166568031921
0.287492046773
1.83380144205
1.75377613342
2.39998770189
2.79994450459
3.32265411924
1.95205316512
4.70390246034
2.17921906726
0.501752370817
1.54332935735
1.97910682884
1.93293195775
3.20406140174
3.92276801821
3.95035436302
0.395196680457
0.412487615228
0.913331631341
0.650378976407
2.63552647832
0.450848889046
2.90096517212
1.20406650722
0.660399046484
0.400135800145
0.622723092789
0.924964369245
3.0497107741
3.36957012113
2.96562568354
3.75912254163
2.02073682096
1.82128874959
0.218427885588
0.303811773056
2.94993157555
0
3.32863420142
0.533916520793
0.62935929414
0.148720658559
0.166713124329
3.29559119665
1.63890770503
2.21401741807
0.643295259558
0.397376550604
1.29548531141
1.56404074356
3.5217624837
0.803918781794
0.453648855841
0.13011188649
1.38181383099
3.80002714761
2.95270650458
3.5841616408
3.40034254214
0.61738421451
0.304110523681
0.974482325184
3.00624841899
0.446251836515
0.0920375184078
0.814228915882
3.47788314461
3.48237216228
2.57572575081
3.3174702951
2.89911311058
3.23305205379
1.07569055048
3.2000194566
3.24970881891
0.586921286426
2.04114434985
2.99973340806
3.75710336903
2.67593828938
2.6101299367
3.31020076833
3.11815561605
2.73283758324
2.72102963493
3.17541927405
1.55295345384
3.84361129398
1.62101375191
2.74391568073
0.74708465931
0.407589024707
1.02730090936
0.0413796670883
0.54060563154
1.08630097578
0.0901653490708
0.398205894376
3.57876599682
3.17819651425
3.50311376255
3.86073463178
2.52699251464
1.19406897293
2.5996822333
4.26801509753
4.10861229463
3.007644938
1.51129271909
3.23495829361
0.248873643803
1.32555658076
0.414500072109
3.25813366757
1.05045999308
1.57890257279
0.029162931128
0.210424613908
0.210797055663
0.290438425133
4.10041738733
0.390438777038
1.96339425686
0.629421308248
3.60015725701
3.27962370935
2.71890625367
2.92488857049
3.90032994355
3.32921497651
2.59979372555
1.74825263837
0.327747256745
0.803792560157
0.695766098691
1.43287309374
0.479964934442
2.57807937914
0.365725930447
2.1711655319
0.366115554846
0.241852856288
1.6282808516
0.727729048282
3.35049156553
0.468297181329
0.785336816445
0.377125746836
0.325983989208
2.6088868566
2.8501299523
0
2.10325932634
2.20007062566
1.68935251012
1.69958983192
4.05389816246
0.318649502584
0.688130675601
0.534143335145
0.0170192606534
2.321335337
0
0.974541313811
0.698220578053
2.26061758117
3.15035195045
2.64494798987
4.3692577331
0.273025975299
1.67232410979
3.57256721063
2.16318473543
3.11914143411
0.407726068264
0.610415777695
3.52913145992
2.59192248981
0.607243520516
0.0913527060283
0.753868460733
2.82632535824
2.19970161859
3.42644893245
0.301203294038
3.72624438414
0.399695294031
0.488794308102
0.339318572911
0.296377234396
1.38548711588
0.888997357239
0.199812693466
1.07695707582
4.28042939568
0.277355160392
2.88763709921
1.79420146185
3.37162842677
1.49496738033
1.34025329291
0.373151220802
0.362038271248
1.19184537084
0.544898296617
0.351373611811
0.407227564463
0.999500735563
3.02222064888
0.361356409116
0.158218091083
0.532124314602
0
0.405342465244
0.0672847705217
2.89284185041
0.304474995802
3.65705012003
0.517144719143
0.899820638153
1.05351067978
2.24074957733
0.173736712855
3.30409708484
4.26303489705
0.697991785212
1.53062541329
0.673199605835
0.112802280945
0.521555425864
3.26881555832
1.39189353811
4.40359833094
0.676056521149
2.79998530043
1.2096870001
1.23601997185
3.09546874604
1.53310497412
4.38141604787
0.129027588187
1.00770273925
2.15974016665
3.77814917153
1.59973766776
2.77655434305
3.35366708679
3.84684034621
0.772928999241
1.67281769029
2.64351277722
0.974704607293
0.386549197462
3.55358825993
3.14786249259
2.26571482812
2.20998807455
0.180318224038
2.60025141198
0.444813662189
3.23750212666
2.48021167263
0.0518522404965
0.0868400160529
2.27166678669
2.56226161516
1.99986256842
1.93723556177
1.59980653236
0.166350279093
1.23464231187
0.743413763334
0.280311774567
3.40030911684
1.89990288991
0.374609797327
1.8613429166
2.82423078877
0.0274290986065
0.212462631392
3.65020834409
0.610563852019
0.339146025117
0.269581915915
0.399620829402
0.553998005793
0.296615124534
0.41122099953
1.76232276673
0.734756199504
4.84988928622
0.309079572317
0.580066778695
0.621155962667
0.399968926163
0.238414980411
1.39861708837
0.240701177548
2.98871121634
2.00031150221
1.92794005202
2.63420827422
0.282868550265
0.232969744584
0.272776898248
2.68911702095
0.354163503225
0.177570418313
0.925126135109
0.166708719993
3.40833339999
1.51468223978
1.49201789716
0.550226122945
0.396600180755
0.0660666951975
3.43926587044
0.383649659848
0.125916704153
0.861325953182
0.542451235176
1.9666704959
2.89742329931
2.30254217501
2.85776434679
0.399573512985
1.73876989339
0.129730690466
0.27654086784
2.63478354607
0.400167833164
0.471220178998
2.99962927951
2.9061277385
0.327775284099
2.34974117139
0.898024856509
0
1.25641715424
3.16414624778
3.24888185
0.594174353653
2.28111683728
2.59622958733
4.63891704813
1.72092943222
1.06901192535
1.9099948236
2.13199207789
0.691289485735
0.161064598843
2.74173424226
0.129274874504
0.956539469844
0.422703366668
0.23365619134
0.196943130059
1.67828139928
0.520900234833
1.31083403397
2.41207020672
0.451953085149
3.23828740935
2.22744721176
0
0.396527165663
2.43744273951
2.3972919885
0.697900349504
1.67183363053
2.64872298086
1.90035867445
1.92761956766
0
2.63966466165
2.79024998598
2.10113635441
0.691964008706
1.75258553784
2.94471886263
0.935041964658
0.904620493364
0.198661739363
1.51900640189
1.51122077346
0.417738800408
0.212100869088
1.05889300714
0.404744851758
0.399557924057
0.227345120155
2.49440173299
0.399987849003
0.77403490853
1.80649408166
2.42386415082
0.388683213438
0.292589283689
0.0456225308012
1.60377553436
1.31860252763
1.12732163068
0.106545441798
0.211045159022
0.399954533522
3.14996156022
2.57049587487
3.26762635926
1.94813100368
1.30490644034
0.235513850016
0.717513596745
0.319365183867
0.400006014811
0.0415025285587
0.699267161798
0.113434609912
0.415973725938
0.925200692816
