4.54826155194
4.62778587861
4.74452990044
4.80804776618
3.41423641101
4.72676176601
4.32342744783
4.44694648065
4.22816914432
4.76748153481
4.60253727114
4.15094537624
4.712881694
4.67438607762
4.24125540373
4.34453139663
4.00046377856
4.64766228822
4.39966162966
4.59752707103
4.34680388852
4.00836147017
4.57360483226
3.79437443651
4.94873439062
4.2504014725
3.84448931783
3.93748031463
4.57523638875
4.26928573919
4.4146907885
4.1734718249
4.58500352366
4.15469989252
4.24982671483
4.49377703301
4.27067308618
4.69759702753
4.14558471507
4.48347244112
4.4398073717
4.72971283103
5
3.94810339326
4.59373265722
4.43828936483
4.96626802895
4.25856289874
4.76460678902
4.55443827369
4.5657337586
4.72268222676
4.00507278135
4.45128995845
4.45265935328
4.85334313262
3.85171584109
3.32562604498
4.27245345045
4.43318708012
4.1665639371
4.61411768021
4.59613780663
4.57698417682
4.8937826128
4.49294276136
4.46509675984
4.20155731877
4.50787819167
4.61725961227
4.60899136075
4.59499541471
4.42372365424
3.52280436237
4.53347933682
4.52217421309
4.06066363107
4.20762844664
4.24747806767
4.71911469574
4.46708166389
4.62644449309
4.5302626535
4.502706908
3.75962599786
4.92731677669
4.44593764487
4.10339469723
4.60939062646
4.70460506467
4.32506675235
4.40988671267
1.04948571791
4.27579554145
3.8572115794
4.96626802894
4.64869302916
4.57527551574
4.94839762789
4.7276887893
4.24318670252
4.47104418407
4.34350786177
4.8335451609
4.90193540657
5
4.5604757962
4.33153656447
4.50240965731
4.69789876348
4.31381653991
3.79635716985
4.54211852634
4.38650957924
4.56536131773
4.18796255353
4.51717051117
4.45456969221
4.65106031485
3.51507658127
1.98229757708
4.34487585322
4.44678646829
4.35508826529
4.63296726458
3.95025751678
4.11873658808
4.71532345512
4.3817926895
4.29882461023
4.54391085021
4.43381875992
4.33421796168
4.32742082475
4.18480457403
4.27623422235
4.46844389549
4.50599037157
3.90435638743
4.39740850836
4.65006067802
4.43679128948
4.54835644609
4.34450617459
4.45043793752
4.76868778267
4.28352250455
5
4.66739851055
3.78620218219
4.44870086305
0
4.46801411277
5
4.49092618754
4.61134963793
4.37040436176
5
4.52483822798
3.98758690727
4.75460294903
4.91165938654
4.9066150723
4.58131607416
4.14278452107
3.74734211992
3.34992861386
4.61111250455
4.72287187944
4.48787905728
3.55239359773
0
4.68883478299
4.71185958582
4.85282141152
4.54960214454
3.49751758901
4.17230283247
4.29803301205
4.71371812994
4.532616355
4.71514713515
4.28855876623
4.93222711415
4.36241796511
3.88816456602
4.55120968994
4.84954425277
4.40091195854
4.20345038104
4.38721360792
4.43572977481
4.80386153372
4.30414262933
4.24889927477
4.67538918703
4.97320188493
4.85242606377
4.52451099464
4.57961361362
3.99582774109
3.72547227563
4.8510068665
4.55823424182
5
4.39707030812
4.75804052089
4.65400288058
4.08805743004
4.35316630565
4.1526223873
4.90396180799
4.84700787649
4.42980587137
4.05050643428
4.91926197552
4.69502067455
4.36232526797
4.94923213778
4.3947181608
4.01955006353
4.62454055783
4.60726768206
4.44962091934
4.54621017283
4.58459499039
4.61509192281
4.96626802894
4.54938541248
4.2994256869
4.33688423362
4.89506355302
4.52460149658
4.34928472297
4.17284921704
4.31642217375
0.0558047162163
4.73726731788
4.63513828877
4.70217244174
5
4.63930566893
4.80793750516
4.34997643439
4.27056250296
4.66948287079
4.86522808893
4.58293730241
4.42596115645
4.81669486074
4.41374209749
4.73739553491
4.59374289973
4.65624374399
4.57311688872
4.96626802895
4.27364204953
4.85144136616
4.94972591168
4.84752065039
4.60664010656
4.3215914583
4.61866414298
3.81967650318
4.19322880257
4.41372080903
4.26667673301
4.6952843914
4.33303727246
3.24923149393
4.80628308138
3.651308049
4.16506827934
4.551444343
4.32138359564
4.47034907188
4.07661035889
3.59726653381
4.60382399364
4.91072458729
4.42308055629
3.74981579284
4.60523295228
4.96626802894
4.75241697816
4.9604382176
4.47557288303
4.5989024421
4.78744128848
4.2035531388
4.89673494259
3.89135814988
3.37675362234
3.75400789689
3.95039865434
0
4.95332378809
4.48294845159
3.81315753016
4.46528313531
4.34307747955
3.58514431626
2.3940692012
4.5396200843
4.45143501067
4.93302085937
3.79518848604
4.34917244946
4.68316652689
4.96626802894
4.42360568495
4.46419356183
4.49126659781
4.06722922929
4.57932126025
4.63755110719
4.48279347842
4.8291900517
4.41050639373
3.51700437076
4.70717423295
4.05721138164
4.87608346693
3.33810746676
3.85102076595
4.80947473341
4.31340337565
4.72751454851
4.13104972274
4.24933625472
4.36868696476
4.4420111539
4.08343308601
4.43160210042
0
3.3005206194
4.43329790936
4.18434053299
4.31591055566
4.06528010206
4.24362718856
4.14336654833
4.15129771752
4.6383304047
4.32394508365
4.69029267276
4.53506271374
4.55816154565
4.44931109963
4.4043887988
4.44401403153
4.53378488843
4.12479549465
4.46654245102
4.03704452669
4.46686268926
4.61248140073
5
4.23459571811
4.50077941352
4.53530235674
4.62718141245
4.68867950503
4.51092318922
4.10469827807
4.50993464587
3.85057930681
4.63380369373
3.69370518365
4.57853965115
4.80427985425
4.64783451951
4.55132339521
3.68048453695
4.25077300123
4.5890360203
4.58732851563
4.51458706798
4.78371358408
4.16234135211
4.08381673346
4.59310071096
4.43517332684
4.52674790637
4.45381657273
4.92824443009
4.53048286703
4.4245383452
4.40111344787
4.50642330145
4.14971379922
3.81428941898
4.58769191217
4.30958030712
4.52334022525
3.79081948429
3.93383961329
4.72932758657
3.04729432675
4.5705519818
4.1263847835
4.23051071624
4.61202685407
4.68686468124
4.66530539715
4.30327368334
4.39456719543
4.64943891304
4.75237245278
4.06854450523
4.4945435496
4.70947265137
4.71922531838
4.06722922929
4.62128986935
4.69945816553
4.38840072663
4.50039216769
4.58547696768
4.35864337752
3.32013375838
3.85638851195
4.61128863288
4.6118130259
4.07005883712
4.63996608197
4.60994960326
4.98988326687
4.60475605469
3.24928164309
4.04815610801
4.66444797905
4.40089465759
4.3828035269
3.65584219456
4.47392948773
4.37693109297
4.20866563255
4.52805460546
4.68568831575
4.35230494559
4.49816300454
4.55600822759
3.70044952724
4.55334598611
4.15280424998
4.54098562104
4.18183397913
4.56621486227
4.64908551041
4.75122093105
4.48048307528
4.10469827807
4.73037730238
4.75002223798
4.43708314858
4.6128278221
4.80064727951
4.35221107013
4.37338112888
3.8180714521
4.03439053136
4.09463936584
4.56258270444
4.38360512426
4.57982826709
4.15969645475
4.57122406504
4.68355680397
4.17271412589
4.57606231394
4.52639654149
4.3493681982
4.74757917077
4.3395759916
4.82270909274
4.22692286113
4.34595893535
4.30354055136
4.71002161999
4.85061289313
4.63658739427
4.39756286997
4.21101652638
3.55486306279
4.33256657208
4.45263257918
4.67708975918
4.28114162382
4.69305655478
4.64221552015
4.45443291724
4.23260289853
4.45116322141
4.44036274102
4.19299796035
4.29441179875
3.83234433519
3.96449004032
2.04938510975
4.13038871459
4.54960150389
4.63156008961
4.56398659966
3.86751219415
4.05200675429
4.23667368757
4.49132767798
4.07851604082
4.59569083676
4.64971519941
4.55005846741
4.74240260421
4.22917557606
4.29039061449
3.95816935445
4.39122444467
4.50031274073
4.32003941243
4.24931400759
4.06292114265
4.59674222489
3.7776019016
4.63403146877
4.08839517921
4.44180537019
4.42526622632
4.32625429987
4.41228870395
4.34512365839
4.20014693131
4.62547031586
4.23901470253
4.50234343194
4.02258971427
4.7370892569
4.04835225071
4.19157661833
4.13068280046
4.5911807251
0
3.53543720886
4.45205782023
4.47838995653
4.44187275265
4.55281408574
4.74336070791
3.44495757176
4.65088374661
4.38839418779
4.70989592119
4.29549571922
4.62106642343
4.63575246311
4.35432216571
4.72135918314
4.62114048097
4.65843432606
4.42988243371
4.02505516614
4.53726611391
4.21658665911
4.46219928454
4.54979712872
4.16060960768
4.35305273121
4.19207124981
4.32481599993
3.74990469098
4.71911469574
4.40630433331
4.7508856106
4.41165731805
4.19865204888
4.67578312817
4.20227915382
4.18721838174
4.64241391155
4.54426295044
5
3.92172255658
4.0862659935
4.41975458664
4.34982982546
3.97062201326
4.94946338453
3.81287560766
4.64601580566
4.52514044297
4.21056359056
4.69961974366
4.6591372825
4.48675868266
4.38046477744
4.8719742825
4.71201852085
4.31714724252
4.7505357033
4.78480777772
4.01506106604
4.32228988787
4.94839762789
4.44932196846
4.14902600123
4.4494847864
4.08178799527
4.3879975156
4.43851856476
4.79103935733
4.04666133201
4.29390069887
3.83593141965
4.32641477941
4.35008012736
4.4752623738
5
4.06870999524
4.6322247801
4.42823738152
4.26579925658
4.24354416136
4.72970326797
4.6814092537
4.58928450239
4.44902075107
4.46459621836
4.47362878156
4.44592349882
4.25783163322
4.96680693125
5
4.10993398884
4.87305512613
4.47491529871
4.56889307364
4.58575839202
4.60497306987
4.25106930799
3.84915216292
4.40129075705
4.41825369121
4.60813528679
4.04964627737
4.71011508057
4.21673751789
4.66407915511
4.34790756321
4.29374363959
4.62796512522
4.79105073337
4.19234358618
4.75909506464
4.48811354823
4.37523249044
4.3544390622
4.49702823798
3.6113991777
4.70109035477
4.22228078338
4.91169050296
4.41276298734
4.41980217177
4.50224813517
4.57210081569
4.29759999369
3.75076580847
4.50709035589
4.87947199266
4.44538625736
4.29580584987
3.95435727953
4.16614598938
4.31484223189
4.43186678768
4.40314099777
4.0396886283
4.10549874948
4.80189676136
4.34848869193
4.55191890169
4.44983733209
4.94915938133
4.48752666073
4.40610712134
4.38483326679
4.9345659332
4.27660694788
4.89506355319
4.25258146828
4.34894689606
4.31253725894
4.59099927869
4.323333209
3.83546481294
4.20381643482
3.55142282893
3.93834407208
3.74608339673
4.14492054691
0
4.712881694
4.78713917638
4.3299297877
4.39411886508
4.86033738752
4.41601106942
4.5306210039
4.26115073975
4.88224936862
5
3.84927448336
4.31313686527
4.62942418228
5
4.7195766811
4.43070302293
4.45273829953
4.49239664905
4.46821725002
4.6596848252
4.37276697882
4.35181403257
3.56317642224
4.96626802894
4.3558359361
3.6486465943
4.41639896393
4.39146853479
4.77893955449
4.90509001417
4.47169855923
4.96626802894
4.70069719438
3.98904965634
