3.49325573432
3.16144245763
3.48963958613
3.57955071094
1.95829583326
1.58323466858
4.16107542776
4.06366035822
3.94882243689
3.17959259558
4.31062756706
4.60792187031
4.49509633912
4.67086974191
4.69442585705
4.0621304188
4.1845709938
3.89548125009
3.70479660756
4.0347333639
3.83852891318
3.30691654447
3.71078927892
1.19010884238
2.79485187775
4.05405050204
3.85453832614
3.18317400031
3.19279172718
3.39402911905
2.96360362901
3.4661462314
3.21887191934
4.5501019075
2.24974775546
3.22440807736
3.29262390283
3.6295059297
3.5276889054
2.95292282972
3.85776364739
1.91710911727
3.78727376649
3.83509298934
3.66895592813
4.31634417863
3.72114815154
3.07154677683
3.83735050614
3.69331281358
4.00009357356
2.99975438985
3.66571691969
3.46690360772
4.29998067635
3.1060528865
3.54983657894
3.48995117822
3.38136465251
2.7661479192
4.3486691153
3.16863411099
3.98363276559
3.0519851458
2.81054733576
4.25905138644
4.37889438854
2.74982806946
4.01544586934
4.03121474526
4.49994099086
2.99974416052
3.50034748472
3.04663701697
3.89039683329
4.76721558414
4.22372687255
3.55007364402
2.24976635252
3.93170733246
4.32990254512
3.65000937652
3.19418545855
3.37213524195
3.58608928531
3.64438760806
2.86712372133
3.60184228528
2.83664102798
3.71500017722
4.63225141905
4.29234818457
3.59845132091
3.89973218843
2.94498291115
3.97214196021
3.34010247456
3.25029374568
3.28484515361
4.51396295123
2.63313304922
3.65858789198
3.58925843139
3.49625766864
4.75309682034
3.46022142528
3.86191427121
2.84277353913
3.95011004456
4.14978461502
4.40060337767
4.31938327546
3.49288287227
3.39398293765
3.35827897247
4.3086993936
4.15075278343
3.59807646334
2.79237241312
4.08091544959
1.25031992972
3.90745091507
3.2412592115
3.43176196015
3.95098764134
4.01644638862
2.74959480655
3.59052904067
4.25039365766
4.088332063
3.61668880659
4.35134251563
4.51732717645
4.75028007755
3.90451430174
3.59943095354
3.89416042845
3.43855240324
3.40415920997
2.24967226253
3.05789943331
3.48847105705
2.79898923021
4.44033689298
3.44177682484
2.89208597253
4.18018772971
3.63305845982
2.3756264042
3.52774442869
4.34997144087
3.95730976687
4.33713082028
4.69215374724
4.04966797655
2.85004385741
3.24748253149
2.92911764554
3.38749113692
2.7658185117
3.0501292481
2.85443476195
3.95108818231
3.62063393949
3.27011690743
4.40456156671
3.24981312469
3.43720908657
4.04231714048
3.65024345518
4.25024837395
3.24652352307
3.52559547354
4.01765123427
3.35447092627
3.7713240798
3.20335983124
3.92761543986
3.27819382817
4.59154656562
3.95195033537
2.12212190392
3.65893262436
4.30347383884
1.0407913202
4.04201235102
3.24971144839
3.83856375682
3.40221597271
2.00023487342
2.07211216258
3.50010527172
3.93769897298
2.31970525154
3.63664902147
1.67940261444
4.72862374044
2.25024948814
4.28751254933
3.72640116973
3.65720479093
4.55036231208
3.72699175533
2.6499812134
3.26141483502
2.55007753473
4.24345388435
3.80522767324
3.23924659527
4.32715108622
3.00012421677
3.74968647106
3.83171269986
4.41928388524
2.01264294748
3.43680669151
3.39050883279
3.72975173211
3.41393489667
3.77587006508
4.41091542784
3.77388823255
3.35978427432
3.90484516703
3.96998970899
2.70619039944
3.50025223321
3.90749474228
1.74967064388
4.0361029965
3.80648904854
4.11575380947
3.83153739832
4.36114774128
2.50836156467
2.691963095
2.74387680619
4.62928106257
3.79593049072
4.62147163446
3.37175392749
3.43001459543
3.75463642963
4.375623436
4.11901547056
3.82202253617
3.36147714814
3.2461607489
3.28186034183
4.29382122703
3.25006250527
4.78289718475
4.05190312438
3.02670608817
3.99158525944
3.98951883306
4.43271303295
3.31139262084
3.97362674703
3.91432571936
3.52353667266
3.5320097736
3.63539196623
4.24423124837
3.56426425385
4.48697916322
3.75001527497
3.62552408934
3.41752774811
4.32355302085
3.34960068407
4.44432033841
1.25013022024
3.81991669531
4.38892905877
2.74967385982
3.44070305681
3.00018011657
3.65025672023
3.84991138788
3.4501358054
3.31277414181
3.64205091449
3.72382156335
3.77539882576
4.39484393148
3.76076590413
3.38776705938
4.36415664783
3.51771881737
3.41766982811
3.06866603531
3.07611180394
3.26043806581
3.88140524136
4.16815297885
2.3332499104
3.06312753726
2.32038899725
4.0502217655
3.25006577026
3.41271698607
2.87271255344
3.42466674816
3.17968193181
3.49982614357
3.98829329413
3.3139752194
3.85006847789
3.7495420366
4.68571396595
3.97672036491
4.06549172632
3.01760424562
3.89048485048
4.56087820843
4.26029552046
3.43961017782
3.5466989215
2.65010743346
3.48172820581
2.75317299158
3.58394269839
3.77823500347
2.74970735942
3.86859716868
1.86039373087
3.83661993258
3.34985565694
3.4947861963
3.71597300775
3.24987185
3.14349442836
2.74956792502
3.74282549077
1.50293823248
1.24972350574
2.88878646098
3.92735813455
3.25011597359
4.13223247599
4.0801608
2.25000509994
2.80632689449
3.0413941671
3.72321366827
2.64412230167
3.33659234632
3.11273603986
3.33803993856
4.50011097346
3.19112547174
3.92301067979
3.72447082846
2.29286850766
3.98595034444
2.65012629897
3.81417628383
3.75699211095
4.1632739359
3.47419260903
3.49922225548
4.41699109911
3.70293635114
3.5895641071
3.14963678369
3.32070830317
3.57923558304
3.75418059648
3.87953048421
3.36395273396
4.14647735411
3.8370195019
4.59581244375
3.20614487326
3.61157569773
3.20289267849
4.32130247085
3.75040820968
3.79290580679
3.02566907688
4.01316709379
3.43772419311
1.46035866783
3.27894577554
2.58112212172
2.04982014908
3.09659154892
4.76666521514
2.7659544272
3.62454921064
4.32099256245
1.35229221748
3.77763511114
3.9936441881
3.03058035466
3.16610531188
1.96597243406
3.25004249958
4.31124058722
3.52035594042
1.67044231579
1.99982073582
3.48641908347
3.50011634217
4.18296562787
3.51502626409
2.11185987649
3.54556338345
3.40797343165
3.65024497002
3.82856682289
4.51287742127
3.10556270349
2.9961975912
3.21279167176
4.31539108564
4.36484580876
3.52723970328
4.16535158589
4.47786226174
0.88051207651
2.61703448739
3.95660465808
4.7256835188
4.47916109872
4.18445193962
2.91685307246
3.58290429576
3.02286294326
3.6943758095
3.50230363932
3.73894588899
3.90795029607
3.98561388447
4.77283067692
3.24975507442
3.49963321546
3.92136686429
3.85695136737
3.45869578075
3.64993176651
4.35332732681
2.15003592475
2.89980415149
3.30682480138
3.74517140442
0.808258738595
3.17512120141
4.23261503399
4.63423047439
4.22045417648
3.67330227914
4.60312932756
3.31708837206
3.56317109651
3.5496572021
2.74990747516
2.45294977555
4.71871814789
3.99166543528
3.35001644617
3.8317586573
4.47465615372
3.4892077002
4.3370333546
2.33117054995
3.8632940851
2.48700954122
4.14816561581
3.90831536703
1.95626965124
1.91061131919
3.74999227692
3.23802309755
2.44726502556
3.94811850436
2.95827865455
3.55783180437
3.42116072831
2.7840983479
1.64952381753
3.36948202303
3.70627588714
3.68194513555
3.86508528981
4.05767382675
4.38895195573
3.50031613534
4.04909297506
3.32100671196
3.16659368087
2.62273412481
3.49480818917
1.94429577848
3.95809283919
3.99983748669
3.95880958969
3.7439442275
2.994024728
3.97687504128
4.05881092748
3.74401227309
3.39350579264
4.0622354469
3.69158994814
3.22238143399
3.01120673211
4.26719262676
3.82866087688
3.57368849203
4.1721538641
2.00084361218
3.95475175846
3.47381238325
4.5832389333
1.79779326352
2.77980658468
3.49009897051
3.66380907328
3.57869423713
3.43012317225
4.20380512021
2.24996574913
3.01907766871
3.56668989845
2.82008130195
2.56999061329
2.98450522918
3.5297450236
0.877649497991
4.40449334857
3.55983195304
4.49626151838
3.74171456736
3.85819891889
4.29936260004
4.1925664514
3.8885977646
4.4778599024
1.31127528007
3.0849337499
4.2801786596
3.53014394002
2.5595025416
3.12851733912
4.05514005405
3.44091985554
3.71249179158
3.34989754064
4.08937597556
4.75006080717
4.50023718544
4.08363151939
4.1080277203
4.04714009005
3.56755665213
3.87528629441
3.29391991708
3.64073414198
4.2097689801
3.9634627354
3.52903429529
3.49997046165
4.12782317043
4.01453278349
3.97812475001
4.81744489441
3.1178695439
3.78372184171
3.95698107525
3.38541989219
2.69965123978
3.60686052395
3.7878207563
4.08494057729
2.12723113305
3.40688840665
4.08270649381
3.84992238323
1.84996370772
3.64488461339
3.59454164041
1.8500903287
3.79412709171
3.62399594379
4.5902243754
4.02157941986
2.81373857537
2.7497478305
3.87656931549
3.24990068336
4.36704239798
3.64986755421
2.2932607869
3.24971443726
2.21680874945
3.14978497614
3.99979219539
3.49649856599
3.68787154927
3.71871009075
3.74967565914
3.98976549741
4.01588022027
3.39950041751
4.18687988927
4.05596607369
3.23568194977
3.95301382291
3.09560046858
3.69616151658
4.25416756305
4.33220099375
3.05132263586
3.29544026436
3.43711041545
3.96906411895
3.29339289002
3.18760515627
4.2998648481
3.80975605068
1.25024025953
3.67865410873
3.49667059359
3.51637684
3.79582191633
4.20426911952
3.49749721505
2.87623342423
3.60744546281
2.81705053578
3.05928366917
3.5608176719
3.58339941995
2.15609088443
2.74961794125
4.00700418353
3.9960131459
3.41681007941
4.91721555133
1.58284988707
1.94961044787
1.27886472653
4.14994834153
4.52922113237
4.64621261968
3.56438605127
3.67248274889
4.60488284471
3.00007978184
4.25032624491
1.23312348407
3.72087322544
4.0555876261
3.39018098546
4.12180020362
3.95842781775
2.90027101178
3.75602815997
3.21638561134
3.73239255076
2.52599426974
3.28404318075
4.24244947151
3.31750477316
4.07357299337
3.50716308167
4.21895136902
4.14669675455
4.34970696853
3.66315292674
4.46347958651
0.849766484211
3.38267249643
3.47208240617
3.6524144352
3.49986985523
4.28073634581
3.82944361892
2.20280756779
3.97006277657
3.97553157625
4.27457076674
3.69984508301
2.81754945953
4.4693556264
3.74849982341
2.32180059521
1.50006716554
4.09959279173
1.27886833531
3.79452843899
3.44974588534
3.74202481976
4.41640182483
3.25003775533
3.7914835041
2.86713746619
3.68172847628
2.85514020271
3.60512033417
3.66132930638
4.34998140641
2.35606614378
3.54620082755
3.40185068821
2.16383307104
4.10083528516
3.63636550107
3.97078857232
0.802010814276
4.37778665268
4.41864525334
3.77587304282
3.15374205781
3.4410082295
4.43343033422
2.9172347813
3.49505249711
4.34954935497
4.60351448916
3.60970273989
3.12515246963
4.03834024327
3.42126229832
3.4138705932
4.6716806327
3.25854063152
3.23689749331
3.73107682763
2.9998066072
3.98448340463
3.27319326816
3.49953291569
3.00000115025
4.24990255902
3.21680708731
1.88850888438
4.06091161817
2.35921880721
4.13188366237
3.9973217785
3.89508037003
3.97083932188
3.64444919645
3.99544036202
3.17082555603
3.43609926055
3.55758851724
3.04073928255
4.75031326702
2.70147442356
2.07466950874
3.97325220034
3.31014134815
4.07711892533
3.1979779298
4.6976617665
2.81717184867
4.75023770356
1.80178209941
4.75032955282
3.74958161956
4.47772326266
4.08181114886
4.85541117581
2.91862077211
4.85541117581
3.1117705821
3.53486393789
2.88285459087
4.23617011249
4.77031179488
4.06821450203
1.95514037611
4.70526627082
4.5000839112
4.86458400078
1.72801144115
3.12522126466
2.98595750946
2.42438238164
3.12522126466
4.75016789008
3.99202104486
2.6873228726
3.98904476447
4.87423154395
4.84609363485
4.71871492342
2.02791972827
3.60179192096
1.96872832031
1.96872832031
1.96872832031
2.26861300214
2.26861300214
1.96872832031
1.96872832031
4.05728892452
3.75555065298
4.04175390177
4.58583229911
4.83445007191
3.60415447239
2.34702456993
3.26313589157
2.63102149898
2.79029176007
2.3463675189
4.03516787225
4.86205741191
4.80819852786
2.09154967603
1.46972953181
2.6319580678
4.87071247521
3.57412285573
4.00490982331
4.14985492501
0.810652424426
4.80844761545
4.60725655747
0.851261843554
1.748539325
4.3766583956
4.13199932877
4.75004575834
2.21249892385
3.28463986395
3.65775147897
3.68839946744
3.01338692782
1.46144612828
4.25151925338
3.73153348868
4.82040793891
3.4998341822
3.3095812007
3.43605108107
2.09819335996
3.52593817053
2.19600789378
4.50011339406
3.56896720331
2.73672770543
4.72331155873
3.67641340524
2.08132277846
1.01403646482
2.85067059172
3.64516290847
4.26898094988
1.44470004162
2.17933194115
2.08643683165
3.90107154406
2.8247103165
2.85024428754
2.23230721039
3.03236438398
2.6294879625
3.86879201347
2.54004850498
4.15045386674
4.3314630372
3.91674116296
2.77845591685
2.41314503042
0.876208083069
0.992438220225
0.250286223705
1.43329706831
1.64958441016
1.13650901863
1.64958441016
4.17692281914
1.30048656897
1.99150983932
3.47082778182
1.30048656897
4.38598565769
4.28167554734
2.5202942242
4.1503061453
2.17977908039
1.96512957013
1.93804614136
2.00563275467
1.91527235084
2.39352496489
0.42456871745
3.32265482655
3.66879956805
3.20537972665
3.80324179497
4.47964751401
3.47131309967
3.80324179497
2.7970275462
4.53943682812
0.750177489182
0.421481377059
3.15261587366
3.06522976679
4.74775195658
4.40639382938
3.69276324647
2.0484799732
2.0484799732
2.40281584449
0.480962966941
3.43922202611
2.3718968069
3.64932741371
3.25026195789
3.3719193435
3.75142370751
0.471838417476
3.74983860796
3.17219076965
3.09534485385
2.32769532504
4.13214196342
4.83353266304
2.76940746354
0.98649318571
3.95099795507
2.89433716338
1.23381357668
1.51268740691
1.13416410844
2.05009988784
2.12835914711
3.2976210589
1.02878375814
1.02878375814
1.15095879527
1.23817789821
4.28378508325
3.85355510853
3.69119764955
2.64850473331
2.65676546247
4.88282282457
0.0841269649349
3.75677809696
3.00018817937
0.138228256381
0.818161268212
4.22945895244
3.56295842687
4.15454530462
4.89636660128
3.32121617457
2.22227593578
2.41429763066
3.40913144223
1.25044466514
2.99377636092
3.49702743105
1.78924882233
2.29064858836
4.77222945957
1.3767531903
4.65004665372
3.31874068434
3.34972432386
0.9307495088
3.7531241965
3.73191687876
3.4971438378
4.32863711001
3.45536289849
3.75016308485
3.66441601556
3.14414426454
3.45662193815
3.25988393911
3.61953233716
4.15686598799
4.3879829725
1.81395758187
1.92651828966
0.639521806813
2.14672055103
3.74980116052
3.06444668626
3.42570628256
2.88731609449
3.44996834052
3.32624067336
4.59826692801
3.77072882344
0.528650649926
2.83653382787
3.20606680515
3.34686578295
3.81985490777
0.512794127571
4.20790606762
2.01854797875
1.43993294735
2.33769933363
2.84755291394
2.09427276249
1.552468311
2.22718835658
4.29174605219
2.46071354321
3.34991875342
3.53233154235
0.934046913397
1.05408181851
1.56910569298
1.66498027813
0.399240598734
3.93506241082
3.18927387911
4.14640954706
3.42797946818
0.9245203828
2.42636063666
3.3409173762
0.654899056419
4.17268728534
1.69937916266
0.583183759624
3.99983153259
3.66923343569
3.20718267127
3.19134644597
2.24321098764
1.6681612004
4.00023326011
4.13511696311
1.93056249795
2.85920953795
2.38952603735
2.74987909404
0.745058173171
0.986707847652
0.784109953455
1.41649682211
3.49125311812
3.7520772858
3.84382024461
2.08182008318
0.136855764952
1.99417830457
4.15675039579
3.2818933036
2.76921752329
3.80458971481
3.83667050048
2.4503753205
0.551404413874
0.797093119035
2.49115213598
0.25733358868
3.02376181661
1.18344833627
3.87464747211
0.587011440606
0.230538446854
4.04706320589
4.47576438612
3.62489714826
2.05019378222
0.298074783407
3.06844888128
3.61011283582
0.669680420104
0.575398217498
0.296513398144
0.296513398144
0.558398293578
0.660891668604
0.937830521337
0.111844841805
0.322331897853
1.82009343615
2.2291321238
2.5495022672
4.0291460513
3.40378833774
1.96101490885
4.3549285156
2.16790020985
0.587685164727
1.52083675592
2.13933288475
1.8760950262
3.25442089566
4.11351106729
3.94982226661
0.290413778999
0.427823991932
0.848499841688
0.630772999685
2.78929293355
0.412000848736
3.33811460451
1.14373912869
0.665316335786
0.581130462591
0.645576427094
0.850275669592
3.02547591031
3.61626680001
3.51685344738
3.88221594284
1.94751835525
1.81845219365
0.159865927443
0.149834181481
3.38447405772
0.0907649641667
3.23560105376
0.4787869579
0.607541991765
0.13124090265
0.141661569332
3.55267598316
1.67465727651
2.82349300976
0.626428836566
0.277225391677
1.38721766363
1.68019043276
3.74826018115
0.538416887863
0.558070405256
0.0379269473417
1.34607885317
3.51271936269
2.93967794123
3.53985664443
3.54219720818
0.553795586954
0.331845495905
0.878682720308
3.07102315306
0.477525030199
0.256332403238
0.872888743945
3.51186730669
3.65115100269
2.4109989771
3.37384431147
2.79161012707
3.26339915688
1.01821203001
3.18785435229
3.35140405739
0.790013360162
2.25480794863
3.11286197823
3.80053226045
3.09621319507
3.20804914888
3.15210617677
3.13392705451
2.58281352306
2.67289170477
3.25045260398
1.6227125163
3.78816501002
1.62507347896
3.603808296
0.887218298302
0.550367055526
0.973512236978
0.0946962023039
0.537982303152
1.00035840829
0.0544583152054
0.351285307967
3.49670520148
3.23955955658
3.66139503172
3.74862760792
2.37877884675
2.24980058594
3.25487298648
4.37408312254
3.92500420813
2.87280504261
2.22839971024
3.6294515435
0.0519889210559
0.547401189014
0.515964602882
3.25184895763
0.988323496343
1.62693515455
0.0712970875948
0.101689749553
0.0967170040766
0.239676229211
4.27719649508
0.319325415478
2.24337839792
0.646576429643
3.53309118168
3.18537345192
2.98810586727
2.89277395972
3.67825829016
3.50035853898
2.93680372764
1.74122420581
0.826178372171
0.820943320298
0.658577884327
1.35592447544
0.511786323261
3.07616538298
0.442572774231
2.2606834953
0.456388738222
0.249632671049
1.71893621412
0.806259918412
3.41631276624
0.514930096206
0.796235903194
0.335615648163
0.249994623712
3.30779317249
2.99997742643
0.132417498864
2.50030354478
2.11421823859
1.62043671955
1.61816080714
3.9501946243
0.450046418175
0.770276932161
0.60374417749
0.0580784326456
2.34556915099
0.0727268514099
1.05137478305
0.753328896211
2.46719140761
3.21410700881
3.14980694819
4.2112223731
0.379037403686
1.91110490489
3.61040724688
3.19098434989
3.12476794519
0.490622032544
0.6388014151
3.49440905201
3.09687765308
0.677692048814
0.0825383188893
0.718335097467
2.74440257706
3.06740847173
3.35843495918
0.413044287378
3.62443619468
0.250225098521
0.641657693034
0.252950593489
0.279592887561
1.36350069928
0.922384467289
0.350352337755
1.232053974
4.25855668416
0.386183147994
2.79771088662
1.68936083944
3.60977547097
1.56797320948
1.33227538721
0.250169564447
0.484615077434
1.2908801106
0.549983285711
0.461311105309
0.550172963039
1.12954708026
2.91940823083
0.491941097748
0.0911459162371
0.362160710472
0
0.507081831815
0.0926322876588
2.89636466669
0.186689837957
3.70305268769
0.382203150006
0.929262994816
1.09841368782
2.29339534258
0.0716702351203
2.99979318862
3.99464043972
0.900669316495
1.45220091548
1.0308992029
0.144585245716
0.599533540464
3.12557271765
2.1141263143
4.3749646087
1.78948714986
3.24416629421
1.33161225609
1.2602366477
3.37703855569
2.12472063542
4.47194198176
0.12157647695
1.04759231696
2.1511166699
3.75231136544
2.70623928973
2.67709634583
3.21115267466
3.64327895866
0.775324814576
1.63136373229
2.86522801704
1.11725524566
0.49702373252
3.78617987096
2.95428589586
2.86372734665
2.11439989952
0.105806735216
2.68995207839
0.548748381479
3.39217044935
2.42571970829
0.0207577393886
0
2.34288272894
3.17518517125
2.0707608996
1.87449050044
2.19182203442
0.3270851465
1.2257213639
0.783808346329
0.150634621012
3.31208729422
2.34657231154
0.375668806473
2.02614274012
2.85890168693
0.0659437498702
0.216650145524
3.65631825581
0.705647171027
0.214864166712
0.213278209313
0.246892698406
0.54629530437
0.158861812552
0.31621426543
3.634282658
0.781769103874
4.82884577494
0.194689092031
0.376461965788
0.649679358654
0.249057479662
0.249986216524
0.998172253532
0.365194774805
3.07995593855
2.47300205224
2.82152392804
2.82109925391
0.158395041434
0.126523377084
0.187898148191
2.73917872369
0.160525478503
0.152495505239
0.785417370553
0.13343925972
3.35994129406
1.34999252625
1.98150074479
0.630450827418
0.20961443252
0.0745757352985
3.42105114104
0.179686584233
0.07602538826
0.957177470137
0.59212157982
2.13576975085
2.95423760212
2.21774105968
2.69642651861
0.349290195111
1.90400264365
0.0733610393173
0.176379869139
2.61929527826
1.34949578488
0.524653778999
2.83428501867
2.85014710534
0
2.4262449796
1.12447531878
0
1.39684870754
3.1763366605
3.25015807967
0.741972155509
2.45037365095
3.01514421058
4.60785179059
1.67294330415
1.17082925096
1.97288703567
2.52443045044
0.749863744203
0.0480999147313
2.84397824142
0.121012999883
2.28329265914
0.516387304638
0.101475473833
0.507073456481
1.69182387564
0.270806194444
1.46712607857
2.35004622565
0.589329488045
3.11905683497
2.14428267925
0.0435155152349
0.267836998755
2.6855880489
2.39833699578
0.537707141324
1.75516133456
2.62450476207
2.44402090706
2.2499964551
0
2.9902772039
3.19577052348
1.95929797623
0.560168555819
1.64688829101
3.96690169487
1.04993407739
0.611994630022
0.107525971615
2.55005924523
1.36046978751
0.274296640159
0.105629099554
1.46615246048
0.308760734777
0.568585212513
0.195131328835
2.26348618177
0.277764795919
0.592753794423
1.69428718749
3.18643483413
0.258304896355
0.408415104564
0.039050988147
1.59351742262
1.86312320169
0.952715458402
0.100537345462
0.14238440075
0.250076111039
3.00023118911
2.48022435073
3.68127547849
2.45009695484
1.30431661165
0.389214612213
0.762582654028
0.250423131772
0.410616007213
0.12287359057
0.56864834003
0.129506968848
0.578557689431
0.83128214263
4.51008442411
3.99965774869
4.75735010068
4.49161536315
3.17261570391
4.27640198722
4.28891868674
4.06919308125
4.02821938488
4.78462556851
4.10179824821
3.3575068912
4.19937214838
4.51373330996
4.25042217873
4.66882436035
3.73225942749
4.25555500683
4.23331535476
3.22176850124
4.33060998116
3.60786302194
4.4287126573
3.43950247726
3.84915754729
4.37709391239
3.25035763476
3.58924095187
4.48881802395
3.64421353184
4.23727532777
4.04545176095
4.40842933304
4.04538384594
3.92883624038
4.23190367479
3.93770734672
4.38438666768
4.22370536599
4.45620562479
4.12170227676
4.76140210205
4.77791877552
4.13778785494
4.47147475796
4.36565399583
4.77283067692
4.19082037325
4.70520555887
4.42728939575
4.18899070652
4.38935507328
3.99956138462
4.07535828243
4.51754192603
4.73311147362
4.18064009654
3.01234202376
4.17235141026
4.19790724428
3.58187720105
4.71406208031
4.42693789019
4.31706866783
4.73861813092
4.40734752647
4.44456792972
3.84640759445
4.25255009877
4.59404471857
3.99444481876
4.4174746467
4.35029624608
3.55516341756
4.20519703106
4.35949499806
3.67271571511
4.25001651867
4.06528179162
4.84516160502
4.33910260573
4.49744294866
4.47375575525
4.62924375948
3.48780508901
4.76547134868
4.38694194122
4.20496574994
4.64977919257
4.37879864905
3.93210694683
4.15024581116
1.10810008817
4.19066411345
3.54099261908
4.77283067692
4.58403002604
4.0695961462
4.75051810641
4.45061575679
3.95777593014
4.05634651835
4.15708964994
4.85609216935
4.85050281429
4.75015317324
4.05815208418
4.07716344829
4.44154542971
4.68528807781
3.87600498692
4.04794263599
4.69875317942
4.18920649009
4.55168103338
4.24990736861
4.21169523866
4.05063562893
4.28203298191
2.30696642505
0.464244951359
4.34968220486
4.21559950606
3.94307622254
4.65140825009
3.68495492812
3.95985648513
4.62285783634
4.00023512117
4.32555346401
4.2103908453
4.43128893443
4.40105728978
4.38343380181
4.00007359069
4.40619900274
3.1984763853
3.98160865704
3.50434952834
4.18377925004
4.2392076619
4.29641770472
4.13392106209
4.39783488165
4.04144429619
4.61751025016
4.02879903378
5
4.59642878656
3.80869440586
4.19036057598
0.248230790846
4.50586851187
4.99891557062
4.22076741466
4.38148104365
4.21664276208
4.75015317324
4.65025956351
3.69196995445
4.20165975929
4.16449112366
4.86026006636
4.29819556567
3.50204893212
3.58949778714
1.84866948593
4.36087362727
4.66497954716
4.15067453365
3.15904909042
0.245005207951
4.54221573917
4.58981111001
4.21974625131
4.69292953778
3.25029923473
3.56820291802
4.13789963387
4.61003210703
4.48462452917
4.28546173297
3.99398180062
4.82701101913
3.98536011044
4.14993336483
4.34980238398
4.56390756632
4.0872780338
3.54950846962
3.897236025
4.20635586081
4.69331189797
4.54972831442
4.3425559909
4.27689465251
4.65579511219
4.14883740978
4.31551180083
4.38796040684
3.5374212478
3.31562063516
4.03261329618
4.15574645817
4.74965229863
4.22299906115
4.5094303574
4.51211596258
3.65985276188
4.14962912589
2.81526636182
4.75023274858
4.73709116778
4.12970838422
4.2554879129
4.78065255632
4.57151885872
4.37623856026
4.17170764461
4.07646301064
2.84051174468
4.41014184517
3.95314544144
4.42615728123
4.10887294113
4.41288389081
4.47836419801
4.77283067692
4.47594849021
4.02257835485
3.84532525571
4.74989787521
3.95192948328
4.36592283241
4.35024049619
4.08511091003
0.232470702967
4.66859738445
4.7452722358
4.35247754404
4.79109053056
4.57797528744
4.48391861377
2.52456343248
4.38401803572
4.54413999837
4.46510155755
4.45287961042
3.9334183433
4.58390060759
4.01768996343
4.49734033852
4.51844914227
4.61009223485
4.16546661986
4.77283067692
4.13700570013
4.6855273996
3.44331075968
4.55009213302
4.30019791941
4.33256818768
4.48773087131
3.33765557662
3.74984956898
4.15265444838
3.94963381662
4.54963418654
4.24484531642
2.95036845359
4.594188985
2.41533912254
3.7393747838
4.32048859965
4.40360125174
4.70232906646
3.63563518377
3.21313367472
4.17175470226
5
4.2549790646
3.26231381292
3.66637015348
4.77283067692
4.22493726573
4.45647114988
4.94381731834
4.32763719395
4.69279561032
3.93979378098
4.75666176434
2.76179988263
3.84674173076
3.42475974723
3.864113152
0.245674778121
4.70368322288
4.60906581797
3.43441268526
4.07816200056
4.47030894509
2.58500559991
2.04261294902
4.27672520146
4.34623568316
4.51006519102
3.64117318499
3.94916334036
4.1243914349
4.77283067692
4.38319881485
4.1093051258
4.18410001685
3.69739241404
4.42422043704
4.36817492373
4.47709091065
4.67988153719
4.17442821061
3.65020543972
4.78530903433
3.76905195859
4.65879621402
3.44995873358
3.54975374443
4.71942536144
4.27895009627
4.68281550786
3.9139820234
4.17730104976
4.46809536777
4.52889055179
3.51387360426
4.20666530224
0.249942037986
1.86264487187
4.55422332638
3.84676872213
4.20536923107
2.82919616099
3.66457538286
4.01595175033
3.9674841955
4.4480447758
3.97967178401
4.80214204848
4.75450599475
4.27424338345
3.74184518458
4.09493997826
4.38666766643
4.36819014339
3.73462306877
4.04983772484
2.67359112902
4.34973890946
4.3767510093
4.79109053056
3.8851807054
4.33642365431
4.00436310242
4.05193909279
4.62944939294
4.23235634004
3.80909354792
4.41607281755
3.94955385945
4.60884893319
2.73396723133
4.1764332934
4.54410269416
4.56835486735
3.92302827565
3.21967102088
4.45001294415
4.2021570829
4.4271464451
4.23859502693
4.86426986155
3.73835378566
3.75002434174
4.69300681498
4.21860231682
4.09496459483
3.66786878628
4.68199618635
4.36815876329
3.78089325912
4.25433686454
4.35757106185
3.73942235798
3.50011738841
4.2112322785
4.18582313402
4.60100096181
3.57533584145
4.13292680618
4.52089061454
3.02821759753
4.44415663489
2.93365562712
4.34387556685
4.26079141452
4.38540954749
4.80710629356
3.77797355773
4.53065794412
4.0976130964
4.76500977371
3.72347192578
4.31011054629
4.83300405709
4.55992184387
3.69739241404
4.35499087798
4.55459842919
4.27327288795
4.35248893824
4.69442153188
3.82095864766
2.26374449322
3.49953629852
4.28628934436
4.71857432945
3.69489783877
4.21974287252
4.34107856323
4.66519799711
4.42186658334
3.44997513648
4.19530766541
4.64345595778
3.88614997955
4.07281032444
3.40258687542
4.24977859836
4.17431751587
4.34699281703
4.45272728561
4.1501721137
2.86494727366
4.25257105225
4.17735557123
3.9998336469
4.30991869876
4.00282783597
4.16289167087
3.60507621372
4.71861701192
4.67237614777
4.47553484885
4.15921276042
3.80909354792
4.75074378882
4.27033142945
4.23790851309
4.46697193161
4.59406697981
3.85462990757
3.99517614726
3.49524193399
3.51055345151
3.45418532328
4.1523474715
4.11761365494
4.57578641286
3.60990994715
4.42968275084
4.5602998958
4.24671891495
4.26399886798
4.5598697971
4.10808378841
3.68118448303
4.30030187612
4.88396784354
4.06895415711
4.67494910353
4.00262963485
3.98661256874
3.97701165954
4.37754491211
4.23439055022
4.13739472068
3.46117835435
3.87409724417
4.55058541685
4.84997157427
4.34980681538
4.43215452707
4.40845897487
4.18139264937
3.8037211053
4.24995208853
4.24996515655
4.06224887765
4.0915804332
3.58186052447
3.75593219566
2.25619514285
3.95909928186
4.88226012753
4.2110130888
4.61259254174
3.15399775588
4.10305318401
4.10828787281
4.39938622969
4.24799716426
4.13030547806
4.75289155004
4.24199510288
4.50583822572
4.05019387372
3.74930935884
3.89296068763
4.2147999397
4.37880521553
3.70521512955
2.91200774389
4.08138545243
4.23655209061
3.40245456672
4.47561307533
2.92121077647
4.26421816366
4.14042667713
4.1104155174
4.09122842003
4.01430139097
3.76793025998
4.53672370218
4.20363779335
4.21381042665
3.85016272601
4.63204283079
3.91515904287
3.82822264911
3.79593461054
4.4880605495
0.245470452695
2.61152552568
4.21218087394
4.22017271208
3.8256972354
4.60218138205
4.61357008801
3.1501330067
4.37831764082
3.73432718311
4.32292133396
4.43007925457
4.35013415524
4.25013249001
4.28791408687
4.62425957244
4.36933552954
4.31206441539
4.43200624964
3.98850042101
4.32547210017
4.0371843812
4.30941300591
4.34940021217
3.68907693126
4.23143649682
3.1350227747
3.95733884895
3.28778007422
4.84516160502
4.49704707109
4.41459719171
4.09741274669
4.09435412119
4.5442672379
4.17024720846
3.22281278019
3.84167606828
4.14981565241
4.77993107484
3.62228959171
3.67293626279
4.18417404569
4.28057369914
3.8619054529
4.97140969421
3.43423345835
3.69603363026
4.127761746
4.16856717358
4.76177239652
4.7354155057
4.59212449207
4.56614111397
4.87504612324
4.74977019805
4.16848925549
4.75019221869
4.55004434333
3.67966853823
3.93808451314
4.75051810641
4.50210196511
3.76608734744
4.09009718273
4.15556629354
4.54445933247
4.4006617113
4.66419824575
3.92420900792
4.4089951456
3.71089371745
4.08334359504
4.14970971429
4.34986090676
4.74989261007
3.78006105066
4.21292150639
4.2073085104
3.89530896241
4.41427616127
4.65336430327
4.90320538242
4.4208979317
4.14975157076
4.00321690218
4.17068669917
4.36115791915
4.38837353828
4.5484473628
4.78739814562
4.06714824793
4.81145387752
3.69425131471
4.46056638179
4.51117255361
4.57331448027
3.60077845993
1.73785511567
4.322162626
4.02678233905
3.86397188412
4.20390720211
4.6568557247
4.02423973353
4.49323437395
3.94917890541
4.26022638217
4.35059879476
4.83673549678
1.26673408224
4.52404588252
4.68685621382
4.14974861083
3.9751285866
4.0571698532
3.24990253541
4.518639768
4.28092710523
4.70454309302
4.30706640196
3.96651607217
4.52424198708
4.61564441858
4.23099192677
3.47070995438
4.25477737093
4.85924780483
4.45968662018
4.15030037006
3.94961371303
3.87369813004
4.17327874344
4.38796818421
4.3466882739
3.72803605128
3.47039043023
4.48368304775
4.13907632607
4.41095471192
4.14535920554
4.7498555473
4.47753613849
4.07097579011
3.94906020172
4.60676122978
4.36091814319
4.74989787516
3.60716825712
3.84386639759
4.1981565341
4.30249394932
3.87662674009
3.46116590923
3.83772141587
3.81489422447
3.59479082416
3.76787493243
4.03841896257
0.250570643125
4.19937214838
3.94348191478
4.23616122614
4.01769743606
4.70294815786
4.24680543342
4.43875994893
4.1312625366
4.95267858487
4.74965229863
3.92559229226
3.04969090054
4.74451214211
4.75015317324
4.42517473325
4.50386196936
4.35479342996
4.19139759886
3.98289444644
4.44657948001
3.39176708375
3.86528992815
3.34008133486
4.77283067692
4.41018835204
3.83840845488
4.03513684886
4.29802470148
4.64477420273
4.13894948149
4.37158749854
4.77283067692
4.55026407577
3.36785678052
