4.58824619483
4.52207019516
4.76911928188
4.80197423972
3.57827061807
4.69992918349
4.35294233151
4.36980571304
4.2932800022
4.72191723351
4.58018016212
4.09971421898
4.66206336691
4.70243063061
4.29794127294
4.44971907568
3.88676586962
4.6857989139
4.37198305059
4.42604664021
4.47792880101
3.96044451283
4.56832764645
3.93951361445
4.89958168802
4.22459100115
3.82953523722
3.93684298599
4.51000287088
4.33781462337
4.32235474243
4.22606315056
4.51467586585
4.10046204915
4.28022195266
4.5452589877
4.24153857069
4.69500096647
4.33278967306
4.41885380461
4.44534963912
4.72980611361
4.99563524889
4.26408478109
4.5634231232
4.37058660901
4.9634574045
4.27316449871
4.70667885827
4.56938387075
4.59024172043
4.74591784385
4.04824003111
4.56863325005
4.50022862528
4.76735762998
3.9003470272
3.15556213132
4.21723845912
4.2936045572
4.08785029133
4.7274014174
4.58939832464
4.4348724734
4.8978167054
4.51208823726
4.50006681606
4.16345315935
4.35007222651
4.61494799376
4.68715432441
4.57367356153
4.4660690365
3.55554984043
4.59645602191
4.49921134373
4.1136830912
4.19288281653
4.23245290985
4.76367559271
4.37946254681
4.62728403028
4.50620183934
4.49059552427
3.74289305729
4.92517055425
4.478838104
4.10002433195
4.70733454321
4.70076577428
4.25295243402
4.40229837355
1.10012348963
4.33695514708
3.94450699702
4.9634574045
4.59219488839
4.45311356359
4.9000546808
4.75034204053
4.2496665442
4.35217402692
4.29513860593
4.85586870457
4.85194135553
5
4.49962972279
4.29969620189
4.42933504077
4.66037220214
4.29064419086
3.87423475658
4.5950955378
4.42990011338
4.69967214999
4.20437901278
4.45643054125
4.42061628863
4.71879051958
3.69481063075
3.03718003995
4.29769806129
4.46090716511
4.33751654254
4.59228715284
3.59909618037
4.23468394542
4.63173121877
4.44933914155
4.39662086748
4.48544568976
4.37475060328
4.39481114019
4.44534500062
4.14936778855
4.23755869023
4.45651852022
4.45184562396
4.03977739043
4.33992068279
4.63979311624
4.46319181514
4.4796657529
4.38083093602
4.49989476009
4.79384968752
4.132790608
5
4.72798624314
3.6842607593
4.50876155842
0
4.33284187447
5
4.4413922759
4.65165372824
4.2350297182
5
4.4593171014
3.97503133682
4.58881546533
4.87864867614
4.88003573996
4.63642118553
4.24247166686
3.7000500887
3.30005059075
4.60243719322
4.67324804364
4.39615609076
3.53357156431
0
4.68352690779
4.70196840094
4.83794682481
4.56134117734
3.55150615881
4.14779549381
4.45252529494
4.77299694144
4.39138345044
4.69984722651
4.24448983728
4.9157813813
4.39888098834
3.92303029304
4.50025078072
4.87568590302
4.4761209318
4.2904742865
4.36159227261
4.42096934446
4.80148942786
4.30716438528
4.3246415112
4.69695369906
4.89989043698
4.8997785123
4.56429011853
4.53264563058
4.07373466255
3.8803546102
4.70014580681
4.45765904686
5
4.49336641853
4.69573213609
4.65059663676
4.09520060751
4.30641155213
4.10033789463
4.90634131943
4.76707511795
4.46142018117
4.08875450777
4.8998386364
4.62978474221
4.38553393425
4.89993387513
4.34557717366
3.89749565838
4.61274402809
4.57465630079
4.46085717683
4.47941900177
4.58654474544
4.58775351187
4.9634574045
4.52879222589
4.32974179963
4.29907144039
4.8998492514
4.38747327873
4.46066723577
4.21292920026
4.20998472033
0
4.74315076035
4.62555900892
4.74358672915
5
4.55215888951
4.7650392791
4.29999861267
4.28191160637
4.69272416881
4.83991941915
4.55909192462
4.4103379997
4.75821371909
4.4263543193
4.70001655436
4.57866134099
4.6919793462
4.54066441551
4.9634574045
4.34187736539
4.74415882931
4.8998497679
4.79801045988
4.6502732459
4.20596904258
4.58554487578
3.85702289444
4.22079241039
4.32956797577
4.32935013099
4.70591640963
4.37820651419
3.30063013004
4.75708393687
3.51281291367
4.21121490118
4.60088843878
4.2891396106
4.54921222456
4.0999804745
3.49649914562
4.5399538784
4.93036917121
4.42177601167
3.70025311122
4.59984241308
4.9634574045
4.64368117482
5
4.77199010187
4.60857040651
4.84631611823
4.08441152227
4.89750769938
3.96210168817
3.71469866374
3.75195968274
3.9678416571
0
4.90017984529
4.48354741958
3.8179669202
4.24194147998
4.38555781423
3.67666634696
2.76118193731
4.65839744841
4.39248543629
4.90004762063
3.90025403659
4.33919071073
4.55899337335
4.9634574045
4.41172307565
4.41621390906
4.33408893447
4.09986319071
4.70970019443
4.67142960501
4.37752902056
4.82185502989
4.25900449394
3.86338329763
4.73605337267
3.95299736684
4.85743283036
3.50204304053
3.90010286803
4.82682158874
4.39491122353
4.61986111735
4.06020760989
4.30916795209
4.31786145959
4.48541148869
4.15638313004
4.39879803992
0
3.23158597612
4.45261893539
4.279988156
4.2797702139
4.01188137516
4.22332395935
4.18158833412
4.15868036076
4.59065607459
4.27225047213
4.81079806959
4.64160350669
4.57024573724
4.49975364136
4.44220498361
4.52998775401
4.41947596265
4.14422050049
4.41514676589
3.90016948802
4.35499812034
4.63910669711
5
4.1886351988
4.56517531277
4.47223390844
4.55682159872
4.6543487544
4.50027626015
4.02222535712
4.55497444468
4.07769151014
4.72751330692
3.69988479017
4.53565229744
4.87132742778
4.62220900317
4.31006825748
3.6932981831
4.29996901187
4.5351170137
4.58852516961
4.54183551048
4.69669556498
4.21028646926
4.12612477508
4.53591459853
4.30044223971
4.51121184608
4.53014266478
4.88444970445
4.52959915173
4.40000762726
4.37944419435
4.49673440978
4.20521152869
3.81492501887
4.52836307897
4.39311726301
4.64897186045
3.8167060687
3.94071868928
4.64838995468
3.31534921595
4.49632966884
4.09992116417
4.2503370094
4.66004510144
4.74472960879
4.6620546835
4.26703124763
4.45704246593
4.56871063552
4.76590080877
3.97722122551
4.37483616918
4.7732728916
4.71803958677
4.09986319071
4.53339399313
4.74060980774
4.29828454722
4.48176397967
4.52937589654
4.31560961936
3.3936512434
3.77885370477
4.41812009343
4.61965144863
3.92876239181
4.6765180503
4.59999089509
5
4.58398726551
3.30000854823
4.10034642619
4.68046817936
4.33981153715
4.4676314783
3.69968291765
4.47628755773
4.48403268608
4.18486165318
4.50320541843
4.50015329902
4.211914421
4.51716084047
4.51694711861
4.09938908089
4.57529772473
4.14451080648
4.54242187146
4.17970461015
4.59226627192
4.69984633284
4.71086803772
4.47214536595
4.02222535712
4.76358376099
4.67585087315
4.37363087789
4.62858484832
4.88158074216
4.31572849966
4.39242511752
3.85135309805
4.08821348226
4.19537254631
4.58917205471
4.42312855408
4.66189736496
4.25407971767
4.52547326304
4.64684081402
4.24732468323
4.58620331154
4.49205586141
4.40922404562
4.68245787405
4.41260293422
4.77573532005
4.15681676418
4.44420472849
4.31765234343
4.64884021111
4.77157104312
4.66691711001
4.45254539877
4.2967951039
3.58829916566
4.3100175564
4.49995495367
4.70005860699
4.36136985741
4.63592866401
4.56783714355
4.45810888985
4.23447238329
4.43532973981
4.37823708695
4.07643035455
4.15809624376
3.97398573448
4.02074227817
2.1354893125
4.03052518193
4.66931597116
4.66500777427
4.53045711006
4.00097545637
4.17415753627
4.1777169702
4.41728568203
4.24291095405
4.55528555224
4.65325077626
4.48159541163
4.68880786999
4.17060604239
4.31190136252
3.97545052028
4.34255700942
4.4400809537
4.35250246758
4.30027689763
4.10681514496
4.50324159623
4.01793212159
4.70192198936
4.13475557931
4.41557654168
4.43533168578
4.33640501574
4.49961321095
4.33481069852
4.19157154871
4.71387645602
4.1496521951
4.56007702376
4.13069610544
4.77704019506
3.98029958875
4.21163027217
4.09425662213
4.51001021469
0
3.23660166961
4.49963776724
4.41451153864
4.252242557
4.48915169053
4.69624185664
3.49989013647
4.69999139631
4.34170110085
4.5556904819
4.26092156109
4.47454707637
4.59345995052
4.41627701927
4.71209624944
4.57370712953
4.55410447144
4.47955733551
4.09961799727
4.57633161295
4.34847909737
4.48891126271
4.45802530357
4.1002031369
4.30003019179
4.18189145821
4.31177963666
3.69974446014
4.76367559271
4.50022554269
4.6999738184
4.24838751657
4.14710964819
4.69955100075
4.27551520079
4.20291100102
4.67847964541
4.53218709712
4.9387753483
3.92902594015
4.09196377313
4.32493999156
4.36003422231
3.96700452364
4.91332891232
3.81786271909
4.69995938209
4.45037183181
4.2494871803
4.72597630575
4.68312364534
4.50507099603
4.41344051741
4.88849501096
4.71491120627
4.36326365525
4.78427317688
4.75673918111
4.05713912643
4.35031833727
4.9000546808
4.4673117441
4.13064757314
4.37067083717
4.13944712858
4.33740924611
4.50005877083
4.70722137995
3.96396716975
4.29998871374
3.78047262953
4.33884464604
4.29987743708
4.44225260618
4.95181312593
4.13707114488
4.63837446112
4.50465976515
4.3151614456
4.14626343804
4.72605054737
4.69178801642
4.60085504869
4.50016914114
4.45572727719
4.4643812254
4.47960952732
4.2706070773
4.88458304966
5
4.03509089601
4.89971621265
4.57742835735
4.57781045512
4.54825502901
4.63662486804
4.20646437729
3.91477410841
4.40961992722
4.25462679935
4.53613229312
4.10010041886
4.63041134247
4.14205169667
4.63771224955
4.24295562069
4.32620695475
4.52344829457
4.73418521265
4.10008337938
4.73100977736
4.50096342798
4.46805634176
4.35196931614
4.49974592323
3.6043898645
4.70009912921
4.19068657319
4.85214494781
4.52336452203
4.43129023869
4.52174708423
4.53070426375
4.28031092239
3.75878797333
4.38058968492
4.83805057256
4.30667587741
4.32279803319
4.15933565002
4.09245753027
4.25466887848
4.36175380011
4.34739136255
4.10595063685
4.09507298458
4.84190043665
4.30031839165
4.64794167855
4.49983621362
4.90013808832
4.4171463596
4.3943097571
4.34532444965
5
4.36109563767
4.89984925107
4.20183575774
4.29987982497
4.18076567098
4.59673009157
4.34321269316
3.85030567809
4.13363856322
3.60029472211
3.99028819645
3.90230539766
4.28379892502
0
4.66206336691
4.83019293568
4.3619897216
4.41655108346
4.8551487619
4.39595032295
4.48906714879
4.40975425413
4.90912223952
5
3.89993057429
4.2290355973
4.62112948419
5
4.67161614789
4.4785740413
4.4414390265
4.32665189509
4.44319578794
4.68731942313
4.35200162785
4.33002656551
3.58592370505
4.9634574045
4.28767608224
3.75907705486
4.51067016855
4.38526739079
4.7949659642
4.8664813915
4.46702890452
4.9634574045
4.66721953658
4.0909228421
